[2025-06-17T12:42:17.421+0530] {processor.py:161} INFO - Started process (PID=420) to work on /home/priya/projects/snowflake_twitter_pipeline/venv/lib/python3.10/site-packages/airflow/example_dags/subdags/subdag.py
[2025-06-17T12:42:17.421+0530] {processor.py:830} INFO - Processing file /home/priya/projects/snowflake_twitter_pipeline/venv/lib/python3.10/site-packages/airflow/example_dags/subdags/subdag.py for tasks to queue
[2025-06-17T12:42:17.422+0530] {logging_mixin.py:188} INFO - [2025-06-17T12:42:17.422+0530] {dagbag.py:538} INFO - Filling up the DagBag from /home/priya/projects/snowflake_twitter_pipeline/venv/lib/python3.10/site-packages/airflow/example_dags/subdags/subdag.py
[2025-06-17T12:42:17.423+0530] {processor.py:842} WARNING - No viable dags retrieved from /home/priya/projects/snowflake_twitter_pipeline/venv/lib/python3.10/site-packages/airflow/example_dags/subdags/subdag.py
[2025-06-17T12:42:17.429+0530] {processor.py:183} INFO - Processing /home/priya/projects/snowflake_twitter_pipeline/venv/lib/python3.10/site-packages/airflow/example_dags/subdags/subdag.py took 0.011 seconds
[2025-06-17T12:43:12.026+0530] {processor.py:161} INFO - Started process (PID=484) to work on /home/priya/projects/snowflake_twitter_pipeline/venv/lib/python3.10/site-packages/airflow/example_dags/subdags/subdag.py
[2025-06-17T12:43:12.028+0530] {processor.py:830} INFO - Processing file /home/priya/projects/snowflake_twitter_pipeline/venv/lib/python3.10/site-packages/airflow/example_dags/subdags/subdag.py for tasks to queue
[2025-06-17T12:43:12.029+0530] {logging_mixin.py:188} INFO - [2025-06-17T12:43:12.028+0530] {dagbag.py:538} INFO - Filling up the DagBag from /home/priya/projects/snowflake_twitter_pipeline/venv/lib/python3.10/site-packages/airflow/example_dags/subdags/subdag.py
[2025-06-17T12:43:12.030+0530] {processor.py:842} WARNING - No viable dags retrieved from /home/priya/projects/snowflake_twitter_pipeline/venv/lib/python3.10/site-packages/airflow/example_dags/subdags/subdag.py
[2025-06-17T12:43:12.037+0530] {processor.py:183} INFO - Processing /home/priya/projects/snowflake_twitter_pipeline/venv/lib/python3.10/site-packages/airflow/example_dags/subdags/subdag.py took 0.013 seconds
[2025-06-17T12:43:54.684+0530] {processor.py:161} INFO - Started process (PID=542) to work on /home/priya/projects/snowflake_twitter_pipeline/venv/lib/python3.10/site-packages/airflow/example_dags/subdags/subdag.py
[2025-06-17T12:43:54.694+0530] {processor.py:830} INFO - Processing file /home/priya/projects/snowflake_twitter_pipeline/venv/lib/python3.10/site-packages/airflow/example_dags/subdags/subdag.py for tasks to queue
[2025-06-17T12:43:54.695+0530] {logging_mixin.py:188} INFO - [2025-06-17T12:43:54.694+0530] {dagbag.py:538} INFO - Filling up the DagBag from /home/priya/projects/snowflake_twitter_pipeline/venv/lib/python3.10/site-packages/airflow/example_dags/subdags/subdag.py
[2025-06-17T12:43:54.696+0530] {processor.py:842} WARNING - No viable dags retrieved from /home/priya/projects/snowflake_twitter_pipeline/venv/lib/python3.10/site-packages/airflow/example_dags/subdags/subdag.py
[2025-06-17T12:43:54.704+0530] {processor.py:183} INFO - Processing /home/priya/projects/snowflake_twitter_pipeline/venv/lib/python3.10/site-packages/airflow/example_dags/subdags/subdag.py took 0.021 seconds
[2025-06-17T12:44:33.176+0530] {processor.py:161} INFO - Started process (PID=599) to work on /home/priya/projects/snowflake_twitter_pipeline/venv/lib/python3.10/site-packages/airflow/example_dags/subdags/subdag.py
[2025-06-17T12:44:33.178+0530] {processor.py:830} INFO - Processing file /home/priya/projects/snowflake_twitter_pipeline/venv/lib/python3.10/site-packages/airflow/example_dags/subdags/subdag.py for tasks to queue
[2025-06-17T12:44:33.178+0530] {logging_mixin.py:188} INFO - [2025-06-17T12:44:33.178+0530] {dagbag.py:538} INFO - Filling up the DagBag from /home/priya/projects/snowflake_twitter_pipeline/venv/lib/python3.10/site-packages/airflow/example_dags/subdags/subdag.py
[2025-06-17T12:44:33.180+0530] {processor.py:842} WARNING - No viable dags retrieved from /home/priya/projects/snowflake_twitter_pipeline/venv/lib/python3.10/site-packages/airflow/example_dags/subdags/subdag.py
[2025-06-17T12:44:33.188+0530] {processor.py:183} INFO - Processing /home/priya/projects/snowflake_twitter_pipeline/venv/lib/python3.10/site-packages/airflow/example_dags/subdags/subdag.py took 0.015 seconds
[2025-06-17T12:45:44.373+0530] {processor.py:161} INFO - Started process (PID=648) to work on /home/priya/projects/snowflake_twitter_pipeline/venv/lib/python3.10/site-packages/airflow/example_dags/subdags/subdag.py
[2025-06-17T12:45:44.382+0530] {processor.py:830} INFO - Processing file /home/priya/projects/snowflake_twitter_pipeline/venv/lib/python3.10/site-packages/airflow/example_dags/subdags/subdag.py for tasks to queue
[2025-06-17T12:45:44.383+0530] {logging_mixin.py:188} INFO - [2025-06-17T12:45:44.383+0530] {dagbag.py:538} INFO - Filling up the DagBag from /home/priya/projects/snowflake_twitter_pipeline/venv/lib/python3.10/site-packages/airflow/example_dags/subdags/subdag.py
[2025-06-17T12:45:44.386+0530] {processor.py:842} WARNING - No viable dags retrieved from /home/priya/projects/snowflake_twitter_pipeline/venv/lib/python3.10/site-packages/airflow/example_dags/subdags/subdag.py
[2025-06-17T12:45:44.393+0530] {processor.py:183} INFO - Processing /home/priya/projects/snowflake_twitter_pipeline/venv/lib/python3.10/site-packages/airflow/example_dags/subdags/subdag.py took 0.024 seconds
[2025-06-17T12:46:36.030+0530] {processor.py:161} INFO - Started process (PID=1069) to work on /home/priya/projects/snowflake_twitter_pipeline/venv/lib/python3.10/site-packages/airflow/example_dags/subdags/subdag.py
[2025-06-17T12:46:36.034+0530] {processor.py:830} INFO - Processing file /home/priya/projects/snowflake_twitter_pipeline/venv/lib/python3.10/site-packages/airflow/example_dags/subdags/subdag.py for tasks to queue
[2025-06-17T12:46:36.036+0530] {logging_mixin.py:188} INFO - [2025-06-17T12:46:36.035+0530] {dagbag.py:538} INFO - Filling up the DagBag from /home/priya/projects/snowflake_twitter_pipeline/venv/lib/python3.10/site-packages/airflow/example_dags/subdags/subdag.py
[2025-06-17T12:46:36.041+0530] {processor.py:842} WARNING - No viable dags retrieved from /home/priya/projects/snowflake_twitter_pipeline/venv/lib/python3.10/site-packages/airflow/example_dags/subdags/subdag.py
[2025-06-17T12:46:36.057+0530] {processor.py:183} INFO - Processing /home/priya/projects/snowflake_twitter_pipeline/venv/lib/python3.10/site-packages/airflow/example_dags/subdags/subdag.py took 0.034 seconds
[2025-06-17T12:47:17.013+0530] {processor.py:161} INFO - Started process (PID=1393) to work on /home/priya/projects/snowflake_twitter_pipeline/venv/lib/python3.10/site-packages/airflow/example_dags/subdags/subdag.py
[2025-06-17T12:47:17.015+0530] {processor.py:830} INFO - Processing file /home/priya/projects/snowflake_twitter_pipeline/venv/lib/python3.10/site-packages/airflow/example_dags/subdags/subdag.py for tasks to queue
[2025-06-17T12:47:17.015+0530] {logging_mixin.py:188} INFO - [2025-06-17T12:47:17.015+0530] {dagbag.py:538} INFO - Filling up the DagBag from /home/priya/projects/snowflake_twitter_pipeline/venv/lib/python3.10/site-packages/airflow/example_dags/subdags/subdag.py
[2025-06-17T12:47:17.017+0530] {processor.py:842} WARNING - No viable dags retrieved from /home/priya/projects/snowflake_twitter_pipeline/venv/lib/python3.10/site-packages/airflow/example_dags/subdags/subdag.py
[2025-06-17T12:47:17.024+0530] {processor.py:183} INFO - Processing /home/priya/projects/snowflake_twitter_pipeline/venv/lib/python3.10/site-packages/airflow/example_dags/subdags/subdag.py took 0.013 seconds
[2025-06-17T12:47:52.617+0530] {processor.py:161} INFO - Started process (PID=1554) to work on /home/priya/projects/snowflake_twitter_pipeline/venv/lib/python3.10/site-packages/airflow/example_dags/subdags/subdag.py
[2025-06-17T12:47:52.619+0530] {processor.py:830} INFO - Processing file /home/priya/projects/snowflake_twitter_pipeline/venv/lib/python3.10/site-packages/airflow/example_dags/subdags/subdag.py for tasks to queue
[2025-06-17T12:47:52.620+0530] {logging_mixin.py:188} INFO - [2025-06-17T12:47:52.620+0530] {dagbag.py:538} INFO - Filling up the DagBag from /home/priya/projects/snowflake_twitter_pipeline/venv/lib/python3.10/site-packages/airflow/example_dags/subdags/subdag.py
[2025-06-17T12:47:52.623+0530] {processor.py:842} WARNING - No viable dags retrieved from /home/priya/projects/snowflake_twitter_pipeline/venv/lib/python3.10/site-packages/airflow/example_dags/subdags/subdag.py
[2025-06-17T12:47:52.633+0530] {processor.py:183} INFO - Processing /home/priya/projects/snowflake_twitter_pipeline/venv/lib/python3.10/site-packages/airflow/example_dags/subdags/subdag.py took 0.019 seconds
[2025-06-17T12:48:38.122+0530] {processor.py:161} INFO - Started process (PID=1753) to work on /home/priya/projects/snowflake_twitter_pipeline/venv/lib/python3.10/site-packages/airflow/example_dags/subdags/subdag.py
[2025-06-17T12:48:38.125+0530] {processor.py:830} INFO - Processing file /home/priya/projects/snowflake_twitter_pipeline/venv/lib/python3.10/site-packages/airflow/example_dags/subdags/subdag.py for tasks to queue
[2025-06-17T12:48:38.126+0530] {logging_mixin.py:188} INFO - [2025-06-17T12:48:38.126+0530] {dagbag.py:538} INFO - Filling up the DagBag from /home/priya/projects/snowflake_twitter_pipeline/venv/lib/python3.10/site-packages/airflow/example_dags/subdags/subdag.py
[2025-06-17T12:48:38.129+0530] {processor.py:842} WARNING - No viable dags retrieved from /home/priya/projects/snowflake_twitter_pipeline/venv/lib/python3.10/site-packages/airflow/example_dags/subdags/subdag.py
[2025-06-17T12:48:38.140+0530] {processor.py:183} INFO - Processing /home/priya/projects/snowflake_twitter_pipeline/venv/lib/python3.10/site-packages/airflow/example_dags/subdags/subdag.py took 0.022 seconds
[2025-06-17T12:49:12.885+0530] {processor.py:161} INFO - Started process (PID=1924) to work on /home/priya/projects/snowflake_twitter_pipeline/venv/lib/python3.10/site-packages/airflow/example_dags/subdags/subdag.py
[2025-06-17T12:49:12.886+0530] {processor.py:830} INFO - Processing file /home/priya/projects/snowflake_twitter_pipeline/venv/lib/python3.10/site-packages/airflow/example_dags/subdags/subdag.py for tasks to queue
[2025-06-17T12:49:12.888+0530] {logging_mixin.py:188} INFO - [2025-06-17T12:49:12.887+0530] {dagbag.py:538} INFO - Filling up the DagBag from /home/priya/projects/snowflake_twitter_pipeline/venv/lib/python3.10/site-packages/airflow/example_dags/subdags/subdag.py
[2025-06-17T12:49:12.890+0530] {processor.py:842} WARNING - No viable dags retrieved from /home/priya/projects/snowflake_twitter_pipeline/venv/lib/python3.10/site-packages/airflow/example_dags/subdags/subdag.py
[2025-06-17T12:49:12.900+0530] {processor.py:183} INFO - Processing /home/priya/projects/snowflake_twitter_pipeline/venv/lib/python3.10/site-packages/airflow/example_dags/subdags/subdag.py took 0.018 seconds
[2025-06-17T12:49:45.758+0530] {processor.py:161} INFO - Started process (PID=2079) to work on /home/priya/projects/snowflake_twitter_pipeline/venv/lib/python3.10/site-packages/airflow/example_dags/subdags/subdag.py
[2025-06-17T12:49:45.761+0530] {processor.py:830} INFO - Processing file /home/priya/projects/snowflake_twitter_pipeline/venv/lib/python3.10/site-packages/airflow/example_dags/subdags/subdag.py for tasks to queue
[2025-06-17T12:49:45.762+0530] {logging_mixin.py:188} INFO - [2025-06-17T12:49:45.762+0530] {dagbag.py:538} INFO - Filling up the DagBag from /home/priya/projects/snowflake_twitter_pipeline/venv/lib/python3.10/site-packages/airflow/example_dags/subdags/subdag.py
[2025-06-17T12:49:45.763+0530] {processor.py:842} WARNING - No viable dags retrieved from /home/priya/projects/snowflake_twitter_pipeline/venv/lib/python3.10/site-packages/airflow/example_dags/subdags/subdag.py
[2025-06-17T12:49:45.771+0530] {processor.py:183} INFO - Processing /home/priya/projects/snowflake_twitter_pipeline/venv/lib/python3.10/site-packages/airflow/example_dags/subdags/subdag.py took 0.015 seconds
[2025-06-17T12:50:34.765+0530] {processor.py:161} INFO - Started process (PID=2292) to work on /home/priya/projects/snowflake_twitter_pipeline/venv/lib/python3.10/site-packages/airflow/example_dags/subdags/subdag.py
[2025-06-17T12:50:34.766+0530] {processor.py:830} INFO - Processing file /home/priya/projects/snowflake_twitter_pipeline/venv/lib/python3.10/site-packages/airflow/example_dags/subdags/subdag.py for tasks to queue
[2025-06-17T12:50:34.767+0530] {logging_mixin.py:188} INFO - [2025-06-17T12:50:34.766+0530] {dagbag.py:538} INFO - Filling up the DagBag from /home/priya/projects/snowflake_twitter_pipeline/venv/lib/python3.10/site-packages/airflow/example_dags/subdags/subdag.py
[2025-06-17T12:50:34.768+0530] {processor.py:842} WARNING - No viable dags retrieved from /home/priya/projects/snowflake_twitter_pipeline/venv/lib/python3.10/site-packages/airflow/example_dags/subdags/subdag.py
[2025-06-17T12:50:34.775+0530] {processor.py:183} INFO - Processing /home/priya/projects/snowflake_twitter_pipeline/venv/lib/python3.10/site-packages/airflow/example_dags/subdags/subdag.py took 0.012 seconds
[2025-06-17T12:51:22.719+0530] {processor.py:161} INFO - Started process (PID=2520) to work on /home/priya/projects/snowflake_twitter_pipeline/venv/lib/python3.10/site-packages/airflow/example_dags/subdags/subdag.py
[2025-06-17T12:51:22.728+0530] {processor.py:830} INFO - Processing file /home/priya/projects/snowflake_twitter_pipeline/venv/lib/python3.10/site-packages/airflow/example_dags/subdags/subdag.py for tasks to queue
[2025-06-17T12:51:22.729+0530] {logging_mixin.py:188} INFO - [2025-06-17T12:51:22.728+0530] {dagbag.py:538} INFO - Filling up the DagBag from /home/priya/projects/snowflake_twitter_pipeline/venv/lib/python3.10/site-packages/airflow/example_dags/subdags/subdag.py
[2025-06-17T12:51:22.730+0530] {processor.py:842} WARNING - No viable dags retrieved from /home/priya/projects/snowflake_twitter_pipeline/venv/lib/python3.10/site-packages/airflow/example_dags/subdags/subdag.py
[2025-06-17T12:51:22.736+0530] {processor.py:183} INFO - Processing /home/priya/projects/snowflake_twitter_pipeline/venv/lib/python3.10/site-packages/airflow/example_dags/subdags/subdag.py took 0.019 seconds
[2025-06-17T12:51:57.603+0530] {processor.py:161} INFO - Started process (PID=2678) to work on /home/priya/projects/snowflake_twitter_pipeline/venv/lib/python3.10/site-packages/airflow/example_dags/subdags/subdag.py
[2025-06-17T12:51:57.604+0530] {processor.py:830} INFO - Processing file /home/priya/projects/snowflake_twitter_pipeline/venv/lib/python3.10/site-packages/airflow/example_dags/subdags/subdag.py for tasks to queue
[2025-06-17T12:51:57.605+0530] {logging_mixin.py:188} INFO - [2025-06-17T12:51:57.605+0530] {dagbag.py:538} INFO - Filling up the DagBag from /home/priya/projects/snowflake_twitter_pipeline/venv/lib/python3.10/site-packages/airflow/example_dags/subdags/subdag.py
[2025-06-17T12:51:57.607+0530] {processor.py:842} WARNING - No viable dags retrieved from /home/priya/projects/snowflake_twitter_pipeline/venv/lib/python3.10/site-packages/airflow/example_dags/subdags/subdag.py
[2025-06-17T12:51:57.617+0530] {processor.py:183} INFO - Processing /home/priya/projects/snowflake_twitter_pipeline/venv/lib/python3.10/site-packages/airflow/example_dags/subdags/subdag.py took 0.017 seconds
[2025-06-17T12:52:31.139+0530] {processor.py:161} INFO - Started process (PID=2829) to work on /home/priya/projects/snowflake_twitter_pipeline/venv/lib/python3.10/site-packages/airflow/example_dags/subdags/subdag.py
[2025-06-17T12:52:31.140+0530] {processor.py:830} INFO - Processing file /home/priya/projects/snowflake_twitter_pipeline/venv/lib/python3.10/site-packages/airflow/example_dags/subdags/subdag.py for tasks to queue
[2025-06-17T12:52:31.141+0530] {logging_mixin.py:188} INFO - [2025-06-17T12:52:31.141+0530] {dagbag.py:538} INFO - Filling up the DagBag from /home/priya/projects/snowflake_twitter_pipeline/venv/lib/python3.10/site-packages/airflow/example_dags/subdags/subdag.py
[2025-06-17T12:52:31.143+0530] {processor.py:842} WARNING - No viable dags retrieved from /home/priya/projects/snowflake_twitter_pipeline/venv/lib/python3.10/site-packages/airflow/example_dags/subdags/subdag.py
[2025-06-17T12:52:31.152+0530] {processor.py:183} INFO - Processing /home/priya/projects/snowflake_twitter_pipeline/venv/lib/python3.10/site-packages/airflow/example_dags/subdags/subdag.py took 0.015 seconds
[2025-06-17T12:53:07.329+0530] {processor.py:161} INFO - Started process (PID=2998) to work on /home/priya/projects/snowflake_twitter_pipeline/venv/lib/python3.10/site-packages/airflow/example_dags/subdags/subdag.py
[2025-06-17T12:53:07.331+0530] {processor.py:830} INFO - Processing file /home/priya/projects/snowflake_twitter_pipeline/venv/lib/python3.10/site-packages/airflow/example_dags/subdags/subdag.py for tasks to queue
[2025-06-17T12:53:07.332+0530] {logging_mixin.py:188} INFO - [2025-06-17T12:53:07.331+0530] {dagbag.py:538} INFO - Filling up the DagBag from /home/priya/projects/snowflake_twitter_pipeline/venv/lib/python3.10/site-packages/airflow/example_dags/subdags/subdag.py
[2025-06-17T12:53:07.333+0530] {processor.py:842} WARNING - No viable dags retrieved from /home/priya/projects/snowflake_twitter_pipeline/venv/lib/python3.10/site-packages/airflow/example_dags/subdags/subdag.py
[2025-06-17T12:53:07.343+0530] {processor.py:183} INFO - Processing /home/priya/projects/snowflake_twitter_pipeline/venv/lib/python3.10/site-packages/airflow/example_dags/subdags/subdag.py took 0.016 seconds
[2025-06-17T12:53:43.603+0530] {processor.py:161} INFO - Started process (PID=3090) to work on /home/priya/projects/snowflake_twitter_pipeline/venv/lib/python3.10/site-packages/airflow/example_dags/subdags/subdag.py
[2025-06-17T12:53:43.612+0530] {processor.py:830} INFO - Processing file /home/priya/projects/snowflake_twitter_pipeline/venv/lib/python3.10/site-packages/airflow/example_dags/subdags/subdag.py for tasks to queue
[2025-06-17T12:53:43.613+0530] {logging_mixin.py:188} INFO - [2025-06-17T12:53:43.612+0530] {dagbag.py:538} INFO - Filling up the DagBag from /home/priya/projects/snowflake_twitter_pipeline/venv/lib/python3.10/site-packages/airflow/example_dags/subdags/subdag.py
[2025-06-17T12:53:43.614+0530] {processor.py:842} WARNING - No viable dags retrieved from /home/priya/projects/snowflake_twitter_pipeline/venv/lib/python3.10/site-packages/airflow/example_dags/subdags/subdag.py
[2025-06-17T12:53:43.622+0530] {processor.py:183} INFO - Processing /home/priya/projects/snowflake_twitter_pipeline/venv/lib/python3.10/site-packages/airflow/example_dags/subdags/subdag.py took 0.022 seconds
[2025-06-17T12:54:17.412+0530] {processor.py:161} INFO - Started process (PID=3150) to work on /home/priya/projects/snowflake_twitter_pipeline/venv/lib/python3.10/site-packages/airflow/example_dags/subdags/subdag.py
[2025-06-17T12:54:17.414+0530] {processor.py:830} INFO - Processing file /home/priya/projects/snowflake_twitter_pipeline/venv/lib/python3.10/site-packages/airflow/example_dags/subdags/subdag.py for tasks to queue
[2025-06-17T12:54:17.415+0530] {logging_mixin.py:188} INFO - [2025-06-17T12:54:17.414+0530] {dagbag.py:538} INFO - Filling up the DagBag from /home/priya/projects/snowflake_twitter_pipeline/venv/lib/python3.10/site-packages/airflow/example_dags/subdags/subdag.py
[2025-06-17T12:54:17.416+0530] {processor.py:842} WARNING - No viable dags retrieved from /home/priya/projects/snowflake_twitter_pipeline/venv/lib/python3.10/site-packages/airflow/example_dags/subdags/subdag.py
[2025-06-17T12:54:17.423+0530] {processor.py:183} INFO - Processing /home/priya/projects/snowflake_twitter_pipeline/venv/lib/python3.10/site-packages/airflow/example_dags/subdags/subdag.py took 0.013 seconds
[2025-06-17T12:54:54.854+0530] {processor.py:161} INFO - Started process (PID=3292) to work on /home/priya/projects/snowflake_twitter_pipeline/venv/lib/python3.10/site-packages/airflow/example_dags/subdags/subdag.py
[2025-06-17T12:54:54.857+0530] {processor.py:830} INFO - Processing file /home/priya/projects/snowflake_twitter_pipeline/venv/lib/python3.10/site-packages/airflow/example_dags/subdags/subdag.py for tasks to queue
[2025-06-17T12:54:54.857+0530] {logging_mixin.py:188} INFO - [2025-06-17T12:54:54.857+0530] {dagbag.py:538} INFO - Filling up the DagBag from /home/priya/projects/snowflake_twitter_pipeline/venv/lib/python3.10/site-packages/airflow/example_dags/subdags/subdag.py
[2025-06-17T12:54:54.859+0530] {processor.py:842} WARNING - No viable dags retrieved from /home/priya/projects/snowflake_twitter_pipeline/venv/lib/python3.10/site-packages/airflow/example_dags/subdags/subdag.py
[2025-06-17T12:54:54.868+0530] {processor.py:183} INFO - Processing /home/priya/projects/snowflake_twitter_pipeline/venv/lib/python3.10/site-packages/airflow/example_dags/subdags/subdag.py took 0.016 seconds
