[2025-06-17T12:42:39.292+0530] {processor.py:161} INFO - Started process (PID=440) to work on /home/priya/projects/snowflake_twitter_pipeline/venv/lib/python3.10/site-packages/airflow/example_dags/example_latest_only_with_trigger.py
[2025-06-17T12:42:39.293+0530] {processor.py:830} INFO - Processing file /home/priya/projects/snowflake_twitter_pipeline/venv/lib/python3.10/site-packages/airflow/example_dags/example_latest_only_with_trigger.py for tasks to queue
[2025-06-17T12:42:39.294+0530] {logging_mixin.py:188} INFO - [2025-06-17T12:42:39.293+0530] {dagbag.py:538} INFO - Filling up the DagBag from /home/priya/projects/snowflake_twitter_pipeline/venv/lib/python3.10/site-packages/airflow/example_dags/example_latest_only_with_trigger.py
[2025-06-17T12:42:39.299+0530] {processor.py:840} INFO - DAG(s) 'latest_only_with_trigger' retrieved from /home/priya/projects/snowflake_twitter_pipeline/venv/lib/python3.10/site-packages/airflow/example_dags/example_latest_only_with_trigger.py
[2025-06-17T12:42:39.428+0530] {logging_mixin.py:188} INFO - [2025-06-17T12:42:39.427+0530] {override.py:1769} INFO - Created Permission View: can edit on DAG:latest_only_with_trigger
[2025-06-17T12:42:39.436+0530] {logging_mixin.py:188} INFO - [2025-06-17T12:42:39.436+0530] {override.py:1769} INFO - Created Permission View: can delete on DAG:latest_only_with_trigger
[2025-06-17T12:42:39.443+0530] {logging_mixin.py:188} INFO - [2025-06-17T12:42:39.443+0530] {override.py:1769} INFO - Created Permission View: can read on DAG:latest_only_with_trigger
[2025-06-17T12:42:39.444+0530] {logging_mixin.py:188} INFO - [2025-06-17T12:42:39.444+0530] {dag.py:3036} INFO - Sync 1 DAGs
[2025-06-17T12:42:39.448+0530] {logging_mixin.py:188} INFO - [2025-06-17T12:42:39.448+0530] {dag.py:3058} INFO - Creating ORM DAG for latest_only_with_trigger
[2025-06-17T12:42:39.453+0530] {logging_mixin.py:188} INFO - [2025-06-17T12:42:39.453+0530] {dag.py:3823} INFO - Setting next_dagrun for latest_only_with_trigger to 2025-06-17 00:00:00+00:00, run_after=2025-06-17 04:00:00+00:00
[2025-06-17T12:42:39.467+0530] {processor.py:183} INFO - Processing /home/priya/projects/snowflake_twitter_pipeline/venv/lib/python3.10/site-packages/airflow/example_dags/example_latest_only_with_trigger.py took 0.177 seconds
[2025-06-17T12:43:31.476+0530] {processor.py:161} INFO - Started process (PID=504) to work on /home/priya/projects/snowflake_twitter_pipeline/venv/lib/python3.10/site-packages/airflow/example_dags/example_latest_only_with_trigger.py
[2025-06-17T12:43:31.478+0530] {processor.py:830} INFO - Processing file /home/priya/projects/snowflake_twitter_pipeline/venv/lib/python3.10/site-packages/airflow/example_dags/example_latest_only_with_trigger.py for tasks to queue
[2025-06-17T12:43:31.478+0530] {logging_mixin.py:188} INFO - [2025-06-17T12:43:31.478+0530] {dagbag.py:538} INFO - Filling up the DagBag from /home/priya/projects/snowflake_twitter_pipeline/venv/lib/python3.10/site-packages/airflow/example_dags/example_latest_only_with_trigger.py
[2025-06-17T12:43:31.482+0530] {processor.py:840} INFO - DAG(s) 'latest_only_with_trigger' retrieved from /home/priya/projects/snowflake_twitter_pipeline/venv/lib/python3.10/site-packages/airflow/example_dags/example_latest_only_with_trigger.py
[2025-06-17T12:43:31.493+0530] {logging_mixin.py:188} INFO - [2025-06-17T12:43:31.493+0530] {dag.py:3036} INFO - Sync 1 DAGs
[2025-06-17T12:43:31.505+0530] {logging_mixin.py:188} INFO - [2025-06-17T12:43:31.505+0530] {dag.py:3823} INFO - Setting next_dagrun for latest_only_with_trigger to 2025-06-17 00:00:00+00:00, run_after=2025-06-17 04:00:00+00:00
[2025-06-17T12:43:31.524+0530] {processor.py:183} INFO - Processing /home/priya/projects/snowflake_twitter_pipeline/venv/lib/python3.10/site-packages/airflow/example_dags/example_latest_only_with_trigger.py took 0.049 seconds
[2025-06-17T12:44:20.034+0530] {processor.py:161} INFO - Started process (PID=569) to work on /home/priya/projects/snowflake_twitter_pipeline/venv/lib/python3.10/site-packages/airflow/example_dags/example_latest_only_with_trigger.py
[2025-06-17T12:44:20.043+0530] {processor.py:830} INFO - Processing file /home/priya/projects/snowflake_twitter_pipeline/venv/lib/python3.10/site-packages/airflow/example_dags/example_latest_only_with_trigger.py for tasks to queue
[2025-06-17T12:44:20.044+0530] {logging_mixin.py:188} INFO - [2025-06-17T12:44:20.043+0530] {dagbag.py:538} INFO - Filling up the DagBag from /home/priya/projects/snowflake_twitter_pipeline/venv/lib/python3.10/site-packages/airflow/example_dags/example_latest_only_with_trigger.py
[2025-06-17T12:44:20.049+0530] {processor.py:840} INFO - DAG(s) 'latest_only_with_trigger' retrieved from /home/priya/projects/snowflake_twitter_pipeline/venv/lib/python3.10/site-packages/airflow/example_dags/example_latest_only_with_trigger.py
[2025-06-17T12:44:20.062+0530] {logging_mixin.py:188} INFO - [2025-06-17T12:44:20.062+0530] {dag.py:3036} INFO - Sync 1 DAGs
[2025-06-17T12:44:20.076+0530] {logging_mixin.py:188} INFO - [2025-06-17T12:44:20.076+0530] {dag.py:3823} INFO - Setting next_dagrun for latest_only_with_trigger to 2025-06-17 00:00:00+00:00, run_after=2025-06-17 04:00:00+00:00
[2025-06-17T12:44:20.092+0530] {processor.py:183} INFO - Processing /home/priya/projects/snowflake_twitter_pipeline/venv/lib/python3.10/site-packages/airflow/example_dags/example_latest_only_with_trigger.py took 0.061 seconds
[2025-06-17T12:46:04.378+0530] {processor.py:161} INFO - Started process (PID=668) to work on /home/priya/projects/snowflake_twitter_pipeline/venv/lib/python3.10/site-packages/airflow/example_dags/example_latest_only_with_trigger.py
[2025-06-17T12:46:04.388+0530] {processor.py:830} INFO - Processing file /home/priya/projects/snowflake_twitter_pipeline/venv/lib/python3.10/site-packages/airflow/example_dags/example_latest_only_with_trigger.py for tasks to queue
[2025-06-17T12:46:04.388+0530] {logging_mixin.py:188} INFO - [2025-06-17T12:46:04.388+0530] {dagbag.py:538} INFO - Filling up the DagBag from /home/priya/projects/snowflake_twitter_pipeline/venv/lib/python3.10/site-packages/airflow/example_dags/example_latest_only_with_trigger.py
[2025-06-17T12:46:04.394+0530] {processor.py:840} INFO - DAG(s) 'latest_only_with_trigger' retrieved from /home/priya/projects/snowflake_twitter_pipeline/venv/lib/python3.10/site-packages/airflow/example_dags/example_latest_only_with_trigger.py
[2025-06-17T12:46:04.408+0530] {logging_mixin.py:188} INFO - [2025-06-17T12:46:04.407+0530] {dag.py:3036} INFO - Sync 1 DAGs
[2025-06-17T12:46:04.420+0530] {logging_mixin.py:188} INFO - [2025-06-17T12:46:04.419+0530] {dag.py:3823} INFO - Setting next_dagrun for latest_only_with_trigger to 2025-06-17 00:00:00+00:00, run_after=2025-06-17 04:00:00+00:00
[2025-06-17T12:46:04.436+0530] {processor.py:183} INFO - Processing /home/priya/projects/snowflake_twitter_pipeline/venv/lib/python3.10/site-packages/airflow/example_dags/example_latest_only_with_trigger.py took 0.061 seconds
[2025-06-17T12:46:55.782+0530] {processor.py:161} INFO - Started process (PID=1296) to work on /home/priya/projects/snowflake_twitter_pipeline/venv/lib/python3.10/site-packages/airflow/example_dags/example_latest_only_with_trigger.py
[2025-06-17T12:46:55.784+0530] {processor.py:830} INFO - Processing file /home/priya/projects/snowflake_twitter_pipeline/venv/lib/python3.10/site-packages/airflow/example_dags/example_latest_only_with_trigger.py for tasks to queue
[2025-06-17T12:46:55.785+0530] {logging_mixin.py:188} INFO - [2025-06-17T12:46:55.784+0530] {dagbag.py:538} INFO - Filling up the DagBag from /home/priya/projects/snowflake_twitter_pipeline/venv/lib/python3.10/site-packages/airflow/example_dags/example_latest_only_with_trigger.py
[2025-06-17T12:46:55.790+0530] {processor.py:840} INFO - DAG(s) 'latest_only_with_trigger' retrieved from /home/priya/projects/snowflake_twitter_pipeline/venv/lib/python3.10/site-packages/airflow/example_dags/example_latest_only_with_trigger.py
[2025-06-17T12:46:55.801+0530] {logging_mixin.py:188} INFO - [2025-06-17T12:46:55.801+0530] {dag.py:3036} INFO - Sync 1 DAGs
[2025-06-17T12:46:55.816+0530] {logging_mixin.py:188} INFO - [2025-06-17T12:46:55.816+0530] {dag.py:3823} INFO - Setting next_dagrun for latest_only_with_trigger to 2025-06-17 00:00:00+00:00, run_after=2025-06-17 04:00:00+00:00
[2025-06-17T12:46:55.838+0530] {processor.py:183} INFO - Processing /home/priya/projects/snowflake_twitter_pipeline/venv/lib/python3.10/site-packages/airflow/example_dags/example_latest_only_with_trigger.py took 0.057 seconds
[2025-06-17T12:47:42.627+0530] {processor.py:161} INFO - Started process (PID=1494) to work on /home/priya/projects/snowflake_twitter_pipeline/venv/lib/python3.10/site-packages/airflow/example_dags/example_latest_only_with_trigger.py
[2025-06-17T12:47:42.629+0530] {processor.py:830} INFO - Processing file /home/priya/projects/snowflake_twitter_pipeline/venv/lib/python3.10/site-packages/airflow/example_dags/example_latest_only_with_trigger.py for tasks to queue
[2025-06-17T12:47:42.630+0530] {logging_mixin.py:188} INFO - [2025-06-17T12:47:42.629+0530] {dagbag.py:538} INFO - Filling up the DagBag from /home/priya/projects/snowflake_twitter_pipeline/venv/lib/python3.10/site-packages/airflow/example_dags/example_latest_only_with_trigger.py
[2025-06-17T12:47:42.634+0530] {processor.py:840} INFO - DAG(s) 'latest_only_with_trigger' retrieved from /home/priya/projects/snowflake_twitter_pipeline/venv/lib/python3.10/site-packages/airflow/example_dags/example_latest_only_with_trigger.py
[2025-06-17T12:47:42.644+0530] {logging_mixin.py:188} INFO - [2025-06-17T12:47:42.644+0530] {dag.py:3036} INFO - Sync 1 DAGs
[2025-06-17T12:47:42.656+0530] {logging_mixin.py:188} INFO - [2025-06-17T12:47:42.656+0530] {dag.py:3823} INFO - Setting next_dagrun for latest_only_with_trigger to 2025-06-17 00:00:00+00:00, run_after=2025-06-17 04:00:00+00:00
[2025-06-17T12:47:42.675+0530] {processor.py:183} INFO - Processing /home/priya/projects/snowflake_twitter_pipeline/venv/lib/python3.10/site-packages/airflow/example_dags/example_latest_only_with_trigger.py took 0.050 seconds
[2025-06-17T12:48:29.740+0530] {processor.py:161} INFO - Started process (PID=1707) to work on /home/priya/projects/snowflake_twitter_pipeline/venv/lib/python3.10/site-packages/airflow/example_dags/example_latest_only_with_trigger.py
[2025-06-17T12:48:29.741+0530] {processor.py:830} INFO - Processing file /home/priya/projects/snowflake_twitter_pipeline/venv/lib/python3.10/site-packages/airflow/example_dags/example_latest_only_with_trigger.py for tasks to queue
[2025-06-17T12:48:29.742+0530] {logging_mixin.py:188} INFO - [2025-06-17T12:48:29.742+0530] {dagbag.py:538} INFO - Filling up the DagBag from /home/priya/projects/snowflake_twitter_pipeline/venv/lib/python3.10/site-packages/airflow/example_dags/example_latest_only_with_trigger.py
[2025-06-17T12:48:29.747+0530] {processor.py:840} INFO - DAG(s) 'latest_only_with_trigger' retrieved from /home/priya/projects/snowflake_twitter_pipeline/venv/lib/python3.10/site-packages/airflow/example_dags/example_latest_only_with_trigger.py
[2025-06-17T12:48:29.762+0530] {logging_mixin.py:188} INFO - [2025-06-17T12:48:29.761+0530] {dag.py:3036} INFO - Sync 1 DAGs
[2025-06-17T12:48:29.777+0530] {logging_mixin.py:188} INFO - [2025-06-17T12:48:29.777+0530] {dag.py:3823} INFO - Setting next_dagrun for latest_only_with_trigger to 2025-06-17 00:00:00+00:00, run_after=2025-06-17 04:00:00+00:00
[2025-06-17T12:48:29.797+0530] {processor.py:183} INFO - Processing /home/priya/projects/snowflake_twitter_pipeline/venv/lib/python3.10/site-packages/airflow/example_dags/example_latest_only_with_trigger.py took 0.061 seconds
[2025-06-17T12:49:22.687+0530] {processor.py:161} INFO - Started process (PID=1963) to work on /home/priya/projects/snowflake_twitter_pipeline/venv/lib/python3.10/site-packages/airflow/example_dags/example_latest_only_with_trigger.py
[2025-06-17T12:49:22.689+0530] {processor.py:830} INFO - Processing file /home/priya/projects/snowflake_twitter_pipeline/venv/lib/python3.10/site-packages/airflow/example_dags/example_latest_only_with_trigger.py for tasks to queue
[2025-06-17T12:49:22.689+0530] {logging_mixin.py:188} INFO - [2025-06-17T12:49:22.689+0530] {dagbag.py:538} INFO - Filling up the DagBag from /home/priya/projects/snowflake_twitter_pipeline/venv/lib/python3.10/site-packages/airflow/example_dags/example_latest_only_with_trigger.py
[2025-06-17T12:49:22.694+0530] {processor.py:840} INFO - DAG(s) 'latest_only_with_trigger' retrieved from /home/priya/projects/snowflake_twitter_pipeline/venv/lib/python3.10/site-packages/airflow/example_dags/example_latest_only_with_trigger.py
[2025-06-17T12:49:22.710+0530] {logging_mixin.py:188} INFO - [2025-06-17T12:49:22.709+0530] {dag.py:3036} INFO - Sync 1 DAGs
[2025-06-17T12:49:22.725+0530] {logging_mixin.py:188} INFO - [2025-06-17T12:49:22.725+0530] {dag.py:3823} INFO - Setting next_dagrun for latest_only_with_trigger to 2025-06-17 00:00:00+00:00, run_after=2025-06-17 04:00:00+00:00
[2025-06-17T12:49:22.745+0530] {processor.py:183} INFO - Processing /home/priya/projects/snowflake_twitter_pipeline/venv/lib/python3.10/site-packages/airflow/example_dags/example_latest_only_with_trigger.py took 0.060 seconds
[2025-06-17T12:50:08.973+0530] {processor.py:161} INFO - Started process (PID=2169) to work on /home/priya/projects/snowflake_twitter_pipeline/venv/lib/python3.10/site-packages/airflow/example_dags/example_latest_only_with_trigger.py
[2025-06-17T12:50:08.975+0530] {processor.py:830} INFO - Processing file /home/priya/projects/snowflake_twitter_pipeline/venv/lib/python3.10/site-packages/airflow/example_dags/example_latest_only_with_trigger.py for tasks to queue
[2025-06-17T12:50:08.976+0530] {logging_mixin.py:188} INFO - [2025-06-17T12:50:08.976+0530] {dagbag.py:538} INFO - Filling up the DagBag from /home/priya/projects/snowflake_twitter_pipeline/venv/lib/python3.10/site-packages/airflow/example_dags/example_latest_only_with_trigger.py
[2025-06-17T12:50:08.980+0530] {processor.py:840} INFO - DAG(s) 'latest_only_with_trigger' retrieved from /home/priya/projects/snowflake_twitter_pipeline/venv/lib/python3.10/site-packages/airflow/example_dags/example_latest_only_with_trigger.py
[2025-06-17T12:50:08.996+0530] {logging_mixin.py:188} INFO - [2025-06-17T12:50:08.996+0530] {dag.py:3036} INFO - Sync 1 DAGs
[2025-06-17T12:50:09.017+0530] {logging_mixin.py:188} INFO - [2025-06-17T12:50:09.017+0530] {dag.py:3823} INFO - Setting next_dagrun for latest_only_with_trigger to 2025-06-17 00:00:00+00:00, run_after=2025-06-17 04:00:00+00:00
[2025-06-17T12:50:09.042+0530] {processor.py:183} INFO - Processing /home/priya/projects/snowflake_twitter_pipeline/venv/lib/python3.10/site-packages/airflow/example_dags/example_latest_only_with_trigger.py took 0.071 seconds
[2025-06-17T12:50:57.779+0530] {processor.py:161} INFO - Started process (PID=2403) to work on /home/priya/projects/snowflake_twitter_pipeline/venv/lib/python3.10/site-packages/airflow/example_dags/example_latest_only_with_trigger.py
[2025-06-17T12:50:57.789+0530] {processor.py:830} INFO - Processing file /home/priya/projects/snowflake_twitter_pipeline/venv/lib/python3.10/site-packages/airflow/example_dags/example_latest_only_with_trigger.py for tasks to queue
[2025-06-17T12:50:57.789+0530] {logging_mixin.py:188} INFO - [2025-06-17T12:50:57.789+0530] {dagbag.py:538} INFO - Filling up the DagBag from /home/priya/projects/snowflake_twitter_pipeline/venv/lib/python3.10/site-packages/airflow/example_dags/example_latest_only_with_trigger.py
[2025-06-17T12:50:57.794+0530] {processor.py:840} INFO - DAG(s) 'latest_only_with_trigger' retrieved from /home/priya/projects/snowflake_twitter_pipeline/venv/lib/python3.10/site-packages/airflow/example_dags/example_latest_only_with_trigger.py
[2025-06-17T12:50:57.809+0530] {logging_mixin.py:188} INFO - [2025-06-17T12:50:57.809+0530] {dag.py:3036} INFO - Sync 1 DAGs
[2025-06-17T12:50:57.829+0530] {logging_mixin.py:188} INFO - [2025-06-17T12:50:57.829+0530] {dag.py:3823} INFO - Setting next_dagrun for latest_only_with_trigger to 2025-06-17 00:00:00+00:00, run_after=2025-06-17 04:00:00+00:00
[2025-06-17T12:50:57.848+0530] {processor.py:183} INFO - Processing /home/priya/projects/snowflake_twitter_pipeline/venv/lib/python3.10/site-packages/airflow/example_dags/example_latest_only_with_trigger.py took 0.071 seconds
[2025-06-17T12:51:48.455+0530] {processor.py:161} INFO - Started process (PID=2623) to work on /home/priya/projects/snowflake_twitter_pipeline/venv/lib/python3.10/site-packages/airflow/example_dags/example_latest_only_with_trigger.py
[2025-06-17T12:51:48.464+0530] {processor.py:830} INFO - Processing file /home/priya/projects/snowflake_twitter_pipeline/venv/lib/python3.10/site-packages/airflow/example_dags/example_latest_only_with_trigger.py for tasks to queue
[2025-06-17T12:51:48.465+0530] {logging_mixin.py:188} INFO - [2025-06-17T12:51:48.465+0530] {dagbag.py:538} INFO - Filling up the DagBag from /home/priya/projects/snowflake_twitter_pipeline/venv/lib/python3.10/site-packages/airflow/example_dags/example_latest_only_with_trigger.py
[2025-06-17T12:51:48.471+0530] {processor.py:840} INFO - DAG(s) 'latest_only_with_trigger' retrieved from /home/priya/projects/snowflake_twitter_pipeline/venv/lib/python3.10/site-packages/airflow/example_dags/example_latest_only_with_trigger.py
[2025-06-17T12:51:48.482+0530] {logging_mixin.py:188} INFO - [2025-06-17T12:51:48.481+0530] {dag.py:3036} INFO - Sync 1 DAGs
[2025-06-17T12:51:48.502+0530] {logging_mixin.py:188} INFO - [2025-06-17T12:51:48.502+0530] {dag.py:3823} INFO - Setting next_dagrun for latest_only_with_trigger to 2025-06-17 00:00:00+00:00, run_after=2025-06-17 04:00:00+00:00
[2025-06-17T12:51:48.519+0530] {processor.py:183} INFO - Processing /home/priya/projects/snowflake_twitter_pipeline/venv/lib/python3.10/site-packages/airflow/example_dags/example_latest_only_with_trigger.py took 0.066 seconds
[2025-06-17T12:52:40.955+0530] {processor.py:161} INFO - Started process (PID=2872) to work on /home/priya/projects/snowflake_twitter_pipeline/venv/lib/python3.10/site-packages/airflow/example_dags/example_latest_only_with_trigger.py
[2025-06-17T12:52:40.957+0530] {processor.py:830} INFO - Processing file /home/priya/projects/snowflake_twitter_pipeline/venv/lib/python3.10/site-packages/airflow/example_dags/example_latest_only_with_trigger.py for tasks to queue
[2025-06-17T12:52:40.958+0530] {logging_mixin.py:188} INFO - [2025-06-17T12:52:40.957+0530] {dagbag.py:538} INFO - Filling up the DagBag from /home/priya/projects/snowflake_twitter_pipeline/venv/lib/python3.10/site-packages/airflow/example_dags/example_latest_only_with_trigger.py
[2025-06-17T12:52:40.964+0530] {processor.py:840} INFO - DAG(s) 'latest_only_with_trigger' retrieved from /home/priya/projects/snowflake_twitter_pipeline/venv/lib/python3.10/site-packages/airflow/example_dags/example_latest_only_with_trigger.py
[2025-06-17T12:52:40.980+0530] {logging_mixin.py:188} INFO - [2025-06-17T12:52:40.980+0530] {dag.py:3036} INFO - Sync 1 DAGs
[2025-06-17T12:52:40.996+0530] {logging_mixin.py:188} INFO - [2025-06-17T12:52:40.996+0530] {dag.py:3823} INFO - Setting next_dagrun for latest_only_with_trigger to 2025-06-17 00:00:00+00:00, run_after=2025-06-17 04:00:00+00:00
[2025-06-17T12:52:41.014+0530] {processor.py:183} INFO - Processing /home/priya/projects/snowflake_twitter_pipeline/venv/lib/python3.10/site-packages/airflow/example_dags/example_latest_only_with_trigger.py took 0.061 seconds
[2025-06-17T12:53:35.193+0530] {processor.py:161} INFO - Started process (PID=3065) to work on /home/priya/projects/snowflake_twitter_pipeline/venv/lib/python3.10/site-packages/airflow/example_dags/example_latest_only_with_trigger.py
[2025-06-17T12:53:35.195+0530] {processor.py:830} INFO - Processing file /home/priya/projects/snowflake_twitter_pipeline/venv/lib/python3.10/site-packages/airflow/example_dags/example_latest_only_with_trigger.py for tasks to queue
[2025-06-17T12:53:35.195+0530] {logging_mixin.py:188} INFO - [2025-06-17T12:53:35.195+0530] {dagbag.py:538} INFO - Filling up the DagBag from /home/priya/projects/snowflake_twitter_pipeline/venv/lib/python3.10/site-packages/airflow/example_dags/example_latest_only_with_trigger.py
[2025-06-17T12:53:35.199+0530] {processor.py:840} INFO - DAG(s) 'latest_only_with_trigger' retrieved from /home/priya/projects/snowflake_twitter_pipeline/venv/lib/python3.10/site-packages/airflow/example_dags/example_latest_only_with_trigger.py
[2025-06-17T12:53:35.211+0530] {logging_mixin.py:188} INFO - [2025-06-17T12:53:35.211+0530] {dag.py:3036} INFO - Sync 1 DAGs
[2025-06-17T12:53:35.224+0530] {logging_mixin.py:188} INFO - [2025-06-17T12:53:35.224+0530] {dag.py:3823} INFO - Setting next_dagrun for latest_only_with_trigger to 2025-06-17 00:00:00+00:00, run_after=2025-06-17 04:00:00+00:00
[2025-06-17T12:53:35.243+0530] {processor.py:183} INFO - Processing /home/priya/projects/snowflake_twitter_pipeline/venv/lib/python3.10/site-packages/airflow/example_dags/example_latest_only_with_trigger.py took 0.053 seconds
[2025-06-17T12:54:26.755+0530] {processor.py:161} INFO - Started process (PID=3164) to work on /home/priya/projects/snowflake_twitter_pipeline/venv/lib/python3.10/site-packages/airflow/example_dags/example_latest_only_with_trigger.py
[2025-06-17T12:54:26.757+0530] {processor.py:830} INFO - Processing file /home/priya/projects/snowflake_twitter_pipeline/venv/lib/python3.10/site-packages/airflow/example_dags/example_latest_only_with_trigger.py for tasks to queue
[2025-06-17T12:54:26.758+0530] {logging_mixin.py:188} INFO - [2025-06-17T12:54:26.757+0530] {dagbag.py:538} INFO - Filling up the DagBag from /home/priya/projects/snowflake_twitter_pipeline/venv/lib/python3.10/site-packages/airflow/example_dags/example_latest_only_with_trigger.py
[2025-06-17T12:54:26.766+0530] {processor.py:840} INFO - DAG(s) 'latest_only_with_trigger' retrieved from /home/priya/projects/snowflake_twitter_pipeline/venv/lib/python3.10/site-packages/airflow/example_dags/example_latest_only_with_trigger.py
[2025-06-17T12:54:26.782+0530] {logging_mixin.py:188} INFO - [2025-06-17T12:54:26.781+0530] {dag.py:3036} INFO - Sync 1 DAGs
[2025-06-17T12:54:26.798+0530] {logging_mixin.py:188} INFO - [2025-06-17T12:54:26.797+0530] {dag.py:3823} INFO - Setting next_dagrun for latest_only_with_trigger to 2025-06-17 00:00:00+00:00, run_after=2025-06-17 04:00:00+00:00
[2025-06-17T12:54:26.822+0530] {processor.py:183} INFO - Processing /home/priya/projects/snowflake_twitter_pipeline/venv/lib/python3.10/site-packages/airflow/example_dags/example_latest_only_with_trigger.py took 0.071 seconds
