[2025-06-17T12:43:01.729+0530] {processor.py:161} INFO - Started process (PID=459) to work on /home/priya/projects/snowflake_twitter_pipeline/venv/lib/python3.10/site-packages/airflow/example_dags/example_subdag_operator.py
[2025-06-17T12:43:01.730+0530] {processor.py:830} INFO - Processing file /home/priya/projects/snowflake_twitter_pipeline/venv/lib/python3.10/site-packages/airflow/example_dags/example_subdag_operator.py for tasks to queue
[2025-06-17T12:43:01.730+0530] {logging_mixin.py:188} INFO - [2025-06-17T12:43:01.730+0530] {dagbag.py:538} INFO - Filling up the DagBag from /home/priya/projects/snowflake_twitter_pipeline/venv/lib/python3.10/site-packages/airflow/example_dags/example_subdag_operator.py
[2025-06-17T12:43:01.815+0530] {processor.py:840} INFO - DAG(s) 'example_subdag_operator.section-1', 'example_subdag_operator.section-2', 'example_subdag_operator' retrieved from /home/priya/projects/snowflake_twitter_pipeline/venv/lib/python3.10/site-packages/airflow/example_dags/example_subdag_operator.py
[2025-06-17T12:43:01.869+0530] {logging_mixin.py:188} INFO - [2025-06-17T12:43:01.869+0530] {override.py:1769} INFO - Created Permission View: can edit on DAG:example_subdag_operator
[2025-06-17T12:43:01.878+0530] {logging_mixin.py:188} INFO - [2025-06-17T12:43:01.877+0530] {override.py:1769} INFO - Created Permission View: can delete on DAG:example_subdag_operator
[2025-06-17T12:43:01.885+0530] {logging_mixin.py:188} INFO - [2025-06-17T12:43:01.885+0530] {override.py:1769} INFO - Created Permission View: can read on DAG:example_subdag_operator
[2025-06-17T12:43:01.885+0530] {logging_mixin.py:188} INFO - [2025-06-17T12:43:01.885+0530] {dag.py:3036} INFO - Sync 3 DAGs
[2025-06-17T12:43:01.891+0530] {logging_mixin.py:188} INFO - [2025-06-17T12:43:01.891+0530] {dag.py:3058} INFO - Creating ORM DAG for example_subdag_operator.section-2
[2025-06-17T12:43:01.891+0530] {logging_mixin.py:188} INFO - [2025-06-17T12:43:01.891+0530] {dag.py:3058} INFO - Creating ORM DAG for example_subdag_operator
[2025-06-17T12:43:01.892+0530] {logging_mixin.py:188} INFO - [2025-06-17T12:43:01.892+0530] {dag.py:3058} INFO - Creating ORM DAG for example_subdag_operator.section-1
[2025-06-17T12:43:01.896+0530] {logging_mixin.py:188} INFO - [2025-06-17T12:43:01.896+0530] {dag.py:3823} INFO - Setting next_dagrun for example_subdag_operator to 2022-01-01 00:00:00+00:00, run_after=2022-01-01 00:00:00+00:00
[2025-06-17T12:43:01.896+0530] {logging_mixin.py:188} INFO - [2025-06-17T12:43:01.896+0530] {dag.py:3823} INFO - Setting next_dagrun for example_subdag_operator.section-1 to None, run_after=None
[2025-06-17T12:43:01.896+0530] {logging_mixin.py:188} INFO - [2025-06-17T12:43:01.896+0530] {dag.py:3823} INFO - Setting next_dagrun for example_subdag_operator.section-2 to None, run_after=None
[2025-06-17T12:43:01.899+0530] {logging_mixin.py:188} INFO - [2025-06-17T12:43:01.899+0530] {dag.py:3036} INFO - Sync 2 DAGs
[2025-06-17T12:43:01.902+0530] {logging_mixin.py:188} INFO - [2025-06-17T12:43:01.902+0530] {dag.py:3823} INFO - Setting next_dagrun for example_subdag_operator.section-1 to None, run_after=None
[2025-06-17T12:43:01.903+0530] {logging_mixin.py:188} INFO - [2025-06-17T12:43:01.903+0530] {dag.py:3823} INFO - Setting next_dagrun for example_subdag_operator.section-2 to None, run_after=None
[2025-06-17T12:43:01.917+0530] {processor.py:183} INFO - Processing /home/priya/projects/snowflake_twitter_pipeline/venv/lib/python3.10/site-packages/airflow/example_dags/example_subdag_operator.py took 0.190 seconds
[2025-06-17T12:44:05.156+0530] {processor.py:161} INFO - Started process (PID=553) to work on /home/priya/projects/snowflake_twitter_pipeline/venv/lib/python3.10/site-packages/airflow/example_dags/example_subdag_operator.py
[2025-06-17T12:44:05.157+0530] {processor.py:830} INFO - Processing file /home/priya/projects/snowflake_twitter_pipeline/venv/lib/python3.10/site-packages/airflow/example_dags/example_subdag_operator.py for tasks to queue
[2025-06-17T12:44:05.158+0530] {logging_mixin.py:188} INFO - [2025-06-17T12:44:05.158+0530] {dagbag.py:538} INFO - Filling up the DagBag from /home/priya/projects/snowflake_twitter_pipeline/venv/lib/python3.10/site-packages/airflow/example_dags/example_subdag_operator.py
[2025-06-17T12:44:05.173+0530] {processor.py:840} INFO - DAG(s) 'example_subdag_operator.section-1', 'example_subdag_operator.section-2', 'example_subdag_operator' retrieved from /home/priya/projects/snowflake_twitter_pipeline/venv/lib/python3.10/site-packages/airflow/example_dags/example_subdag_operator.py
[2025-06-17T12:44:05.181+0530] {logging_mixin.py:188} INFO - [2025-06-17T12:44:05.181+0530] {dag.py:3036} INFO - Sync 3 DAGs
[2025-06-17T12:44:05.191+0530] {logging_mixin.py:188} INFO - [2025-06-17T12:44:05.191+0530] {dag.py:3823} INFO - Setting next_dagrun for example_subdag_operator to 2022-01-01 00:00:00+00:00, run_after=2022-01-01 00:00:00+00:00
[2025-06-17T12:44:05.193+0530] {logging_mixin.py:188} INFO - [2025-06-17T12:44:05.193+0530] {dag.py:3823} INFO - Setting next_dagrun for example_subdag_operator.section-1 to None, run_after=None
[2025-06-17T12:44:05.194+0530] {logging_mixin.py:188} INFO - [2025-06-17T12:44:05.194+0530] {dag.py:3823} INFO - Setting next_dagrun for example_subdag_operator.section-2 to None, run_after=None
[2025-06-17T12:44:05.197+0530] {logging_mixin.py:188} INFO - [2025-06-17T12:44:05.197+0530] {dag.py:3036} INFO - Sync 2 DAGs
[2025-06-17T12:44:05.199+0530] {logging_mixin.py:188} INFO - [2025-06-17T12:44:05.199+0530] {dag.py:3823} INFO - Setting next_dagrun for example_subdag_operator.section-1 to None, run_after=None
[2025-06-17T12:44:05.199+0530] {logging_mixin.py:188} INFO - [2025-06-17T12:44:05.199+0530] {dag.py:3823} INFO - Setting next_dagrun for example_subdag_operator.section-2 to None, run_after=None
[2025-06-17T12:44:05.209+0530] {processor.py:183} INFO - Processing /home/priya/projects/snowflake_twitter_pipeline/venv/lib/python3.10/site-packages/airflow/example_dags/example_subdag_operator.py took 0.057 seconds
[2025-06-17T12:46:24.983+0530] {processor.py:161} INFO - Started process (PID=709) to work on /home/priya/projects/snowflake_twitter_pipeline/venv/lib/python3.10/site-packages/airflow/example_dags/example_subdag_operator.py
[2025-06-17T12:46:24.993+0530] {processor.py:830} INFO - Processing file /home/priya/projects/snowflake_twitter_pipeline/venv/lib/python3.10/site-packages/airflow/example_dags/example_subdag_operator.py for tasks to queue
[2025-06-17T12:46:24.994+0530] {logging_mixin.py:188} INFO - [2025-06-17T12:46:24.993+0530] {dagbag.py:538} INFO - Filling up the DagBag from /home/priya/projects/snowflake_twitter_pipeline/venv/lib/python3.10/site-packages/airflow/example_dags/example_subdag_operator.py
[2025-06-17T12:46:25.085+0530] {processor.py:840} INFO - DAG(s) 'example_subdag_operator.section-1', 'example_subdag_operator.section-2', 'example_subdag_operator' retrieved from /home/priya/projects/snowflake_twitter_pipeline/venv/lib/python3.10/site-packages/airflow/example_dags/example_subdag_operator.py
[2025-06-17T12:46:25.093+0530] {logging_mixin.py:188} INFO - [2025-06-17T12:46:25.092+0530] {dag.py:3036} INFO - Sync 3 DAGs
[2025-06-17T12:46:25.105+0530] {logging_mixin.py:188} INFO - [2025-06-17T12:46:25.105+0530] {dag.py:3823} INFO - Setting next_dagrun for example_subdag_operator to 2022-01-01 00:00:00+00:00, run_after=2022-01-01 00:00:00+00:00
[2025-06-17T12:46:25.108+0530] {logging_mixin.py:188} INFO - [2025-06-17T12:46:25.107+0530] {dag.py:3823} INFO - Setting next_dagrun for example_subdag_operator.section-1 to None, run_after=None
[2025-06-17T12:46:25.108+0530] {logging_mixin.py:188} INFO - [2025-06-17T12:46:25.108+0530] {dag.py:3823} INFO - Setting next_dagrun for example_subdag_operator.section-2 to None, run_after=None
[2025-06-17T12:46:25.113+0530] {logging_mixin.py:188} INFO - [2025-06-17T12:46:25.112+0530] {dag.py:3036} INFO - Sync 2 DAGs
[2025-06-17T12:46:25.116+0530] {logging_mixin.py:188} INFO - [2025-06-17T12:46:25.115+0530] {dag.py:3823} INFO - Setting next_dagrun for example_subdag_operator.section-1 to None, run_after=None
[2025-06-17T12:46:25.116+0530] {logging_mixin.py:188} INFO - [2025-06-17T12:46:25.116+0530] {dag.py:3823} INFO - Setting next_dagrun for example_subdag_operator.section-2 to None, run_after=None
[2025-06-17T12:46:25.130+0530] {processor.py:183} INFO - Processing /home/priya/projects/snowflake_twitter_pipeline/venv/lib/python3.10/site-packages/airflow/example_dags/example_subdag_operator.py took 0.150 seconds
[2025-06-17T12:47:26.695+0530] {processor.py:161} INFO - Started process (PID=1432) to work on /home/priya/projects/snowflake_twitter_pipeline/venv/lib/python3.10/site-packages/airflow/example_dags/example_subdag_operator.py
[2025-06-17T12:47:26.696+0530] {processor.py:830} INFO - Processing file /home/priya/projects/snowflake_twitter_pipeline/venv/lib/python3.10/site-packages/airflow/example_dags/example_subdag_operator.py for tasks to queue
[2025-06-17T12:47:26.696+0530] {logging_mixin.py:188} INFO - [2025-06-17T12:47:26.696+0530] {dagbag.py:538} INFO - Filling up the DagBag from /home/priya/projects/snowflake_twitter_pipeline/venv/lib/python3.10/site-packages/airflow/example_dags/example_subdag_operator.py
[2025-06-17T12:47:26.710+0530] {processor.py:840} INFO - DAG(s) 'example_subdag_operator.section-1', 'example_subdag_operator.section-2', 'example_subdag_operator' retrieved from /home/priya/projects/snowflake_twitter_pipeline/venv/lib/python3.10/site-packages/airflow/example_dags/example_subdag_operator.py
[2025-06-17T12:47:26.721+0530] {logging_mixin.py:188} INFO - [2025-06-17T12:47:26.720+0530] {dag.py:3036} INFO - Sync 3 DAGs
[2025-06-17T12:47:26.732+0530] {logging_mixin.py:188} INFO - [2025-06-17T12:47:26.732+0530] {dag.py:3823} INFO - Setting next_dagrun for example_subdag_operator to 2022-01-01 00:00:00+00:00, run_after=2022-01-01 00:00:00+00:00
[2025-06-17T12:47:26.733+0530] {logging_mixin.py:188} INFO - [2025-06-17T12:47:26.733+0530] {dag.py:3823} INFO - Setting next_dagrun for example_subdag_operator.section-1 to None, run_after=None
[2025-06-17T12:47:26.734+0530] {logging_mixin.py:188} INFO - [2025-06-17T12:47:26.734+0530] {dag.py:3823} INFO - Setting next_dagrun for example_subdag_operator.section-2 to None, run_after=None
[2025-06-17T12:47:26.737+0530] {logging_mixin.py:188} INFO - [2025-06-17T12:47:26.737+0530] {dag.py:3036} INFO - Sync 2 DAGs
[2025-06-17T12:47:26.740+0530] {logging_mixin.py:188} INFO - [2025-06-17T12:47:26.740+0530] {dag.py:3823} INFO - Setting next_dagrun for example_subdag_operator.section-1 to None, run_after=None
[2025-06-17T12:47:26.740+0530] {logging_mixin.py:188} INFO - [2025-06-17T12:47:26.740+0530] {dag.py:3823} INFO - Setting next_dagrun for example_subdag_operator.section-2 to None, run_after=None
[2025-06-17T12:47:26.751+0530] {processor.py:183} INFO - Processing /home/priya/projects/snowflake_twitter_pipeline/venv/lib/python3.10/site-packages/airflow/example_dags/example_subdag_operator.py took 0.058 seconds
[2025-06-17T12:48:14.211+0530] {processor.py:161} INFO - Started process (PID=1645) to work on /home/priya/projects/snowflake_twitter_pipeline/venv/lib/python3.10/site-packages/airflow/example_dags/example_subdag_operator.py
[2025-06-17T12:48:14.213+0530] {processor.py:830} INFO - Processing file /home/priya/projects/snowflake_twitter_pipeline/venv/lib/python3.10/site-packages/airflow/example_dags/example_subdag_operator.py for tasks to queue
[2025-06-17T12:48:14.214+0530] {logging_mixin.py:188} INFO - [2025-06-17T12:48:14.214+0530] {dagbag.py:538} INFO - Filling up the DagBag from /home/priya/projects/snowflake_twitter_pipeline/venv/lib/python3.10/site-packages/airflow/example_dags/example_subdag_operator.py
[2025-06-17T12:48:14.230+0530] {processor.py:840} INFO - DAG(s) 'example_subdag_operator.section-1', 'example_subdag_operator.section-2', 'example_subdag_operator' retrieved from /home/priya/projects/snowflake_twitter_pipeline/venv/lib/python3.10/site-packages/airflow/example_dags/example_subdag_operator.py
[2025-06-17T12:48:14.242+0530] {logging_mixin.py:188} INFO - [2025-06-17T12:48:14.242+0530] {dag.py:3036} INFO - Sync 3 DAGs
[2025-06-17T12:48:14.258+0530] {logging_mixin.py:188} INFO - [2025-06-17T12:48:14.258+0530] {dag.py:3823} INFO - Setting next_dagrun for example_subdag_operator to 2022-01-01 00:00:00+00:00, run_after=2022-01-01 00:00:00+00:00
[2025-06-17T12:48:14.260+0530] {logging_mixin.py:188} INFO - [2025-06-17T12:48:14.260+0530] {dag.py:3823} INFO - Setting next_dagrun for example_subdag_operator.section-1 to None, run_after=None
[2025-06-17T12:48:14.261+0530] {logging_mixin.py:188} INFO - [2025-06-17T12:48:14.261+0530] {dag.py:3823} INFO - Setting next_dagrun for example_subdag_operator.section-2 to None, run_after=None
[2025-06-17T12:48:14.265+0530] {logging_mixin.py:188} INFO - [2025-06-17T12:48:14.265+0530] {dag.py:3036} INFO - Sync 2 DAGs
[2025-06-17T12:48:14.267+0530] {logging_mixin.py:188} INFO - [2025-06-17T12:48:14.267+0530] {dag.py:3823} INFO - Setting next_dagrun for example_subdag_operator.section-1 to None, run_after=None
[2025-06-17T12:48:14.267+0530] {logging_mixin.py:188} INFO - [2025-06-17T12:48:14.267+0530] {dag.py:3823} INFO - Setting next_dagrun for example_subdag_operator.section-2 to None, run_after=None
[2025-06-17T12:48:14.281+0530] {processor.py:183} INFO - Processing /home/priya/projects/snowflake_twitter_pipeline/venv/lib/python3.10/site-packages/airflow/example_dags/example_subdag_operator.py took 0.074 seconds
[2025-06-17T12:49:04.982+0530] {processor.py:161} INFO - Started process (PID=1876) to work on /home/priya/projects/snowflake_twitter_pipeline/venv/lib/python3.10/site-packages/airflow/example_dags/example_subdag_operator.py
[2025-06-17T12:49:04.984+0530] {processor.py:830} INFO - Processing file /home/priya/projects/snowflake_twitter_pipeline/venv/lib/python3.10/site-packages/airflow/example_dags/example_subdag_operator.py for tasks to queue
[2025-06-17T12:49:04.985+0530] {logging_mixin.py:188} INFO - [2025-06-17T12:49:04.985+0530] {dagbag.py:538} INFO - Filling up the DagBag from /home/priya/projects/snowflake_twitter_pipeline/venv/lib/python3.10/site-packages/airflow/example_dags/example_subdag_operator.py
[2025-06-17T12:49:04.999+0530] {processor.py:840} INFO - DAG(s) 'example_subdag_operator.section-1', 'example_subdag_operator.section-2', 'example_subdag_operator' retrieved from /home/priya/projects/snowflake_twitter_pipeline/venv/lib/python3.10/site-packages/airflow/example_dags/example_subdag_operator.py
[2025-06-17T12:49:05.013+0530] {logging_mixin.py:188} INFO - [2025-06-17T12:49:05.012+0530] {dag.py:3036} INFO - Sync 3 DAGs
[2025-06-17T12:49:05.027+0530] {logging_mixin.py:188} INFO - [2025-06-17T12:49:05.027+0530] {dag.py:3823} INFO - Setting next_dagrun for example_subdag_operator to 2022-01-01 00:00:00+00:00, run_after=2022-01-01 00:00:00+00:00
[2025-06-17T12:49:05.029+0530] {logging_mixin.py:188} INFO - [2025-06-17T12:49:05.029+0530] {dag.py:3823} INFO - Setting next_dagrun for example_subdag_operator.section-1 to None, run_after=None
[2025-06-17T12:49:05.030+0530] {logging_mixin.py:188} INFO - [2025-06-17T12:49:05.030+0530] {dag.py:3823} INFO - Setting next_dagrun for example_subdag_operator.section-2 to None, run_after=None
[2025-06-17T12:49:05.034+0530] {logging_mixin.py:188} INFO - [2025-06-17T12:49:05.034+0530] {dag.py:3036} INFO - Sync 2 DAGs
[2025-06-17T12:49:05.038+0530] {logging_mixin.py:188} INFO - [2025-06-17T12:49:05.037+0530] {dag.py:3823} INFO - Setting next_dagrun for example_subdag_operator.section-1 to None, run_after=None
[2025-06-17T12:49:05.038+0530] {logging_mixin.py:188} INFO - [2025-06-17T12:49:05.038+0530] {dag.py:3823} INFO - Setting next_dagrun for example_subdag_operator.section-2 to None, run_after=None
[2025-06-17T12:49:05.054+0530] {processor.py:183} INFO - Processing /home/priya/projects/snowflake_twitter_pipeline/venv/lib/python3.10/site-packages/airflow/example_dags/example_subdag_operator.py took 0.075 seconds
[2025-06-17T12:49:52.400+0530] {processor.py:161} INFO - Started process (PID=2104) to work on /home/priya/projects/snowflake_twitter_pipeline/venv/lib/python3.10/site-packages/airflow/example_dags/example_subdag_operator.py
[2025-06-17T12:49:52.401+0530] {processor.py:830} INFO - Processing file /home/priya/projects/snowflake_twitter_pipeline/venv/lib/python3.10/site-packages/airflow/example_dags/example_subdag_operator.py for tasks to queue
[2025-06-17T12:49:52.402+0530] {logging_mixin.py:188} INFO - [2025-06-17T12:49:52.402+0530] {dagbag.py:538} INFO - Filling up the DagBag from /home/priya/projects/snowflake_twitter_pipeline/venv/lib/python3.10/site-packages/airflow/example_dags/example_subdag_operator.py
[2025-06-17T12:49:52.418+0530] {processor.py:840} INFO - DAG(s) 'example_subdag_operator.section-1', 'example_subdag_operator.section-2', 'example_subdag_operator' retrieved from /home/priya/projects/snowflake_twitter_pipeline/venv/lib/python3.10/site-packages/airflow/example_dags/example_subdag_operator.py
[2025-06-17T12:49:52.429+0530] {logging_mixin.py:188} INFO - [2025-06-17T12:49:52.428+0530] {dag.py:3036} INFO - Sync 3 DAGs
[2025-06-17T12:49:52.443+0530] {logging_mixin.py:188} INFO - [2025-06-17T12:49:52.443+0530] {dag.py:3823} INFO - Setting next_dagrun for example_subdag_operator to 2022-01-01 00:00:00+00:00, run_after=2022-01-01 00:00:00+00:00
[2025-06-17T12:49:52.445+0530] {logging_mixin.py:188} INFO - [2025-06-17T12:49:52.445+0530] {dag.py:3823} INFO - Setting next_dagrun for example_subdag_operator.section-1 to None, run_after=None
[2025-06-17T12:49:52.446+0530] {logging_mixin.py:188} INFO - [2025-06-17T12:49:52.446+0530] {dag.py:3823} INFO - Setting next_dagrun for example_subdag_operator.section-2 to None, run_after=None
[2025-06-17T12:49:52.450+0530] {logging_mixin.py:188} INFO - [2025-06-17T12:49:52.450+0530] {dag.py:3036} INFO - Sync 2 DAGs
[2025-06-17T12:49:52.453+0530] {logging_mixin.py:188} INFO - [2025-06-17T12:49:52.453+0530] {dag.py:3823} INFO - Setting next_dagrun for example_subdag_operator.section-1 to None, run_after=None
[2025-06-17T12:49:52.453+0530] {logging_mixin.py:188} INFO - [2025-06-17T12:49:52.453+0530] {dag.py:3823} INFO - Setting next_dagrun for example_subdag_operator.section-2 to None, run_after=None
[2025-06-17T12:49:52.469+0530] {processor.py:183} INFO - Processing /home/priya/projects/snowflake_twitter_pipeline/venv/lib/python3.10/site-packages/airflow/example_dags/example_subdag_operator.py took 0.072 seconds
[2025-06-17T12:50:43.629+0530] {processor.py:161} INFO - Started process (PID=2330) to work on /home/priya/projects/snowflake_twitter_pipeline/venv/lib/python3.10/site-packages/airflow/example_dags/example_subdag_operator.py
[2025-06-17T12:50:43.632+0530] {processor.py:830} INFO - Processing file /home/priya/projects/snowflake_twitter_pipeline/venv/lib/python3.10/site-packages/airflow/example_dags/example_subdag_operator.py for tasks to queue
[2025-06-17T12:50:43.632+0530] {logging_mixin.py:188} INFO - [2025-06-17T12:50:43.632+0530] {dagbag.py:538} INFO - Filling up the DagBag from /home/priya/projects/snowflake_twitter_pipeline/venv/lib/python3.10/site-packages/airflow/example_dags/example_subdag_operator.py
[2025-06-17T12:50:43.651+0530] {processor.py:840} INFO - DAG(s) 'example_subdag_operator.section-1', 'example_subdag_operator.section-2', 'example_subdag_operator' retrieved from /home/priya/projects/snowflake_twitter_pipeline/venv/lib/python3.10/site-packages/airflow/example_dags/example_subdag_operator.py
[2025-06-17T12:50:43.664+0530] {logging_mixin.py:188} INFO - [2025-06-17T12:50:43.664+0530] {dag.py:3036} INFO - Sync 3 DAGs
[2025-06-17T12:50:43.680+0530] {logging_mixin.py:188} INFO - [2025-06-17T12:50:43.680+0530] {dag.py:3823} INFO - Setting next_dagrun for example_subdag_operator to 2022-01-01 00:00:00+00:00, run_after=2022-01-01 00:00:00+00:00
[2025-06-17T12:50:43.682+0530] {logging_mixin.py:188} INFO - [2025-06-17T12:50:43.682+0530] {dag.py:3823} INFO - Setting next_dagrun for example_subdag_operator.section-1 to None, run_after=None
[2025-06-17T12:50:43.683+0530] {logging_mixin.py:188} INFO - [2025-06-17T12:50:43.683+0530] {dag.py:3823} INFO - Setting next_dagrun for example_subdag_operator.section-2 to None, run_after=None
[2025-06-17T12:50:43.687+0530] {logging_mixin.py:188} INFO - [2025-06-17T12:50:43.687+0530] {dag.py:3036} INFO - Sync 2 DAGs
[2025-06-17T12:50:43.690+0530] {logging_mixin.py:188} INFO - [2025-06-17T12:50:43.690+0530] {dag.py:3823} INFO - Setting next_dagrun for example_subdag_operator.section-1 to None, run_after=None
[2025-06-17T12:50:43.690+0530] {logging_mixin.py:188} INFO - [2025-06-17T12:50:43.690+0530] {dag.py:3823} INFO - Setting next_dagrun for example_subdag_operator.section-2 to None, run_after=None
[2025-06-17T12:50:43.703+0530] {processor.py:183} INFO - Processing /home/priya/projects/snowflake_twitter_pipeline/venv/lib/python3.10/site-packages/airflow/example_dags/example_subdag_operator.py took 0.077 seconds
[2025-06-17T12:51:32.704+0530] {processor.py:161} INFO - Started process (PID=2561) to work on /home/priya/projects/snowflake_twitter_pipeline/venv/lib/python3.10/site-packages/airflow/example_dags/example_subdag_operator.py
[2025-06-17T12:51:32.706+0530] {processor.py:830} INFO - Processing file /home/priya/projects/snowflake_twitter_pipeline/venv/lib/python3.10/site-packages/airflow/example_dags/example_subdag_operator.py for tasks to queue
[2025-06-17T12:51:32.707+0530] {logging_mixin.py:188} INFO - [2025-06-17T12:51:32.707+0530] {dagbag.py:538} INFO - Filling up the DagBag from /home/priya/projects/snowflake_twitter_pipeline/venv/lib/python3.10/site-packages/airflow/example_dags/example_subdag_operator.py
[2025-06-17T12:51:32.722+0530] {processor.py:840} INFO - DAG(s) 'example_subdag_operator.section-1', 'example_subdag_operator.section-2', 'example_subdag_operator' retrieved from /home/priya/projects/snowflake_twitter_pipeline/venv/lib/python3.10/site-packages/airflow/example_dags/example_subdag_operator.py
[2025-06-17T12:51:32.733+0530] {logging_mixin.py:188} INFO - [2025-06-17T12:51:32.732+0530] {dag.py:3036} INFO - Sync 3 DAGs
[2025-06-17T12:51:32.747+0530] {logging_mixin.py:188} INFO - [2025-06-17T12:51:32.747+0530] {dag.py:3823} INFO - Setting next_dagrun for example_subdag_operator to 2022-01-01 00:00:00+00:00, run_after=2022-01-01 00:00:00+00:00
[2025-06-17T12:51:32.749+0530] {logging_mixin.py:188} INFO - [2025-06-17T12:51:32.749+0530] {dag.py:3823} INFO - Setting next_dagrun for example_subdag_operator.section-1 to None, run_after=None
[2025-06-17T12:51:32.750+0530] {logging_mixin.py:188} INFO - [2025-06-17T12:51:32.750+0530] {dag.py:3823} INFO - Setting next_dagrun for example_subdag_operator.section-2 to None, run_after=None
[2025-06-17T12:51:32.754+0530] {logging_mixin.py:188} INFO - [2025-06-17T12:51:32.754+0530] {dag.py:3036} INFO - Sync 2 DAGs
[2025-06-17T12:51:32.756+0530] {logging_mixin.py:188} INFO - [2025-06-17T12:51:32.756+0530] {dag.py:3823} INFO - Setting next_dagrun for example_subdag_operator.section-1 to None, run_after=None
[2025-06-17T12:51:32.756+0530] {logging_mixin.py:188} INFO - [2025-06-17T12:51:32.756+0530] {dag.py:3823} INFO - Setting next_dagrun for example_subdag_operator.section-2 to None, run_after=None
[2025-06-17T12:51:32.773+0530] {processor.py:183} INFO - Processing /home/priya/projects/snowflake_twitter_pipeline/venv/lib/python3.10/site-packages/airflow/example_dags/example_subdag_operator.py took 0.072 seconds
[2025-06-17T12:52:24.337+0530] {processor.py:161} INFO - Started process (PID=2783) to work on /home/priya/projects/snowflake_twitter_pipeline/venv/lib/python3.10/site-packages/airflow/example_dags/example_subdag_operator.py
[2025-06-17T12:52:24.339+0530] {processor.py:830} INFO - Processing file /home/priya/projects/snowflake_twitter_pipeline/venv/lib/python3.10/site-packages/airflow/example_dags/example_subdag_operator.py for tasks to queue
[2025-06-17T12:52:24.339+0530] {logging_mixin.py:188} INFO - [2025-06-17T12:52:24.339+0530] {dagbag.py:538} INFO - Filling up the DagBag from /home/priya/projects/snowflake_twitter_pipeline/venv/lib/python3.10/site-packages/airflow/example_dags/example_subdag_operator.py
[2025-06-17T12:52:24.355+0530] {processor.py:840} INFO - DAG(s) 'example_subdag_operator.section-1', 'example_subdag_operator.section-2', 'example_subdag_operator' retrieved from /home/priya/projects/snowflake_twitter_pipeline/venv/lib/python3.10/site-packages/airflow/example_dags/example_subdag_operator.py
[2025-06-17T12:52:24.367+0530] {logging_mixin.py:188} INFO - [2025-06-17T12:52:24.367+0530] {dag.py:3036} INFO - Sync 3 DAGs
[2025-06-17T12:52:24.385+0530] {logging_mixin.py:188} INFO - [2025-06-17T12:52:24.384+0530] {dag.py:3823} INFO - Setting next_dagrun for example_subdag_operator to 2022-01-01 00:00:00+00:00, run_after=2022-01-01 00:00:00+00:00
[2025-06-17T12:52:24.387+0530] {logging_mixin.py:188} INFO - [2025-06-17T12:52:24.387+0530] {dag.py:3823} INFO - Setting next_dagrun for example_subdag_operator.section-1 to None, run_after=None
[2025-06-17T12:52:24.388+0530] {logging_mixin.py:188} INFO - [2025-06-17T12:52:24.388+0530] {dag.py:3823} INFO - Setting next_dagrun for example_subdag_operator.section-2 to None, run_after=None
[2025-06-17T12:52:24.394+0530] {logging_mixin.py:188} INFO - [2025-06-17T12:52:24.393+0530] {dag.py:3036} INFO - Sync 2 DAGs
[2025-06-17T12:52:24.397+0530] {logging_mixin.py:188} INFO - [2025-06-17T12:52:24.397+0530] {dag.py:3823} INFO - Setting next_dagrun for example_subdag_operator.section-1 to None, run_after=None
[2025-06-17T12:52:24.397+0530] {logging_mixin.py:188} INFO - [2025-06-17T12:52:24.397+0530] {dag.py:3823} INFO - Setting next_dagrun for example_subdag_operator.section-2 to None, run_after=None
[2025-06-17T12:52:24.416+0530] {processor.py:183} INFO - Processing /home/priya/projects/snowflake_twitter_pipeline/venv/lib/python3.10/site-packages/airflow/example_dags/example_subdag_operator.py took 0.082 seconds
[2025-06-17T12:53:17.470+0530] {processor.py:161} INFO - Started process (PID=3038) to work on /home/priya/projects/snowflake_twitter_pipeline/venv/lib/python3.10/site-packages/airflow/example_dags/example_subdag_operator.py
[2025-06-17T12:53:17.480+0530] {processor.py:830} INFO - Processing file /home/priya/projects/snowflake_twitter_pipeline/venv/lib/python3.10/site-packages/airflow/example_dags/example_subdag_operator.py for tasks to queue
[2025-06-17T12:53:17.482+0530] {logging_mixin.py:188} INFO - [2025-06-17T12:53:17.481+0530] {dagbag.py:538} INFO - Filling up the DagBag from /home/priya/projects/snowflake_twitter_pipeline/venv/lib/python3.10/site-packages/airflow/example_dags/example_subdag_operator.py
[2025-06-17T12:53:17.500+0530] {processor.py:840} INFO - DAG(s) 'example_subdag_operator.section-1', 'example_subdag_operator.section-2', 'example_subdag_operator' retrieved from /home/priya/projects/snowflake_twitter_pipeline/venv/lib/python3.10/site-packages/airflow/example_dags/example_subdag_operator.py
[2025-06-17T12:53:17.509+0530] {logging_mixin.py:188} INFO - [2025-06-17T12:53:17.509+0530] {dag.py:3036} INFO - Sync 3 DAGs
[2025-06-17T12:53:17.523+0530] {logging_mixin.py:188} INFO - [2025-06-17T12:53:17.523+0530] {dag.py:3823} INFO - Setting next_dagrun for example_subdag_operator to 2022-01-01 00:00:00+00:00, run_after=2022-01-01 00:00:00+00:00
[2025-06-17T12:53:17.526+0530] {logging_mixin.py:188} INFO - [2025-06-17T12:53:17.526+0530] {dag.py:3823} INFO - Setting next_dagrun for example_subdag_operator.section-1 to None, run_after=None
[2025-06-17T12:53:17.526+0530] {logging_mixin.py:188} INFO - [2025-06-17T12:53:17.526+0530] {dag.py:3823} INFO - Setting next_dagrun for example_subdag_operator.section-2 to None, run_after=None
[2025-06-17T12:53:17.530+0530] {logging_mixin.py:188} INFO - [2025-06-17T12:53:17.530+0530] {dag.py:3036} INFO - Sync 2 DAGs
[2025-06-17T12:53:17.534+0530] {logging_mixin.py:188} INFO - [2025-06-17T12:53:17.534+0530] {dag.py:3823} INFO - Setting next_dagrun for example_subdag_operator.section-1 to None, run_after=None
[2025-06-17T12:53:17.534+0530] {logging_mixin.py:188} INFO - [2025-06-17T12:53:17.534+0530] {dag.py:3823} INFO - Setting next_dagrun for example_subdag_operator.section-2 to None, run_after=None
[2025-06-17T12:53:17.549+0530] {processor.py:183} INFO - Processing /home/priya/projects/snowflake_twitter_pipeline/venv/lib/python3.10/site-packages/airflow/example_dags/example_subdag_operator.py took 0.081 seconds
[2025-06-17T12:54:09.274+0530] {processor.py:161} INFO - Started process (PID=3122) to work on /home/priya/projects/snowflake_twitter_pipeline/venv/lib/python3.10/site-packages/airflow/example_dags/example_subdag_operator.py
[2025-06-17T12:54:09.283+0530] {processor.py:830} INFO - Processing file /home/priya/projects/snowflake_twitter_pipeline/venv/lib/python3.10/site-packages/airflow/example_dags/example_subdag_operator.py for tasks to queue
[2025-06-17T12:54:09.284+0530] {logging_mixin.py:188} INFO - [2025-06-17T12:54:09.283+0530] {dagbag.py:538} INFO - Filling up the DagBag from /home/priya/projects/snowflake_twitter_pipeline/venv/lib/python3.10/site-packages/airflow/example_dags/example_subdag_operator.py
[2025-06-17T12:54:09.295+0530] {processor.py:840} INFO - DAG(s) 'example_subdag_operator.section-1', 'example_subdag_operator.section-2', 'example_subdag_operator' retrieved from /home/priya/projects/snowflake_twitter_pipeline/venv/lib/python3.10/site-packages/airflow/example_dags/example_subdag_operator.py
[2025-06-17T12:54:09.304+0530] {logging_mixin.py:188} INFO - [2025-06-17T12:54:09.303+0530] {dag.py:3036} INFO - Sync 3 DAGs
[2025-06-17T12:54:09.318+0530] {logging_mixin.py:188} INFO - [2025-06-17T12:54:09.318+0530] {dag.py:3823} INFO - Setting next_dagrun for example_subdag_operator to 2022-01-01 00:00:00+00:00, run_after=2022-01-01 00:00:00+00:00
[2025-06-17T12:54:09.320+0530] {logging_mixin.py:188} INFO - [2025-06-17T12:54:09.320+0530] {dag.py:3823} INFO - Setting next_dagrun for example_subdag_operator.section-1 to None, run_after=None
[2025-06-17T12:54:09.321+0530] {logging_mixin.py:188} INFO - [2025-06-17T12:54:09.320+0530] {dag.py:3823} INFO - Setting next_dagrun for example_subdag_operator.section-2 to None, run_after=None
[2025-06-17T12:54:09.324+0530] {logging_mixin.py:188} INFO - [2025-06-17T12:54:09.324+0530] {dag.py:3036} INFO - Sync 2 DAGs
[2025-06-17T12:54:09.326+0530] {logging_mixin.py:188} INFO - [2025-06-17T12:54:09.326+0530] {dag.py:3823} INFO - Setting next_dagrun for example_subdag_operator.section-1 to None, run_after=None
[2025-06-17T12:54:09.327+0530] {logging_mixin.py:188} INFO - [2025-06-17T12:54:09.327+0530] {dag.py:3823} INFO - Setting next_dagrun for example_subdag_operator.section-2 to None, run_after=None
[2025-06-17T12:54:09.340+0530] {processor.py:183} INFO - Processing /home/priya/projects/snowflake_twitter_pipeline/venv/lib/python3.10/site-packages/airflow/example_dags/example_subdag_operator.py took 0.069 seconds
[2025-06-17T12:55:03.839+0530] {processor.py:161} INFO - Started process (PID=3326) to work on /home/priya/projects/snowflake_twitter_pipeline/venv/lib/python3.10/site-packages/airflow/example_dags/example_subdag_operator.py
[2025-06-17T12:55:03.848+0530] {processor.py:830} INFO - Processing file /home/priya/projects/snowflake_twitter_pipeline/venv/lib/python3.10/site-packages/airflow/example_dags/example_subdag_operator.py for tasks to queue
[2025-06-17T12:55:03.849+0530] {logging_mixin.py:188} INFO - [2025-06-17T12:55:03.848+0530] {dagbag.py:538} INFO - Filling up the DagBag from /home/priya/projects/snowflake_twitter_pipeline/venv/lib/python3.10/site-packages/airflow/example_dags/example_subdag_operator.py
[2025-06-17T12:55:03.862+0530] {processor.py:840} INFO - DAG(s) 'example_subdag_operator.section-1', 'example_subdag_operator.section-2', 'example_subdag_operator' retrieved from /home/priya/projects/snowflake_twitter_pipeline/venv/lib/python3.10/site-packages/airflow/example_dags/example_subdag_operator.py
[2025-06-17T12:55:03.873+0530] {logging_mixin.py:188} INFO - [2025-06-17T12:55:03.873+0530] {dag.py:3036} INFO - Sync 3 DAGs
[2025-06-17T12:55:03.887+0530] {logging_mixin.py:188} INFO - [2025-06-17T12:55:03.886+0530] {dag.py:3823} INFO - Setting next_dagrun for example_subdag_operator to 2022-01-01 00:00:00+00:00, run_after=2022-01-01 00:00:00+00:00
[2025-06-17T12:55:03.892+0530] {logging_mixin.py:188} INFO - [2025-06-17T12:55:03.892+0530] {dag.py:3823} INFO - Setting next_dagrun for example_subdag_operator.section-1 to None, run_after=None
[2025-06-17T12:55:03.893+0530] {logging_mixin.py:188} INFO - [2025-06-17T12:55:03.893+0530] {dag.py:3823} INFO - Setting next_dagrun for example_subdag_operator.section-2 to None, run_after=None
[2025-06-17T12:55:03.897+0530] {logging_mixin.py:188} INFO - [2025-06-17T12:55:03.897+0530] {dag.py:3036} INFO - Sync 2 DAGs
[2025-06-17T12:55:03.901+0530] {logging_mixin.py:188} INFO - [2025-06-17T12:55:03.901+0530] {dag.py:3823} INFO - Setting next_dagrun for example_subdag_operator.section-1 to None, run_after=None
[2025-06-17T12:55:03.901+0530] {logging_mixin.py:188} INFO - [2025-06-17T12:55:03.901+0530] {dag.py:3823} INFO - Setting next_dagrun for example_subdag_operator.section-2 to None, run_after=None
[2025-06-17T12:55:03.928+0530] {processor.py:183} INFO - Processing /home/priya/projects/snowflake_twitter_pipeline/venv/lib/python3.10/site-packages/airflow/example_dags/example_subdag_operator.py took 0.091 seconds
