[2025-06-17T12:42:56.377+0530] {processor.py:161} INFO - Started process (PID=454) to work on /home/priya/projects/snowflake_twitter_pipeline/venv/lib/python3.10/site-packages/airflow/example_dags/example_sensor_decorator.py
[2025-06-17T12:42:56.378+0530] {processor.py:830} INFO - Processing file /home/priya/projects/snowflake_twitter_pipeline/venv/lib/python3.10/site-packages/airflow/example_dags/example_sensor_decorator.py for tasks to queue
[2025-06-17T12:42:56.379+0530] {logging_mixin.py:188} INFO - [2025-06-17T12:42:56.379+0530] {dagbag.py:538} INFO - Filling up the DagBag from /home/priya/projects/snowflake_twitter_pipeline/venv/lib/python3.10/site-packages/airflow/example_dags/example_sensor_decorator.py
[2025-06-17T12:42:56.386+0530] {processor.py:840} INFO - DAG(s) 'example_sensor_decorator' retrieved from /home/priya/projects/snowflake_twitter_pipeline/venv/lib/python3.10/site-packages/airflow/example_dags/example_sensor_decorator.py
[2025-06-17T12:42:56.561+0530] {logging_mixin.py:188} INFO - [2025-06-17T12:42:56.561+0530] {override.py:1769} INFO - Created Permission View: can edit on DAG:example_sensor_decorator
[2025-06-17T12:42:56.572+0530] {logging_mixin.py:188} INFO - [2025-06-17T12:42:56.572+0530] {override.py:1769} INFO - Created Permission View: can delete on DAG:example_sensor_decorator
[2025-06-17T12:42:56.581+0530] {logging_mixin.py:188} INFO - [2025-06-17T12:42:56.581+0530] {override.py:1769} INFO - Created Permission View: can read on DAG:example_sensor_decorator
[2025-06-17T12:42:56.581+0530] {logging_mixin.py:188} INFO - [2025-06-17T12:42:56.581+0530] {dag.py:3036} INFO - Sync 1 DAGs
[2025-06-17T12:42:56.588+0530] {logging_mixin.py:188} INFO - [2025-06-17T12:42:56.587+0530] {dag.py:3058} INFO - Creating ORM DAG for example_sensor_decorator
[2025-06-17T12:42:56.588+0530] {logging_mixin.py:188} INFO - [2025-06-17T12:42:56.588+0530] {dag.py:3823} INFO - Setting next_dagrun for example_sensor_decorator to None, run_after=None
[2025-06-17T12:42:56.606+0530] {processor.py:183} INFO - Processing /home/priya/projects/snowflake_twitter_pipeline/venv/lib/python3.10/site-packages/airflow/example_dags/example_sensor_decorator.py took 0.231 seconds
[2025-06-17T12:43:46.017+0530] {processor.py:161} INFO - Started process (PID=518) to work on /home/priya/projects/snowflake_twitter_pipeline/venv/lib/python3.10/site-packages/airflow/example_dags/example_sensor_decorator.py
[2025-06-17T12:43:46.018+0530] {processor.py:830} INFO - Processing file /home/priya/projects/snowflake_twitter_pipeline/venv/lib/python3.10/site-packages/airflow/example_dags/example_sensor_decorator.py for tasks to queue
[2025-06-17T12:43:46.019+0530] {logging_mixin.py:188} INFO - [2025-06-17T12:43:46.018+0530] {dagbag.py:538} INFO - Filling up the DagBag from /home/priya/projects/snowflake_twitter_pipeline/venv/lib/python3.10/site-packages/airflow/example_dags/example_sensor_decorator.py
[2025-06-17T12:43:46.024+0530] {processor.py:840} INFO - DAG(s) 'example_sensor_decorator' retrieved from /home/priya/projects/snowflake_twitter_pipeline/venv/lib/python3.10/site-packages/airflow/example_dags/example_sensor_decorator.py
[2025-06-17T12:43:46.038+0530] {logging_mixin.py:188} INFO - [2025-06-17T12:43:46.038+0530] {dag.py:3036} INFO - Sync 1 DAGs
[2025-06-17T12:43:46.046+0530] {logging_mixin.py:188} INFO - [2025-06-17T12:43:46.046+0530] {dag.py:3823} INFO - Setting next_dagrun for example_sensor_decorator to None, run_after=None
[2025-06-17T12:43:46.062+0530] {processor.py:183} INFO - Processing /home/priya/projects/snowflake_twitter_pipeline/venv/lib/python3.10/site-packages/airflow/example_dags/example_sensor_decorator.py took 0.048 seconds
[2025-06-17T12:44:43.462+0530] {processor.py:161} INFO - Started process (PID=609) to work on /home/priya/projects/snowflake_twitter_pipeline/venv/lib/python3.10/site-packages/airflow/example_dags/example_sensor_decorator.py
[2025-06-17T12:44:43.464+0530] {processor.py:830} INFO - Processing file /home/priya/projects/snowflake_twitter_pipeline/venv/lib/python3.10/site-packages/airflow/example_dags/example_sensor_decorator.py for tasks to queue
[2025-06-17T12:44:43.465+0530] {logging_mixin.py:188} INFO - [2025-06-17T12:44:43.465+0530] {dagbag.py:538} INFO - Filling up the DagBag from /home/priya/projects/snowflake_twitter_pipeline/venv/lib/python3.10/site-packages/airflow/example_dags/example_sensor_decorator.py
[2025-06-17T12:44:43.472+0530] {processor.py:840} INFO - DAG(s) 'example_sensor_decorator' retrieved from /home/priya/projects/snowflake_twitter_pipeline/venv/lib/python3.10/site-packages/airflow/example_dags/example_sensor_decorator.py
[2025-06-17T12:44:43.485+0530] {logging_mixin.py:188} INFO - [2025-06-17T12:44:43.485+0530] {dag.py:3036} INFO - Sync 1 DAGs
[2025-06-17T12:44:43.494+0530] {logging_mixin.py:188} INFO - [2025-06-17T12:44:43.494+0530] {dag.py:3823} INFO - Setting next_dagrun for example_sensor_decorator to None, run_after=None
[2025-06-17T12:44:43.516+0530] {processor.py:183} INFO - Processing /home/priya/projects/snowflake_twitter_pipeline/venv/lib/python3.10/site-packages/airflow/example_dags/example_sensor_decorator.py took 0.058 seconds
[2025-06-17T12:46:19.774+0530] {processor.py:161} INFO - Started process (PID=704) to work on /home/priya/projects/snowflake_twitter_pipeline/venv/lib/python3.10/site-packages/airflow/example_dags/example_sensor_decorator.py
[2025-06-17T12:46:19.783+0530] {processor.py:830} INFO - Processing file /home/priya/projects/snowflake_twitter_pipeline/venv/lib/python3.10/site-packages/airflow/example_dags/example_sensor_decorator.py for tasks to queue
[2025-06-17T12:46:19.784+0530] {logging_mixin.py:188} INFO - [2025-06-17T12:46:19.783+0530] {dagbag.py:538} INFO - Filling up the DagBag from /home/priya/projects/snowflake_twitter_pipeline/venv/lib/python3.10/site-packages/airflow/example_dags/example_sensor_decorator.py
[2025-06-17T12:46:19.792+0530] {processor.py:840} INFO - DAG(s) 'example_sensor_decorator' retrieved from /home/priya/projects/snowflake_twitter_pipeline/venv/lib/python3.10/site-packages/airflow/example_dags/example_sensor_decorator.py
[2025-06-17T12:46:19.879+0530] {logging_mixin.py:188} INFO - [2025-06-17T12:46:19.879+0530] {dag.py:3036} INFO - Sync 1 DAGs
[2025-06-17T12:46:19.884+0530] {logging_mixin.py:188} INFO - [2025-06-17T12:46:19.884+0530] {dag.py:3823} INFO - Setting next_dagrun for example_sensor_decorator to None, run_after=None
[2025-06-17T12:46:19.901+0530] {processor.py:183} INFO - Processing /home/priya/projects/snowflake_twitter_pipeline/venv/lib/python3.10/site-packages/airflow/example_dags/example_sensor_decorator.py took 0.130 seconds
[2025-06-17T12:47:10.114+0530] {processor.py:161} INFO - Started process (PID=1352) to work on /home/priya/projects/snowflake_twitter_pipeline/venv/lib/python3.10/site-packages/airflow/example_dags/example_sensor_decorator.py
[2025-06-17T12:47:10.116+0530] {processor.py:830} INFO - Processing file /home/priya/projects/snowflake_twitter_pipeline/venv/lib/python3.10/site-packages/airflow/example_dags/example_sensor_decorator.py for tasks to queue
[2025-06-17T12:47:10.116+0530] {logging_mixin.py:188} INFO - [2025-06-17T12:47:10.116+0530] {dagbag.py:538} INFO - Filling up the DagBag from /home/priya/projects/snowflake_twitter_pipeline/venv/lib/python3.10/site-packages/airflow/example_dags/example_sensor_decorator.py
[2025-06-17T12:47:10.121+0530] {processor.py:840} INFO - DAG(s) 'example_sensor_decorator' retrieved from /home/priya/projects/snowflake_twitter_pipeline/venv/lib/python3.10/site-packages/airflow/example_dags/example_sensor_decorator.py
[2025-06-17T12:47:10.134+0530] {logging_mixin.py:188} INFO - [2025-06-17T12:47:10.133+0530] {dag.py:3036} INFO - Sync 1 DAGs
[2025-06-17T12:47:10.140+0530] {logging_mixin.py:188} INFO - [2025-06-17T12:47:10.140+0530] {dag.py:3823} INFO - Setting next_dagrun for example_sensor_decorator to None, run_after=None
[2025-06-17T12:47:10.163+0530] {processor.py:183} INFO - Processing /home/priya/projects/snowflake_twitter_pipeline/venv/lib/python3.10/site-packages/airflow/example_dags/example_sensor_decorator.py took 0.052 seconds
[2025-06-17T12:48:01.464+0530] {processor.py:161} INFO - Started process (PID=1595) to work on /home/priya/projects/snowflake_twitter_pipeline/venv/lib/python3.10/site-packages/airflow/example_dags/example_sensor_decorator.py
[2025-06-17T12:48:01.465+0530] {processor.py:830} INFO - Processing file /home/priya/projects/snowflake_twitter_pipeline/venv/lib/python3.10/site-packages/airflow/example_dags/example_sensor_decorator.py for tasks to queue
[2025-06-17T12:48:01.466+0530] {logging_mixin.py:188} INFO - [2025-06-17T12:48:01.466+0530] {dagbag.py:538} INFO - Filling up the DagBag from /home/priya/projects/snowflake_twitter_pipeline/venv/lib/python3.10/site-packages/airflow/example_dags/example_sensor_decorator.py
[2025-06-17T12:48:01.472+0530] {processor.py:840} INFO - DAG(s) 'example_sensor_decorator' retrieved from /home/priya/projects/snowflake_twitter_pipeline/venv/lib/python3.10/site-packages/airflow/example_dags/example_sensor_decorator.py
[2025-06-17T12:48:01.482+0530] {logging_mixin.py:188} INFO - [2025-06-17T12:48:01.482+0530] {dag.py:3036} INFO - Sync 1 DAGs
[2025-06-17T12:48:01.489+0530] {logging_mixin.py:188} INFO - [2025-06-17T12:48:01.489+0530] {dag.py:3823} INFO - Setting next_dagrun for example_sensor_decorator to None, run_after=None
[2025-06-17T12:48:01.506+0530] {processor.py:183} INFO - Processing /home/priya/projects/snowflake_twitter_pipeline/venv/lib/python3.10/site-packages/airflow/example_dags/example_sensor_decorator.py took 0.045 seconds
[2025-06-17T12:48:48.974+0530] {processor.py:161} INFO - Started process (PID=1799) to work on /home/priya/projects/snowflake_twitter_pipeline/venv/lib/python3.10/site-packages/airflow/example_dags/example_sensor_decorator.py
[2025-06-17T12:48:48.977+0530] {processor.py:830} INFO - Processing file /home/priya/projects/snowflake_twitter_pipeline/venv/lib/python3.10/site-packages/airflow/example_dags/example_sensor_decorator.py for tasks to queue
[2025-06-17T12:48:48.979+0530] {logging_mixin.py:188} INFO - [2025-06-17T12:48:48.978+0530] {dagbag.py:538} INFO - Filling up the DagBag from /home/priya/projects/snowflake_twitter_pipeline/venv/lib/python3.10/site-packages/airflow/example_dags/example_sensor_decorator.py
[2025-06-17T12:48:48.989+0530] {processor.py:840} INFO - DAG(s) 'example_sensor_decorator' retrieved from /home/priya/projects/snowflake_twitter_pipeline/venv/lib/python3.10/site-packages/airflow/example_dags/example_sensor_decorator.py
[2025-06-17T12:48:49.003+0530] {logging_mixin.py:188} INFO - [2025-06-17T12:48:49.003+0530] {dag.py:3036} INFO - Sync 1 DAGs
[2025-06-17T12:48:49.015+0530] {logging_mixin.py:188} INFO - [2025-06-17T12:48:49.015+0530] {dag.py:3823} INFO - Setting next_dagrun for example_sensor_decorator to None, run_after=None
[2025-06-17T12:48:49.039+0530] {processor.py:183} INFO - Processing /home/priya/projects/snowflake_twitter_pipeline/venv/lib/python3.10/site-packages/airflow/example_dags/example_sensor_decorator.py took 0.071 seconds
[2025-06-17T12:49:40.383+0530] {processor.py:161} INFO - Started process (PID=2039) to work on /home/priya/projects/snowflake_twitter_pipeline/venv/lib/python3.10/site-packages/airflow/example_dags/example_sensor_decorator.py
[2025-06-17T12:49:40.385+0530] {processor.py:830} INFO - Processing file /home/priya/projects/snowflake_twitter_pipeline/venv/lib/python3.10/site-packages/airflow/example_dags/example_sensor_decorator.py for tasks to queue
[2025-06-17T12:49:40.386+0530] {logging_mixin.py:188} INFO - [2025-06-17T12:49:40.386+0530] {dagbag.py:538} INFO - Filling up the DagBag from /home/priya/projects/snowflake_twitter_pipeline/venv/lib/python3.10/site-packages/airflow/example_dags/example_sensor_decorator.py
[2025-06-17T12:49:40.391+0530] {processor.py:840} INFO - DAG(s) 'example_sensor_decorator' retrieved from /home/priya/projects/snowflake_twitter_pipeline/venv/lib/python3.10/site-packages/airflow/example_dags/example_sensor_decorator.py
[2025-06-17T12:49:40.403+0530] {logging_mixin.py:188} INFO - [2025-06-17T12:49:40.403+0530] {dag.py:3036} INFO - Sync 1 DAGs
[2025-06-17T12:49:40.411+0530] {logging_mixin.py:188} INFO - [2025-06-17T12:49:40.411+0530] {dag.py:3823} INFO - Setting next_dagrun for example_sensor_decorator to None, run_after=None
[2025-06-17T12:49:40.439+0530] {processor.py:183} INFO - Processing /home/priya/projects/snowflake_twitter_pipeline/venv/lib/python3.10/site-packages/airflow/example_dags/example_sensor_decorator.py took 0.058 seconds
[2025-06-17T12:50:29.632+0530] {processor.py:161} INFO - Started process (PID=2268) to work on /home/priya/projects/snowflake_twitter_pipeline/venv/lib/python3.10/site-packages/airflow/example_dags/example_sensor_decorator.py
[2025-06-17T12:50:29.634+0530] {processor.py:830} INFO - Processing file /home/priya/projects/snowflake_twitter_pipeline/venv/lib/python3.10/site-packages/airflow/example_dags/example_sensor_decorator.py for tasks to queue
[2025-06-17T12:50:29.635+0530] {logging_mixin.py:188} INFO - [2025-06-17T12:50:29.635+0530] {dagbag.py:538} INFO - Filling up the DagBag from /home/priya/projects/snowflake_twitter_pipeline/venv/lib/python3.10/site-packages/airflow/example_dags/example_sensor_decorator.py
[2025-06-17T12:50:29.644+0530] {processor.py:840} INFO - DAG(s) 'example_sensor_decorator' retrieved from /home/priya/projects/snowflake_twitter_pipeline/venv/lib/python3.10/site-packages/airflow/example_dags/example_sensor_decorator.py
[2025-06-17T12:50:29.660+0530] {logging_mixin.py:188} INFO - [2025-06-17T12:50:29.660+0530] {dag.py:3036} INFO - Sync 1 DAGs
[2025-06-17T12:50:29.671+0530] {logging_mixin.py:188} INFO - [2025-06-17T12:50:29.671+0530] {dag.py:3823} INFO - Setting next_dagrun for example_sensor_decorator to None, run_after=None
[2025-06-17T12:50:29.691+0530] {processor.py:183} INFO - Processing /home/priya/projects/snowflake_twitter_pipeline/venv/lib/python3.10/site-packages/airflow/example_dags/example_sensor_decorator.py took 0.063 seconds
[2025-06-17T12:51:15.772+0530] {processor.py:161} INFO - Started process (PID=2477) to work on /home/priya/projects/snowflake_twitter_pipeline/venv/lib/python3.10/site-packages/airflow/example_dags/example_sensor_decorator.py
[2025-06-17T12:51:15.781+0530] {processor.py:830} INFO - Processing file /home/priya/projects/snowflake_twitter_pipeline/venv/lib/python3.10/site-packages/airflow/example_dags/example_sensor_decorator.py for tasks to queue
[2025-06-17T12:51:15.781+0530] {logging_mixin.py:188} INFO - [2025-06-17T12:51:15.781+0530] {dagbag.py:538} INFO - Filling up the DagBag from /home/priya/projects/snowflake_twitter_pipeline/venv/lib/python3.10/site-packages/airflow/example_dags/example_sensor_decorator.py
[2025-06-17T12:51:15.786+0530] {processor.py:840} INFO - DAG(s) 'example_sensor_decorator' retrieved from /home/priya/projects/snowflake_twitter_pipeline/venv/lib/python3.10/site-packages/airflow/example_dags/example_sensor_decorator.py
[2025-06-17T12:51:15.798+0530] {logging_mixin.py:188} INFO - [2025-06-17T12:51:15.798+0530] {dag.py:3036} INFO - Sync 1 DAGs
[2025-06-17T12:51:15.805+0530] {logging_mixin.py:188} INFO - [2025-06-17T12:51:15.805+0530] {dag.py:3823} INFO - Setting next_dagrun for example_sensor_decorator to None, run_after=None
[2025-06-17T12:51:15.822+0530] {processor.py:183} INFO - Processing /home/priya/projects/snowflake_twitter_pipeline/venv/lib/python3.10/site-packages/airflow/example_dags/example_sensor_decorator.py took 0.052 seconds
[2025-06-17T12:52:08.898+0530] {processor.py:161} INFO - Started process (PID=2719) to work on /home/priya/projects/snowflake_twitter_pipeline/venv/lib/python3.10/site-packages/airflow/example_dags/example_sensor_decorator.py
[2025-06-17T12:52:08.907+0530] {processor.py:830} INFO - Processing file /home/priya/projects/snowflake_twitter_pipeline/venv/lib/python3.10/site-packages/airflow/example_dags/example_sensor_decorator.py for tasks to queue
[2025-06-17T12:52:08.908+0530] {logging_mixin.py:188} INFO - [2025-06-17T12:52:08.908+0530] {dagbag.py:538} INFO - Filling up the DagBag from /home/priya/projects/snowflake_twitter_pipeline/venv/lib/python3.10/site-packages/airflow/example_dags/example_sensor_decorator.py
[2025-06-17T12:52:08.912+0530] {processor.py:840} INFO - DAG(s) 'example_sensor_decorator' retrieved from /home/priya/projects/snowflake_twitter_pipeline/venv/lib/python3.10/site-packages/airflow/example_dags/example_sensor_decorator.py
[2025-06-17T12:52:08.922+0530] {logging_mixin.py:188} INFO - [2025-06-17T12:52:08.921+0530] {dag.py:3036} INFO - Sync 1 DAGs
[2025-06-17T12:52:08.928+0530] {logging_mixin.py:188} INFO - [2025-06-17T12:52:08.928+0530] {dag.py:3823} INFO - Setting next_dagrun for example_sensor_decorator to None, run_after=None
[2025-06-17T12:52:08.944+0530] {processor.py:183} INFO - Processing /home/priya/projects/snowflake_twitter_pipeline/venv/lib/python3.10/site-packages/airflow/example_dags/example_sensor_decorator.py took 0.048 seconds
[2025-06-17T12:53:01.427+0530] {processor.py:161} INFO - Started process (PID=2958) to work on /home/priya/projects/snowflake_twitter_pipeline/venv/lib/python3.10/site-packages/airflow/example_dags/example_sensor_decorator.py
[2025-06-17T12:53:01.436+0530] {processor.py:830} INFO - Processing file /home/priya/projects/snowflake_twitter_pipeline/venv/lib/python3.10/site-packages/airflow/example_dags/example_sensor_decorator.py for tasks to queue
[2025-06-17T12:53:01.437+0530] {logging_mixin.py:188} INFO - [2025-06-17T12:53:01.437+0530] {dagbag.py:538} INFO - Filling up the DagBag from /home/priya/projects/snowflake_twitter_pipeline/venv/lib/python3.10/site-packages/airflow/example_dags/example_sensor_decorator.py
[2025-06-17T12:53:01.444+0530] {processor.py:840} INFO - DAG(s) 'example_sensor_decorator' retrieved from /home/priya/projects/snowflake_twitter_pipeline/venv/lib/python3.10/site-packages/airflow/example_dags/example_sensor_decorator.py
[2025-06-17T12:53:01.456+0530] {logging_mixin.py:188} INFO - [2025-06-17T12:53:01.456+0530] {dag.py:3036} INFO - Sync 1 DAGs
[2025-06-17T12:53:01.464+0530] {logging_mixin.py:188} INFO - [2025-06-17T12:53:01.464+0530] {dag.py:3823} INFO - Setting next_dagrun for example_sensor_decorator to None, run_after=None
[2025-06-17T12:53:01.485+0530] {processor.py:183} INFO - Processing /home/priya/projects/snowflake_twitter_pipeline/venv/lib/python3.10/site-packages/airflow/example_dags/example_sensor_decorator.py took 0.063 seconds
[2025-06-17T12:53:54.001+0530] {processor.py:161} INFO - Started process (PID=3101) to work on /home/priya/projects/snowflake_twitter_pipeline/venv/lib/python3.10/site-packages/airflow/example_dags/example_sensor_decorator.py
[2025-06-17T12:53:54.003+0530] {processor.py:830} INFO - Processing file /home/priya/projects/snowflake_twitter_pipeline/venv/lib/python3.10/site-packages/airflow/example_dags/example_sensor_decorator.py for tasks to queue
[2025-06-17T12:53:54.004+0530] {logging_mixin.py:188} INFO - [2025-06-17T12:53:54.003+0530] {dagbag.py:538} INFO - Filling up the DagBag from /home/priya/projects/snowflake_twitter_pipeline/venv/lib/python3.10/site-packages/airflow/example_dags/example_sensor_decorator.py
[2025-06-17T12:53:54.009+0530] {processor.py:840} INFO - DAG(s) 'example_sensor_decorator' retrieved from /home/priya/projects/snowflake_twitter_pipeline/venv/lib/python3.10/site-packages/airflow/example_dags/example_sensor_decorator.py
[2025-06-17T12:53:54.021+0530] {logging_mixin.py:188} INFO - [2025-06-17T12:53:54.021+0530] {dag.py:3036} INFO - Sync 1 DAGs
[2025-06-17T12:53:54.031+0530] {logging_mixin.py:188} INFO - [2025-06-17T12:53:54.030+0530] {dag.py:3823} INFO - Setting next_dagrun for example_sensor_decorator to None, run_after=None
[2025-06-17T12:53:54.054+0530] {processor.py:183} INFO - Processing /home/priya/projects/snowflake_twitter_pipeline/venv/lib/python3.10/site-packages/airflow/example_dags/example_sensor_decorator.py took 0.055 seconds
[2025-06-17T12:54:47.698+0530] {processor.py:161} INFO - Started process (PID=3247) to work on /home/priya/projects/snowflake_twitter_pipeline/venv/lib/python3.10/site-packages/airflow/example_dags/example_sensor_decorator.py
[2025-06-17T12:54:47.710+0530] {processor.py:830} INFO - Processing file /home/priya/projects/snowflake_twitter_pipeline/venv/lib/python3.10/site-packages/airflow/example_dags/example_sensor_decorator.py for tasks to queue
[2025-06-17T12:54:47.712+0530] {logging_mixin.py:188} INFO - [2025-06-17T12:54:47.711+0530] {dagbag.py:538} INFO - Filling up the DagBag from /home/priya/projects/snowflake_twitter_pipeline/venv/lib/python3.10/site-packages/airflow/example_dags/example_sensor_decorator.py
[2025-06-17T12:54:47.720+0530] {processor.py:840} INFO - DAG(s) 'example_sensor_decorator' retrieved from /home/priya/projects/snowflake_twitter_pipeline/venv/lib/python3.10/site-packages/airflow/example_dags/example_sensor_decorator.py
[2025-06-17T12:54:47.733+0530] {logging_mixin.py:188} INFO - [2025-06-17T12:54:47.733+0530] {dag.py:3036} INFO - Sync 1 DAGs
[2025-06-17T12:54:47.741+0530] {logging_mixin.py:188} INFO - [2025-06-17T12:54:47.741+0530] {dag.py:3823} INFO - Setting next_dagrun for example_sensor_decorator to None, run_after=None
[2025-06-17T12:54:47.769+0530] {processor.py:183} INFO - Processing /home/priya/projects/snowflake_twitter_pipeline/venv/lib/python3.10/site-packages/airflow/example_dags/example_sensor_decorator.py took 0.073 seconds
