[2025-06-17T12:42:40.536+0530] {processor.py:161} INFO - Started process (PID=441) to work on /home/priya/projects/snowflake_twitter_pipeline/venv/lib/python3.10/site-packages/airflow/example_dags/example_nested_branch_dag.py
[2025-06-17T12:42:40.537+0530] {processor.py:830} INFO - Processing file /home/priya/projects/snowflake_twitter_pipeline/venv/lib/python3.10/site-packages/airflow/example_dags/example_nested_branch_dag.py for tasks to queue
[2025-06-17T12:42:40.538+0530] {logging_mixin.py:188} INFO - [2025-06-17T12:42:40.538+0530] {dagbag.py:538} INFO - Filling up the DagBag from /home/priya/projects/snowflake_twitter_pipeline/venv/lib/python3.10/site-packages/airflow/example_dags/example_nested_branch_dag.py
[2025-06-17T12:42:40.551+0530] {processor.py:840} INFO - DAG(s) 'example_nested_branch_dag' retrieved from /home/priya/projects/snowflake_twitter_pipeline/venv/lib/python3.10/site-packages/airflow/example_dags/example_nested_branch_dag.py
[2025-06-17T12:42:40.697+0530] {logging_mixin.py:188} INFO - [2025-06-17T12:42:40.697+0530] {override.py:1769} INFO - Created Permission View: can edit on DAG:example_nested_branch_dag
[2025-06-17T12:42:40.708+0530] {logging_mixin.py:188} INFO - [2025-06-17T12:42:40.707+0530] {override.py:1769} INFO - Created Permission View: can delete on DAG:example_nested_branch_dag
[2025-06-17T12:42:40.716+0530] {logging_mixin.py:188} INFO - [2025-06-17T12:42:40.716+0530] {override.py:1769} INFO - Created Permission View: can read on DAG:example_nested_branch_dag
[2025-06-17T12:42:40.717+0530] {logging_mixin.py:188} INFO - [2025-06-17T12:42:40.717+0530] {dag.py:3036} INFO - Sync 1 DAGs
[2025-06-17T12:42:40.723+0530] {logging_mixin.py:188} INFO - [2025-06-17T12:42:40.723+0530] {dag.py:3058} INFO - Creating ORM DAG for example_nested_branch_dag
[2025-06-17T12:42:40.730+0530] {logging_mixin.py:188} INFO - [2025-06-17T12:42:40.730+0530] {dag.py:3823} INFO - Setting next_dagrun for example_nested_branch_dag to 2025-06-16 00:00:00+00:00, run_after=2025-06-17 00:00:00+00:00
[2025-06-17T12:42:40.750+0530] {processor.py:183} INFO - Processing /home/priya/projects/snowflake_twitter_pipeline/venv/lib/python3.10/site-packages/airflow/example_dags/example_nested_branch_dag.py took 0.216 seconds
[2025-06-17T12:43:32.630+0530] {processor.py:161} INFO - Started process (PID=505) to work on /home/priya/projects/snowflake_twitter_pipeline/venv/lib/python3.10/site-packages/airflow/example_dags/example_nested_branch_dag.py
[2025-06-17T12:43:32.640+0530] {processor.py:830} INFO - Processing file /home/priya/projects/snowflake_twitter_pipeline/venv/lib/python3.10/site-packages/airflow/example_dags/example_nested_branch_dag.py for tasks to queue
[2025-06-17T12:43:32.641+0530] {logging_mixin.py:188} INFO - [2025-06-17T12:43:32.641+0530] {dagbag.py:538} INFO - Filling up the DagBag from /home/priya/projects/snowflake_twitter_pipeline/venv/lib/python3.10/site-packages/airflow/example_dags/example_nested_branch_dag.py
[2025-06-17T12:43:32.649+0530] {processor.py:840} INFO - DAG(s) 'example_nested_branch_dag' retrieved from /home/priya/projects/snowflake_twitter_pipeline/venv/lib/python3.10/site-packages/airflow/example_dags/example_nested_branch_dag.py
[2025-06-17T12:43:32.660+0530] {logging_mixin.py:188} INFO - [2025-06-17T12:43:32.660+0530] {dag.py:3036} INFO - Sync 1 DAGs
[2025-06-17T12:43:32.674+0530] {logging_mixin.py:188} INFO - [2025-06-17T12:43:32.674+0530] {dag.py:3823} INFO - Setting next_dagrun for example_nested_branch_dag to 2025-06-16 00:00:00+00:00, run_after=2025-06-17 00:00:00+00:00
[2025-06-17T12:43:32.692+0530] {processor.py:183} INFO - Processing /home/priya/projects/snowflake_twitter_pipeline/venv/lib/python3.10/site-packages/airflow/example_dags/example_nested_branch_dag.py took 0.067 seconds
[2025-06-17T12:44:21.166+0530] {processor.py:161} INFO - Started process (PID=570) to work on /home/priya/projects/snowflake_twitter_pipeline/venv/lib/python3.10/site-packages/airflow/example_dags/example_nested_branch_dag.py
[2025-06-17T12:44:21.174+0530] {processor.py:830} INFO - Processing file /home/priya/projects/snowflake_twitter_pipeline/venv/lib/python3.10/site-packages/airflow/example_dags/example_nested_branch_dag.py for tasks to queue
[2025-06-17T12:44:21.175+0530] {logging_mixin.py:188} INFO - [2025-06-17T12:44:21.175+0530] {dagbag.py:538} INFO - Filling up the DagBag from /home/priya/projects/snowflake_twitter_pipeline/venv/lib/python3.10/site-packages/airflow/example_dags/example_nested_branch_dag.py
[2025-06-17T12:44:21.182+0530] {processor.py:840} INFO - DAG(s) 'example_nested_branch_dag' retrieved from /home/priya/projects/snowflake_twitter_pipeline/venv/lib/python3.10/site-packages/airflow/example_dags/example_nested_branch_dag.py
[2025-06-17T12:44:21.191+0530] {logging_mixin.py:188} INFO - [2025-06-17T12:44:21.191+0530] {dag.py:3036} INFO - Sync 1 DAGs
[2025-06-17T12:44:21.204+0530] {logging_mixin.py:188} INFO - [2025-06-17T12:44:21.204+0530] {dag.py:3823} INFO - Setting next_dagrun for example_nested_branch_dag to 2025-06-16 00:00:00+00:00, run_after=2025-06-17 00:00:00+00:00
[2025-06-17T12:44:21.220+0530] {processor.py:183} INFO - Processing /home/priya/projects/snowflake_twitter_pipeline/venv/lib/python3.10/site-packages/airflow/example_dags/example_nested_branch_dag.py took 0.056 seconds
[2025-06-17T12:46:05.514+0530] {processor.py:161} INFO - Started process (PID=669) to work on /home/priya/projects/snowflake_twitter_pipeline/venv/lib/python3.10/site-packages/airflow/example_dags/example_nested_branch_dag.py
[2025-06-17T12:46:05.520+0530] {processor.py:830} INFO - Processing file /home/priya/projects/snowflake_twitter_pipeline/venv/lib/python3.10/site-packages/airflow/example_dags/example_nested_branch_dag.py for tasks to queue
[2025-06-17T12:46:05.521+0530] {logging_mixin.py:188} INFO - [2025-06-17T12:46:05.521+0530] {dagbag.py:538} INFO - Filling up the DagBag from /home/priya/projects/snowflake_twitter_pipeline/venv/lib/python3.10/site-packages/airflow/example_dags/example_nested_branch_dag.py
[2025-06-17T12:46:05.530+0530] {processor.py:840} INFO - DAG(s) 'example_nested_branch_dag' retrieved from /home/priya/projects/snowflake_twitter_pipeline/venv/lib/python3.10/site-packages/airflow/example_dags/example_nested_branch_dag.py
[2025-06-17T12:46:05.542+0530] {logging_mixin.py:188} INFO - [2025-06-17T12:46:05.542+0530] {dag.py:3036} INFO - Sync 1 DAGs
[2025-06-17T12:46:05.557+0530] {logging_mixin.py:188} INFO - [2025-06-17T12:46:05.557+0530] {dag.py:3823} INFO - Setting next_dagrun for example_nested_branch_dag to 2025-06-16 00:00:00+00:00, run_after=2025-06-17 00:00:00+00:00
[2025-06-17T12:46:05.577+0530] {processor.py:183} INFO - Processing /home/priya/projects/snowflake_twitter_pipeline/venv/lib/python3.10/site-packages/airflow/example_dags/example_nested_branch_dag.py took 0.066 seconds
[2025-06-17T12:46:56.486+0530] {processor.py:161} INFO - Started process (PID=1297) to work on /home/priya/projects/snowflake_twitter_pipeline/venv/lib/python3.10/site-packages/airflow/example_dags/example_nested_branch_dag.py
[2025-06-17T12:46:56.492+0530] {processor.py:830} INFO - Processing file /home/priya/projects/snowflake_twitter_pipeline/venv/lib/python3.10/site-packages/airflow/example_dags/example_nested_branch_dag.py for tasks to queue
[2025-06-17T12:46:56.493+0530] {logging_mixin.py:188} INFO - [2025-06-17T12:46:56.493+0530] {dagbag.py:538} INFO - Filling up the DagBag from /home/priya/projects/snowflake_twitter_pipeline/venv/lib/python3.10/site-packages/airflow/example_dags/example_nested_branch_dag.py
[2025-06-17T12:46:56.502+0530] {processor.py:840} INFO - DAG(s) 'example_nested_branch_dag' retrieved from /home/priya/projects/snowflake_twitter_pipeline/venv/lib/python3.10/site-packages/airflow/example_dags/example_nested_branch_dag.py
[2025-06-17T12:46:56.515+0530] {logging_mixin.py:188} INFO - [2025-06-17T12:46:56.515+0530] {dag.py:3036} INFO - Sync 1 DAGs
[2025-06-17T12:46:56.532+0530] {logging_mixin.py:188} INFO - [2025-06-17T12:46:56.532+0530] {dag.py:3823} INFO - Setting next_dagrun for example_nested_branch_dag to 2025-06-16 00:00:00+00:00, run_after=2025-06-17 00:00:00+00:00
[2025-06-17T12:46:56.586+0530] {processor.py:183} INFO - Processing /home/priya/projects/snowflake_twitter_pipeline/venv/lib/python3.10/site-packages/airflow/example_dags/example_nested_branch_dag.py took 0.103 seconds
[2025-06-17T12:47:43.772+0530] {processor.py:161} INFO - Started process (PID=1501) to work on /home/priya/projects/snowflake_twitter_pipeline/venv/lib/python3.10/site-packages/airflow/example_dags/example_nested_branch_dag.py
[2025-06-17T12:47:43.774+0530] {processor.py:830} INFO - Processing file /home/priya/projects/snowflake_twitter_pipeline/venv/lib/python3.10/site-packages/airflow/example_dags/example_nested_branch_dag.py for tasks to queue
[2025-06-17T12:47:43.775+0530] {logging_mixin.py:188} INFO - [2025-06-17T12:47:43.774+0530] {dagbag.py:538} INFO - Filling up the DagBag from /home/priya/projects/snowflake_twitter_pipeline/venv/lib/python3.10/site-packages/airflow/example_dags/example_nested_branch_dag.py
[2025-06-17T12:47:43.781+0530] {processor.py:840} INFO - DAG(s) 'example_nested_branch_dag' retrieved from /home/priya/projects/snowflake_twitter_pipeline/venv/lib/python3.10/site-packages/airflow/example_dags/example_nested_branch_dag.py
[2025-06-17T12:47:43.792+0530] {logging_mixin.py:188} INFO - [2025-06-17T12:47:43.791+0530] {dag.py:3036} INFO - Sync 1 DAGs
[2025-06-17T12:47:43.803+0530] {logging_mixin.py:188} INFO - [2025-06-17T12:47:43.803+0530] {dag.py:3823} INFO - Setting next_dagrun for example_nested_branch_dag to 2025-06-16 00:00:00+00:00, run_after=2025-06-17 00:00:00+00:00
[2025-06-17T12:47:43.821+0530] {processor.py:183} INFO - Processing /home/priya/projects/snowflake_twitter_pipeline/venv/lib/python3.10/site-packages/airflow/example_dags/example_nested_branch_dag.py took 0.051 seconds
[2025-06-17T12:48:30.169+0530] {processor.py:161} INFO - Started process (PID=1708) to work on /home/priya/projects/snowflake_twitter_pipeline/venv/lib/python3.10/site-packages/airflow/example_dags/example_nested_branch_dag.py
[2025-06-17T12:48:30.171+0530] {processor.py:830} INFO - Processing file /home/priya/projects/snowflake_twitter_pipeline/venv/lib/python3.10/site-packages/airflow/example_dags/example_nested_branch_dag.py for tasks to queue
[2025-06-17T12:48:30.172+0530] {logging_mixin.py:188} INFO - [2025-06-17T12:48:30.171+0530] {dagbag.py:538} INFO - Filling up the DagBag from /home/priya/projects/snowflake_twitter_pipeline/venv/lib/python3.10/site-packages/airflow/example_dags/example_nested_branch_dag.py
[2025-06-17T12:48:30.179+0530] {processor.py:840} INFO - DAG(s) 'example_nested_branch_dag' retrieved from /home/priya/projects/snowflake_twitter_pipeline/venv/lib/python3.10/site-packages/airflow/example_dags/example_nested_branch_dag.py
[2025-06-17T12:48:30.190+0530] {logging_mixin.py:188} INFO - [2025-06-17T12:48:30.190+0530] {dag.py:3036} INFO - Sync 1 DAGs
[2025-06-17T12:48:30.205+0530] {logging_mixin.py:188} INFO - [2025-06-17T12:48:30.205+0530] {dag.py:3823} INFO - Setting next_dagrun for example_nested_branch_dag to 2025-06-16 00:00:00+00:00, run_after=2025-06-17 00:00:00+00:00
[2025-06-17T12:48:30.224+0530] {processor.py:183} INFO - Processing /home/priya/projects/snowflake_twitter_pipeline/venv/lib/python3.10/site-packages/airflow/example_dags/example_nested_branch_dag.py took 0.058 seconds
[2025-06-17T12:49:23.828+0530] {processor.py:161} INFO - Started process (PID=1970) to work on /home/priya/projects/snowflake_twitter_pipeline/venv/lib/python3.10/site-packages/airflow/example_dags/example_nested_branch_dag.py
[2025-06-17T12:49:23.830+0530] {processor.py:830} INFO - Processing file /home/priya/projects/snowflake_twitter_pipeline/venv/lib/python3.10/site-packages/airflow/example_dags/example_nested_branch_dag.py for tasks to queue
[2025-06-17T12:49:23.831+0530] {logging_mixin.py:188} INFO - [2025-06-17T12:49:23.830+0530] {dagbag.py:538} INFO - Filling up the DagBag from /home/priya/projects/snowflake_twitter_pipeline/venv/lib/python3.10/site-packages/airflow/example_dags/example_nested_branch_dag.py
[2025-06-17T12:49:23.837+0530] {processor.py:840} INFO - DAG(s) 'example_nested_branch_dag' retrieved from /home/priya/projects/snowflake_twitter_pipeline/venv/lib/python3.10/site-packages/airflow/example_dags/example_nested_branch_dag.py
[2025-06-17T12:49:23.847+0530] {logging_mixin.py:188} INFO - [2025-06-17T12:49:23.847+0530] {dag.py:3036} INFO - Sync 1 DAGs
[2025-06-17T12:49:23.859+0530] {logging_mixin.py:188} INFO - [2025-06-17T12:49:23.859+0530] {dag.py:3823} INFO - Setting next_dagrun for example_nested_branch_dag to 2025-06-16 00:00:00+00:00, run_after=2025-06-17 00:00:00+00:00
[2025-06-17T12:49:23.879+0530] {processor.py:183} INFO - Processing /home/priya/projects/snowflake_twitter_pipeline/venv/lib/python3.10/site-packages/airflow/example_dags/example_nested_branch_dag.py took 0.054 seconds
[2025-06-17T12:50:10.104+0530] {processor.py:161} INFO - Started process (PID=2176) to work on /home/priya/projects/snowflake_twitter_pipeline/venv/lib/python3.10/site-packages/airflow/example_dags/example_nested_branch_dag.py
[2025-06-17T12:50:10.106+0530] {processor.py:830} INFO - Processing file /home/priya/projects/snowflake_twitter_pipeline/venv/lib/python3.10/site-packages/airflow/example_dags/example_nested_branch_dag.py for tasks to queue
[2025-06-17T12:50:10.106+0530] {logging_mixin.py:188} INFO - [2025-06-17T12:50:10.106+0530] {dagbag.py:538} INFO - Filling up the DagBag from /home/priya/projects/snowflake_twitter_pipeline/venv/lib/python3.10/site-packages/airflow/example_dags/example_nested_branch_dag.py
[2025-06-17T12:50:10.113+0530] {processor.py:840} INFO - DAG(s) 'example_nested_branch_dag' retrieved from /home/priya/projects/snowflake_twitter_pipeline/venv/lib/python3.10/site-packages/airflow/example_dags/example_nested_branch_dag.py
[2025-06-17T12:50:10.124+0530] {logging_mixin.py:188} INFO - [2025-06-17T12:50:10.124+0530] {dag.py:3036} INFO - Sync 1 DAGs
[2025-06-17T12:50:10.139+0530] {logging_mixin.py:188} INFO - [2025-06-17T12:50:10.139+0530] {dag.py:3823} INFO - Setting next_dagrun for example_nested_branch_dag to 2025-06-16 00:00:00+00:00, run_after=2025-06-17 00:00:00+00:00
[2025-06-17T12:50:10.158+0530] {processor.py:183} INFO - Processing /home/priya/projects/snowflake_twitter_pipeline/venv/lib/python3.10/site-packages/airflow/example_dags/example_nested_branch_dag.py took 0.056 seconds
[2025-06-17T12:50:58.770+0530] {processor.py:161} INFO - Started process (PID=2404) to work on /home/priya/projects/snowflake_twitter_pipeline/venv/lib/python3.10/site-packages/airflow/example_dags/example_nested_branch_dag.py
[2025-06-17T12:50:58.780+0530] {processor.py:830} INFO - Processing file /home/priya/projects/snowflake_twitter_pipeline/venv/lib/python3.10/site-packages/airflow/example_dags/example_nested_branch_dag.py for tasks to queue
[2025-06-17T12:50:58.781+0530] {logging_mixin.py:188} INFO - [2025-06-17T12:50:58.781+0530] {dagbag.py:538} INFO - Filling up the DagBag from /home/priya/projects/snowflake_twitter_pipeline/venv/lib/python3.10/site-packages/airflow/example_dags/example_nested_branch_dag.py
[2025-06-17T12:50:58.788+0530] {processor.py:840} INFO - DAG(s) 'example_nested_branch_dag' retrieved from /home/priya/projects/snowflake_twitter_pipeline/venv/lib/python3.10/site-packages/airflow/example_dags/example_nested_branch_dag.py
[2025-06-17T12:50:58.799+0530] {logging_mixin.py:188} INFO - [2025-06-17T12:50:58.799+0530] {dag.py:3036} INFO - Sync 1 DAGs
[2025-06-17T12:50:58.811+0530] {logging_mixin.py:188} INFO - [2025-06-17T12:50:58.811+0530] {dag.py:3823} INFO - Setting next_dagrun for example_nested_branch_dag to 2025-06-16 00:00:00+00:00, run_after=2025-06-17 00:00:00+00:00
[2025-06-17T12:50:58.828+0530] {processor.py:183} INFO - Processing /home/priya/projects/snowflake_twitter_pipeline/venv/lib/python3.10/site-packages/airflow/example_dags/example_nested_branch_dag.py took 0.062 seconds
[2025-06-17T12:51:49.585+0530] {processor.py:161} INFO - Started process (PID=2630) to work on /home/priya/projects/snowflake_twitter_pipeline/venv/lib/python3.10/site-packages/airflow/example_dags/example_nested_branch_dag.py
[2025-06-17T12:51:49.594+0530] {processor.py:830} INFO - Processing file /home/priya/projects/snowflake_twitter_pipeline/venv/lib/python3.10/site-packages/airflow/example_dags/example_nested_branch_dag.py for tasks to queue
[2025-06-17T12:51:49.595+0530] {logging_mixin.py:188} INFO - [2025-06-17T12:51:49.595+0530] {dagbag.py:538} INFO - Filling up the DagBag from /home/priya/projects/snowflake_twitter_pipeline/venv/lib/python3.10/site-packages/airflow/example_dags/example_nested_branch_dag.py
[2025-06-17T12:51:49.601+0530] {processor.py:840} INFO - DAG(s) 'example_nested_branch_dag' retrieved from /home/priya/projects/snowflake_twitter_pipeline/venv/lib/python3.10/site-packages/airflow/example_dags/example_nested_branch_dag.py
[2025-06-17T12:51:49.612+0530] {logging_mixin.py:188} INFO - [2025-06-17T12:51:49.612+0530] {dag.py:3036} INFO - Sync 1 DAGs
[2025-06-17T12:51:49.626+0530] {logging_mixin.py:188} INFO - [2025-06-17T12:51:49.626+0530] {dag.py:3823} INFO - Setting next_dagrun for example_nested_branch_dag to 2025-06-16 00:00:00+00:00, run_after=2025-06-17 00:00:00+00:00
[2025-06-17T12:51:49.645+0530] {processor.py:183} INFO - Processing /home/priya/projects/snowflake_twitter_pipeline/venv/lib/python3.10/site-packages/airflow/example_dags/example_nested_branch_dag.py took 0.062 seconds
[2025-06-17T12:52:42.094+0530] {processor.py:161} INFO - Started process (PID=2879) to work on /home/priya/projects/snowflake_twitter_pipeline/venv/lib/python3.10/site-packages/airflow/example_dags/example_nested_branch_dag.py
[2025-06-17T12:52:42.096+0530] {processor.py:830} INFO - Processing file /home/priya/projects/snowflake_twitter_pipeline/venv/lib/python3.10/site-packages/airflow/example_dags/example_nested_branch_dag.py for tasks to queue
[2025-06-17T12:52:42.097+0530] {logging_mixin.py:188} INFO - [2025-06-17T12:52:42.096+0530] {dagbag.py:538} INFO - Filling up the DagBag from /home/priya/projects/snowflake_twitter_pipeline/venv/lib/python3.10/site-packages/airflow/example_dags/example_nested_branch_dag.py
[2025-06-17T12:52:42.103+0530] {processor.py:840} INFO - DAG(s) 'example_nested_branch_dag' retrieved from /home/priya/projects/snowflake_twitter_pipeline/venv/lib/python3.10/site-packages/airflow/example_dags/example_nested_branch_dag.py
[2025-06-17T12:52:42.115+0530] {logging_mixin.py:188} INFO - [2025-06-17T12:52:42.115+0530] {dag.py:3036} INFO - Sync 1 DAGs
[2025-06-17T12:52:42.129+0530] {logging_mixin.py:188} INFO - [2025-06-17T12:52:42.129+0530] {dag.py:3823} INFO - Setting next_dagrun for example_nested_branch_dag to 2025-06-16 00:00:00+00:00, run_after=2025-06-17 00:00:00+00:00
[2025-06-17T12:52:42.149+0530] {processor.py:183} INFO - Processing /home/priya/projects/snowflake_twitter_pipeline/venv/lib/python3.10/site-packages/airflow/example_dags/example_nested_branch_dag.py took 0.057 seconds
[2025-06-17T12:53:36.329+0530] {processor.py:161} INFO - Started process (PID=3066) to work on /home/priya/projects/snowflake_twitter_pipeline/venv/lib/python3.10/site-packages/airflow/example_dags/example_nested_branch_dag.py
[2025-06-17T12:53:36.331+0530] {processor.py:830} INFO - Processing file /home/priya/projects/snowflake_twitter_pipeline/venv/lib/python3.10/site-packages/airflow/example_dags/example_nested_branch_dag.py for tasks to queue
[2025-06-17T12:53:36.332+0530] {logging_mixin.py:188} INFO - [2025-06-17T12:53:36.332+0530] {dagbag.py:538} INFO - Filling up the DagBag from /home/priya/projects/snowflake_twitter_pipeline/venv/lib/python3.10/site-packages/airflow/example_dags/example_nested_branch_dag.py
[2025-06-17T12:53:36.343+0530] {processor.py:840} INFO - DAG(s) 'example_nested_branch_dag' retrieved from /home/priya/projects/snowflake_twitter_pipeline/venv/lib/python3.10/site-packages/airflow/example_dags/example_nested_branch_dag.py
[2025-06-17T12:53:36.357+0530] {logging_mixin.py:188} INFO - [2025-06-17T12:53:36.357+0530] {dag.py:3036} INFO - Sync 1 DAGs
[2025-06-17T12:53:36.373+0530] {logging_mixin.py:188} INFO - [2025-06-17T12:53:36.373+0530] {dag.py:3823} INFO - Setting next_dagrun for example_nested_branch_dag to 2025-06-16 00:00:00+00:00, run_after=2025-06-17 00:00:00+00:00
[2025-06-17T12:53:36.393+0530] {processor.py:183} INFO - Processing /home/priya/projects/snowflake_twitter_pipeline/venv/lib/python3.10/site-packages/airflow/example_dags/example_nested_branch_dag.py took 0.067 seconds
[2025-06-17T12:54:27.889+0530] {processor.py:161} INFO - Started process (PID=3165) to work on /home/priya/projects/snowflake_twitter_pipeline/venv/lib/python3.10/site-packages/airflow/example_dags/example_nested_branch_dag.py
[2025-06-17T12:54:27.891+0530] {processor.py:830} INFO - Processing file /home/priya/projects/snowflake_twitter_pipeline/venv/lib/python3.10/site-packages/airflow/example_dags/example_nested_branch_dag.py for tasks to queue
[2025-06-17T12:54:27.892+0530] {logging_mixin.py:188} INFO - [2025-06-17T12:54:27.891+0530] {dagbag.py:538} INFO - Filling up the DagBag from /home/priya/projects/snowflake_twitter_pipeline/venv/lib/python3.10/site-packages/airflow/example_dags/example_nested_branch_dag.py
[2025-06-17T12:54:27.902+0530] {processor.py:840} INFO - DAG(s) 'example_nested_branch_dag' retrieved from /home/priya/projects/snowflake_twitter_pipeline/venv/lib/python3.10/site-packages/airflow/example_dags/example_nested_branch_dag.py
[2025-06-17T12:54:27.918+0530] {logging_mixin.py:188} INFO - [2025-06-17T12:54:27.918+0530] {dag.py:3036} INFO - Sync 1 DAGs
[2025-06-17T12:54:27.934+0530] {logging_mixin.py:188} INFO - [2025-06-17T12:54:27.934+0530] {dag.py:3823} INFO - Setting next_dagrun for example_nested_branch_dag to 2025-06-16 00:00:00+00:00, run_after=2025-06-17 00:00:00+00:00
[2025-06-17T12:54:27.955+0530] {processor.py:183} INFO - Processing /home/priya/projects/snowflake_twitter_pipeline/venv/lib/python3.10/site-packages/airflow/example_dags/example_nested_branch_dag.py took 0.070 seconds
