[2025-06-17T12:42:21.936+0530] {processor.py:161} INFO - Started process (PID=424) to work on /home/priya/projects/snowflake_twitter_pipeline/venv/lib/python3.10/site-packages/airflow/example_dags/example_dag_decorator.py
[2025-06-17T12:42:21.937+0530] {processor.py:830} INFO - Processing file /home/priya/projects/snowflake_twitter_pipeline/venv/lib/python3.10/site-packages/airflow/example_dags/example_dag_decorator.py for tasks to queue
[2025-06-17T12:42:21.937+0530] {logging_mixin.py:188} INFO - [2025-06-17T12:42:21.937+0530] {dagbag.py:538} INFO - Filling up the DagBag from /home/priya/projects/snowflake_twitter_pipeline/venv/lib/python3.10/site-packages/airflow/example_dags/example_dag_decorator.py
[2025-06-17T12:42:21.973+0530] {processor.py:840} INFO - DAG(s) 'example_dag_decorator' retrieved from /home/priya/projects/snowflake_twitter_pipeline/venv/lib/python3.10/site-packages/airflow/example_dags/example_dag_decorator.py
[2025-06-17T12:42:22.097+0530] {logging_mixin.py:188} INFO - [2025-06-17T12:42:22.097+0530] {override.py:1769} INFO - Created Permission View: can edit on DAG:example_dag_decorator
[2025-06-17T12:42:22.107+0530] {logging_mixin.py:188} INFO - [2025-06-17T12:42:22.106+0530] {override.py:1769} INFO - Created Permission View: can delete on DAG:example_dag_decorator
[2025-06-17T12:42:22.114+0530] {logging_mixin.py:188} INFO - [2025-06-17T12:42:22.114+0530] {override.py:1769} INFO - Created Permission View: can read on DAG:example_dag_decorator
[2025-06-17T12:42:22.114+0530] {logging_mixin.py:188} INFO - [2025-06-17T12:42:22.114+0530] {dag.py:3036} INFO - Sync 1 DAGs
[2025-06-17T12:42:22.120+0530] {logging_mixin.py:188} INFO - [2025-06-17T12:42:22.120+0530] {dag.py:3058} INFO - Creating ORM DAG for example_dag_decorator
[2025-06-17T12:42:22.121+0530] {logging_mixin.py:188} INFO - [2025-06-17T12:42:22.121+0530] {dag.py:3823} INFO - Setting next_dagrun for example_dag_decorator to None, run_after=None
[2025-06-17T12:42:22.137+0530] {processor.py:183} INFO - Processing /home/priya/projects/snowflake_twitter_pipeline/venv/lib/python3.10/site-packages/airflow/example_dags/example_dag_decorator.py took 0.204 seconds
[2025-06-17T12:43:15.605+0530] {processor.py:161} INFO - Started process (PID=488) to work on /home/priya/projects/snowflake_twitter_pipeline/venv/lib/python3.10/site-packages/airflow/example_dags/example_dag_decorator.py
[2025-06-17T12:43:15.607+0530] {processor.py:830} INFO - Processing file /home/priya/projects/snowflake_twitter_pipeline/venv/lib/python3.10/site-packages/airflow/example_dags/example_dag_decorator.py for tasks to queue
[2025-06-17T12:43:15.608+0530] {logging_mixin.py:188} INFO - [2025-06-17T12:43:15.607+0530] {dagbag.py:538} INFO - Filling up the DagBag from /home/priya/projects/snowflake_twitter_pipeline/venv/lib/python3.10/site-packages/airflow/example_dags/example_dag_decorator.py
[2025-06-17T12:43:15.634+0530] {processor.py:840} INFO - DAG(s) 'example_dag_decorator' retrieved from /home/priya/projects/snowflake_twitter_pipeline/venv/lib/python3.10/site-packages/airflow/example_dags/example_dag_decorator.py
[2025-06-17T12:43:15.694+0530] {logging_mixin.py:188} INFO - [2025-06-17T12:43:15.694+0530] {dag.py:3036} INFO - Sync 1 DAGs
[2025-06-17T12:43:15.700+0530] {logging_mixin.py:188} INFO - [2025-06-17T12:43:15.700+0530] {dag.py:3823} INFO - Setting next_dagrun for example_dag_decorator to None, run_after=None
[2025-06-17T12:43:15.719+0530] {processor.py:183} INFO - Processing /home/priya/projects/snowflake_twitter_pipeline/venv/lib/python3.10/site-packages/airflow/example_dags/example_dag_decorator.py took 0.117 seconds
[2025-06-17T12:43:58.388+0530] {processor.py:161} INFO - Started process (PID=546) to work on /home/priya/projects/snowflake_twitter_pipeline/venv/lib/python3.10/site-packages/airflow/example_dags/example_dag_decorator.py
[2025-06-17T12:43:58.389+0530] {processor.py:830} INFO - Processing file /home/priya/projects/snowflake_twitter_pipeline/venv/lib/python3.10/site-packages/airflow/example_dags/example_dag_decorator.py for tasks to queue
[2025-06-17T12:43:58.390+0530] {logging_mixin.py:188} INFO - [2025-06-17T12:43:58.390+0530] {dagbag.py:538} INFO - Filling up the DagBag from /home/priya/projects/snowflake_twitter_pipeline/venv/lib/python3.10/site-packages/airflow/example_dags/example_dag_decorator.py
[2025-06-17T12:43:58.415+0530] {processor.py:840} INFO - DAG(s) 'example_dag_decorator' retrieved from /home/priya/projects/snowflake_twitter_pipeline/venv/lib/python3.10/site-packages/airflow/example_dags/example_dag_decorator.py
[2025-06-17T12:43:58.469+0530] {logging_mixin.py:188} INFO - [2025-06-17T12:43:58.469+0530] {dag.py:3036} INFO - Sync 1 DAGs
[2025-06-17T12:43:58.475+0530] {logging_mixin.py:188} INFO - [2025-06-17T12:43:58.475+0530] {dag.py:3823} INFO - Setting next_dagrun for example_dag_decorator to None, run_after=None
[2025-06-17T12:43:58.491+0530] {processor.py:183} INFO - Processing /home/priya/projects/snowflake_twitter_pipeline/venv/lib/python3.10/site-packages/airflow/example_dags/example_dag_decorator.py took 0.106 seconds
[2025-06-17T12:44:37.741+0530] {processor.py:161} INFO - Started process (PID=603) to work on /home/priya/projects/snowflake_twitter_pipeline/venv/lib/python3.10/site-packages/airflow/example_dags/example_dag_decorator.py
[2025-06-17T12:44:37.749+0530] {processor.py:830} INFO - Processing file /home/priya/projects/snowflake_twitter_pipeline/venv/lib/python3.10/site-packages/airflow/example_dags/example_dag_decorator.py for tasks to queue
[2025-06-17T12:44:37.750+0530] {logging_mixin.py:188} INFO - [2025-06-17T12:44:37.750+0530] {dagbag.py:538} INFO - Filling up the DagBag from /home/priya/projects/snowflake_twitter_pipeline/venv/lib/python3.10/site-packages/airflow/example_dags/example_dag_decorator.py
[2025-06-17T12:44:37.775+0530] {processor.py:840} INFO - DAG(s) 'example_dag_decorator' retrieved from /home/priya/projects/snowflake_twitter_pipeline/venv/lib/python3.10/site-packages/airflow/example_dags/example_dag_decorator.py
[2025-06-17T12:44:37.828+0530] {logging_mixin.py:188} INFO - [2025-06-17T12:44:37.828+0530] {dag.py:3036} INFO - Sync 1 DAGs
[2025-06-17T12:44:37.834+0530] {logging_mixin.py:188} INFO - [2025-06-17T12:44:37.833+0530] {dag.py:3823} INFO - Setting next_dagrun for example_dag_decorator to None, run_after=None
[2025-06-17T12:44:37.849+0530] {processor.py:183} INFO - Processing /home/priya/projects/snowflake_twitter_pipeline/venv/lib/python3.10/site-packages/airflow/example_dags/example_dag_decorator.py took 0.110 seconds
[2025-06-17T12:45:48.950+0530] {processor.py:161} INFO - Started process (PID=652) to work on /home/priya/projects/snowflake_twitter_pipeline/venv/lib/python3.10/site-packages/airflow/example_dags/example_dag_decorator.py
[2025-06-17T12:45:48.952+0530] {processor.py:830} INFO - Processing file /home/priya/projects/snowflake_twitter_pipeline/venv/lib/python3.10/site-packages/airflow/example_dags/example_dag_decorator.py for tasks to queue
[2025-06-17T12:45:48.953+0530] {logging_mixin.py:188} INFO - [2025-06-17T12:45:48.952+0530] {dagbag.py:538} INFO - Filling up the DagBag from /home/priya/projects/snowflake_twitter_pipeline/venv/lib/python3.10/site-packages/airflow/example_dags/example_dag_decorator.py
[2025-06-17T12:45:48.984+0530] {processor.py:840} INFO - DAG(s) 'example_dag_decorator' retrieved from /home/priya/projects/snowflake_twitter_pipeline/venv/lib/python3.10/site-packages/airflow/example_dags/example_dag_decorator.py
[2025-06-17T12:45:49.117+0530] {logging_mixin.py:188} INFO - [2025-06-17T12:45:49.117+0530] {dag.py:3036} INFO - Sync 1 DAGs
[2025-06-17T12:45:49.122+0530] {logging_mixin.py:188} INFO - [2025-06-17T12:45:49.122+0530] {dag.py:3823} INFO - Setting next_dagrun for example_dag_decorator to None, run_after=None
[2025-06-17T12:45:49.138+0530] {processor.py:183} INFO - Processing /home/priya/projects/snowflake_twitter_pipeline/venv/lib/python3.10/site-packages/airflow/example_dags/example_dag_decorator.py took 0.191 seconds
[2025-06-17T12:46:40.358+0530] {processor.py:161} INFO - Started process (PID=1163) to work on /home/priya/projects/snowflake_twitter_pipeline/venv/lib/python3.10/site-packages/airflow/example_dags/example_dag_decorator.py
[2025-06-17T12:46:40.360+0530] {processor.py:830} INFO - Processing file /home/priya/projects/snowflake_twitter_pipeline/venv/lib/python3.10/site-packages/airflow/example_dags/example_dag_decorator.py for tasks to queue
[2025-06-17T12:46:40.362+0530] {logging_mixin.py:188} INFO - [2025-06-17T12:46:40.361+0530] {dagbag.py:538} INFO - Filling up the DagBag from /home/priya/projects/snowflake_twitter_pipeline/venv/lib/python3.10/site-packages/airflow/example_dags/example_dag_decorator.py
[2025-06-17T12:46:40.429+0530] {processor.py:840} INFO - DAG(s) 'example_dag_decorator' retrieved from /home/priya/projects/snowflake_twitter_pipeline/venv/lib/python3.10/site-packages/airflow/example_dags/example_dag_decorator.py
[2025-06-17T12:46:40.607+0530] {logging_mixin.py:188} INFO - [2025-06-17T12:46:40.606+0530] {dag.py:3036} INFO - Sync 1 DAGs
[2025-06-17T12:46:40.618+0530] {logging_mixin.py:188} INFO - [2025-06-17T12:46:40.618+0530] {dag.py:3823} INFO - Setting next_dagrun for example_dag_decorator to None, run_after=None
[2025-06-17T12:46:40.652+0530] {processor.py:183} INFO - Processing /home/priya/projects/snowflake_twitter_pipeline/venv/lib/python3.10/site-packages/airflow/example_dags/example_dag_decorator.py took 0.296 seconds
[2025-06-17T12:47:21.560+0530] {processor.py:161} INFO - Started process (PID=1409) to work on /home/priya/projects/snowflake_twitter_pipeline/venv/lib/python3.10/site-packages/airflow/example_dags/example_dag_decorator.py
[2025-06-17T12:47:21.562+0530] {processor.py:830} INFO - Processing file /home/priya/projects/snowflake_twitter_pipeline/venv/lib/python3.10/site-packages/airflow/example_dags/example_dag_decorator.py for tasks to queue
[2025-06-17T12:47:21.563+0530] {logging_mixin.py:188} INFO - [2025-06-17T12:47:21.563+0530] {dagbag.py:538} INFO - Filling up the DagBag from /home/priya/projects/snowflake_twitter_pipeline/venv/lib/python3.10/site-packages/airflow/example_dags/example_dag_decorator.py
[2025-06-17T12:47:21.593+0530] {processor.py:840} INFO - DAG(s) 'example_dag_decorator' retrieved from /home/priya/projects/snowflake_twitter_pipeline/venv/lib/python3.10/site-packages/airflow/example_dags/example_dag_decorator.py
[2025-06-17T12:47:21.660+0530] {logging_mixin.py:188} INFO - [2025-06-17T12:47:21.659+0530] {dag.py:3036} INFO - Sync 1 DAGs
[2025-06-17T12:47:21.665+0530] {logging_mixin.py:188} INFO - [2025-06-17T12:47:21.665+0530] {dag.py:3823} INFO - Setting next_dagrun for example_dag_decorator to None, run_after=None
[2025-06-17T12:47:21.683+0530] {processor.py:183} INFO - Processing /home/priya/projects/snowflake_twitter_pipeline/venv/lib/python3.10/site-packages/airflow/example_dags/example_dag_decorator.py took 0.126 seconds
[2025-06-17T12:48:06.623+0530] {processor.py:161} INFO - Started process (PID=1613) to work on /home/priya/projects/snowflake_twitter_pipeline/venv/lib/python3.10/site-packages/airflow/example_dags/example_dag_decorator.py
[2025-06-17T12:48:06.625+0530] {processor.py:830} INFO - Processing file /home/priya/projects/snowflake_twitter_pipeline/venv/lib/python3.10/site-packages/airflow/example_dags/example_dag_decorator.py for tasks to queue
[2025-06-17T12:48:06.626+0530] {logging_mixin.py:188} INFO - [2025-06-17T12:48:06.625+0530] {dagbag.py:538} INFO - Filling up the DagBag from /home/priya/projects/snowflake_twitter_pipeline/venv/lib/python3.10/site-packages/airflow/example_dags/example_dag_decorator.py
[2025-06-17T12:48:06.650+0530] {processor.py:840} INFO - DAG(s) 'example_dag_decorator' retrieved from /home/priya/projects/snowflake_twitter_pipeline/venv/lib/python3.10/site-packages/airflow/example_dags/example_dag_decorator.py
[2025-06-17T12:48:06.717+0530] {logging_mixin.py:188} INFO - [2025-06-17T12:48:06.717+0530] {dag.py:3036} INFO - Sync 1 DAGs
[2025-06-17T12:48:06.723+0530] {logging_mixin.py:188} INFO - [2025-06-17T12:48:06.723+0530] {dag.py:3823} INFO - Setting next_dagrun for example_dag_decorator to None, run_after=None
[2025-06-17T12:48:06.741+0530] {processor.py:183} INFO - Processing /home/priya/projects/snowflake_twitter_pipeline/venv/lib/python3.10/site-packages/airflow/example_dags/example_dag_decorator.py took 0.121 seconds
[2025-06-17T12:48:54.854+0530] {processor.py:161} INFO - Started process (PID=1829) to work on /home/priya/projects/snowflake_twitter_pipeline/venv/lib/python3.10/site-packages/airflow/example_dags/example_dag_decorator.py
[2025-06-17T12:48:54.856+0530] {processor.py:830} INFO - Processing file /home/priya/projects/snowflake_twitter_pipeline/venv/lib/python3.10/site-packages/airflow/example_dags/example_dag_decorator.py for tasks to queue
[2025-06-17T12:48:54.858+0530] {logging_mixin.py:188} INFO - [2025-06-17T12:48:54.858+0530] {dagbag.py:538} INFO - Filling up the DagBag from /home/priya/projects/snowflake_twitter_pipeline/venv/lib/python3.10/site-packages/airflow/example_dags/example_dag_decorator.py
[2025-06-17T12:48:54.889+0530] {processor.py:840} INFO - DAG(s) 'example_dag_decorator' retrieved from /home/priya/projects/snowflake_twitter_pipeline/venv/lib/python3.10/site-packages/airflow/example_dags/example_dag_decorator.py
[2025-06-17T12:48:54.956+0530] {logging_mixin.py:188} INFO - [2025-06-17T12:48:54.955+0530] {dag.py:3036} INFO - Sync 1 DAGs
[2025-06-17T12:48:54.961+0530] {logging_mixin.py:188} INFO - [2025-06-17T12:48:54.961+0530] {dag.py:3823} INFO - Setting next_dagrun for example_dag_decorator to None, run_after=None
[2025-06-17T12:48:54.992+0530] {processor.py:183} INFO - Processing /home/priya/projects/snowflake_twitter_pipeline/venv/lib/python3.10/site-packages/airflow/example_dags/example_dag_decorator.py took 0.141 seconds
[2025-06-17T12:49:30.312+0530] {processor.py:161} INFO - Started process (PID=1998) to work on /home/priya/projects/snowflake_twitter_pipeline/venv/lib/python3.10/site-packages/airflow/example_dags/example_dag_decorator.py
[2025-06-17T12:49:30.322+0530] {processor.py:830} INFO - Processing file /home/priya/projects/snowflake_twitter_pipeline/venv/lib/python3.10/site-packages/airflow/example_dags/example_dag_decorator.py for tasks to queue
[2025-06-17T12:49:30.324+0530] {logging_mixin.py:188} INFO - [2025-06-17T12:49:30.323+0530] {dagbag.py:538} INFO - Filling up the DagBag from /home/priya/projects/snowflake_twitter_pipeline/venv/lib/python3.10/site-packages/airflow/example_dags/example_dag_decorator.py
[2025-06-17T12:49:30.347+0530] {processor.py:840} INFO - DAG(s) 'example_dag_decorator' retrieved from /home/priya/projects/snowflake_twitter_pipeline/venv/lib/python3.10/site-packages/airflow/example_dags/example_dag_decorator.py
[2025-06-17T12:49:30.403+0530] {logging_mixin.py:188} INFO - [2025-06-17T12:49:30.402+0530] {dag.py:3036} INFO - Sync 1 DAGs
[2025-06-17T12:49:30.409+0530] {logging_mixin.py:188} INFO - [2025-06-17T12:49:30.409+0530] {dag.py:3823} INFO - Setting next_dagrun for example_dag_decorator to None, run_after=None
[2025-06-17T12:49:30.429+0530] {processor.py:183} INFO - Processing /home/priya/projects/snowflake_twitter_pipeline/venv/lib/python3.10/site-packages/airflow/example_dags/example_dag_decorator.py took 0.122 seconds
[2025-06-17T12:50:18.124+0530] {processor.py:161} INFO - Started process (PID=2219) to work on /home/priya/projects/snowflake_twitter_pipeline/venv/lib/python3.10/site-packages/airflow/example_dags/example_dag_decorator.py
[2025-06-17T12:50:18.126+0530] {processor.py:830} INFO - Processing file /home/priya/projects/snowflake_twitter_pipeline/venv/lib/python3.10/site-packages/airflow/example_dags/example_dag_decorator.py for tasks to queue
[2025-06-17T12:50:18.127+0530] {logging_mixin.py:188} INFO - [2025-06-17T12:50:18.127+0530] {dagbag.py:538} INFO - Filling up the DagBag from /home/priya/projects/snowflake_twitter_pipeline/venv/lib/python3.10/site-packages/airflow/example_dags/example_dag_decorator.py
[2025-06-17T12:50:18.158+0530] {processor.py:840} INFO - DAG(s) 'example_dag_decorator' retrieved from /home/priya/projects/snowflake_twitter_pipeline/venv/lib/python3.10/site-packages/airflow/example_dags/example_dag_decorator.py
[2025-06-17T12:50:18.213+0530] {logging_mixin.py:188} INFO - [2025-06-17T12:50:18.213+0530] {dag.py:3036} INFO - Sync 1 DAGs
[2025-06-17T12:50:18.219+0530] {logging_mixin.py:188} INFO - [2025-06-17T12:50:18.219+0530] {dag.py:3823} INFO - Setting next_dagrun for example_dag_decorator to None, run_after=None
[2025-06-17T12:50:18.240+0530] {processor.py:183} INFO - Processing /home/priya/projects/snowflake_twitter_pipeline/venv/lib/python3.10/site-packages/airflow/example_dags/example_dag_decorator.py took 0.120 seconds
[2025-06-17T12:50:51.553+0530] {processor.py:161} INFO - Started process (PID=2379) to work on /home/priya/projects/snowflake_twitter_pipeline/venv/lib/python3.10/site-packages/airflow/example_dags/example_dag_decorator.py
[2025-06-17T12:50:51.554+0530] {processor.py:830} INFO - Processing file /home/priya/projects/snowflake_twitter_pipeline/venv/lib/python3.10/site-packages/airflow/example_dags/example_dag_decorator.py for tasks to queue
[2025-06-17T12:50:51.555+0530] {logging_mixin.py:188} INFO - [2025-06-17T12:50:51.555+0530] {dagbag.py:538} INFO - Filling up the DagBag from /home/priya/projects/snowflake_twitter_pipeline/venv/lib/python3.10/site-packages/airflow/example_dags/example_dag_decorator.py
[2025-06-17T12:50:51.582+0530] {processor.py:840} INFO - DAG(s) 'example_dag_decorator' retrieved from /home/priya/projects/snowflake_twitter_pipeline/venv/lib/python3.10/site-packages/airflow/example_dags/example_dag_decorator.py
[2025-06-17T12:50:51.643+0530] {logging_mixin.py:188} INFO - [2025-06-17T12:50:51.642+0530] {dag.py:3036} INFO - Sync 1 DAGs
[2025-06-17T12:50:51.648+0530] {logging_mixin.py:188} INFO - [2025-06-17T12:50:51.648+0530] {dag.py:3823} INFO - Setting next_dagrun for example_dag_decorator to None, run_after=None
[2025-06-17T12:50:51.668+0530] {processor.py:183} INFO - Processing /home/priya/projects/snowflake_twitter_pipeline/venv/lib/python3.10/site-packages/airflow/example_dags/example_dag_decorator.py took 0.117 seconds
[2025-06-17T12:51:40.583+0530] {processor.py:161} INFO - Started process (PID=2596) to work on /home/priya/projects/snowflake_twitter_pipeline/venv/lib/python3.10/site-packages/airflow/example_dags/example_dag_decorator.py
[2025-06-17T12:51:40.593+0530] {processor.py:830} INFO - Processing file /home/priya/projects/snowflake_twitter_pipeline/venv/lib/python3.10/site-packages/airflow/example_dags/example_dag_decorator.py for tasks to queue
[2025-06-17T12:51:40.594+0530] {logging_mixin.py:188} INFO - [2025-06-17T12:51:40.593+0530] {dagbag.py:538} INFO - Filling up the DagBag from /home/priya/projects/snowflake_twitter_pipeline/venv/lib/python3.10/site-packages/airflow/example_dags/example_dag_decorator.py
[2025-06-17T12:51:40.618+0530] {processor.py:840} INFO - DAG(s) 'example_dag_decorator' retrieved from /home/priya/projects/snowflake_twitter_pipeline/venv/lib/python3.10/site-packages/airflow/example_dags/example_dag_decorator.py
[2025-06-17T12:51:40.676+0530] {logging_mixin.py:188} INFO - [2025-06-17T12:51:40.676+0530] {dag.py:3036} INFO - Sync 1 DAGs
[2025-06-17T12:51:40.682+0530] {logging_mixin.py:188} INFO - [2025-06-17T12:51:40.682+0530] {dag.py:3823} INFO - Setting next_dagrun for example_dag_decorator to None, run_after=None
[2025-06-17T12:51:40.699+0530] {processor.py:183} INFO - Processing /home/priya/projects/snowflake_twitter_pipeline/venv/lib/python3.10/site-packages/airflow/example_dags/example_dag_decorator.py took 0.119 seconds
[2025-06-17T12:52:14.465+0530] {processor.py:161} INFO - Started process (PID=2743) to work on /home/priya/projects/snowflake_twitter_pipeline/venv/lib/python3.10/site-packages/airflow/example_dags/example_dag_decorator.py
[2025-06-17T12:52:14.467+0530] {processor.py:830} INFO - Processing file /home/priya/projects/snowflake_twitter_pipeline/venv/lib/python3.10/site-packages/airflow/example_dags/example_dag_decorator.py for tasks to queue
[2025-06-17T12:52:14.468+0530] {logging_mixin.py:188} INFO - [2025-06-17T12:52:14.467+0530] {dagbag.py:538} INFO - Filling up the DagBag from /home/priya/projects/snowflake_twitter_pipeline/venv/lib/python3.10/site-packages/airflow/example_dags/example_dag_decorator.py
[2025-06-17T12:52:14.489+0530] {processor.py:840} INFO - DAG(s) 'example_dag_decorator' retrieved from /home/priya/projects/snowflake_twitter_pipeline/venv/lib/python3.10/site-packages/airflow/example_dags/example_dag_decorator.py
[2025-06-17T12:52:14.545+0530] {logging_mixin.py:188} INFO - [2025-06-17T12:52:14.545+0530] {dag.py:3036} INFO - Sync 1 DAGs
[2025-06-17T12:52:14.550+0530] {logging_mixin.py:188} INFO - [2025-06-17T12:52:14.550+0530] {dag.py:3823} INFO - Setting next_dagrun for example_dag_decorator to None, run_after=None
[2025-06-17T12:52:14.567+0530] {processor.py:183} INFO - Processing /home/priya/projects/snowflake_twitter_pipeline/venv/lib/python3.10/site-packages/airflow/example_dags/example_dag_decorator.py took 0.104 seconds
[2025-06-17T12:52:48.989+0530] {processor.py:161} INFO - Started process (PID=2905) to work on /home/priya/projects/snowflake_twitter_pipeline/venv/lib/python3.10/site-packages/airflow/example_dags/example_dag_decorator.py
[2025-06-17T12:52:48.998+0530] {processor.py:830} INFO - Processing file /home/priya/projects/snowflake_twitter_pipeline/venv/lib/python3.10/site-packages/airflow/example_dags/example_dag_decorator.py for tasks to queue
[2025-06-17T12:52:48.999+0530] {logging_mixin.py:188} INFO - [2025-06-17T12:52:48.998+0530] {dagbag.py:538} INFO - Filling up the DagBag from /home/priya/projects/snowflake_twitter_pipeline/venv/lib/python3.10/site-packages/airflow/example_dags/example_dag_decorator.py
[2025-06-17T12:52:49.026+0530] {processor.py:840} INFO - DAG(s) 'example_dag_decorator' retrieved from /home/priya/projects/snowflake_twitter_pipeline/venv/lib/python3.10/site-packages/airflow/example_dags/example_dag_decorator.py
[2025-06-17T12:52:49.085+0530] {logging_mixin.py:188} INFO - [2025-06-17T12:52:49.085+0530] {dag.py:3036} INFO - Sync 1 DAGs
[2025-06-17T12:52:49.092+0530] {logging_mixin.py:188} INFO - [2025-06-17T12:52:49.092+0530] {dag.py:3823} INFO - Setting next_dagrun for example_dag_decorator to None, run_after=None
[2025-06-17T12:52:49.111+0530] {processor.py:183} INFO - Processing /home/priya/projects/snowflake_twitter_pipeline/venv/lib/python3.10/site-packages/airflow/example_dags/example_dag_decorator.py took 0.124 seconds
[2025-06-17T12:53:26.050+0530] {processor.py:161} INFO - Started process (PID=3055) to work on /home/priya/projects/snowflake_twitter_pipeline/venv/lib/python3.10/site-packages/airflow/example_dags/example_dag_decorator.py
[2025-06-17T12:53:26.059+0530] {processor.py:830} INFO - Processing file /home/priya/projects/snowflake_twitter_pipeline/venv/lib/python3.10/site-packages/airflow/example_dags/example_dag_decorator.py for tasks to queue
[2025-06-17T12:53:26.060+0530] {logging_mixin.py:188} INFO - [2025-06-17T12:53:26.059+0530] {dagbag.py:538} INFO - Filling up the DagBag from /home/priya/projects/snowflake_twitter_pipeline/venv/lib/python3.10/site-packages/airflow/example_dags/example_dag_decorator.py
[2025-06-17T12:53:26.085+0530] {processor.py:840} INFO - DAG(s) 'example_dag_decorator' retrieved from /home/priya/projects/snowflake_twitter_pipeline/venv/lib/python3.10/site-packages/airflow/example_dags/example_dag_decorator.py
[2025-06-17T12:53:26.151+0530] {logging_mixin.py:188} INFO - [2025-06-17T12:53:26.151+0530] {dag.py:3036} INFO - Sync 1 DAGs
[2025-06-17T12:53:26.160+0530] {logging_mixin.py:188} INFO - [2025-06-17T12:53:26.160+0530] {dag.py:3823} INFO - Setting next_dagrun for example_dag_decorator to None, run_after=None
[2025-06-17T12:53:26.180+0530] {processor.py:183} INFO - Processing /home/priya/projects/snowflake_twitter_pipeline/venv/lib/python3.10/site-packages/airflow/example_dags/example_dag_decorator.py took 0.132 seconds
[2025-06-17T12:53:59.765+0530] {processor.py:161} INFO - Started process (PID=3107) to work on /home/priya/projects/snowflake_twitter_pipeline/venv/lib/python3.10/site-packages/airflow/example_dags/example_dag_decorator.py
[2025-06-17T12:53:59.767+0530] {processor.py:830} INFO - Processing file /home/priya/projects/snowflake_twitter_pipeline/venv/lib/python3.10/site-packages/airflow/example_dags/example_dag_decorator.py for tasks to queue
[2025-06-17T12:53:59.768+0530] {logging_mixin.py:188} INFO - [2025-06-17T12:53:59.767+0530] {dagbag.py:538} INFO - Filling up the DagBag from /home/priya/projects/snowflake_twitter_pipeline/venv/lib/python3.10/site-packages/airflow/example_dags/example_dag_decorator.py
[2025-06-17T12:53:59.795+0530] {processor.py:840} INFO - DAG(s) 'example_dag_decorator' retrieved from /home/priya/projects/snowflake_twitter_pipeline/venv/lib/python3.10/site-packages/airflow/example_dags/example_dag_decorator.py
[2025-06-17T12:53:59.859+0530] {logging_mixin.py:188} INFO - [2025-06-17T12:53:59.859+0530] {dag.py:3036} INFO - Sync 1 DAGs
[2025-06-17T12:53:59.866+0530] {logging_mixin.py:188} INFO - [2025-06-17T12:53:59.865+0530] {dag.py:3823} INFO - Setting next_dagrun for example_dag_decorator to None, run_after=None
[2025-06-17T12:53:59.889+0530] {processor.py:183} INFO - Processing /home/priya/projects/snowflake_twitter_pipeline/venv/lib/python3.10/site-packages/airflow/example_dags/example_dag_decorator.py took 0.126 seconds
[2025-06-17T12:54:36.992+0530] {processor.py:161} INFO - Started process (PID=3198) to work on /home/priya/projects/snowflake_twitter_pipeline/venv/lib/python3.10/site-packages/airflow/example_dags/example_dag_decorator.py
[2025-06-17T12:54:36.997+0530] {processor.py:830} INFO - Processing file /home/priya/projects/snowflake_twitter_pipeline/venv/lib/python3.10/site-packages/airflow/example_dags/example_dag_decorator.py for tasks to queue
[2025-06-17T12:54:36.998+0530] {logging_mixin.py:188} INFO - [2025-06-17T12:54:36.998+0530] {dagbag.py:538} INFO - Filling up the DagBag from /home/priya/projects/snowflake_twitter_pipeline/venv/lib/python3.10/site-packages/airflow/example_dags/example_dag_decorator.py
[2025-06-17T12:54:37.029+0530] {processor.py:840} INFO - DAG(s) 'example_dag_decorator' retrieved from /home/priya/projects/snowflake_twitter_pipeline/venv/lib/python3.10/site-packages/airflow/example_dags/example_dag_decorator.py
[2025-06-17T12:54:37.099+0530] {logging_mixin.py:188} INFO - [2025-06-17T12:54:37.098+0530] {dag.py:3036} INFO - Sync 1 DAGs
[2025-06-17T12:54:37.109+0530] {logging_mixin.py:188} INFO - [2025-06-17T12:54:37.109+0530] {dag.py:3823} INFO - Setting next_dagrun for example_dag_decorator to None, run_after=None
[2025-06-17T12:54:37.133+0530] {processor.py:183} INFO - Processing /home/priya/projects/snowflake_twitter_pipeline/venv/lib/python3.10/site-packages/airflow/example_dags/example_dag_decorator.py took 0.143 seconds
[2025-06-17T12:55:13.014+0530] {processor.py:161} INFO - Started process (PID=3365) to work on /home/priya/projects/snowflake_twitter_pipeline/venv/lib/python3.10/site-packages/airflow/example_dags/example_dag_decorator.py
[2025-06-17T12:55:13.024+0530] {processor.py:830} INFO - Processing file /home/priya/projects/snowflake_twitter_pipeline/venv/lib/python3.10/site-packages/airflow/example_dags/example_dag_decorator.py for tasks to queue
[2025-06-17T12:55:13.025+0530] {logging_mixin.py:188} INFO - [2025-06-17T12:55:13.025+0530] {dagbag.py:538} INFO - Filling up the DagBag from /home/priya/projects/snowflake_twitter_pipeline/venv/lib/python3.10/site-packages/airflow/example_dags/example_dag_decorator.py
[2025-06-17T12:55:13.055+0530] {processor.py:840} INFO - DAG(s) 'example_dag_decorator' retrieved from /home/priya/projects/snowflake_twitter_pipeline/venv/lib/python3.10/site-packages/airflow/example_dags/example_dag_decorator.py
[2025-06-17T12:55:13.117+0530] {logging_mixin.py:188} INFO - [2025-06-17T12:55:13.117+0530] {dag.py:3036} INFO - Sync 1 DAGs
[2025-06-17T12:55:13.122+0530] {logging_mixin.py:188} INFO - [2025-06-17T12:55:13.122+0530] {dag.py:3823} INFO - Setting next_dagrun for example_dag_decorator to None, run_after=None
[2025-06-17T12:55:13.149+0530] {processor.py:183} INFO - Processing /home/priya/projects/snowflake_twitter_pipeline/venv/lib/python3.10/site-packages/airflow/example_dags/example_dag_decorator.py took 0.138 seconds
