[2025-06-17T12:42:52.650+0530] {processor.py:161} INFO - Started process (PID=451) to work on /home/priya/projects/snowflake_twitter_pipeline/venv/lib/python3.10/site-packages/airflow/example_dags/example_python_decorator.py
[2025-06-17T12:42:52.651+0530] {processor.py:830} INFO - Processing file /home/priya/projects/snowflake_twitter_pipeline/venv/lib/python3.10/site-packages/airflow/example_dags/example_python_decorator.py for tasks to queue
[2025-06-17T12:42:52.651+0530] {logging_mixin.py:188} INFO - [2025-06-17T12:42:52.651+0530] {dagbag.py:538} INFO - Filling up the DagBag from /home/priya/projects/snowflake_twitter_pipeline/venv/lib/python3.10/site-packages/airflow/example_dags/example_python_decorator.py
[2025-06-17T12:42:52.664+0530] {processor.py:840} INFO - DAG(s) 'example_python_decorator' retrieved from /home/priya/projects/snowflake_twitter_pipeline/venv/lib/python3.10/site-packages/airflow/example_dags/example_python_decorator.py
[2025-06-17T12:42:52.823+0530] {logging_mixin.py:188} INFO - [2025-06-17T12:42:52.823+0530] {override.py:1769} INFO - Created Permission View: can edit on DAG:example_python_decorator
[2025-06-17T12:42:52.835+0530] {logging_mixin.py:188} INFO - [2025-06-17T12:42:52.835+0530] {override.py:1769} INFO - Created Permission View: can delete on DAG:example_python_decorator
[2025-06-17T12:42:52.844+0530] {logging_mixin.py:188} INFO - [2025-06-17T12:42:52.843+0530] {override.py:1769} INFO - Created Permission View: can read on DAG:example_python_decorator
[2025-06-17T12:42:52.844+0530] {logging_mixin.py:188} INFO - [2025-06-17T12:42:52.844+0530] {dag.py:3036} INFO - Sync 1 DAGs
[2025-06-17T12:42:52.851+0530] {logging_mixin.py:188} INFO - [2025-06-17T12:42:52.851+0530] {dag.py:3058} INFO - Creating ORM DAG for example_python_decorator
[2025-06-17T12:42:52.851+0530] {logging_mixin.py:188} INFO - [2025-06-17T12:42:52.851+0530] {dag.py:3823} INFO - Setting next_dagrun for example_python_decorator to None, run_after=None
[2025-06-17T12:42:52.871+0530] {processor.py:183} INFO - Processing /home/priya/projects/snowflake_twitter_pipeline/venv/lib/python3.10/site-packages/airflow/example_dags/example_python_decorator.py took 0.222 seconds
[2025-06-17T12:43:42.930+0530] {processor.py:161} INFO - Started process (PID=515) to work on /home/priya/projects/snowflake_twitter_pipeline/venv/lib/python3.10/site-packages/airflow/example_dags/example_python_decorator.py
[2025-06-17T12:43:42.934+0530] {processor.py:830} INFO - Processing file /home/priya/projects/snowflake_twitter_pipeline/venv/lib/python3.10/site-packages/airflow/example_dags/example_python_decorator.py for tasks to queue
[2025-06-17T12:43:42.935+0530] {logging_mixin.py:188} INFO - [2025-06-17T12:43:42.935+0530] {dagbag.py:538} INFO - Filling up the DagBag from /home/priya/projects/snowflake_twitter_pipeline/venv/lib/python3.10/site-packages/airflow/example_dags/example_python_decorator.py
[2025-06-17T12:43:42.944+0530] {processor.py:840} INFO - DAG(s) 'example_python_decorator' retrieved from /home/priya/projects/snowflake_twitter_pipeline/venv/lib/python3.10/site-packages/airflow/example_dags/example_python_decorator.py
[2025-06-17T12:43:42.954+0530] {logging_mixin.py:188} INFO - [2025-06-17T12:43:42.954+0530] {dag.py:3036} INFO - Sync 1 DAGs
[2025-06-17T12:43:42.961+0530] {logging_mixin.py:188} INFO - [2025-06-17T12:43:42.961+0530] {dag.py:3823} INFO - Setting next_dagrun for example_python_decorator to None, run_after=None
[2025-06-17T12:43:42.978+0530] {processor.py:183} INFO - Processing /home/priya/projects/snowflake_twitter_pipeline/venv/lib/python3.10/site-packages/airflow/example_dags/example_python_decorator.py took 0.050 seconds
[2025-06-17T12:44:40.592+0530] {processor.py:161} INFO - Started process (PID=606) to work on /home/priya/projects/snowflake_twitter_pipeline/venv/lib/python3.10/site-packages/airflow/example_dags/example_python_decorator.py
[2025-06-17T12:44:40.593+0530] {processor.py:830} INFO - Processing file /home/priya/projects/snowflake_twitter_pipeline/venv/lib/python3.10/site-packages/airflow/example_dags/example_python_decorator.py for tasks to queue
[2025-06-17T12:44:40.594+0530] {logging_mixin.py:188} INFO - [2025-06-17T12:44:40.594+0530] {dagbag.py:538} INFO - Filling up the DagBag from /home/priya/projects/snowflake_twitter_pipeline/venv/lib/python3.10/site-packages/airflow/example_dags/example_python_decorator.py
[2025-06-17T12:44:40.605+0530] {processor.py:840} INFO - DAG(s) 'example_python_decorator' retrieved from /home/priya/projects/snowflake_twitter_pipeline/venv/lib/python3.10/site-packages/airflow/example_dags/example_python_decorator.py
[2025-06-17T12:44:40.617+0530] {logging_mixin.py:188} INFO - [2025-06-17T12:44:40.617+0530] {dag.py:3036} INFO - Sync 1 DAGs
[2025-06-17T12:44:40.624+0530] {logging_mixin.py:188} INFO - [2025-06-17T12:44:40.624+0530] {dag.py:3823} INFO - Setting next_dagrun for example_python_decorator to None, run_after=None
[2025-06-17T12:44:40.641+0530] {processor.py:183} INFO - Processing /home/priya/projects/snowflake_twitter_pipeline/venv/lib/python3.10/site-packages/airflow/example_dags/example_python_decorator.py took 0.051 seconds
[2025-06-17T12:46:16.151+0530] {processor.py:161} INFO - Started process (PID=700) to work on /home/priya/projects/snowflake_twitter_pipeline/venv/lib/python3.10/site-packages/airflow/example_dags/example_python_decorator.py
[2025-06-17T12:46:16.153+0530] {processor.py:830} INFO - Processing file /home/priya/projects/snowflake_twitter_pipeline/venv/lib/python3.10/site-packages/airflow/example_dags/example_python_decorator.py for tasks to queue
[2025-06-17T12:46:16.154+0530] {logging_mixin.py:188} INFO - [2025-06-17T12:46:16.154+0530] {dagbag.py:538} INFO - Filling up the DagBag from /home/priya/projects/snowflake_twitter_pipeline/venv/lib/python3.10/site-packages/airflow/example_dags/example_python_decorator.py
[2025-06-17T12:46:16.168+0530] {processor.py:840} INFO - DAG(s) 'example_python_decorator' retrieved from /home/priya/projects/snowflake_twitter_pipeline/venv/lib/python3.10/site-packages/airflow/example_dags/example_python_decorator.py
[2025-06-17T12:46:16.284+0530] {logging_mixin.py:188} INFO - [2025-06-17T12:46:16.284+0530] {dag.py:3036} INFO - Sync 1 DAGs
[2025-06-17T12:46:16.288+0530] {logging_mixin.py:188} INFO - [2025-06-17T12:46:16.288+0530] {dag.py:3823} INFO - Setting next_dagrun for example_python_decorator to None, run_after=None
[2025-06-17T12:46:16.303+0530] {processor.py:183} INFO - Processing /home/priya/projects/snowflake_twitter_pipeline/venv/lib/python3.10/site-packages/airflow/example_dags/example_python_decorator.py took 0.155 seconds
[2025-06-17T12:47:07.225+0530] {processor.py:161} INFO - Started process (PID=1337) to work on /home/priya/projects/snowflake_twitter_pipeline/venv/lib/python3.10/site-packages/airflow/example_dags/example_python_decorator.py
[2025-06-17T12:47:07.228+0530] {processor.py:830} INFO - Processing file /home/priya/projects/snowflake_twitter_pipeline/venv/lib/python3.10/site-packages/airflow/example_dags/example_python_decorator.py for tasks to queue
[2025-06-17T12:47:07.229+0530] {logging_mixin.py:188} INFO - [2025-06-17T12:47:07.228+0530] {dagbag.py:538} INFO - Filling up the DagBag from /home/priya/projects/snowflake_twitter_pipeline/venv/lib/python3.10/site-packages/airflow/example_dags/example_python_decorator.py
[2025-06-17T12:47:07.239+0530] {processor.py:840} INFO - DAG(s) 'example_python_decorator' retrieved from /home/priya/projects/snowflake_twitter_pipeline/venv/lib/python3.10/site-packages/airflow/example_dags/example_python_decorator.py
[2025-06-17T12:47:07.252+0530] {logging_mixin.py:188} INFO - [2025-06-17T12:47:07.252+0530] {dag.py:3036} INFO - Sync 1 DAGs
[2025-06-17T12:47:07.260+0530] {logging_mixin.py:188} INFO - [2025-06-17T12:47:07.260+0530] {dag.py:3823} INFO - Setting next_dagrun for example_python_decorator to None, run_after=None
[2025-06-17T12:47:07.282+0530] {processor.py:183} INFO - Processing /home/priya/projects/snowflake_twitter_pipeline/venv/lib/python3.10/site-packages/airflow/example_dags/example_python_decorator.py took 0.059 seconds
[2025-06-17T12:47:58.340+0530] {processor.py:161} INFO - Started process (PID=1580) to work on /home/priya/projects/snowflake_twitter_pipeline/venv/lib/python3.10/site-packages/airflow/example_dags/example_python_decorator.py
[2025-06-17T12:47:58.342+0530] {processor.py:830} INFO - Processing file /home/priya/projects/snowflake_twitter_pipeline/venv/lib/python3.10/site-packages/airflow/example_dags/example_python_decorator.py for tasks to queue
[2025-06-17T12:47:58.343+0530] {logging_mixin.py:188} INFO - [2025-06-17T12:47:58.343+0530] {dagbag.py:538} INFO - Filling up the DagBag from /home/priya/projects/snowflake_twitter_pipeline/venv/lib/python3.10/site-packages/airflow/example_dags/example_python_decorator.py
[2025-06-17T12:47:58.357+0530] {processor.py:840} INFO - DAG(s) 'example_python_decorator' retrieved from /home/priya/projects/snowflake_twitter_pipeline/venv/lib/python3.10/site-packages/airflow/example_dags/example_python_decorator.py
[2025-06-17T12:47:58.370+0530] {logging_mixin.py:188} INFO - [2025-06-17T12:47:58.370+0530] {dag.py:3036} INFO - Sync 1 DAGs
[2025-06-17T12:47:58.377+0530] {logging_mixin.py:188} INFO - [2025-06-17T12:47:58.377+0530] {dag.py:3823} INFO - Setting next_dagrun for example_python_decorator to None, run_after=None
[2025-06-17T12:47:58.395+0530] {processor.py:183} INFO - Processing /home/priya/projects/snowflake_twitter_pipeline/venv/lib/python3.10/site-packages/airflow/example_dags/example_python_decorator.py took 0.058 seconds
[2025-06-17T12:48:45.551+0530] {processor.py:161} INFO - Started process (PID=1781) to work on /home/priya/projects/snowflake_twitter_pipeline/venv/lib/python3.10/site-packages/airflow/example_dags/example_python_decorator.py
[2025-06-17T12:48:45.553+0530] {processor.py:830} INFO - Processing file /home/priya/projects/snowflake_twitter_pipeline/venv/lib/python3.10/site-packages/airflow/example_dags/example_python_decorator.py for tasks to queue
[2025-06-17T12:48:45.554+0530] {logging_mixin.py:188} INFO - [2025-06-17T12:48:45.554+0530] {dagbag.py:538} INFO - Filling up the DagBag from /home/priya/projects/snowflake_twitter_pipeline/venv/lib/python3.10/site-packages/airflow/example_dags/example_python_decorator.py
[2025-06-17T12:48:45.563+0530] {processor.py:840} INFO - DAG(s) 'example_python_decorator' retrieved from /home/priya/projects/snowflake_twitter_pipeline/venv/lib/python3.10/site-packages/airflow/example_dags/example_python_decorator.py
[2025-06-17T12:48:45.573+0530] {logging_mixin.py:188} INFO - [2025-06-17T12:48:45.573+0530] {dag.py:3036} INFO - Sync 1 DAGs
[2025-06-17T12:48:45.580+0530] {logging_mixin.py:188} INFO - [2025-06-17T12:48:45.580+0530] {dag.py:3823} INFO - Setting next_dagrun for example_python_decorator to None, run_after=None
[2025-06-17T12:48:45.598+0530] {processor.py:183} INFO - Processing /home/priya/projects/snowflake_twitter_pipeline/venv/lib/python3.10/site-packages/airflow/example_dags/example_python_decorator.py took 0.049 seconds
[2025-06-17T12:49:36.975+0530] {processor.py:161} INFO - Started process (PID=2024) to work on /home/priya/projects/snowflake_twitter_pipeline/venv/lib/python3.10/site-packages/airflow/example_dags/example_python_decorator.py
[2025-06-17T12:49:36.977+0530] {processor.py:830} INFO - Processing file /home/priya/projects/snowflake_twitter_pipeline/venv/lib/python3.10/site-packages/airflow/example_dags/example_python_decorator.py for tasks to queue
[2025-06-17T12:49:36.978+0530] {logging_mixin.py:188} INFO - [2025-06-17T12:49:36.977+0530] {dagbag.py:538} INFO - Filling up the DagBag from /home/priya/projects/snowflake_twitter_pipeline/venv/lib/python3.10/site-packages/airflow/example_dags/example_python_decorator.py
[2025-06-17T12:49:36.989+0530] {processor.py:840} INFO - DAG(s) 'example_python_decorator' retrieved from /home/priya/projects/snowflake_twitter_pipeline/venv/lib/python3.10/site-packages/airflow/example_dags/example_python_decorator.py
[2025-06-17T12:49:37.001+0530] {logging_mixin.py:188} INFO - [2025-06-17T12:49:37.001+0530] {dag.py:3036} INFO - Sync 1 DAGs
[2025-06-17T12:49:37.011+0530] {logging_mixin.py:188} INFO - [2025-06-17T12:49:37.011+0530] {dag.py:3823} INFO - Setting next_dagrun for example_python_decorator to None, run_after=None
[2025-06-17T12:49:37.032+0530] {processor.py:183} INFO - Processing /home/priya/projects/snowflake_twitter_pipeline/venv/lib/python3.10/site-packages/airflow/example_dags/example_python_decorator.py took 0.059 seconds
[2025-06-17T12:50:26.215+0530] {processor.py:161} INFO - Started process (PID=2251) to work on /home/priya/projects/snowflake_twitter_pipeline/venv/lib/python3.10/site-packages/airflow/example_dags/example_python_decorator.py
[2025-06-17T12:50:26.217+0530] {processor.py:830} INFO - Processing file /home/priya/projects/snowflake_twitter_pipeline/venv/lib/python3.10/site-packages/airflow/example_dags/example_python_decorator.py for tasks to queue
[2025-06-17T12:50:26.217+0530] {logging_mixin.py:188} INFO - [2025-06-17T12:50:26.217+0530] {dagbag.py:538} INFO - Filling up the DagBag from /home/priya/projects/snowflake_twitter_pipeline/venv/lib/python3.10/site-packages/airflow/example_dags/example_python_decorator.py
[2025-06-17T12:50:26.226+0530] {processor.py:840} INFO - DAG(s) 'example_python_decorator' retrieved from /home/priya/projects/snowflake_twitter_pipeline/venv/lib/python3.10/site-packages/airflow/example_dags/example_python_decorator.py
[2025-06-17T12:50:26.238+0530] {logging_mixin.py:188} INFO - [2025-06-17T12:50:26.237+0530] {dag.py:3036} INFO - Sync 1 DAGs
[2025-06-17T12:50:26.245+0530] {logging_mixin.py:188} INFO - [2025-06-17T12:50:26.244+0530] {dag.py:3823} INFO - Setting next_dagrun for example_python_decorator to None, run_after=None
[2025-06-17T12:50:26.264+0530] {processor.py:183} INFO - Processing /home/priya/projects/snowflake_twitter_pipeline/venv/lib/python3.10/site-packages/airflow/example_dags/example_python_decorator.py took 0.052 seconds
[2025-06-17T12:51:13.262+0530] {processor.py:161} INFO - Started process (PID=2462) to work on /home/priya/projects/snowflake_twitter_pipeline/venv/lib/python3.10/site-packages/airflow/example_dags/example_python_decorator.py
[2025-06-17T12:51:13.264+0530] {processor.py:830} INFO - Processing file /home/priya/projects/snowflake_twitter_pipeline/venv/lib/python3.10/site-packages/airflow/example_dags/example_python_decorator.py for tasks to queue
[2025-06-17T12:51:13.264+0530] {logging_mixin.py:188} INFO - [2025-06-17T12:51:13.264+0530] {dagbag.py:538} INFO - Filling up the DagBag from /home/priya/projects/snowflake_twitter_pipeline/venv/lib/python3.10/site-packages/airflow/example_dags/example_python_decorator.py
[2025-06-17T12:51:13.272+0530] {processor.py:840} INFO - DAG(s) 'example_python_decorator' retrieved from /home/priya/projects/snowflake_twitter_pipeline/venv/lib/python3.10/site-packages/airflow/example_dags/example_python_decorator.py
[2025-06-17T12:51:13.282+0530] {logging_mixin.py:188} INFO - [2025-06-17T12:51:13.282+0530] {dag.py:3036} INFO - Sync 1 DAGs
[2025-06-17T12:51:13.289+0530] {logging_mixin.py:188} INFO - [2025-06-17T12:51:13.289+0530] {dag.py:3823} INFO - Setting next_dagrun for example_python_decorator to None, run_after=None
[2025-06-17T12:51:13.308+0530] {processor.py:183} INFO - Processing /home/priya/projects/snowflake_twitter_pipeline/venv/lib/python3.10/site-packages/airflow/example_dags/example_python_decorator.py took 0.048 seconds
[2025-06-17T12:52:06.146+0530] {processor.py:161} INFO - Started process (PID=2710) to work on /home/priya/projects/snowflake_twitter_pipeline/venv/lib/python3.10/site-packages/airflow/example_dags/example_python_decorator.py
[2025-06-17T12:52:06.156+0530] {processor.py:830} INFO - Processing file /home/priya/projects/snowflake_twitter_pipeline/venv/lib/python3.10/site-packages/airflow/example_dags/example_python_decorator.py for tasks to queue
[2025-06-17T12:52:06.158+0530] {logging_mixin.py:188} INFO - [2025-06-17T12:52:06.157+0530] {dagbag.py:538} INFO - Filling up the DagBag from /home/priya/projects/snowflake_twitter_pipeline/venv/lib/python3.10/site-packages/airflow/example_dags/example_python_decorator.py
[2025-06-17T12:52:06.167+0530] {processor.py:840} INFO - DAG(s) 'example_python_decorator' retrieved from /home/priya/projects/snowflake_twitter_pipeline/venv/lib/python3.10/site-packages/airflow/example_dags/example_python_decorator.py
[2025-06-17T12:52:06.179+0530] {logging_mixin.py:188} INFO - [2025-06-17T12:52:06.179+0530] {dag.py:3036} INFO - Sync 1 DAGs
[2025-06-17T12:52:06.185+0530] {logging_mixin.py:188} INFO - [2025-06-17T12:52:06.185+0530] {dag.py:3823} INFO - Setting next_dagrun for example_python_decorator to None, run_after=None
[2025-06-17T12:52:06.202+0530] {processor.py:183} INFO - Processing /home/priya/projects/snowflake_twitter_pipeline/venv/lib/python3.10/site-packages/airflow/example_dags/example_python_decorator.py took 0.059 seconds
[2025-06-17T12:52:58.135+0530] {processor.py:161} INFO - Started process (PID=2944) to work on /home/priya/projects/snowflake_twitter_pipeline/venv/lib/python3.10/site-packages/airflow/example_dags/example_python_decorator.py
[2025-06-17T12:52:58.137+0530] {processor.py:830} INFO - Processing file /home/priya/projects/snowflake_twitter_pipeline/venv/lib/python3.10/site-packages/airflow/example_dags/example_python_decorator.py for tasks to queue
[2025-06-17T12:52:58.137+0530] {logging_mixin.py:188} INFO - [2025-06-17T12:52:58.137+0530] {dagbag.py:538} INFO - Filling up the DagBag from /home/priya/projects/snowflake_twitter_pipeline/venv/lib/python3.10/site-packages/airflow/example_dags/example_python_decorator.py
[2025-06-17T12:52:58.147+0530] {processor.py:840} INFO - DAG(s) 'example_python_decorator' retrieved from /home/priya/projects/snowflake_twitter_pipeline/venv/lib/python3.10/site-packages/airflow/example_dags/example_python_decorator.py
[2025-06-17T12:52:58.159+0530] {logging_mixin.py:188} INFO - [2025-06-17T12:52:58.158+0530] {dag.py:3036} INFO - Sync 1 DAGs
[2025-06-17T12:52:58.166+0530] {logging_mixin.py:188} INFO - [2025-06-17T12:52:58.166+0530] {dag.py:3823} INFO - Setting next_dagrun for example_python_decorator to None, run_after=None
[2025-06-17T12:52:58.187+0530] {processor.py:183} INFO - Processing /home/priya/projects/snowflake_twitter_pipeline/venv/lib/python3.10/site-packages/airflow/example_dags/example_python_decorator.py took 0.054 seconds
[2025-06-17T12:53:50.612+0530] {processor.py:161} INFO - Started process (PID=3098) to work on /home/priya/projects/snowflake_twitter_pipeline/venv/lib/python3.10/site-packages/airflow/example_dags/example_python_decorator.py
[2025-06-17T12:53:50.614+0530] {processor.py:830} INFO - Processing file /home/priya/projects/snowflake_twitter_pipeline/venv/lib/python3.10/site-packages/airflow/example_dags/example_python_decorator.py for tasks to queue
[2025-06-17T12:53:50.614+0530] {logging_mixin.py:188} INFO - [2025-06-17T12:53:50.614+0530] {dagbag.py:538} INFO - Filling up the DagBag from /home/priya/projects/snowflake_twitter_pipeline/venv/lib/python3.10/site-packages/airflow/example_dags/example_python_decorator.py
[2025-06-17T12:53:50.624+0530] {processor.py:840} INFO - DAG(s) 'example_python_decorator' retrieved from /home/priya/projects/snowflake_twitter_pipeline/venv/lib/python3.10/site-packages/airflow/example_dags/example_python_decorator.py
[2025-06-17T12:53:50.636+0530] {logging_mixin.py:188} INFO - [2025-06-17T12:53:50.635+0530] {dag.py:3036} INFO - Sync 1 DAGs
[2025-06-17T12:53:50.643+0530] {logging_mixin.py:188} INFO - [2025-06-17T12:53:50.643+0530] {dag.py:3823} INFO - Setting next_dagrun for example_python_decorator to None, run_after=None
[2025-06-17T12:53:50.664+0530] {processor.py:183} INFO - Processing /home/priya/projects/snowflake_twitter_pipeline/venv/lib/python3.10/site-packages/airflow/example_dags/example_python_decorator.py took 0.054 seconds
[2025-06-17T12:54:45.717+0530] {processor.py:161} INFO - Started process (PID=3237) to work on /home/priya/projects/snowflake_twitter_pipeline/venv/lib/python3.10/site-packages/airflow/example_dags/example_python_decorator.py
[2025-06-17T12:54:45.729+0530] {processor.py:830} INFO - Processing file /home/priya/projects/snowflake_twitter_pipeline/venv/lib/python3.10/site-packages/airflow/example_dags/example_python_decorator.py for tasks to queue
[2025-06-17T12:54:45.731+0530] {logging_mixin.py:188} INFO - [2025-06-17T12:54:45.730+0530] {dagbag.py:538} INFO - Filling up the DagBag from /home/priya/projects/snowflake_twitter_pipeline/venv/lib/python3.10/site-packages/airflow/example_dags/example_python_decorator.py
[2025-06-17T12:54:45.743+0530] {processor.py:840} INFO - DAG(s) 'example_python_decorator' retrieved from /home/priya/projects/snowflake_twitter_pipeline/venv/lib/python3.10/site-packages/airflow/example_dags/example_python_decorator.py
[2025-06-17T12:54:45.753+0530] {logging_mixin.py:188} INFO - [2025-06-17T12:54:45.753+0530] {dag.py:3036} INFO - Sync 1 DAGs
[2025-06-17T12:54:45.759+0530] {logging_mixin.py:188} INFO - [2025-06-17T12:54:45.759+0530] {dag.py:3823} INFO - Setting next_dagrun for example_python_decorator to None, run_after=None
[2025-06-17T12:54:45.781+0530] {processor.py:183} INFO - Processing /home/priya/projects/snowflake_twitter_pipeline/venv/lib/python3.10/site-packages/airflow/example_dags/example_python_decorator.py took 0.067 seconds
