[2025-06-17T12:42:53.895+0530] {processor.py:161} INFO - Started process (PID=452) to work on /home/priya/projects/snowflake_twitter_pipeline/venv/lib/python3.10/site-packages/airflow/example_dags/example_sensors.py
[2025-06-17T12:42:53.896+0530] {processor.py:830} INFO - Processing file /home/priya/projects/snowflake_twitter_pipeline/venv/lib/python3.10/site-packages/airflow/example_dags/example_sensors.py for tasks to queue
[2025-06-17T12:42:53.897+0530] {logging_mixin.py:188} INFO - [2025-06-17T12:42:53.896+0530] {dagbag.py:538} INFO - Filling up the DagBag from /home/priya/projects/snowflake_twitter_pipeline/venv/lib/python3.10/site-packages/airflow/example_dags/example_sensors.py
[2025-06-17T12:42:53.905+0530] {processor.py:840} INFO - DAG(s) 'example_sensors' retrieved from /home/priya/projects/snowflake_twitter_pipeline/venv/lib/python3.10/site-packages/airflow/example_dags/example_sensors.py
[2025-06-17T12:42:54.068+0530] {logging_mixin.py:188} INFO - [2025-06-17T12:42:54.067+0530] {override.py:1769} INFO - Created Permission View: can edit on DAG:example_sensors
[2025-06-17T12:42:54.078+0530] {logging_mixin.py:188} INFO - [2025-06-17T12:42:54.078+0530] {override.py:1769} INFO - Created Permission View: can delete on DAG:example_sensors
[2025-06-17T12:42:54.088+0530] {logging_mixin.py:188} INFO - [2025-06-17T12:42:54.088+0530] {override.py:1769} INFO - Created Permission View: can read on DAG:example_sensors
[2025-06-17T12:42:54.089+0530] {logging_mixin.py:188} INFO - [2025-06-17T12:42:54.088+0530] {dag.py:3036} INFO - Sync 1 DAGs
[2025-06-17T12:42:54.095+0530] {logging_mixin.py:188} INFO - [2025-06-17T12:42:54.095+0530] {dag.py:3058} INFO - Creating ORM DAG for example_sensors
[2025-06-17T12:42:54.096+0530] {logging_mixin.py:188} INFO - [2025-06-17T12:42:54.095+0530] {dag.py:3823} INFO - Setting next_dagrun for example_sensors to None, run_after=None
[2025-06-17T12:42:54.114+0530] {processor.py:183} INFO - Processing /home/priya/projects/snowflake_twitter_pipeline/venv/lib/python3.10/site-packages/airflow/example_dags/example_sensors.py took 0.221 seconds
[2025-06-17T12:43:43.762+0530] {processor.py:161} INFO - Started process (PID=516) to work on /home/priya/projects/snowflake_twitter_pipeline/venv/lib/python3.10/site-packages/airflow/example_dags/example_sensors.py
[2025-06-17T12:43:43.764+0530] {processor.py:830} INFO - Processing file /home/priya/projects/snowflake_twitter_pipeline/venv/lib/python3.10/site-packages/airflow/example_dags/example_sensors.py for tasks to queue
[2025-06-17T12:43:43.765+0530] {logging_mixin.py:188} INFO - [2025-06-17T12:43:43.765+0530] {dagbag.py:538} INFO - Filling up the DagBag from /home/priya/projects/snowflake_twitter_pipeline/venv/lib/python3.10/site-packages/airflow/example_dags/example_sensors.py
[2025-06-17T12:43:43.774+0530] {processor.py:840} INFO - DAG(s) 'example_sensors' retrieved from /home/priya/projects/snowflake_twitter_pipeline/venv/lib/python3.10/site-packages/airflow/example_dags/example_sensors.py
[2025-06-17T12:43:43.789+0530] {logging_mixin.py:188} INFO - [2025-06-17T12:43:43.788+0530] {dag.py:3036} INFO - Sync 1 DAGs
[2025-06-17T12:43:43.796+0530] {logging_mixin.py:188} INFO - [2025-06-17T12:43:43.796+0530] {dag.py:3823} INFO - Setting next_dagrun for example_sensors to None, run_after=None
[2025-06-17T12:43:43.812+0530] {processor.py:183} INFO - Processing /home/priya/projects/snowflake_twitter_pipeline/venv/lib/python3.10/site-packages/airflow/example_dags/example_sensors.py took 0.052 seconds
[2025-06-17T12:44:41.725+0530] {processor.py:161} INFO - Started process (PID=607) to work on /home/priya/projects/snowflake_twitter_pipeline/venv/lib/python3.10/site-packages/airflow/example_dags/example_sensors.py
[2025-06-17T12:44:41.734+0530] {processor.py:830} INFO - Processing file /home/priya/projects/snowflake_twitter_pipeline/venv/lib/python3.10/site-packages/airflow/example_dags/example_sensors.py for tasks to queue
[2025-06-17T12:44:41.735+0530] {logging_mixin.py:188} INFO - [2025-06-17T12:44:41.735+0530] {dagbag.py:538} INFO - Filling up the DagBag from /home/priya/projects/snowflake_twitter_pipeline/venv/lib/python3.10/site-packages/airflow/example_dags/example_sensors.py
[2025-06-17T12:44:41.744+0530] {processor.py:840} INFO - DAG(s) 'example_sensors' retrieved from /home/priya/projects/snowflake_twitter_pipeline/venv/lib/python3.10/site-packages/airflow/example_dags/example_sensors.py
[2025-06-17T12:44:41.756+0530] {logging_mixin.py:188} INFO - [2025-06-17T12:44:41.756+0530] {dag.py:3036} INFO - Sync 1 DAGs
[2025-06-17T12:44:41.765+0530] {logging_mixin.py:188} INFO - [2025-06-17T12:44:41.764+0530] {dag.py:3823} INFO - Setting next_dagrun for example_sensors to None, run_after=None
[2025-06-17T12:44:41.783+0530] {processor.py:183} INFO - Processing /home/priya/projects/snowflake_twitter_pipeline/venv/lib/python3.10/site-packages/airflow/example_dags/example_sensors.py took 0.060 seconds
[2025-06-17T12:46:17.392+0530] {processor.py:161} INFO - Started process (PID=701) to work on /home/priya/projects/snowflake_twitter_pipeline/venv/lib/python3.10/site-packages/airflow/example_dags/example_sensors.py
[2025-06-17T12:46:17.394+0530] {processor.py:830} INFO - Processing file /home/priya/projects/snowflake_twitter_pipeline/venv/lib/python3.10/site-packages/airflow/example_dags/example_sensors.py for tasks to queue
[2025-06-17T12:46:17.395+0530] {logging_mixin.py:188} INFO - [2025-06-17T12:46:17.395+0530] {dagbag.py:538} INFO - Filling up the DagBag from /home/priya/projects/snowflake_twitter_pipeline/venv/lib/python3.10/site-packages/airflow/example_dags/example_sensors.py
[2025-06-17T12:46:17.406+0530] {processor.py:840} INFO - DAG(s) 'example_sensors' retrieved from /home/priya/projects/snowflake_twitter_pipeline/venv/lib/python3.10/site-packages/airflow/example_dags/example_sensors.py
[2025-06-17T12:46:17.498+0530] {logging_mixin.py:188} INFO - [2025-06-17T12:46:17.498+0530] {dag.py:3036} INFO - Sync 1 DAGs
[2025-06-17T12:46:17.504+0530] {logging_mixin.py:188} INFO - [2025-06-17T12:46:17.504+0530] {dag.py:3823} INFO - Setting next_dagrun for example_sensors to None, run_after=None
[2025-06-17T12:46:17.518+0530] {processor.py:183} INFO - Processing /home/priya/projects/snowflake_twitter_pipeline/venv/lib/python3.10/site-packages/airflow/example_dags/example_sensors.py took 0.129 seconds
[2025-06-17T12:47:07.830+0530] {processor.py:161} INFO - Started process (PID=1338) to work on /home/priya/projects/snowflake_twitter_pipeline/venv/lib/python3.10/site-packages/airflow/example_dags/example_sensors.py
[2025-06-17T12:47:07.833+0530] {processor.py:830} INFO - Processing file /home/priya/projects/snowflake_twitter_pipeline/venv/lib/python3.10/site-packages/airflow/example_dags/example_sensors.py for tasks to queue
[2025-06-17T12:47:07.834+0530] {logging_mixin.py:188} INFO - [2025-06-17T12:47:07.833+0530] {dagbag.py:538} INFO - Filling up the DagBag from /home/priya/projects/snowflake_twitter_pipeline/venv/lib/python3.10/site-packages/airflow/example_dags/example_sensors.py
[2025-06-17T12:47:07.845+0530] {processor.py:840} INFO - DAG(s) 'example_sensors' retrieved from /home/priya/projects/snowflake_twitter_pipeline/venv/lib/python3.10/site-packages/airflow/example_dags/example_sensors.py
[2025-06-17T12:47:07.862+0530] {logging_mixin.py:188} INFO - [2025-06-17T12:47:07.862+0530] {dag.py:3036} INFO - Sync 1 DAGs
[2025-06-17T12:47:07.871+0530] {logging_mixin.py:188} INFO - [2025-06-17T12:47:07.871+0530] {dag.py:3823} INFO - Setting next_dagrun for example_sensors to None, run_after=None
[2025-06-17T12:47:07.890+0530] {processor.py:183} INFO - Processing /home/priya/projects/snowflake_twitter_pipeline/venv/lib/python3.10/site-packages/airflow/example_dags/example_sensors.py took 0.063 seconds
[2025-06-17T12:47:59.187+0530] {processor.py:161} INFO - Started process (PID=1587) to work on /home/priya/projects/snowflake_twitter_pipeline/venv/lib/python3.10/site-packages/airflow/example_dags/example_sensors.py
[2025-06-17T12:47:59.188+0530] {processor.py:830} INFO - Processing file /home/priya/projects/snowflake_twitter_pipeline/venv/lib/python3.10/site-packages/airflow/example_dags/example_sensors.py for tasks to queue
[2025-06-17T12:47:59.189+0530] {logging_mixin.py:188} INFO - [2025-06-17T12:47:59.189+0530] {dagbag.py:538} INFO - Filling up the DagBag from /home/priya/projects/snowflake_twitter_pipeline/venv/lib/python3.10/site-packages/airflow/example_dags/example_sensors.py
[2025-06-17T12:47:59.198+0530] {processor.py:840} INFO - DAG(s) 'example_sensors' retrieved from /home/priya/projects/snowflake_twitter_pipeline/venv/lib/python3.10/site-packages/airflow/example_dags/example_sensors.py
[2025-06-17T12:47:59.212+0530] {logging_mixin.py:188} INFO - [2025-06-17T12:47:59.212+0530] {dag.py:3036} INFO - Sync 1 DAGs
[2025-06-17T12:47:59.219+0530] {logging_mixin.py:188} INFO - [2025-06-17T12:47:59.219+0530] {dag.py:3823} INFO - Setting next_dagrun for example_sensors to None, run_after=None
[2025-06-17T12:47:59.239+0530] {processor.py:183} INFO - Processing /home/priya/projects/snowflake_twitter_pipeline/venv/lib/python3.10/site-packages/airflow/example_dags/example_sensors.py took 0.055 seconds
[2025-06-17T12:48:46.708+0530] {processor.py:161} INFO - Started process (PID=1791) to work on /home/priya/projects/snowflake_twitter_pipeline/venv/lib/python3.10/site-packages/airflow/example_dags/example_sensors.py
[2025-06-17T12:48:46.710+0530] {processor.py:830} INFO - Processing file /home/priya/projects/snowflake_twitter_pipeline/venv/lib/python3.10/site-packages/airflow/example_dags/example_sensors.py for tasks to queue
[2025-06-17T12:48:46.711+0530] {logging_mixin.py:188} INFO - [2025-06-17T12:48:46.711+0530] {dagbag.py:538} INFO - Filling up the DagBag from /home/priya/projects/snowflake_twitter_pipeline/venv/lib/python3.10/site-packages/airflow/example_dags/example_sensors.py
[2025-06-17T12:48:46.721+0530] {processor.py:840} INFO - DAG(s) 'example_sensors' retrieved from /home/priya/projects/snowflake_twitter_pipeline/venv/lib/python3.10/site-packages/airflow/example_dags/example_sensors.py
[2025-06-17T12:48:46.736+0530] {logging_mixin.py:188} INFO - [2025-06-17T12:48:46.736+0530] {dag.py:3036} INFO - Sync 1 DAGs
[2025-06-17T12:48:46.745+0530] {logging_mixin.py:188} INFO - [2025-06-17T12:48:46.745+0530] {dag.py:3823} INFO - Setting next_dagrun for example_sensors to None, run_after=None
[2025-06-17T12:48:46.764+0530] {processor.py:183} INFO - Processing /home/priya/projects/snowflake_twitter_pipeline/venv/lib/python3.10/site-packages/airflow/example_dags/example_sensors.py took 0.060 seconds
[2025-06-17T12:49:38.122+0530] {processor.py:161} INFO - Started process (PID=2031) to work on /home/priya/projects/snowflake_twitter_pipeline/venv/lib/python3.10/site-packages/airflow/example_dags/example_sensors.py
[2025-06-17T12:49:38.124+0530] {processor.py:830} INFO - Processing file /home/priya/projects/snowflake_twitter_pipeline/venv/lib/python3.10/site-packages/airflow/example_dags/example_sensors.py for tasks to queue
[2025-06-17T12:49:38.125+0530] {logging_mixin.py:188} INFO - [2025-06-17T12:49:38.125+0530] {dagbag.py:538} INFO - Filling up the DagBag from /home/priya/projects/snowflake_twitter_pipeline/venv/lib/python3.10/site-packages/airflow/example_dags/example_sensors.py
[2025-06-17T12:49:38.131+0530] {processor.py:840} INFO - DAG(s) 'example_sensors' retrieved from /home/priya/projects/snowflake_twitter_pipeline/venv/lib/python3.10/site-packages/airflow/example_dags/example_sensors.py
[2025-06-17T12:49:38.144+0530] {logging_mixin.py:188} INFO - [2025-06-17T12:49:38.143+0530] {dag.py:3036} INFO - Sync 1 DAGs
[2025-06-17T12:49:38.150+0530] {logging_mixin.py:188} INFO - [2025-06-17T12:49:38.150+0530] {dag.py:3823} INFO - Setting next_dagrun for example_sensors to None, run_after=None
[2025-06-17T12:49:38.171+0530] {processor.py:183} INFO - Processing /home/priya/projects/snowflake_twitter_pipeline/venv/lib/python3.10/site-packages/airflow/example_dags/example_sensors.py took 0.051 seconds
[2025-06-17T12:50:27.349+0530] {processor.py:161} INFO - Started process (PID=2258) to work on /home/priya/projects/snowflake_twitter_pipeline/venv/lib/python3.10/site-packages/airflow/example_dags/example_sensors.py
[2025-06-17T12:50:27.351+0530] {processor.py:830} INFO - Processing file /home/priya/projects/snowflake_twitter_pipeline/venv/lib/python3.10/site-packages/airflow/example_dags/example_sensors.py for tasks to queue
[2025-06-17T12:50:27.352+0530] {logging_mixin.py:188} INFO - [2025-06-17T12:50:27.352+0530] {dagbag.py:538} INFO - Filling up the DagBag from /home/priya/projects/snowflake_twitter_pipeline/venv/lib/python3.10/site-packages/airflow/example_dags/example_sensors.py
[2025-06-17T12:50:27.358+0530] {processor.py:840} INFO - DAG(s) 'example_sensors' retrieved from /home/priya/projects/snowflake_twitter_pipeline/venv/lib/python3.10/site-packages/airflow/example_dags/example_sensors.py
[2025-06-17T12:50:27.371+0530] {logging_mixin.py:188} INFO - [2025-06-17T12:50:27.370+0530] {dag.py:3036} INFO - Sync 1 DAGs
[2025-06-17T12:50:27.379+0530] {logging_mixin.py:188} INFO - [2025-06-17T12:50:27.378+0530] {dag.py:3823} INFO - Setting next_dagrun for example_sensors to None, run_after=None
[2025-06-17T12:50:27.398+0530] {processor.py:183} INFO - Processing /home/priya/projects/snowflake_twitter_pipeline/venv/lib/python3.10/site-packages/airflow/example_dags/example_sensors.py took 0.051 seconds
[2025-06-17T12:51:13.905+0530] {processor.py:161} INFO - Started process (PID=2469) to work on /home/priya/projects/snowflake_twitter_pipeline/venv/lib/python3.10/site-packages/airflow/example_dags/example_sensors.py
[2025-06-17T12:51:13.907+0530] {processor.py:830} INFO - Processing file /home/priya/projects/snowflake_twitter_pipeline/venv/lib/python3.10/site-packages/airflow/example_dags/example_sensors.py for tasks to queue
[2025-06-17T12:51:13.908+0530] {logging_mixin.py:188} INFO - [2025-06-17T12:51:13.908+0530] {dagbag.py:538} INFO - Filling up the DagBag from /home/priya/projects/snowflake_twitter_pipeline/venv/lib/python3.10/site-packages/airflow/example_dags/example_sensors.py
[2025-06-17T12:51:13.916+0530] {processor.py:840} INFO - DAG(s) 'example_sensors' retrieved from /home/priya/projects/snowflake_twitter_pipeline/venv/lib/python3.10/site-packages/airflow/example_dags/example_sensors.py
[2025-06-17T12:51:13.928+0530] {logging_mixin.py:188} INFO - [2025-06-17T12:51:13.927+0530] {dag.py:3036} INFO - Sync 1 DAGs
[2025-06-17T12:51:13.934+0530] {logging_mixin.py:188} INFO - [2025-06-17T12:51:13.934+0530] {dag.py:3823} INFO - Setting next_dagrun for example_sensors to None, run_after=None
[2025-06-17T12:51:13.952+0530] {processor.py:183} INFO - Processing /home/priya/projects/snowflake_twitter_pipeline/venv/lib/python3.10/site-packages/airflow/example_dags/example_sensors.py took 0.050 seconds
[2025-06-17T12:52:06.595+0530] {processor.py:161} INFO - Started process (PID=2711) to work on /home/priya/projects/snowflake_twitter_pipeline/venv/lib/python3.10/site-packages/airflow/example_dags/example_sensors.py
[2025-06-17T12:52:06.604+0530] {processor.py:830} INFO - Processing file /home/priya/projects/snowflake_twitter_pipeline/venv/lib/python3.10/site-packages/airflow/example_dags/example_sensors.py for tasks to queue
[2025-06-17T12:52:06.605+0530] {logging_mixin.py:188} INFO - [2025-06-17T12:52:06.605+0530] {dagbag.py:538} INFO - Filling up the DagBag from /home/priya/projects/snowflake_twitter_pipeline/venv/lib/python3.10/site-packages/airflow/example_dags/example_sensors.py
[2025-06-17T12:52:06.611+0530] {processor.py:840} INFO - DAG(s) 'example_sensors' retrieved from /home/priya/projects/snowflake_twitter_pipeline/venv/lib/python3.10/site-packages/airflow/example_dags/example_sensors.py
[2025-06-17T12:52:06.622+0530] {logging_mixin.py:188} INFO - [2025-06-17T12:52:06.622+0530] {dag.py:3036} INFO - Sync 1 DAGs
[2025-06-17T12:52:06.628+0530] {logging_mixin.py:188} INFO - [2025-06-17T12:52:06.628+0530] {dag.py:3823} INFO - Setting next_dagrun for example_sensors to None, run_after=None
[2025-06-17T12:52:06.645+0530] {processor.py:183} INFO - Processing /home/priya/projects/snowflake_twitter_pipeline/venv/lib/python3.10/site-packages/airflow/example_dags/example_sensors.py took 0.052 seconds
[2025-06-17T12:52:59.328+0530] {processor.py:161} INFO - Started process (PID=2950) to work on /home/priya/projects/snowflake_twitter_pipeline/venv/lib/python3.10/site-packages/airflow/example_dags/example_sensors.py
[2025-06-17T12:52:59.329+0530] {processor.py:830} INFO - Processing file /home/priya/projects/snowflake_twitter_pipeline/venv/lib/python3.10/site-packages/airflow/example_dags/example_sensors.py for tasks to queue
[2025-06-17T12:52:59.330+0530] {logging_mixin.py:188} INFO - [2025-06-17T12:52:59.330+0530] {dagbag.py:538} INFO - Filling up the DagBag from /home/priya/projects/snowflake_twitter_pipeline/venv/lib/python3.10/site-packages/airflow/example_dags/example_sensors.py
[2025-06-17T12:52:59.341+0530] {processor.py:840} INFO - DAG(s) 'example_sensors' retrieved from /home/priya/projects/snowflake_twitter_pipeline/venv/lib/python3.10/site-packages/airflow/example_dags/example_sensors.py
[2025-06-17T12:52:59.357+0530] {logging_mixin.py:188} INFO - [2025-06-17T12:52:59.357+0530] {dag.py:3036} INFO - Sync 1 DAGs
[2025-06-17T12:52:59.364+0530] {logging_mixin.py:188} INFO - [2025-06-17T12:52:59.364+0530] {dag.py:3823} INFO - Setting next_dagrun for example_sensors to None, run_after=None
[2025-06-17T12:52:59.384+0530] {processor.py:183} INFO - Processing /home/priya/projects/snowflake_twitter_pipeline/venv/lib/python3.10/site-packages/airflow/example_dags/example_sensors.py took 0.059 seconds
[2025-06-17T12:53:51.742+0530] {processor.py:161} INFO - Started process (PID=3099) to work on /home/priya/projects/snowflake_twitter_pipeline/venv/lib/python3.10/site-packages/airflow/example_dags/example_sensors.py
[2025-06-17T12:53:51.751+0530] {processor.py:830} INFO - Processing file /home/priya/projects/snowflake_twitter_pipeline/venv/lib/python3.10/site-packages/airflow/example_dags/example_sensors.py for tasks to queue
[2025-06-17T12:53:51.752+0530] {logging_mixin.py:188} INFO - [2025-06-17T12:53:51.752+0530] {dagbag.py:538} INFO - Filling up the DagBag from /home/priya/projects/snowflake_twitter_pipeline/venv/lib/python3.10/site-packages/airflow/example_dags/example_sensors.py
[2025-06-17T12:53:51.758+0530] {processor.py:840} INFO - DAG(s) 'example_sensors' retrieved from /home/priya/projects/snowflake_twitter_pipeline/venv/lib/python3.10/site-packages/airflow/example_dags/example_sensors.py
[2025-06-17T12:53:51.770+0530] {logging_mixin.py:188} INFO - [2025-06-17T12:53:51.770+0530] {dag.py:3036} INFO - Sync 1 DAGs
[2025-06-17T12:53:51.777+0530] {logging_mixin.py:188} INFO - [2025-06-17T12:53:51.777+0530] {dag.py:3823} INFO - Setting next_dagrun for example_sensors to None, run_after=None
[2025-06-17T12:53:51.798+0530] {processor.py:183} INFO - Processing /home/priya/projects/snowflake_twitter_pipeline/venv/lib/python3.10/site-packages/airflow/example_dags/example_sensors.py took 0.059 seconds
[2025-06-17T12:54:46.068+0530] {processor.py:161} INFO - Started process (PID=3238) to work on /home/priya/projects/snowflake_twitter_pipeline/venv/lib/python3.10/site-packages/airflow/example_dags/example_sensors.py
[2025-06-17T12:54:46.074+0530] {processor.py:830} INFO - Processing file /home/priya/projects/snowflake_twitter_pipeline/venv/lib/python3.10/site-packages/airflow/example_dags/example_sensors.py for tasks to queue
[2025-06-17T12:54:46.075+0530] {logging_mixin.py:188} INFO - [2025-06-17T12:54:46.075+0530] {dagbag.py:538} INFO - Filling up the DagBag from /home/priya/projects/snowflake_twitter_pipeline/venv/lib/python3.10/site-packages/airflow/example_dags/example_sensors.py
[2025-06-17T12:54:46.082+0530] {processor.py:840} INFO - DAG(s) 'example_sensors' retrieved from /home/priya/projects/snowflake_twitter_pipeline/venv/lib/python3.10/site-packages/airflow/example_dags/example_sensors.py
[2025-06-17T12:54:46.093+0530] {logging_mixin.py:188} INFO - [2025-06-17T12:54:46.093+0530] {dag.py:3036} INFO - Sync 1 DAGs
[2025-06-17T12:54:46.100+0530] {logging_mixin.py:188} INFO - [2025-06-17T12:54:46.099+0530] {dag.py:3823} INFO - Setting next_dagrun for example_sensors to None, run_after=None
[2025-06-17T12:54:46.126+0530] {processor.py:183} INFO - Processing /home/priya/projects/snowflake_twitter_pipeline/venv/lib/python3.10/site-packages/airflow/example_dags/example_sensors.py took 0.062 seconds
