[2025-06-17T12:42:27.267+0530] {processor.py:161} INFO - Started process (PID=429) to work on /home/priya/projects/snowflake_twitter_pipeline/venv/lib/python3.10/site-packages/airflow/example_dags/example_xcom.py
[2025-06-17T12:42:27.268+0530] {processor.py:830} INFO - Processing file /home/priya/projects/snowflake_twitter_pipeline/venv/lib/python3.10/site-packages/airflow/example_dags/example_xcom.py for tasks to queue
[2025-06-17T12:42:27.268+0530] {logging_mixin.py:188} INFO - [2025-06-17T12:42:27.268+0530] {dagbag.py:538} INFO - Filling up the DagBag from /home/priya/projects/snowflake_twitter_pipeline/venv/lib/python3.10/site-packages/airflow/example_dags/example_xcom.py
[2025-06-17T12:42:27.275+0530] {processor.py:840} INFO - DAG(s) 'example_xcom' retrieved from /home/priya/projects/snowflake_twitter_pipeline/venv/lib/python3.10/site-packages/airflow/example_dags/example_xcom.py
[2025-06-17T12:42:27.437+0530] {logging_mixin.py:188} INFO - [2025-06-17T12:42:27.437+0530] {override.py:1769} INFO - Created Permission View: can edit on DAG:example_xcom
[2025-06-17T12:42:27.451+0530] {logging_mixin.py:188} INFO - [2025-06-17T12:42:27.451+0530] {override.py:1769} INFO - Created Permission View: can delete on DAG:example_xcom
[2025-06-17T12:42:27.459+0530] {logging_mixin.py:188} INFO - [2025-06-17T12:42:27.459+0530] {override.py:1769} INFO - Created Permission View: can read on DAG:example_xcom
[2025-06-17T12:42:27.460+0530] {logging_mixin.py:188} INFO - [2025-06-17T12:42:27.460+0530] {dag.py:3036} INFO - Sync 1 DAGs
[2025-06-17T12:42:27.467+0530] {logging_mixin.py:188} INFO - [2025-06-17T12:42:27.467+0530] {dag.py:3058} INFO - Creating ORM DAG for example_xcom
[2025-06-17T12:42:27.473+0530] {logging_mixin.py:188} INFO - [2025-06-17T12:42:27.473+0530] {dag.py:3823} INFO - Setting next_dagrun for example_xcom to 2021-01-01 00:00:00+00:00, run_after=2021-01-01 00:00:00+00:00
[2025-06-17T12:42:27.493+0530] {processor.py:183} INFO - Processing /home/priya/projects/snowflake_twitter_pipeline/venv/lib/python3.10/site-packages/airflow/example_dags/example_xcom.py took 0.229 seconds
[2025-06-17T12:43:20.578+0530] {processor.py:161} INFO - Started process (PID=493) to work on /home/priya/projects/snowflake_twitter_pipeline/venv/lib/python3.10/site-packages/airflow/example_dags/example_xcom.py
[2025-06-17T12:43:20.579+0530] {processor.py:830} INFO - Processing file /home/priya/projects/snowflake_twitter_pipeline/venv/lib/python3.10/site-packages/airflow/example_dags/example_xcom.py for tasks to queue
[2025-06-17T12:43:20.580+0530] {logging_mixin.py:188} INFO - [2025-06-17T12:43:20.579+0530] {dagbag.py:538} INFO - Filling up the DagBag from /home/priya/projects/snowflake_twitter_pipeline/venv/lib/python3.10/site-packages/airflow/example_dags/example_xcom.py
[2025-06-17T12:43:20.585+0530] {processor.py:840} INFO - DAG(s) 'example_xcom' retrieved from /home/priya/projects/snowflake_twitter_pipeline/venv/lib/python3.10/site-packages/airflow/example_dags/example_xcom.py
[2025-06-17T12:43:20.596+0530] {logging_mixin.py:188} INFO - [2025-06-17T12:43:20.595+0530] {dag.py:3036} INFO - Sync 1 DAGs
[2025-06-17T12:43:20.607+0530] {logging_mixin.py:188} INFO - [2025-06-17T12:43:20.607+0530] {dag.py:3823} INFO - Setting next_dagrun for example_xcom to 2021-01-01 00:00:00+00:00, run_after=2021-01-01 00:00:00+00:00
[2025-06-17T12:43:20.625+0530] {processor.py:183} INFO - Processing /home/priya/projects/snowflake_twitter_pipeline/venv/lib/python3.10/site-packages/airflow/example_dags/example_xcom.py took 0.049 seconds
[2025-06-17T12:44:03.493+0530] {processor.py:161} INFO - Started process (PID=551) to work on /home/priya/projects/snowflake_twitter_pipeline/venv/lib/python3.10/site-packages/airflow/example_dags/example_xcom.py
[2025-06-17T12:44:03.502+0530] {processor.py:830} INFO - Processing file /home/priya/projects/snowflake_twitter_pipeline/venv/lib/python3.10/site-packages/airflow/example_dags/example_xcom.py for tasks to queue
[2025-06-17T12:44:03.503+0530] {logging_mixin.py:188} INFO - [2025-06-17T12:44:03.503+0530] {dagbag.py:538} INFO - Filling up the DagBag from /home/priya/projects/snowflake_twitter_pipeline/venv/lib/python3.10/site-packages/airflow/example_dags/example_xcom.py
[2025-06-17T12:44:03.510+0530] {processor.py:840} INFO - DAG(s) 'example_xcom' retrieved from /home/priya/projects/snowflake_twitter_pipeline/venv/lib/python3.10/site-packages/airflow/example_dags/example_xcom.py
[2025-06-17T12:44:03.522+0530] {logging_mixin.py:188} INFO - [2025-06-17T12:44:03.522+0530] {dag.py:3036} INFO - Sync 1 DAGs
[2025-06-17T12:44:03.535+0530] {logging_mixin.py:188} INFO - [2025-06-17T12:44:03.535+0530] {dag.py:3823} INFO - Setting next_dagrun for example_xcom to 2021-01-01 00:00:00+00:00, run_after=2021-01-01 00:00:00+00:00
[2025-06-17T12:44:03.552+0530] {processor.py:183} INFO - Processing /home/priya/projects/snowflake_twitter_pipeline/venv/lib/python3.10/site-packages/airflow/example_dags/example_xcom.py took 0.064 seconds
[2025-06-17T12:44:50.906+0530] {processor.py:161} INFO - Started process (PID=616) to work on /home/priya/projects/snowflake_twitter_pipeline/venv/lib/python3.10/site-packages/airflow/example_dags/example_xcom.py
[2025-06-17T12:44:50.915+0530] {processor.py:830} INFO - Processing file /home/priya/projects/snowflake_twitter_pipeline/venv/lib/python3.10/site-packages/airflow/example_dags/example_xcom.py for tasks to queue
[2025-06-17T12:44:50.916+0530] {logging_mixin.py:188} INFO - [2025-06-17T12:44:50.916+0530] {dagbag.py:538} INFO - Filling up the DagBag from /home/priya/projects/snowflake_twitter_pipeline/venv/lib/python3.10/site-packages/airflow/example_dags/example_xcom.py
[2025-06-17T12:44:50.922+0530] {processor.py:840} INFO - DAG(s) 'example_xcom' retrieved from /home/priya/projects/snowflake_twitter_pipeline/venv/lib/python3.10/site-packages/airflow/example_dags/example_xcom.py
[2025-06-17T12:44:50.936+0530] {logging_mixin.py:188} INFO - [2025-06-17T12:44:50.936+0530] {dag.py:3036} INFO - Sync 1 DAGs
[2025-06-17T12:44:50.951+0530] {logging_mixin.py:188} INFO - [2025-06-17T12:44:50.951+0530] {dag.py:3823} INFO - Setting next_dagrun for example_xcom to 2021-01-01 00:00:00+00:00, run_after=2021-01-01 00:00:00+00:00
[2025-06-17T12:44:50.968+0530] {processor.py:183} INFO - Processing /home/priya/projects/snowflake_twitter_pipeline/venv/lib/python3.10/site-packages/airflow/example_dags/example_xcom.py took 0.064 seconds
[2025-06-17T12:45:54.125+0530] {processor.py:161} INFO - Started process (PID=657) to work on /home/priya/projects/snowflake_twitter_pipeline/venv/lib/python3.10/site-packages/airflow/example_dags/example_xcom.py
[2025-06-17T12:45:54.127+0530] {processor.py:830} INFO - Processing file /home/priya/projects/snowflake_twitter_pipeline/venv/lib/python3.10/site-packages/airflow/example_dags/example_xcom.py for tasks to queue
[2025-06-17T12:45:54.128+0530] {logging_mixin.py:188} INFO - [2025-06-17T12:45:54.128+0530] {dagbag.py:538} INFO - Filling up the DagBag from /home/priya/projects/snowflake_twitter_pipeline/venv/lib/python3.10/site-packages/airflow/example_dags/example_xcom.py
[2025-06-17T12:45:54.140+0530] {processor.py:840} INFO - DAG(s) 'example_xcom' retrieved from /home/priya/projects/snowflake_twitter_pipeline/venv/lib/python3.10/site-packages/airflow/example_dags/example_xcom.py
[2025-06-17T12:45:54.157+0530] {logging_mixin.py:188} INFO - [2025-06-17T12:45:54.157+0530] {dag.py:3036} INFO - Sync 1 DAGs
[2025-06-17T12:45:54.173+0530] {logging_mixin.py:188} INFO - [2025-06-17T12:45:54.173+0530] {dag.py:3823} INFO - Setting next_dagrun for example_xcom to 2021-01-01 00:00:00+00:00, run_after=2021-01-01 00:00:00+00:00
[2025-06-17T12:45:54.193+0530] {processor.py:183} INFO - Processing /home/priya/projects/snowflake_twitter_pipeline/venv/lib/python3.10/site-packages/airflow/example_dags/example_xcom.py took 0.070 seconds
[2025-06-17T12:46:44.598+0530] {processor.py:161} INFO - Started process (PID=1245) to work on /home/priya/projects/snowflake_twitter_pipeline/venv/lib/python3.10/site-packages/airflow/example_dags/example_xcom.py
[2025-06-17T12:46:44.603+0530] {processor.py:830} INFO - Processing file /home/priya/projects/snowflake_twitter_pipeline/venv/lib/python3.10/site-packages/airflow/example_dags/example_xcom.py for tasks to queue
[2025-06-17T12:46:44.607+0530] {logging_mixin.py:188} INFO - [2025-06-17T12:46:44.605+0530] {dagbag.py:538} INFO - Filling up the DagBag from /home/priya/projects/snowflake_twitter_pipeline/venv/lib/python3.10/site-packages/airflow/example_dags/example_xcom.py
[2025-06-17T12:46:44.632+0530] {processor.py:840} INFO - DAG(s) 'example_xcom' retrieved from /home/priya/projects/snowflake_twitter_pipeline/venv/lib/python3.10/site-packages/airflow/example_dags/example_xcom.py
[2025-06-17T12:46:44.677+0530] {logging_mixin.py:188} INFO - [2025-06-17T12:46:44.677+0530] {dag.py:3036} INFO - Sync 1 DAGs
[2025-06-17T12:46:44.732+0530] {logging_mixin.py:188} INFO - [2025-06-17T12:46:44.731+0530] {dag.py:3823} INFO - Setting next_dagrun for example_xcom to 2021-01-01 00:00:00+00:00, run_after=2021-01-01 00:00:00+00:00
[2025-06-17T12:46:44.802+0530] {processor.py:183} INFO - Processing /home/priya/projects/snowflake_twitter_pipeline/venv/lib/python3.10/site-packages/airflow/example_dags/example_xcom.py took 0.213 seconds
[2025-06-17T12:47:32.487+0530] {processor.py:161} INFO - Started process (PID=1453) to work on /home/priya/projects/snowflake_twitter_pipeline/venv/lib/python3.10/site-packages/airflow/example_dags/example_xcom.py
[2025-06-17T12:47:32.488+0530] {processor.py:830} INFO - Processing file /home/priya/projects/snowflake_twitter_pipeline/venv/lib/python3.10/site-packages/airflow/example_dags/example_xcom.py for tasks to queue
[2025-06-17T12:47:32.489+0530] {logging_mixin.py:188} INFO - [2025-06-17T12:47:32.489+0530] {dagbag.py:538} INFO - Filling up the DagBag from /home/priya/projects/snowflake_twitter_pipeline/venv/lib/python3.10/site-packages/airflow/example_dags/example_xcom.py
[2025-06-17T12:47:32.498+0530] {processor.py:840} INFO - DAG(s) 'example_xcom' retrieved from /home/priya/projects/snowflake_twitter_pipeline/venv/lib/python3.10/site-packages/airflow/example_dags/example_xcom.py
[2025-06-17T12:47:32.519+0530] {logging_mixin.py:188} INFO - [2025-06-17T12:47:32.519+0530] {dag.py:3036} INFO - Sync 1 DAGs
[2025-06-17T12:47:32.540+0530] {logging_mixin.py:188} INFO - [2025-06-17T12:47:32.539+0530] {dag.py:3823} INFO - Setting next_dagrun for example_xcom to 2021-01-01 00:00:00+00:00, run_after=2021-01-01 00:00:00+00:00
[2025-06-17T12:47:32.567+0530] {processor.py:183} INFO - Processing /home/priya/projects/snowflake_twitter_pipeline/venv/lib/python3.10/site-packages/airflow/example_dags/example_xcom.py took 0.083 seconds
[2025-06-17T12:48:11.762+0530] {processor.py:161} INFO - Started process (PID=1636) to work on /home/priya/projects/snowflake_twitter_pipeline/venv/lib/python3.10/site-packages/airflow/example_dags/example_xcom.py
[2025-06-17T12:48:11.764+0530] {processor.py:830} INFO - Processing file /home/priya/projects/snowflake_twitter_pipeline/venv/lib/python3.10/site-packages/airflow/example_dags/example_xcom.py for tasks to queue
[2025-06-17T12:48:11.765+0530] {logging_mixin.py:188} INFO - [2025-06-17T12:48:11.764+0530] {dagbag.py:538} INFO - Filling up the DagBag from /home/priya/projects/snowflake_twitter_pipeline/venv/lib/python3.10/site-packages/airflow/example_dags/example_xcom.py
[2025-06-17T12:48:11.770+0530] {processor.py:840} INFO - DAG(s) 'example_xcom' retrieved from /home/priya/projects/snowflake_twitter_pipeline/venv/lib/python3.10/site-packages/airflow/example_dags/example_xcom.py
[2025-06-17T12:48:11.780+0530] {logging_mixin.py:188} INFO - [2025-06-17T12:48:11.780+0530] {dag.py:3036} INFO - Sync 1 DAGs
[2025-06-17T12:48:11.794+0530] {logging_mixin.py:188} INFO - [2025-06-17T12:48:11.794+0530] {dag.py:3823} INFO - Setting next_dagrun for example_xcom to 2021-01-01 00:00:00+00:00, run_after=2021-01-01 00:00:00+00:00
[2025-06-17T12:48:11.814+0530] {processor.py:183} INFO - Processing /home/priya/projects/snowflake_twitter_pipeline/venv/lib/python3.10/site-packages/airflow/example_dags/example_xcom.py took 0.054 seconds
[2025-06-17T12:49:00.128+0530] {processor.py:161} INFO - Started process (PID=1848) to work on /home/priya/projects/snowflake_twitter_pipeline/venv/lib/python3.10/site-packages/airflow/example_dags/example_xcom.py
[2025-06-17T12:49:00.130+0530] {processor.py:830} INFO - Processing file /home/priya/projects/snowflake_twitter_pipeline/venv/lib/python3.10/site-packages/airflow/example_dags/example_xcom.py for tasks to queue
[2025-06-17T12:49:00.130+0530] {logging_mixin.py:188} INFO - [2025-06-17T12:49:00.130+0530] {dagbag.py:538} INFO - Filling up the DagBag from /home/priya/projects/snowflake_twitter_pipeline/venv/lib/python3.10/site-packages/airflow/example_dags/example_xcom.py
[2025-06-17T12:49:00.137+0530] {processor.py:840} INFO - DAG(s) 'example_xcom' retrieved from /home/priya/projects/snowflake_twitter_pipeline/venv/lib/python3.10/site-packages/airflow/example_dags/example_xcom.py
[2025-06-17T12:49:00.157+0530] {logging_mixin.py:188} INFO - [2025-06-17T12:49:00.157+0530] {dag.py:3036} INFO - Sync 1 DAGs
[2025-06-17T12:49:00.193+0530] {logging_mixin.py:188} INFO - [2025-06-17T12:49:00.193+0530] {dag.py:3823} INFO - Setting next_dagrun for example_xcom to 2021-01-01 00:00:00+00:00, run_after=2021-01-01 00:00:00+00:00
[2025-06-17T12:49:00.234+0530] {processor.py:183} INFO - Processing /home/priya/projects/snowflake_twitter_pipeline/venv/lib/python3.10/site-packages/airflow/example_dags/example_xcom.py took 0.108 seconds
[2025-06-17T12:49:47.259+0530] {processor.py:161} INFO - Started process (PID=2081) to work on /home/priya/projects/snowflake_twitter_pipeline/venv/lib/python3.10/site-packages/airflow/example_dags/example_xcom.py
[2025-06-17T12:49:47.260+0530] {processor.py:830} INFO - Processing file /home/priya/projects/snowflake_twitter_pipeline/venv/lib/python3.10/site-packages/airflow/example_dags/example_xcom.py for tasks to queue
[2025-06-17T12:49:47.261+0530] {logging_mixin.py:188} INFO - [2025-06-17T12:49:47.260+0530] {dagbag.py:538} INFO - Filling up the DagBag from /home/priya/projects/snowflake_twitter_pipeline/venv/lib/python3.10/site-packages/airflow/example_dags/example_xcom.py
[2025-06-17T12:49:47.267+0530] {processor.py:840} INFO - DAG(s) 'example_xcom' retrieved from /home/priya/projects/snowflake_twitter_pipeline/venv/lib/python3.10/site-packages/airflow/example_dags/example_xcom.py
[2025-06-17T12:49:47.279+0530] {logging_mixin.py:188} INFO - [2025-06-17T12:49:47.279+0530] {dag.py:3036} INFO - Sync 1 DAGs
[2025-06-17T12:49:47.297+0530] {logging_mixin.py:188} INFO - [2025-06-17T12:49:47.296+0530] {dag.py:3823} INFO - Setting next_dagrun for example_xcom to 2021-01-01 00:00:00+00:00, run_after=2021-01-01 00:00:00+00:00
[2025-06-17T12:49:47.314+0530] {processor.py:183} INFO - Processing /home/priya/projects/snowflake_twitter_pipeline/venv/lib/python3.10/site-packages/airflow/example_dags/example_xcom.py took 0.058 seconds
[2025-06-17T12:50:38.628+0530] {processor.py:161} INFO - Started process (PID=2302) to work on /home/priya/projects/snowflake_twitter_pipeline/venv/lib/python3.10/site-packages/airflow/example_dags/example_xcom.py
[2025-06-17T12:50:38.637+0530] {processor.py:830} INFO - Processing file /home/priya/projects/snowflake_twitter_pipeline/venv/lib/python3.10/site-packages/airflow/example_dags/example_xcom.py for tasks to queue
[2025-06-17T12:50:38.638+0530] {logging_mixin.py:188} INFO - [2025-06-17T12:50:38.638+0530] {dagbag.py:538} INFO - Filling up the DagBag from /home/priya/projects/snowflake_twitter_pipeline/venv/lib/python3.10/site-packages/airflow/example_dags/example_xcom.py
[2025-06-17T12:50:38.643+0530] {processor.py:840} INFO - DAG(s) 'example_xcom' retrieved from /home/priya/projects/snowflake_twitter_pipeline/venv/lib/python3.10/site-packages/airflow/example_dags/example_xcom.py
[2025-06-17T12:50:38.653+0530] {logging_mixin.py:188} INFO - [2025-06-17T12:50:38.653+0530] {dag.py:3036} INFO - Sync 1 DAGs
[2025-06-17T12:50:38.665+0530] {logging_mixin.py:188} INFO - [2025-06-17T12:50:38.665+0530] {dag.py:3823} INFO - Setting next_dagrun for example_xcom to 2021-01-01 00:00:00+00:00, run_after=2021-01-01 00:00:00+00:00
[2025-06-17T12:50:38.681+0530] {processor.py:183} INFO - Processing /home/priya/projects/snowflake_twitter_pipeline/venv/lib/python3.10/site-packages/airflow/example_dags/example_xcom.py took 0.059 seconds
[2025-06-17T12:51:25.907+0530] {processor.py:161} INFO - Started process (PID=2530) to work on /home/priya/projects/snowflake_twitter_pipeline/venv/lib/python3.10/site-packages/airflow/example_dags/example_xcom.py
[2025-06-17T12:51:25.909+0530] {processor.py:830} INFO - Processing file /home/priya/projects/snowflake_twitter_pipeline/venv/lib/python3.10/site-packages/airflow/example_dags/example_xcom.py for tasks to queue
[2025-06-17T12:51:25.910+0530] {logging_mixin.py:188} INFO - [2025-06-17T12:51:25.910+0530] {dagbag.py:538} INFO - Filling up the DagBag from /home/priya/projects/snowflake_twitter_pipeline/venv/lib/python3.10/site-packages/airflow/example_dags/example_xcom.py
[2025-06-17T12:51:25.916+0530] {processor.py:840} INFO - DAG(s) 'example_xcom' retrieved from /home/priya/projects/snowflake_twitter_pipeline/venv/lib/python3.10/site-packages/airflow/example_dags/example_xcom.py
[2025-06-17T12:51:25.926+0530] {logging_mixin.py:188} INFO - [2025-06-17T12:51:25.925+0530] {dag.py:3036} INFO - Sync 1 DAGs
[2025-06-17T12:51:25.938+0530] {logging_mixin.py:188} INFO - [2025-06-17T12:51:25.938+0530] {dag.py:3823} INFO - Setting next_dagrun for example_xcom to 2021-01-01 00:00:00+00:00, run_after=2021-01-01 00:00:00+00:00
[2025-06-17T12:51:25.957+0530] {processor.py:183} INFO - Processing /home/priya/projects/snowflake_twitter_pipeline/venv/lib/python3.10/site-packages/airflow/example_dags/example_xcom.py took 0.052 seconds
[2025-06-17T12:52:16.912+0530] {processor.py:161} INFO - Started process (PID=2752) to work on /home/priya/projects/snowflake_twitter_pipeline/venv/lib/python3.10/site-packages/airflow/example_dags/example_xcom.py
[2025-06-17T12:52:16.913+0530] {processor.py:830} INFO - Processing file /home/priya/projects/snowflake_twitter_pipeline/venv/lib/python3.10/site-packages/airflow/example_dags/example_xcom.py for tasks to queue
[2025-06-17T12:52:16.914+0530] {logging_mixin.py:188} INFO - [2025-06-17T12:52:16.913+0530] {dagbag.py:538} INFO - Filling up the DagBag from /home/priya/projects/snowflake_twitter_pipeline/venv/lib/python3.10/site-packages/airflow/example_dags/example_xcom.py
[2025-06-17T12:52:16.919+0530] {processor.py:840} INFO - DAG(s) 'example_xcom' retrieved from /home/priya/projects/snowflake_twitter_pipeline/venv/lib/python3.10/site-packages/airflow/example_dags/example_xcom.py
[2025-06-17T12:52:16.929+0530] {logging_mixin.py:188} INFO - [2025-06-17T12:52:16.929+0530] {dag.py:3036} INFO - Sync 1 DAGs
[2025-06-17T12:52:16.940+0530] {logging_mixin.py:188} INFO - [2025-06-17T12:52:16.940+0530] {dag.py:3823} INFO - Setting next_dagrun for example_xcom to 2021-01-01 00:00:00+00:00, run_after=2021-01-01 00:00:00+00:00
[2025-06-17T12:52:16.958+0530] {processor.py:183} INFO - Processing /home/priya/projects/snowflake_twitter_pipeline/venv/lib/python3.10/site-packages/airflow/example_dags/example_xcom.py took 0.049 seconds
[2025-06-17T12:52:52.981+0530] {processor.py:161} INFO - Started process (PID=2921) to work on /home/priya/projects/snowflake_twitter_pipeline/venv/lib/python3.10/site-packages/airflow/example_dags/example_xcom.py
[2025-06-17T12:52:52.982+0530] {processor.py:830} INFO - Processing file /home/priya/projects/snowflake_twitter_pipeline/venv/lib/python3.10/site-packages/airflow/example_dags/example_xcom.py for tasks to queue
[2025-06-17T12:52:52.983+0530] {logging_mixin.py:188} INFO - [2025-06-17T12:52:52.982+0530] {dagbag.py:538} INFO - Filling up the DagBag from /home/priya/projects/snowflake_twitter_pipeline/venv/lib/python3.10/site-packages/airflow/example_dags/example_xcom.py
[2025-06-17T12:52:52.987+0530] {processor.py:840} INFO - DAG(s) 'example_xcom' retrieved from /home/priya/projects/snowflake_twitter_pipeline/venv/lib/python3.10/site-packages/airflow/example_dags/example_xcom.py
[2025-06-17T12:52:52.999+0530] {logging_mixin.py:188} INFO - [2025-06-17T12:52:52.999+0530] {dag.py:3036} INFO - Sync 1 DAGs
[2025-06-17T12:52:53.010+0530] {logging_mixin.py:188} INFO - [2025-06-17T12:52:53.010+0530] {dag.py:3823} INFO - Setting next_dagrun for example_xcom to 2021-01-01 00:00:00+00:00, run_after=2021-01-01 00:00:00+00:00
[2025-06-17T12:52:53.027+0530] {processor.py:183} INFO - Processing /home/priya/projects/snowflake_twitter_pipeline/venv/lib/python3.10/site-packages/airflow/example_dags/example_xcom.py took 0.049 seconds
[2025-06-17T12:53:28.896+0530] {processor.py:161} INFO - Started process (PID=3059) to work on /home/priya/projects/snowflake_twitter_pipeline/venv/lib/python3.10/site-packages/airflow/example_dags/example_xcom.py
[2025-06-17T12:53:28.898+0530] {processor.py:830} INFO - Processing file /home/priya/projects/snowflake_twitter_pipeline/venv/lib/python3.10/site-packages/airflow/example_dags/example_xcom.py for tasks to queue
[2025-06-17T12:53:28.899+0530] {logging_mixin.py:188} INFO - [2025-06-17T12:53:28.898+0530] {dagbag.py:538} INFO - Filling up the DagBag from /home/priya/projects/snowflake_twitter_pipeline/venv/lib/python3.10/site-packages/airflow/example_dags/example_xcom.py
[2025-06-17T12:53:28.904+0530] {processor.py:840} INFO - DAG(s) 'example_xcom' retrieved from /home/priya/projects/snowflake_twitter_pipeline/venv/lib/python3.10/site-packages/airflow/example_dags/example_xcom.py
[2025-06-17T12:53:28.916+0530] {logging_mixin.py:188} INFO - [2025-06-17T12:53:28.916+0530] {dag.py:3036} INFO - Sync 1 DAGs
[2025-06-17T12:53:28.930+0530] {logging_mixin.py:188} INFO - [2025-06-17T12:53:28.930+0530] {dag.py:3823} INFO - Setting next_dagrun for example_xcom to 2021-01-01 00:00:00+00:00, run_after=2021-01-01 00:00:00+00:00
[2025-06-17T12:53:28.949+0530] {processor.py:183} INFO - Processing /home/priya/projects/snowflake_twitter_pipeline/venv/lib/python3.10/site-packages/airflow/example_dags/example_xcom.py took 0.056 seconds
[2025-06-17T12:54:20.462+0530] {processor.py:161} INFO - Started process (PID=3153) to work on /home/priya/projects/snowflake_twitter_pipeline/venv/lib/python3.10/site-packages/airflow/example_dags/example_xcom.py
[2025-06-17T12:54:20.465+0530] {processor.py:830} INFO - Processing file /home/priya/projects/snowflake_twitter_pipeline/venv/lib/python3.10/site-packages/airflow/example_dags/example_xcom.py for tasks to queue
[2025-06-17T12:54:20.467+0530] {logging_mixin.py:188} INFO - [2025-06-17T12:54:20.465+0530] {dagbag.py:538} INFO - Filling up the DagBag from /home/priya/projects/snowflake_twitter_pipeline/venv/lib/python3.10/site-packages/airflow/example_dags/example_xcom.py
[2025-06-17T12:54:20.477+0530] {processor.py:840} INFO - DAG(s) 'example_xcom' retrieved from /home/priya/projects/snowflake_twitter_pipeline/venv/lib/python3.10/site-packages/airflow/example_dags/example_xcom.py
[2025-06-17T12:54:20.496+0530] {logging_mixin.py:188} INFO - [2025-06-17T12:54:20.496+0530] {dag.py:3036} INFO - Sync 1 DAGs
[2025-06-17T12:54:20.515+0530] {logging_mixin.py:188} INFO - [2025-06-17T12:54:20.515+0530] {dag.py:3823} INFO - Setting next_dagrun for example_xcom to 2021-01-01 00:00:00+00:00, run_after=2021-01-01 00:00:00+00:00
[2025-06-17T12:54:20.543+0530] {processor.py:183} INFO - Processing /home/priya/projects/snowflake_twitter_pipeline/venv/lib/python3.10/site-packages/airflow/example_dags/example_xcom.py took 0.084 seconds
[2025-06-17T12:54:57.561+0530] {processor.py:161} INFO - Started process (PID=3301) to work on /home/priya/projects/snowflake_twitter_pipeline/venv/lib/python3.10/site-packages/airflow/example_dags/example_xcom.py
[2025-06-17T12:54:57.570+0530] {processor.py:830} INFO - Processing file /home/priya/projects/snowflake_twitter_pipeline/venv/lib/python3.10/site-packages/airflow/example_dags/example_xcom.py for tasks to queue
[2025-06-17T12:54:57.571+0530] {logging_mixin.py:188} INFO - [2025-06-17T12:54:57.570+0530] {dagbag.py:538} INFO - Filling up the DagBag from /home/priya/projects/snowflake_twitter_pipeline/venv/lib/python3.10/site-packages/airflow/example_dags/example_xcom.py
[2025-06-17T12:54:57.577+0530] {processor.py:840} INFO - DAG(s) 'example_xcom' retrieved from /home/priya/projects/snowflake_twitter_pipeline/venv/lib/python3.10/site-packages/airflow/example_dags/example_xcom.py
[2025-06-17T12:54:57.591+0530] {logging_mixin.py:188} INFO - [2025-06-17T12:54:57.591+0530] {dag.py:3036} INFO - Sync 1 DAGs
[2025-06-17T12:54:57.608+0530] {logging_mixin.py:188} INFO - [2025-06-17T12:54:57.608+0530] {dag.py:3823} INFO - Setting next_dagrun for example_xcom to 2021-01-01 00:00:00+00:00, run_after=2021-01-01 00:00:00+00:00
[2025-06-17T12:54:57.639+0530] {processor.py:183} INFO - Processing /home/priya/projects/snowflake_twitter_pipeline/venv/lib/python3.10/site-packages/airflow/example_dags/example_xcom.py took 0.080 seconds
