[2025-06-17T12:42:44.543+0530] {processor.py:161} INFO - Started process (PID=445) to work on /home/priya/projects/snowflake_twitter_pipeline/venv/lib/python3.10/site-packages/airflow/example_dags/example_datasets.py
[2025-06-17T12:42:44.544+0530] {processor.py:830} INFO - Processing file /home/priya/projects/snowflake_twitter_pipeline/venv/lib/python3.10/site-packages/airflow/example_dags/example_datasets.py for tasks to queue
[2025-06-17T12:42:44.545+0530] {logging_mixin.py:188} INFO - [2025-06-17T12:42:44.545+0530] {dagbag.py:538} INFO - Filling up the DagBag from /home/priya/projects/snowflake_twitter_pipeline/venv/lib/python3.10/site-packages/airflow/example_dags/example_datasets.py
[2025-06-17T12:42:44.554+0530] {processor.py:840} INFO - DAG(s) 'dataset_consumes_1_never_scheduled', 'dataset_consumes_1_and_2', 'dataset_produces_2', 'dataset_produces_1', 'dataset_consumes_unknown_never_scheduled', 'dataset_consumes_1' retrieved from /home/priya/projects/snowflake_twitter_pipeline/venv/lib/python3.10/site-packages/airflow/example_dags/example_datasets.py
[2025-06-17T12:42:44.689+0530] {logging_mixin.py:188} INFO - [2025-06-17T12:42:44.688+0530] {override.py:1769} INFO - Created Permission View: can edit on DAG:dataset_consumes_1_never_scheduled
[2025-06-17T12:42:44.701+0530] {logging_mixin.py:188} INFO - [2025-06-17T12:42:44.700+0530] {override.py:1769} INFO - Created Permission View: can delete on DAG:dataset_consumes_1_never_scheduled
[2025-06-17T12:42:44.710+0530] {logging_mixin.py:188} INFO - [2025-06-17T12:42:44.709+0530] {override.py:1769} INFO - Created Permission View: can read on DAG:dataset_consumes_1_never_scheduled
[2025-06-17T12:42:44.729+0530] {logging_mixin.py:188} INFO - [2025-06-17T12:42:44.728+0530] {override.py:1769} INFO - Created Permission View: can edit on DAG:dataset_consumes_1_and_2
[2025-06-17T12:42:44.737+0530] {logging_mixin.py:188} INFO - [2025-06-17T12:42:44.737+0530] {override.py:1769} INFO - Created Permission View: can delete on DAG:dataset_consumes_1_and_2
[2025-06-17T12:42:44.745+0530] {logging_mixin.py:188} INFO - [2025-06-17T12:42:44.745+0530] {override.py:1769} INFO - Created Permission View: can read on DAG:dataset_consumes_1_and_2
[2025-06-17T12:42:44.762+0530] {logging_mixin.py:188} INFO - [2025-06-17T12:42:44.762+0530] {override.py:1769} INFO - Created Permission View: can edit on DAG:dataset_produces_2
[2025-06-17T12:42:44.770+0530] {logging_mixin.py:188} INFO - [2025-06-17T12:42:44.770+0530] {override.py:1769} INFO - Created Permission View: can delete on DAG:dataset_produces_2
[2025-06-17T12:42:44.777+0530] {logging_mixin.py:188} INFO - [2025-06-17T12:42:44.777+0530] {override.py:1769} INFO - Created Permission View: can read on DAG:dataset_produces_2
[2025-06-17T12:42:44.791+0530] {logging_mixin.py:188} INFO - [2025-06-17T12:42:44.791+0530] {override.py:1769} INFO - Created Permission View: can edit on DAG:dataset_produces_1
[2025-06-17T12:42:44.799+0530] {logging_mixin.py:188} INFO - [2025-06-17T12:42:44.798+0530] {override.py:1769} INFO - Created Permission View: can delete on DAG:dataset_produces_1
[2025-06-17T12:42:44.805+0530] {logging_mixin.py:188} INFO - [2025-06-17T12:42:44.805+0530] {override.py:1769} INFO - Created Permission View: can read on DAG:dataset_produces_1
[2025-06-17T12:42:44.821+0530] {logging_mixin.py:188} INFO - [2025-06-17T12:42:44.820+0530] {override.py:1769} INFO - Created Permission View: can edit on DAG:dataset_consumes_unknown_never_scheduled
[2025-06-17T12:42:44.828+0530] {logging_mixin.py:188} INFO - [2025-06-17T12:42:44.827+0530] {override.py:1769} INFO - Created Permission View: can delete on DAG:dataset_consumes_unknown_never_scheduled
[2025-06-17T12:42:44.834+0530] {logging_mixin.py:188} INFO - [2025-06-17T12:42:44.834+0530] {override.py:1769} INFO - Created Permission View: can read on DAG:dataset_consumes_unknown_never_scheduled
[2025-06-17T12:42:44.849+0530] {logging_mixin.py:188} INFO - [2025-06-17T12:42:44.849+0530] {override.py:1769} INFO - Created Permission View: can edit on DAG:dataset_consumes_1
[2025-06-17T12:42:44.856+0530] {logging_mixin.py:188} INFO - [2025-06-17T12:42:44.856+0530] {override.py:1769} INFO - Created Permission View: can delete on DAG:dataset_consumes_1
[2025-06-17T12:42:44.863+0530] {logging_mixin.py:188} INFO - [2025-06-17T12:42:44.863+0530] {override.py:1769} INFO - Created Permission View: can read on DAG:dataset_consumes_1
[2025-06-17T12:42:44.863+0530] {logging_mixin.py:188} INFO - [2025-06-17T12:42:44.863+0530] {dag.py:3036} INFO - Sync 6 DAGs
[2025-06-17T12:42:44.868+0530] {logging_mixin.py:188} INFO - [2025-06-17T12:42:44.868+0530] {dag.py:3058} INFO - Creating ORM DAG for dataset_produces_2
[2025-06-17T12:42:44.868+0530] {logging_mixin.py:188} INFO - [2025-06-17T12:42:44.868+0530] {dag.py:3058} INFO - Creating ORM DAG for dataset_consumes_1
[2025-06-17T12:42:44.869+0530] {logging_mixin.py:188} INFO - [2025-06-17T12:42:44.869+0530] {dag.py:3058} INFO - Creating ORM DAG for dataset_consumes_unknown_never_scheduled
[2025-06-17T12:42:44.869+0530] {logging_mixin.py:188} INFO - [2025-06-17T12:42:44.869+0530] {dag.py:3058} INFO - Creating ORM DAG for dataset_consumes_1_never_scheduled
[2025-06-17T12:42:44.869+0530] {logging_mixin.py:188} INFO - [2025-06-17T12:42:44.869+0530] {dag.py:3058} INFO - Creating ORM DAG for dataset_consumes_1_and_2
[2025-06-17T12:42:44.869+0530] {logging_mixin.py:188} INFO - [2025-06-17T12:42:44.869+0530] {dag.py:3058} INFO - Creating ORM DAG for dataset_produces_1
[2025-06-17T12:42:44.873+0530] {logging_mixin.py:188} INFO - [2025-06-17T12:42:44.873+0530] {dag.py:3823} INFO - Setting next_dagrun for dataset_consumes_1 to None, run_after=None
[2025-06-17T12:42:44.874+0530] {logging_mixin.py:188} INFO - [2025-06-17T12:42:44.874+0530] {dag.py:3823} INFO - Setting next_dagrun for dataset_consumes_1_and_2 to None, run_after=None
[2025-06-17T12:42:44.874+0530] {logging_mixin.py:188} INFO - [2025-06-17T12:42:44.874+0530] {dag.py:3823} INFO - Setting next_dagrun for dataset_consumes_1_never_scheduled to None, run_after=None
[2025-06-17T12:42:44.874+0530] {logging_mixin.py:188} INFO - [2025-06-17T12:42:44.874+0530] {dag.py:3823} INFO - Setting next_dagrun for dataset_consumes_unknown_never_scheduled to None, run_after=None
[2025-06-17T12:42:44.875+0530] {logging_mixin.py:188} INFO - [2025-06-17T12:42:44.875+0530] {dag.py:3823} INFO - Setting next_dagrun for dataset_produces_1 to 2025-06-16 00:00:00+00:00, run_after=2025-06-17 00:00:00+00:00
[2025-06-17T12:42:44.876+0530] {logging_mixin.py:188} INFO - [2025-06-17T12:42:44.876+0530] {dag.py:3823} INFO - Setting next_dagrun for dataset_produces_2 to None, run_after=None
[2025-06-17T12:42:44.896+0530] {processor.py:183} INFO - Processing /home/priya/projects/snowflake_twitter_pipeline/venv/lib/python3.10/site-packages/airflow/example_dags/example_datasets.py took 0.358 seconds
[2025-06-17T12:43:36.624+0530] {processor.py:161} INFO - Started process (PID=509) to work on /home/priya/projects/snowflake_twitter_pipeline/venv/lib/python3.10/site-packages/airflow/example_dags/example_datasets.py
[2025-06-17T12:43:36.626+0530] {processor.py:830} INFO - Processing file /home/priya/projects/snowflake_twitter_pipeline/venv/lib/python3.10/site-packages/airflow/example_dags/example_datasets.py for tasks to queue
[2025-06-17T12:43:36.627+0530] {logging_mixin.py:188} INFO - [2025-06-17T12:43:36.626+0530] {dagbag.py:538} INFO - Filling up the DagBag from /home/priya/projects/snowflake_twitter_pipeline/venv/lib/python3.10/site-packages/airflow/example_dags/example_datasets.py
[2025-06-17T12:43:36.633+0530] {processor.py:840} INFO - DAG(s) 'dataset_consumes_unknown_never_scheduled', 'dataset_consumes_1_never_scheduled', 'dataset_produces_1', 'dataset_consumes_1_and_2', 'dataset_produces_2', 'dataset_consumes_1' retrieved from /home/priya/projects/snowflake_twitter_pipeline/venv/lib/python3.10/site-packages/airflow/example_dags/example_datasets.py
[2025-06-17T12:43:36.648+0530] {logging_mixin.py:188} INFO - [2025-06-17T12:43:36.648+0530] {dag.py:3036} INFO - Sync 6 DAGs
[2025-06-17T12:43:36.660+0530] {logging_mixin.py:188} INFO - [2025-06-17T12:43:36.659+0530] {dag.py:3823} INFO - Setting next_dagrun for dataset_consumes_1 to None, run_after=None
[2025-06-17T12:43:36.661+0530] {logging_mixin.py:188} INFO - [2025-06-17T12:43:36.661+0530] {dag.py:3823} INFO - Setting next_dagrun for dataset_consumes_1_and_2 to None, run_after=None
[2025-06-17T12:43:36.662+0530] {logging_mixin.py:188} INFO - [2025-06-17T12:43:36.662+0530] {dag.py:3823} INFO - Setting next_dagrun for dataset_consumes_1_never_scheduled to None, run_after=None
[2025-06-17T12:43:36.662+0530] {logging_mixin.py:188} INFO - [2025-06-17T12:43:36.662+0530] {dag.py:3823} INFO - Setting next_dagrun for dataset_consumes_unknown_never_scheduled to None, run_after=None
[2025-06-17T12:43:36.664+0530] {logging_mixin.py:188} INFO - [2025-06-17T12:43:36.663+0530] {dag.py:3823} INFO - Setting next_dagrun for dataset_produces_1 to 2025-06-16 00:00:00+00:00, run_after=2025-06-17 00:00:00+00:00
[2025-06-17T12:43:36.664+0530] {logging_mixin.py:188} INFO - [2025-06-17T12:43:36.664+0530] {dag.py:3823} INFO - Setting next_dagrun for dataset_produces_2 to None, run_after=None
[2025-06-17T12:43:36.683+0530] {processor.py:183} INFO - Processing /home/priya/projects/snowflake_twitter_pipeline/venv/lib/python3.10/site-packages/airflow/example_dags/example_datasets.py took 0.061 seconds
[2025-06-17T12:44:25.178+0530] {processor.py:161} INFO - Started process (PID=574) to work on /home/priya/projects/snowflake_twitter_pipeline/venv/lib/python3.10/site-packages/airflow/example_dags/example_datasets.py
[2025-06-17T12:44:25.179+0530] {processor.py:830} INFO - Processing file /home/priya/projects/snowflake_twitter_pipeline/venv/lib/python3.10/site-packages/airflow/example_dags/example_datasets.py for tasks to queue
[2025-06-17T12:44:25.180+0530] {logging_mixin.py:188} INFO - [2025-06-17T12:44:25.180+0530] {dagbag.py:538} INFO - Filling up the DagBag from /home/priya/projects/snowflake_twitter_pipeline/venv/lib/python3.10/site-packages/airflow/example_dags/example_datasets.py
[2025-06-17T12:44:25.189+0530] {processor.py:840} INFO - DAG(s) 'dataset_produces_1', 'dataset_consumes_1_never_scheduled', 'dataset_consumes_1_and_2', 'dataset_consumes_1', 'dataset_consumes_unknown_never_scheduled', 'dataset_produces_2' retrieved from /home/priya/projects/snowflake_twitter_pipeline/venv/lib/python3.10/site-packages/airflow/example_dags/example_datasets.py
[2025-06-17T12:44:25.208+0530] {logging_mixin.py:188} INFO - [2025-06-17T12:44:25.208+0530] {dag.py:3036} INFO - Sync 6 DAGs
[2025-06-17T12:44:25.223+0530] {logging_mixin.py:188} INFO - [2025-06-17T12:44:25.222+0530] {dag.py:3823} INFO - Setting next_dagrun for dataset_consumes_1 to None, run_after=None
[2025-06-17T12:44:25.225+0530] {logging_mixin.py:188} INFO - [2025-06-17T12:44:25.225+0530] {dag.py:3823} INFO - Setting next_dagrun for dataset_consumes_1_and_2 to None, run_after=None
[2025-06-17T12:44:25.225+0530] {logging_mixin.py:188} INFO - [2025-06-17T12:44:25.225+0530] {dag.py:3823} INFO - Setting next_dagrun for dataset_consumes_1_never_scheduled to None, run_after=None
[2025-06-17T12:44:25.226+0530] {logging_mixin.py:188} INFO - [2025-06-17T12:44:25.226+0530] {dag.py:3823} INFO - Setting next_dagrun for dataset_consumes_unknown_never_scheduled to None, run_after=None
[2025-06-17T12:44:25.227+0530] {logging_mixin.py:188} INFO - [2025-06-17T12:44:25.227+0530] {dag.py:3823} INFO - Setting next_dagrun for dataset_produces_1 to 2025-06-16 00:00:00+00:00, run_after=2025-06-17 00:00:00+00:00
[2025-06-17T12:44:25.227+0530] {logging_mixin.py:188} INFO - [2025-06-17T12:44:25.227+0530] {dag.py:3823} INFO - Setting next_dagrun for dataset_produces_2 to None, run_after=None
[2025-06-17T12:44:25.249+0530] {processor.py:183} INFO - Processing /home/priya/projects/snowflake_twitter_pipeline/venv/lib/python3.10/site-packages/airflow/example_dags/example_datasets.py took 0.074 seconds
[2025-06-17T12:46:09.662+0530] {processor.py:161} INFO - Started process (PID=673) to work on /home/priya/projects/snowflake_twitter_pipeline/venv/lib/python3.10/site-packages/airflow/example_dags/example_datasets.py
[2025-06-17T12:46:09.663+0530] {processor.py:830} INFO - Processing file /home/priya/projects/snowflake_twitter_pipeline/venv/lib/python3.10/site-packages/airflow/example_dags/example_datasets.py for tasks to queue
[2025-06-17T12:46:09.664+0530] {logging_mixin.py:188} INFO - [2025-06-17T12:46:09.664+0530] {dagbag.py:538} INFO - Filling up the DagBag from /home/priya/projects/snowflake_twitter_pipeline/venv/lib/python3.10/site-packages/airflow/example_dags/example_datasets.py
[2025-06-17T12:46:09.675+0530] {processor.py:840} INFO - DAG(s) 'dataset_consumes_1_never_scheduled', 'dataset_consumes_unknown_never_scheduled', 'dataset_produces_2', 'dataset_consumes_1_and_2', 'dataset_consumes_1', 'dataset_produces_1' retrieved from /home/priya/projects/snowflake_twitter_pipeline/venv/lib/python3.10/site-packages/airflow/example_dags/example_datasets.py
[2025-06-17T12:46:09.694+0530] {logging_mixin.py:188} INFO - [2025-06-17T12:46:09.694+0530] {dag.py:3036} INFO - Sync 6 DAGs
[2025-06-17T12:46:09.777+0530] {logging_mixin.py:188} INFO - [2025-06-17T12:46:09.777+0530] {dag.py:3823} INFO - Setting next_dagrun for dataset_consumes_1 to None, run_after=None
[2025-06-17T12:46:09.780+0530] {logging_mixin.py:188} INFO - [2025-06-17T12:46:09.780+0530] {dag.py:3823} INFO - Setting next_dagrun for dataset_consumes_1_and_2 to None, run_after=None
[2025-06-17T12:46:09.781+0530] {logging_mixin.py:188} INFO - [2025-06-17T12:46:09.780+0530] {dag.py:3823} INFO - Setting next_dagrun for dataset_consumes_1_never_scheduled to None, run_after=None
[2025-06-17T12:46:09.781+0530] {logging_mixin.py:188} INFO - [2025-06-17T12:46:09.781+0530] {dag.py:3823} INFO - Setting next_dagrun for dataset_consumes_unknown_never_scheduled to None, run_after=None
[2025-06-17T12:46:09.782+0530] {logging_mixin.py:188} INFO - [2025-06-17T12:46:09.782+0530] {dag.py:3823} INFO - Setting next_dagrun for dataset_produces_1 to 2025-06-16 00:00:00+00:00, run_after=2025-06-17 00:00:00+00:00
[2025-06-17T12:46:09.783+0530] {logging_mixin.py:188} INFO - [2025-06-17T12:46:09.783+0530] {dag.py:3823} INFO - Setting next_dagrun for dataset_produces_2 to None, run_after=None
[2025-06-17T12:46:09.801+0530] {processor.py:183} INFO - Processing /home/priya/projects/snowflake_twitter_pipeline/venv/lib/python3.10/site-packages/airflow/example_dags/example_datasets.py took 0.142 seconds
[2025-06-17T12:47:00.942+0530] {processor.py:161} INFO - Started process (PID=1313) to work on /home/priya/projects/snowflake_twitter_pipeline/venv/lib/python3.10/site-packages/airflow/example_dags/example_datasets.py
[2025-06-17T12:47:00.945+0530] {processor.py:830} INFO - Processing file /home/priya/projects/snowflake_twitter_pipeline/venv/lib/python3.10/site-packages/airflow/example_dags/example_datasets.py for tasks to queue
[2025-06-17T12:47:00.946+0530] {logging_mixin.py:188} INFO - [2025-06-17T12:47:00.945+0530] {dagbag.py:538} INFO - Filling up the DagBag from /home/priya/projects/snowflake_twitter_pipeline/venv/lib/python3.10/site-packages/airflow/example_dags/example_datasets.py
[2025-06-17T12:47:00.956+0530] {processor.py:840} INFO - DAG(s) 'dataset_consumes_unknown_never_scheduled', 'dataset_consumes_1_and_2', 'dataset_produces_2', 'dataset_consumes_1_never_scheduled', 'dataset_consumes_1', 'dataset_produces_1' retrieved from /home/priya/projects/snowflake_twitter_pipeline/venv/lib/python3.10/site-packages/airflow/example_dags/example_datasets.py
[2025-06-17T12:47:00.980+0530] {logging_mixin.py:188} INFO - [2025-06-17T12:47:00.979+0530] {dag.py:3036} INFO - Sync 6 DAGs
[2025-06-17T12:47:00.997+0530] {logging_mixin.py:188} INFO - [2025-06-17T12:47:00.997+0530] {dag.py:3823} INFO - Setting next_dagrun for dataset_consumes_1 to None, run_after=None
[2025-06-17T12:47:01.000+0530] {logging_mixin.py:188} INFO - [2025-06-17T12:47:00.999+0530] {dag.py:3823} INFO - Setting next_dagrun for dataset_consumes_1_and_2 to None, run_after=None
[2025-06-17T12:47:01.000+0530] {logging_mixin.py:188} INFO - [2025-06-17T12:47:01.000+0530] {dag.py:3823} INFO - Setting next_dagrun for dataset_consumes_1_never_scheduled to None, run_after=None
[2025-06-17T12:47:01.001+0530] {logging_mixin.py:188} INFO - [2025-06-17T12:47:01.001+0530] {dag.py:3823} INFO - Setting next_dagrun for dataset_consumes_unknown_never_scheduled to None, run_after=None
[2025-06-17T12:47:01.002+0530] {logging_mixin.py:188} INFO - [2025-06-17T12:47:01.002+0530] {dag.py:3823} INFO - Setting next_dagrun for dataset_produces_1 to 2025-06-16 00:00:00+00:00, run_after=2025-06-17 00:00:00+00:00
[2025-06-17T12:47:01.003+0530] {logging_mixin.py:188} INFO - [2025-06-17T12:47:01.003+0530] {dag.py:3823} INFO - Setting next_dagrun for dataset_produces_2 to None, run_after=None
[2025-06-17T12:47:01.043+0530] {processor.py:183} INFO - Processing /home/priya/projects/snowflake_twitter_pipeline/venv/lib/python3.10/site-packages/airflow/example_dags/example_datasets.py took 0.103 seconds
[2025-06-17T12:47:48.323+0530] {processor.py:161} INFO - Started process (PID=1517) to work on /home/priya/projects/snowflake_twitter_pipeline/venv/lib/python3.10/site-packages/airflow/example_dags/example_datasets.py
[2025-06-17T12:47:48.327+0530] {processor.py:830} INFO - Processing file /home/priya/projects/snowflake_twitter_pipeline/venv/lib/python3.10/site-packages/airflow/example_dags/example_datasets.py for tasks to queue
[2025-06-17T12:47:48.328+0530] {logging_mixin.py:188} INFO - [2025-06-17T12:47:48.327+0530] {dagbag.py:538} INFO - Filling up the DagBag from /home/priya/projects/snowflake_twitter_pipeline/venv/lib/python3.10/site-packages/airflow/example_dags/example_datasets.py
[2025-06-17T12:47:48.336+0530] {processor.py:840} INFO - DAG(s) 'dataset_produces_1', 'dataset_consumes_unknown_never_scheduled', 'dataset_produces_2', 'dataset_consumes_1', 'dataset_consumes_1_and_2', 'dataset_consumes_1_never_scheduled' retrieved from /home/priya/projects/snowflake_twitter_pipeline/venv/lib/python3.10/site-packages/airflow/example_dags/example_datasets.py
[2025-06-17T12:47:48.352+0530] {logging_mixin.py:188} INFO - [2025-06-17T12:47:48.352+0530] {dag.py:3036} INFO - Sync 6 DAGs
[2025-06-17T12:47:48.363+0530] {logging_mixin.py:188} INFO - [2025-06-17T12:47:48.363+0530] {dag.py:3823} INFO - Setting next_dagrun for dataset_consumes_1 to None, run_after=None
[2025-06-17T12:47:48.365+0530] {logging_mixin.py:188} INFO - [2025-06-17T12:47:48.365+0530] {dag.py:3823} INFO - Setting next_dagrun for dataset_consumes_1_and_2 to None, run_after=None
[2025-06-17T12:47:48.366+0530] {logging_mixin.py:188} INFO - [2025-06-17T12:47:48.366+0530] {dag.py:3823} INFO - Setting next_dagrun for dataset_consumes_1_never_scheduled to None, run_after=None
[2025-06-17T12:47:48.366+0530] {logging_mixin.py:188} INFO - [2025-06-17T12:47:48.366+0530] {dag.py:3823} INFO - Setting next_dagrun for dataset_consumes_unknown_never_scheduled to None, run_after=None
[2025-06-17T12:47:48.368+0530] {logging_mixin.py:188} INFO - [2025-06-17T12:47:48.367+0530] {dag.py:3823} INFO - Setting next_dagrun for dataset_produces_1 to 2025-06-16 00:00:00+00:00, run_after=2025-06-17 00:00:00+00:00
[2025-06-17T12:47:48.368+0530] {logging_mixin.py:188} INFO - [2025-06-17T12:47:48.368+0530] {dag.py:3823} INFO - Setting next_dagrun for dataset_produces_2 to None, run_after=None
[2025-06-17T12:47:48.389+0530] {processor.py:183} INFO - Processing /home/priya/projects/snowflake_twitter_pipeline/venv/lib/python3.10/site-packages/airflow/example_dags/example_datasets.py took 0.070 seconds
[2025-06-17T12:48:34.461+0530] {processor.py:161} INFO - Started process (PID=1718) to work on /home/priya/projects/snowflake_twitter_pipeline/venv/lib/python3.10/site-packages/airflow/example_dags/example_datasets.py
[2025-06-17T12:48:34.470+0530] {processor.py:830} INFO - Processing file /home/priya/projects/snowflake_twitter_pipeline/venv/lib/python3.10/site-packages/airflow/example_dags/example_datasets.py for tasks to queue
[2025-06-17T12:48:34.471+0530] {logging_mixin.py:188} INFO - [2025-06-17T12:48:34.470+0530] {dagbag.py:538} INFO - Filling up the DagBag from /home/priya/projects/snowflake_twitter_pipeline/venv/lib/python3.10/site-packages/airflow/example_dags/example_datasets.py
[2025-06-17T12:48:34.477+0530] {processor.py:840} INFO - DAG(s) 'dataset_produces_2', 'dataset_consumes_1_never_scheduled', 'dataset_consumes_1', 'dataset_consumes_unknown_never_scheduled', 'dataset_consumes_1_and_2', 'dataset_produces_1' retrieved from /home/priya/projects/snowflake_twitter_pipeline/venv/lib/python3.10/site-packages/airflow/example_dags/example_datasets.py
[2025-06-17T12:48:34.492+0530] {logging_mixin.py:188} INFO - [2025-06-17T12:48:34.492+0530] {dag.py:3036} INFO - Sync 6 DAGs
[2025-06-17T12:48:34.508+0530] {logging_mixin.py:188} INFO - [2025-06-17T12:48:34.508+0530] {dag.py:3823} INFO - Setting next_dagrun for dataset_consumes_1 to None, run_after=None
[2025-06-17T12:48:34.510+0530] {logging_mixin.py:188} INFO - [2025-06-17T12:48:34.510+0530] {dag.py:3823} INFO - Setting next_dagrun for dataset_consumes_1_and_2 to None, run_after=None
[2025-06-17T12:48:34.511+0530] {logging_mixin.py:188} INFO - [2025-06-17T12:48:34.511+0530] {dag.py:3823} INFO - Setting next_dagrun for dataset_consumes_1_never_scheduled to None, run_after=None
[2025-06-17T12:48:34.512+0530] {logging_mixin.py:188} INFO - [2025-06-17T12:48:34.512+0530] {dag.py:3823} INFO - Setting next_dagrun for dataset_consumes_unknown_never_scheduled to None, run_after=None
[2025-06-17T12:48:34.514+0530] {logging_mixin.py:188} INFO - [2025-06-17T12:48:34.514+0530] {dag.py:3823} INFO - Setting next_dagrun for dataset_produces_1 to 2025-06-16 00:00:00+00:00, run_after=2025-06-17 00:00:00+00:00
[2025-06-17T12:48:34.515+0530] {logging_mixin.py:188} INFO - [2025-06-17T12:48:34.515+0530] {dag.py:3823} INFO - Setting next_dagrun for dataset_produces_2 to None, run_after=None
[2025-06-17T12:48:34.541+0530] {processor.py:183} INFO - Processing /home/priya/projects/snowflake_twitter_pipeline/venv/lib/python3.10/site-packages/airflow/example_dags/example_datasets.py took 0.082 seconds
[2025-06-17T12:49:26.683+0530] {processor.py:161} INFO - Started process (PID=1982) to work on /home/priya/projects/snowflake_twitter_pipeline/venv/lib/python3.10/site-packages/airflow/example_dags/example_datasets.py
[2025-06-17T12:49:26.685+0530] {processor.py:830} INFO - Processing file /home/priya/projects/snowflake_twitter_pipeline/venv/lib/python3.10/site-packages/airflow/example_dags/example_datasets.py for tasks to queue
[2025-06-17T12:49:26.686+0530] {logging_mixin.py:188} INFO - [2025-06-17T12:49:26.685+0530] {dagbag.py:538} INFO - Filling up the DagBag from /home/priya/projects/snowflake_twitter_pipeline/venv/lib/python3.10/site-packages/airflow/example_dags/example_datasets.py
[2025-06-17T12:49:26.693+0530] {processor.py:840} INFO - DAG(s) 'dataset_produces_1', 'dataset_consumes_1_never_scheduled', 'dataset_consumes_1', 'dataset_produces_2', 'dataset_consumes_unknown_never_scheduled', 'dataset_consumes_1_and_2' retrieved from /home/priya/projects/snowflake_twitter_pipeline/venv/lib/python3.10/site-packages/airflow/example_dags/example_datasets.py
[2025-06-17T12:49:26.712+0530] {logging_mixin.py:188} INFO - [2025-06-17T12:49:26.712+0530] {dag.py:3036} INFO - Sync 6 DAGs
[2025-06-17T12:49:26.731+0530] {logging_mixin.py:188} INFO - [2025-06-17T12:49:26.731+0530] {dag.py:3823} INFO - Setting next_dagrun for dataset_consumes_1 to None, run_after=None
[2025-06-17T12:49:26.734+0530] {logging_mixin.py:188} INFO - [2025-06-17T12:49:26.734+0530] {dag.py:3823} INFO - Setting next_dagrun for dataset_consumes_1_and_2 to None, run_after=None
[2025-06-17T12:49:26.736+0530] {logging_mixin.py:188} INFO - [2025-06-17T12:49:26.735+0530] {dag.py:3823} INFO - Setting next_dagrun for dataset_consumes_1_never_scheduled to None, run_after=None
[2025-06-17T12:49:26.736+0530] {logging_mixin.py:188} INFO - [2025-06-17T12:49:26.736+0530] {dag.py:3823} INFO - Setting next_dagrun for dataset_consumes_unknown_never_scheduled to None, run_after=None
[2025-06-17T12:49:26.738+0530] {logging_mixin.py:188} INFO - [2025-06-17T12:49:26.738+0530] {dag.py:3823} INFO - Setting next_dagrun for dataset_produces_1 to 2025-06-16 00:00:00+00:00, run_after=2025-06-17 00:00:00+00:00
[2025-06-17T12:49:26.739+0530] {logging_mixin.py:188} INFO - [2025-06-17T12:49:26.739+0530] {dag.py:3823} INFO - Setting next_dagrun for dataset_produces_2 to None, run_after=None
[2025-06-17T12:49:26.763+0530] {processor.py:183} INFO - Processing /home/priya/projects/snowflake_twitter_pipeline/venv/lib/python3.10/site-packages/airflow/example_dags/example_datasets.py took 0.082 seconds
[2025-06-17T12:50:13.453+0530] {processor.py:161} INFO - Started process (PID=2186) to work on /home/priya/projects/snowflake_twitter_pipeline/venv/lib/python3.10/site-packages/airflow/example_dags/example_datasets.py
[2025-06-17T12:50:13.455+0530] {processor.py:830} INFO - Processing file /home/priya/projects/snowflake_twitter_pipeline/venv/lib/python3.10/site-packages/airflow/example_dags/example_datasets.py for tasks to queue
[2025-06-17T12:50:13.456+0530] {logging_mixin.py:188} INFO - [2025-06-17T12:50:13.456+0530] {dagbag.py:538} INFO - Filling up the DagBag from /home/priya/projects/snowflake_twitter_pipeline/venv/lib/python3.10/site-packages/airflow/example_dags/example_datasets.py
[2025-06-17T12:50:13.462+0530] {processor.py:840} INFO - DAG(s) 'dataset_consumes_1_and_2', 'dataset_produces_1', 'dataset_produces_2', 'dataset_consumes_1', 'dataset_consumes_unknown_never_scheduled', 'dataset_consumes_1_never_scheduled' retrieved from /home/priya/projects/snowflake_twitter_pipeline/venv/lib/python3.10/site-packages/airflow/example_dags/example_datasets.py
[2025-06-17T12:50:13.479+0530] {logging_mixin.py:188} INFO - [2025-06-17T12:50:13.479+0530] {dag.py:3036} INFO - Sync 6 DAGs
[2025-06-17T12:50:13.493+0530] {logging_mixin.py:188} INFO - [2025-06-17T12:50:13.493+0530] {dag.py:3823} INFO - Setting next_dagrun for dataset_consumes_1 to None, run_after=None
[2025-06-17T12:50:13.495+0530] {logging_mixin.py:188} INFO - [2025-06-17T12:50:13.495+0530] {dag.py:3823} INFO - Setting next_dagrun for dataset_consumes_1_and_2 to None, run_after=None
[2025-06-17T12:50:13.496+0530] {logging_mixin.py:188} INFO - [2025-06-17T12:50:13.496+0530] {dag.py:3823} INFO - Setting next_dagrun for dataset_consumes_1_never_scheduled to None, run_after=None
[2025-06-17T12:50:13.496+0530] {logging_mixin.py:188} INFO - [2025-06-17T12:50:13.496+0530] {dag.py:3823} INFO - Setting next_dagrun for dataset_consumes_unknown_never_scheduled to None, run_after=None
[2025-06-17T12:50:13.498+0530] {logging_mixin.py:188} INFO - [2025-06-17T12:50:13.498+0530] {dag.py:3823} INFO - Setting next_dagrun for dataset_produces_1 to 2025-06-16 00:00:00+00:00, run_after=2025-06-17 00:00:00+00:00
[2025-06-17T12:50:13.498+0530] {logging_mixin.py:188} INFO - [2025-06-17T12:50:13.498+0530] {dag.py:3823} INFO - Setting next_dagrun for dataset_produces_2 to None, run_after=None
[2025-06-17T12:50:13.523+0530] {processor.py:183} INFO - Processing /home/priya/projects/snowflake_twitter_pipeline/venv/lib/python3.10/site-packages/airflow/example_dags/example_datasets.py took 0.073 seconds
[2025-06-17T12:51:02.985+0530] {processor.py:161} INFO - Started process (PID=2422) to work on /home/priya/projects/snowflake_twitter_pipeline/venv/lib/python3.10/site-packages/airflow/example_dags/example_datasets.py
[2025-06-17T12:51:02.988+0530] {processor.py:830} INFO - Processing file /home/priya/projects/snowflake_twitter_pipeline/venv/lib/python3.10/site-packages/airflow/example_dags/example_datasets.py for tasks to queue
[2025-06-17T12:51:02.990+0530] {logging_mixin.py:188} INFO - [2025-06-17T12:51:02.989+0530] {dagbag.py:538} INFO - Filling up the DagBag from /home/priya/projects/snowflake_twitter_pipeline/venv/lib/python3.10/site-packages/airflow/example_dags/example_datasets.py
[2025-06-17T12:51:02.999+0530] {processor.py:840} INFO - DAG(s) 'dataset_produces_2', 'dataset_consumes_1_and_2', 'dataset_consumes_unknown_never_scheduled', 'dataset_produces_1', 'dataset_consumes_1_never_scheduled', 'dataset_consumes_1' retrieved from /home/priya/projects/snowflake_twitter_pipeline/venv/lib/python3.10/site-packages/airflow/example_dags/example_datasets.py
[2025-06-17T12:51:03.019+0530] {logging_mixin.py:188} INFO - [2025-06-17T12:51:03.019+0530] {dag.py:3036} INFO - Sync 6 DAGs
[2025-06-17T12:51:03.035+0530] {logging_mixin.py:188} INFO - [2025-06-17T12:51:03.035+0530] {dag.py:3823} INFO - Setting next_dagrun for dataset_consumes_1 to None, run_after=None
[2025-06-17T12:51:03.038+0530] {logging_mixin.py:188} INFO - [2025-06-17T12:51:03.037+0530] {dag.py:3823} INFO - Setting next_dagrun for dataset_consumes_1_and_2 to None, run_after=None
[2025-06-17T12:51:03.038+0530] {logging_mixin.py:188} INFO - [2025-06-17T12:51:03.038+0530] {dag.py:3823} INFO - Setting next_dagrun for dataset_consumes_1_never_scheduled to None, run_after=None
[2025-06-17T12:51:03.039+0530] {logging_mixin.py:188} INFO - [2025-06-17T12:51:03.039+0530] {dag.py:3823} INFO - Setting next_dagrun for dataset_consumes_unknown_never_scheduled to None, run_after=None
[2025-06-17T12:51:03.040+0530] {logging_mixin.py:188} INFO - [2025-06-17T12:51:03.040+0530] {dag.py:3823} INFO - Setting next_dagrun for dataset_produces_1 to 2025-06-16 00:00:00+00:00, run_after=2025-06-17 00:00:00+00:00
[2025-06-17T12:51:03.041+0530] {logging_mixin.py:188} INFO - [2025-06-17T12:51:03.041+0530] {dag.py:3823} INFO - Setting next_dagrun for dataset_produces_2 to None, run_after=None
[2025-06-17T12:51:03.068+0530] {processor.py:183} INFO - Processing /home/priya/projects/snowflake_twitter_pipeline/venv/lib/python3.10/site-packages/airflow/example_dags/example_datasets.py took 0.090 seconds
[2025-06-17T12:51:53.273+0530] {processor.py:161} INFO - Started process (PID=2646) to work on /home/priya/projects/snowflake_twitter_pipeline/venv/lib/python3.10/site-packages/airflow/example_dags/example_datasets.py
[2025-06-17T12:51:53.277+0530] {processor.py:830} INFO - Processing file /home/priya/projects/snowflake_twitter_pipeline/venv/lib/python3.10/site-packages/airflow/example_dags/example_datasets.py for tasks to queue
[2025-06-17T12:51:53.277+0530] {logging_mixin.py:188} INFO - [2025-06-17T12:51:53.277+0530] {dagbag.py:538} INFO - Filling up the DagBag from /home/priya/projects/snowflake_twitter_pipeline/venv/lib/python3.10/site-packages/airflow/example_dags/example_datasets.py
[2025-06-17T12:51:53.285+0530] {processor.py:840} INFO - DAG(s) 'dataset_consumes_1', 'dataset_consumes_unknown_never_scheduled', 'dataset_produces_2', 'dataset_consumes_1_and_2', 'dataset_consumes_1_never_scheduled', 'dataset_produces_1' retrieved from /home/priya/projects/snowflake_twitter_pipeline/venv/lib/python3.10/site-packages/airflow/example_dags/example_datasets.py
[2025-06-17T12:51:53.304+0530] {logging_mixin.py:188} INFO - [2025-06-17T12:51:53.304+0530] {dag.py:3036} INFO - Sync 6 DAGs
[2025-06-17T12:51:53.324+0530] {logging_mixin.py:188} INFO - [2025-06-17T12:51:53.323+0530] {dag.py:3823} INFO - Setting next_dagrun for dataset_consumes_1 to None, run_after=None
[2025-06-17T12:51:53.327+0530] {logging_mixin.py:188} INFO - [2025-06-17T12:51:53.327+0530] {dag.py:3823} INFO - Setting next_dagrun for dataset_consumes_1_and_2 to None, run_after=None
[2025-06-17T12:51:53.328+0530] {logging_mixin.py:188} INFO - [2025-06-17T12:51:53.328+0530] {dag.py:3823} INFO - Setting next_dagrun for dataset_consumes_1_never_scheduled to None, run_after=None
[2025-06-17T12:51:53.329+0530] {logging_mixin.py:188} INFO - [2025-06-17T12:51:53.329+0530] {dag.py:3823} INFO - Setting next_dagrun for dataset_consumes_unknown_never_scheduled to None, run_after=None
[2025-06-17T12:51:53.331+0530] {logging_mixin.py:188} INFO - [2025-06-17T12:51:53.331+0530] {dag.py:3823} INFO - Setting next_dagrun for dataset_produces_1 to 2025-06-16 00:00:00+00:00, run_after=2025-06-17 00:00:00+00:00
[2025-06-17T12:51:53.332+0530] {logging_mixin.py:188} INFO - [2025-06-17T12:51:53.332+0530] {dag.py:3823} INFO - Setting next_dagrun for dataset_produces_2 to None, run_after=None
[2025-06-17T12:51:53.361+0530] {processor.py:183} INFO - Processing /home/priya/projects/snowflake_twitter_pipeline/venv/lib/python3.10/site-packages/airflow/example_dags/example_datasets.py took 0.091 seconds
[2025-06-17T12:52:45.144+0530] {processor.py:161} INFO - Started process (PID=2889) to work on /home/priya/projects/snowflake_twitter_pipeline/venv/lib/python3.10/site-packages/airflow/example_dags/example_datasets.py
[2025-06-17T12:52:45.146+0530] {processor.py:830} INFO - Processing file /home/priya/projects/snowflake_twitter_pipeline/venv/lib/python3.10/site-packages/airflow/example_dags/example_datasets.py for tasks to queue
[2025-06-17T12:52:45.147+0530] {logging_mixin.py:188} INFO - [2025-06-17T12:52:45.146+0530] {dagbag.py:538} INFO - Filling up the DagBag from /home/priya/projects/snowflake_twitter_pipeline/venv/lib/python3.10/site-packages/airflow/example_dags/example_datasets.py
[2025-06-17T12:52:45.153+0530] {processor.py:840} INFO - DAG(s) 'dataset_produces_1', 'dataset_consumes_unknown_never_scheduled', 'dataset_produces_2', 'dataset_consumes_1', 'dataset_consumes_1_never_scheduled', 'dataset_consumes_1_and_2' retrieved from /home/priya/projects/snowflake_twitter_pipeline/venv/lib/python3.10/site-packages/airflow/example_dags/example_datasets.py
[2025-06-17T12:52:45.168+0530] {logging_mixin.py:188} INFO - [2025-06-17T12:52:45.168+0530] {dag.py:3036} INFO - Sync 6 DAGs
[2025-06-17T12:52:45.181+0530] {logging_mixin.py:188} INFO - [2025-06-17T12:52:45.180+0530] {dag.py:3823} INFO - Setting next_dagrun for dataset_consumes_1 to None, run_after=None
[2025-06-17T12:52:45.182+0530] {logging_mixin.py:188} INFO - [2025-06-17T12:52:45.182+0530] {dag.py:3823} INFO - Setting next_dagrun for dataset_consumes_1_and_2 to None, run_after=None
[2025-06-17T12:52:45.183+0530] {logging_mixin.py:188} INFO - [2025-06-17T12:52:45.183+0530] {dag.py:3823} INFO - Setting next_dagrun for dataset_consumes_1_never_scheduled to None, run_after=None
[2025-06-17T12:52:45.183+0530] {logging_mixin.py:188} INFO - [2025-06-17T12:52:45.183+0530] {dag.py:3823} INFO - Setting next_dagrun for dataset_consumes_unknown_never_scheduled to None, run_after=None
[2025-06-17T12:52:45.185+0530] {logging_mixin.py:188} INFO - [2025-06-17T12:52:45.185+0530] {dag.py:3823} INFO - Setting next_dagrun for dataset_produces_1 to 2025-06-16 00:00:00+00:00, run_after=2025-06-17 00:00:00+00:00
[2025-06-17T12:52:45.185+0530] {logging_mixin.py:188} INFO - [2025-06-17T12:52:45.185+0530] {dag.py:3823} INFO - Setting next_dagrun for dataset_produces_2 to None, run_after=None
[2025-06-17T12:52:45.205+0530] {processor.py:183} INFO - Processing /home/priya/projects/snowflake_twitter_pipeline/venv/lib/python3.10/site-packages/airflow/example_dags/example_datasets.py took 0.063 seconds
[2025-06-17T12:53:39.192+0530] {processor.py:161} INFO - Started process (PID=3070) to work on /home/priya/projects/snowflake_twitter_pipeline/venv/lib/python3.10/site-packages/airflow/example_dags/example_datasets.py
[2025-06-17T12:53:39.193+0530] {processor.py:830} INFO - Processing file /home/priya/projects/snowflake_twitter_pipeline/venv/lib/python3.10/site-packages/airflow/example_dags/example_datasets.py for tasks to queue
[2025-06-17T12:53:39.194+0530] {logging_mixin.py:188} INFO - [2025-06-17T12:53:39.194+0530] {dagbag.py:538} INFO - Filling up the DagBag from /home/priya/projects/snowflake_twitter_pipeline/venv/lib/python3.10/site-packages/airflow/example_dags/example_datasets.py
[2025-06-17T12:53:39.200+0530] {processor.py:840} INFO - DAG(s) 'dataset_consumes_1', 'dataset_produces_2', 'dataset_produces_1', 'dataset_consumes_unknown_never_scheduled', 'dataset_consumes_1_and_2', 'dataset_consumes_1_never_scheduled' retrieved from /home/priya/projects/snowflake_twitter_pipeline/venv/lib/python3.10/site-packages/airflow/example_dags/example_datasets.py
[2025-06-17T12:53:39.219+0530] {logging_mixin.py:188} INFO - [2025-06-17T12:53:39.219+0530] {dag.py:3036} INFO - Sync 6 DAGs
[2025-06-17T12:53:39.232+0530] {logging_mixin.py:188} INFO - [2025-06-17T12:53:39.231+0530] {dag.py:3823} INFO - Setting next_dagrun for dataset_consumes_1 to None, run_after=None
[2025-06-17T12:53:39.233+0530] {logging_mixin.py:188} INFO - [2025-06-17T12:53:39.233+0530] {dag.py:3823} INFO - Setting next_dagrun for dataset_consumes_1_and_2 to None, run_after=None
[2025-06-17T12:53:39.234+0530] {logging_mixin.py:188} INFO - [2025-06-17T12:53:39.234+0530] {dag.py:3823} INFO - Setting next_dagrun for dataset_consumes_1_never_scheduled to None, run_after=None
[2025-06-17T12:53:39.235+0530] {logging_mixin.py:188} INFO - [2025-06-17T12:53:39.235+0530] {dag.py:3823} INFO - Setting next_dagrun for dataset_consumes_unknown_never_scheduled to None, run_after=None
[2025-06-17T12:53:39.236+0530] {logging_mixin.py:188} INFO - [2025-06-17T12:53:39.236+0530] {dag.py:3823} INFO - Setting next_dagrun for dataset_produces_1 to 2025-06-16 00:00:00+00:00, run_after=2025-06-17 00:00:00+00:00
[2025-06-17T12:53:39.237+0530] {logging_mixin.py:188} INFO - [2025-06-17T12:53:39.237+0530] {dag.py:3823} INFO - Setting next_dagrun for dataset_produces_2 to None, run_after=None
[2025-06-17T12:53:39.266+0530] {processor.py:183} INFO - Processing /home/priya/projects/snowflake_twitter_pipeline/venv/lib/python3.10/site-packages/airflow/example_dags/example_datasets.py took 0.076 seconds
[2025-06-17T12:54:31.422+0530] {processor.py:161} INFO - Started process (PID=3181) to work on /home/priya/projects/snowflake_twitter_pipeline/venv/lib/python3.10/site-packages/airflow/example_dags/example_datasets.py
[2025-06-17T12:54:31.434+0530] {processor.py:830} INFO - Processing file /home/priya/projects/snowflake_twitter_pipeline/venv/lib/python3.10/site-packages/airflow/example_dags/example_datasets.py for tasks to queue
[2025-06-17T12:54:31.437+0530] {logging_mixin.py:188} INFO - [2025-06-17T12:54:31.436+0530] {dagbag.py:538} INFO - Filling up the DagBag from /home/priya/projects/snowflake_twitter_pipeline/venv/lib/python3.10/site-packages/airflow/example_dags/example_datasets.py
[2025-06-17T12:54:31.446+0530] {processor.py:840} INFO - DAG(s) 'dataset_consumes_1_never_scheduled', 'dataset_produces_1', 'dataset_produces_2', 'dataset_consumes_1', 'dataset_consumes_unknown_never_scheduled', 'dataset_consumes_1_and_2' retrieved from /home/priya/projects/snowflake_twitter_pipeline/venv/lib/python3.10/site-packages/airflow/example_dags/example_datasets.py
[2025-06-17T12:54:31.465+0530] {logging_mixin.py:188} INFO - [2025-06-17T12:54:31.465+0530] {dag.py:3036} INFO - Sync 6 DAGs
[2025-06-17T12:54:31.480+0530] {logging_mixin.py:188} INFO - [2025-06-17T12:54:31.480+0530] {dag.py:3823} INFO - Setting next_dagrun for dataset_consumes_1 to None, run_after=None
[2025-06-17T12:54:31.482+0530] {logging_mixin.py:188} INFO - [2025-06-17T12:54:31.482+0530] {dag.py:3823} INFO - Setting next_dagrun for dataset_consumes_1_and_2 to None, run_after=None
[2025-06-17T12:54:31.483+0530] {logging_mixin.py:188} INFO - [2025-06-17T12:54:31.483+0530] {dag.py:3823} INFO - Setting next_dagrun for dataset_consumes_1_never_scheduled to None, run_after=None
[2025-06-17T12:54:31.484+0530] {logging_mixin.py:188} INFO - [2025-06-17T12:54:31.484+0530] {dag.py:3823} INFO - Setting next_dagrun for dataset_consumes_unknown_never_scheduled to None, run_after=None
[2025-06-17T12:54:31.485+0530] {logging_mixin.py:188} INFO - [2025-06-17T12:54:31.485+0530] {dag.py:3823} INFO - Setting next_dagrun for dataset_produces_1 to 2025-06-16 00:00:00+00:00, run_after=2025-06-17 00:00:00+00:00
[2025-06-17T12:54:31.486+0530] {logging_mixin.py:188} INFO - [2025-06-17T12:54:31.486+0530] {dag.py:3823} INFO - Setting next_dagrun for dataset_produces_2 to None, run_after=None
[2025-06-17T12:54:31.508+0530] {processor.py:183} INFO - Processing /home/priya/projects/snowflake_twitter_pipeline/venv/lib/python3.10/site-packages/airflow/example_dags/example_datasets.py took 0.089 seconds
