[2025-06-17T12:43:02.962+0530] {processor.py:161} INFO - Started process (PID=460) to work on /home/priya/projects/snowflake_twitter_pipeline/venv/lib/python3.10/site-packages/airflow/example_dags/example_skip_dag.py
[2025-06-17T12:43:02.963+0530] {processor.py:830} INFO - Processing file /home/priya/projects/snowflake_twitter_pipeline/venv/lib/python3.10/site-packages/airflow/example_dags/example_skip_dag.py for tasks to queue
[2025-06-17T12:43:02.964+0530] {logging_mixin.py:188} INFO - [2025-06-17T12:43:02.964+0530] {dagbag.py:538} INFO - Filling up the DagBag from /home/priya/projects/snowflake_twitter_pipeline/venv/lib/python3.10/site-packages/airflow/example_dags/example_skip_dag.py
[2025-06-17T12:43:03.050+0530] {processor.py:840} INFO - DAG(s) 'example_skip_dag' retrieved from /home/priya/projects/snowflake_twitter_pipeline/venv/lib/python3.10/site-packages/airflow/example_dags/example_skip_dag.py
[2025-06-17T12:43:03.120+0530] {logging_mixin.py:188} INFO - [2025-06-17T12:43:03.120+0530] {override.py:1769} INFO - Created Permission View: can edit on DAG:example_skip_dag
[2025-06-17T12:43:03.131+0530] {logging_mixin.py:188} INFO - [2025-06-17T12:43:03.131+0530] {override.py:1769} INFO - Created Permission View: can delete on DAG:example_skip_dag
[2025-06-17T12:43:03.139+0530] {logging_mixin.py:188} INFO - [2025-06-17T12:43:03.139+0530] {override.py:1769} INFO - Created Permission View: can read on DAG:example_skip_dag
[2025-06-17T12:43:03.139+0530] {logging_mixin.py:188} INFO - [2025-06-17T12:43:03.139+0530] {dag.py:3036} INFO - Sync 1 DAGs
[2025-06-17T12:43:03.145+0530] {logging_mixin.py:188} INFO - [2025-06-17T12:43:03.145+0530] {dag.py:3058} INFO - Creating ORM DAG for example_skip_dag
[2025-06-17T12:43:03.151+0530] {logging_mixin.py:188} INFO - [2025-06-17T12:43:03.151+0530] {dag.py:3823} INFO - Setting next_dagrun for example_skip_dag to 2025-06-16 00:00:00+00:00, run_after=2025-06-17 00:00:00+00:00
[2025-06-17T12:43:03.170+0530] {processor.py:183} INFO - Processing /home/priya/projects/snowflake_twitter_pipeline/venv/lib/python3.10/site-packages/airflow/example_dags/example_skip_dag.py took 0.211 seconds
[2025-06-17T12:44:06.296+0530] {processor.py:161} INFO - Started process (PID=554) to work on /home/priya/projects/snowflake_twitter_pipeline/venv/lib/python3.10/site-packages/airflow/example_dags/example_skip_dag.py
[2025-06-17T12:44:06.305+0530] {processor.py:830} INFO - Processing file /home/priya/projects/snowflake_twitter_pipeline/venv/lib/python3.10/site-packages/airflow/example_dags/example_skip_dag.py for tasks to queue
[2025-06-17T12:44:06.306+0530] {logging_mixin.py:188} INFO - [2025-06-17T12:44:06.306+0530] {dagbag.py:538} INFO - Filling up the DagBag from /home/priya/projects/snowflake_twitter_pipeline/venv/lib/python3.10/site-packages/airflow/example_dags/example_skip_dag.py
[2025-06-17T12:44:06.316+0530] {processor.py:840} INFO - DAG(s) 'example_skip_dag' retrieved from /home/priya/projects/snowflake_twitter_pipeline/venv/lib/python3.10/site-packages/airflow/example_dags/example_skip_dag.py
[2025-06-17T12:44:06.328+0530] {logging_mixin.py:188} INFO - [2025-06-17T12:44:06.327+0530] {dag.py:3036} INFO - Sync 1 DAGs
[2025-06-17T12:44:06.340+0530] {logging_mixin.py:188} INFO - [2025-06-17T12:44:06.340+0530] {dag.py:3823} INFO - Setting next_dagrun for example_skip_dag to 2025-06-16 00:00:00+00:00, run_after=2025-06-17 00:00:00+00:00
[2025-06-17T12:44:06.357+0530] {processor.py:183} INFO - Processing /home/priya/projects/snowflake_twitter_pipeline/venv/lib/python3.10/site-packages/airflow/example_dags/example_skip_dag.py took 0.065 seconds
[2025-06-17T12:46:25.995+0530] {processor.py:161} INFO - Started process (PID=730) to work on /home/priya/projects/snowflake_twitter_pipeline/venv/lib/python3.10/site-packages/airflow/example_dags/example_skip_dag.py
[2025-06-17T12:46:25.996+0530] {processor.py:830} INFO - Processing file /home/priya/projects/snowflake_twitter_pipeline/venv/lib/python3.10/site-packages/airflow/example_dags/example_skip_dag.py for tasks to queue
[2025-06-17T12:46:25.996+0530] {logging_mixin.py:188} INFO - [2025-06-17T12:46:25.996+0530] {dagbag.py:538} INFO - Filling up the DagBag from /home/priya/projects/snowflake_twitter_pipeline/venv/lib/python3.10/site-packages/airflow/example_dags/example_skip_dag.py
[2025-06-17T12:46:26.076+0530] {processor.py:840} INFO - DAG(s) 'example_skip_dag' retrieved from /home/priya/projects/snowflake_twitter_pipeline/venv/lib/python3.10/site-packages/airflow/example_dags/example_skip_dag.py
[2025-06-17T12:46:26.086+0530] {logging_mixin.py:188} INFO - [2025-06-17T12:46:26.086+0530] {dag.py:3036} INFO - Sync 1 DAGs
[2025-06-17T12:46:26.097+0530] {logging_mixin.py:188} INFO - [2025-06-17T12:46:26.097+0530] {dag.py:3823} INFO - Setting next_dagrun for example_skip_dag to 2025-06-16 00:00:00+00:00, run_after=2025-06-17 00:00:00+00:00
[2025-06-17T12:46:26.113+0530] {processor.py:183} INFO - Processing /home/priya/projects/snowflake_twitter_pipeline/venv/lib/python3.10/site-packages/airflow/example_dags/example_skip_dag.py took 0.121 seconds
[2025-06-17T12:47:26.916+0530] {processor.py:161} INFO - Started process (PID=1433) to work on /home/priya/projects/snowflake_twitter_pipeline/venv/lib/python3.10/site-packages/airflow/example_dags/example_skip_dag.py
[2025-06-17T12:47:26.917+0530] {processor.py:830} INFO - Processing file /home/priya/projects/snowflake_twitter_pipeline/venv/lib/python3.10/site-packages/airflow/example_dags/example_skip_dag.py for tasks to queue
[2025-06-17T12:47:26.918+0530] {logging_mixin.py:188} INFO - [2025-06-17T12:47:26.917+0530] {dagbag.py:538} INFO - Filling up the DagBag from /home/priya/projects/snowflake_twitter_pipeline/venv/lib/python3.10/site-packages/airflow/example_dags/example_skip_dag.py
[2025-06-17T12:47:26.922+0530] {processor.py:840} INFO - DAG(s) 'example_skip_dag' retrieved from /home/priya/projects/snowflake_twitter_pipeline/venv/lib/python3.10/site-packages/airflow/example_dags/example_skip_dag.py
[2025-06-17T12:47:26.934+0530] {logging_mixin.py:188} INFO - [2025-06-17T12:47:26.934+0530] {dag.py:3036} INFO - Sync 1 DAGs
[2025-06-17T12:47:26.946+0530] {logging_mixin.py:188} INFO - [2025-06-17T12:47:26.946+0530] {dag.py:3823} INFO - Setting next_dagrun for example_skip_dag to 2025-06-16 00:00:00+00:00, run_after=2025-06-17 00:00:00+00:00
[2025-06-17T12:47:26.962+0530] {processor.py:183} INFO - Processing /home/priya/projects/snowflake_twitter_pipeline/venv/lib/python3.10/site-packages/airflow/example_dags/example_skip_dag.py took 0.048 seconds
[2025-06-17T12:48:14.639+0530] {processor.py:161} INFO - Started process (PID=1646) to work on /home/priya/projects/snowflake_twitter_pipeline/venv/lib/python3.10/site-packages/airflow/example_dags/example_skip_dag.py
[2025-06-17T12:48:14.642+0530] {processor.py:830} INFO - Processing file /home/priya/projects/snowflake_twitter_pipeline/venv/lib/python3.10/site-packages/airflow/example_dags/example_skip_dag.py for tasks to queue
[2025-06-17T12:48:14.643+0530] {logging_mixin.py:188} INFO - [2025-06-17T12:48:14.642+0530] {dagbag.py:538} INFO - Filling up the DagBag from /home/priya/projects/snowflake_twitter_pipeline/venv/lib/python3.10/site-packages/airflow/example_dags/example_skip_dag.py
[2025-06-17T12:48:14.651+0530] {processor.py:840} INFO - DAG(s) 'example_skip_dag' retrieved from /home/priya/projects/snowflake_twitter_pipeline/venv/lib/python3.10/site-packages/airflow/example_dags/example_skip_dag.py
[2025-06-17T12:48:14.662+0530] {logging_mixin.py:188} INFO - [2025-06-17T12:48:14.662+0530] {dag.py:3036} INFO - Sync 1 DAGs
[2025-06-17T12:48:14.674+0530] {logging_mixin.py:188} INFO - [2025-06-17T12:48:14.674+0530] {dag.py:3823} INFO - Setting next_dagrun for example_skip_dag to 2025-06-16 00:00:00+00:00, run_after=2025-06-17 00:00:00+00:00
[2025-06-17T12:48:14.694+0530] {processor.py:183} INFO - Processing /home/priya/projects/snowflake_twitter_pipeline/venv/lib/python3.10/site-packages/airflow/example_dags/example_skip_dag.py took 0.059 seconds
[2025-06-17T12:49:06.118+0530] {processor.py:161} INFO - Started process (PID=1877) to work on /home/priya/projects/snowflake_twitter_pipeline/venv/lib/python3.10/site-packages/airflow/example_dags/example_skip_dag.py
[2025-06-17T12:49:06.120+0530] {processor.py:830} INFO - Processing file /home/priya/projects/snowflake_twitter_pipeline/venv/lib/python3.10/site-packages/airflow/example_dags/example_skip_dag.py for tasks to queue
[2025-06-17T12:49:06.121+0530] {logging_mixin.py:188} INFO - [2025-06-17T12:49:06.121+0530] {dagbag.py:538} INFO - Filling up the DagBag from /home/priya/projects/snowflake_twitter_pipeline/venv/lib/python3.10/site-packages/airflow/example_dags/example_skip_dag.py
[2025-06-17T12:49:06.130+0530] {processor.py:840} INFO - DAG(s) 'example_skip_dag' retrieved from /home/priya/projects/snowflake_twitter_pipeline/venv/lib/python3.10/site-packages/airflow/example_dags/example_skip_dag.py
[2025-06-17T12:49:06.147+0530] {logging_mixin.py:188} INFO - [2025-06-17T12:49:06.147+0530] {dag.py:3036} INFO - Sync 1 DAGs
[2025-06-17T12:49:06.167+0530] {logging_mixin.py:188} INFO - [2025-06-17T12:49:06.167+0530] {dag.py:3823} INFO - Setting next_dagrun for example_skip_dag to 2025-06-16 00:00:00+00:00, run_after=2025-06-17 00:00:00+00:00
[2025-06-17T12:49:06.189+0530] {processor.py:183} INFO - Processing /home/priya/projects/snowflake_twitter_pipeline/venv/lib/python3.10/site-packages/airflow/example_dags/example_skip_dag.py took 0.074 seconds
[2025-06-17T12:49:53.542+0530] {processor.py:161} INFO - Started process (PID=2105) to work on /home/priya/projects/snowflake_twitter_pipeline/venv/lib/python3.10/site-packages/airflow/example_dags/example_skip_dag.py
[2025-06-17T12:49:53.543+0530] {processor.py:830} INFO - Processing file /home/priya/projects/snowflake_twitter_pipeline/venv/lib/python3.10/site-packages/airflow/example_dags/example_skip_dag.py for tasks to queue
[2025-06-17T12:49:53.544+0530] {logging_mixin.py:188} INFO - [2025-06-17T12:49:53.544+0530] {dagbag.py:538} INFO - Filling up the DagBag from /home/priya/projects/snowflake_twitter_pipeline/venv/lib/python3.10/site-packages/airflow/example_dags/example_skip_dag.py
[2025-06-17T12:49:53.550+0530] {processor.py:840} INFO - DAG(s) 'example_skip_dag' retrieved from /home/priya/projects/snowflake_twitter_pipeline/venv/lib/python3.10/site-packages/airflow/example_dags/example_skip_dag.py
[2025-06-17T12:49:53.561+0530] {logging_mixin.py:188} INFO - [2025-06-17T12:49:53.561+0530] {dag.py:3036} INFO - Sync 1 DAGs
[2025-06-17T12:49:53.577+0530] {logging_mixin.py:188} INFO - [2025-06-17T12:49:53.577+0530] {dag.py:3823} INFO - Setting next_dagrun for example_skip_dag to 2025-06-16 00:00:00+00:00, run_after=2025-06-17 00:00:00+00:00
[2025-06-17T12:49:53.597+0530] {processor.py:183} INFO - Processing /home/priya/projects/snowflake_twitter_pipeline/venv/lib/python3.10/site-packages/airflow/example_dags/example_skip_dag.py took 0.057 seconds
[2025-06-17T12:50:43.907+0530] {processor.py:161} INFO - Started process (PID=2331) to work on /home/priya/projects/snowflake_twitter_pipeline/venv/lib/python3.10/site-packages/airflow/example_dags/example_skip_dag.py
[2025-06-17T12:50:43.909+0530] {processor.py:830} INFO - Processing file /home/priya/projects/snowflake_twitter_pipeline/venv/lib/python3.10/site-packages/airflow/example_dags/example_skip_dag.py for tasks to queue
[2025-06-17T12:50:43.910+0530] {logging_mixin.py:188} INFO - [2025-06-17T12:50:43.909+0530] {dagbag.py:538} INFO - Filling up the DagBag from /home/priya/projects/snowflake_twitter_pipeline/venv/lib/python3.10/site-packages/airflow/example_dags/example_skip_dag.py
[2025-06-17T12:50:43.915+0530] {processor.py:840} INFO - DAG(s) 'example_skip_dag' retrieved from /home/priya/projects/snowflake_twitter_pipeline/venv/lib/python3.10/site-packages/airflow/example_dags/example_skip_dag.py
[2025-06-17T12:50:43.926+0530] {logging_mixin.py:188} INFO - [2025-06-17T12:50:43.926+0530] {dag.py:3036} INFO - Sync 1 DAGs
[2025-06-17T12:50:43.940+0530] {logging_mixin.py:188} INFO - [2025-06-17T12:50:43.939+0530] {dag.py:3823} INFO - Setting next_dagrun for example_skip_dag to 2025-06-16 00:00:00+00:00, run_after=2025-06-17 00:00:00+00:00
[2025-06-17T12:50:43.959+0530] {processor.py:183} INFO - Processing /home/priya/projects/snowflake_twitter_pipeline/venv/lib/python3.10/site-packages/airflow/example_dags/example_skip_dag.py took 0.054 seconds
[2025-06-17T12:51:33.838+0530] {processor.py:161} INFO - Started process (PID=2562) to work on /home/priya/projects/snowflake_twitter_pipeline/venv/lib/python3.10/site-packages/airflow/example_dags/example_skip_dag.py
[2025-06-17T12:51:33.840+0530] {processor.py:830} INFO - Processing file /home/priya/projects/snowflake_twitter_pipeline/venv/lib/python3.10/site-packages/airflow/example_dags/example_skip_dag.py for tasks to queue
[2025-06-17T12:51:33.840+0530] {logging_mixin.py:188} INFO - [2025-06-17T12:51:33.840+0530] {dagbag.py:538} INFO - Filling up the DagBag from /home/priya/projects/snowflake_twitter_pipeline/venv/lib/python3.10/site-packages/airflow/example_dags/example_skip_dag.py
[2025-06-17T12:51:33.846+0530] {processor.py:840} INFO - DAG(s) 'example_skip_dag' retrieved from /home/priya/projects/snowflake_twitter_pipeline/venv/lib/python3.10/site-packages/airflow/example_dags/example_skip_dag.py
[2025-06-17T12:51:33.857+0530] {logging_mixin.py:188} INFO - [2025-06-17T12:51:33.857+0530] {dag.py:3036} INFO - Sync 1 DAGs
[2025-06-17T12:51:33.869+0530] {logging_mixin.py:188} INFO - [2025-06-17T12:51:33.869+0530] {dag.py:3823} INFO - Setting next_dagrun for example_skip_dag to 2025-06-16 00:00:00+00:00, run_after=2025-06-17 00:00:00+00:00
[2025-06-17T12:51:33.887+0530] {processor.py:183} INFO - Processing /home/priya/projects/snowflake_twitter_pipeline/venv/lib/python3.10/site-packages/airflow/example_dags/example_skip_dag.py took 0.050 seconds
[2025-06-17T12:52:25.469+0530] {processor.py:161} INFO - Started process (PID=2790) to work on /home/priya/projects/snowflake_twitter_pipeline/venv/lib/python3.10/site-packages/airflow/example_dags/example_skip_dag.py
[2025-06-17T12:52:25.471+0530] {processor.py:830} INFO - Processing file /home/priya/projects/snowflake_twitter_pipeline/venv/lib/python3.10/site-packages/airflow/example_dags/example_skip_dag.py for tasks to queue
[2025-06-17T12:52:25.471+0530] {logging_mixin.py:188} INFO - [2025-06-17T12:52:25.471+0530] {dagbag.py:538} INFO - Filling up the DagBag from /home/priya/projects/snowflake_twitter_pipeline/venv/lib/python3.10/site-packages/airflow/example_dags/example_skip_dag.py
[2025-06-17T12:52:25.477+0530] {processor.py:840} INFO - DAG(s) 'example_skip_dag' retrieved from /home/priya/projects/snowflake_twitter_pipeline/venv/lib/python3.10/site-packages/airflow/example_dags/example_skip_dag.py
[2025-06-17T12:52:25.488+0530] {logging_mixin.py:188} INFO - [2025-06-17T12:52:25.487+0530] {dag.py:3036} INFO - Sync 1 DAGs
[2025-06-17T12:52:25.500+0530] {logging_mixin.py:188} INFO - [2025-06-17T12:52:25.500+0530] {dag.py:3823} INFO - Setting next_dagrun for example_skip_dag to 2025-06-16 00:00:00+00:00, run_after=2025-06-17 00:00:00+00:00
[2025-06-17T12:52:25.519+0530] {processor.py:183} INFO - Processing /home/priya/projects/snowflake_twitter_pipeline/venv/lib/python3.10/site-packages/airflow/example_dags/example_skip_dag.py took 0.053 seconds
[2025-06-17T12:53:18.605+0530] {processor.py:161} INFO - Started process (PID=3039) to work on /home/priya/projects/snowflake_twitter_pipeline/venv/lib/python3.10/site-packages/airflow/example_dags/example_skip_dag.py
[2025-06-17T12:53:18.607+0530] {processor.py:830} INFO - Processing file /home/priya/projects/snowflake_twitter_pipeline/venv/lib/python3.10/site-packages/airflow/example_dags/example_skip_dag.py for tasks to queue
[2025-06-17T12:53:18.607+0530] {logging_mixin.py:188} INFO - [2025-06-17T12:53:18.607+0530] {dagbag.py:538} INFO - Filling up the DagBag from /home/priya/projects/snowflake_twitter_pipeline/venv/lib/python3.10/site-packages/airflow/example_dags/example_skip_dag.py
[2025-06-17T12:53:18.615+0530] {processor.py:840} INFO - DAG(s) 'example_skip_dag' retrieved from /home/priya/projects/snowflake_twitter_pipeline/venv/lib/python3.10/site-packages/airflow/example_dags/example_skip_dag.py
[2025-06-17T12:53:18.628+0530] {logging_mixin.py:188} INFO - [2025-06-17T12:53:18.627+0530] {dag.py:3036} INFO - Sync 1 DAGs
[2025-06-17T12:53:18.642+0530] {logging_mixin.py:188} INFO - [2025-06-17T12:53:18.642+0530] {dag.py:3823} INFO - Setting next_dagrun for example_skip_dag to 2025-06-16 00:00:00+00:00, run_after=2025-06-17 00:00:00+00:00
[2025-06-17T12:53:18.664+0530] {processor.py:183} INFO - Processing /home/priya/projects/snowflake_twitter_pipeline/venv/lib/python3.10/site-packages/airflow/example_dags/example_skip_dag.py took 0.062 seconds
[2025-06-17T12:54:10.157+0530] {processor.py:161} INFO - Started process (PID=3127) to work on /home/priya/projects/snowflake_twitter_pipeline/venv/lib/python3.10/site-packages/airflow/example_dags/example_skip_dag.py
[2025-06-17T12:54:10.159+0530] {processor.py:830} INFO - Processing file /home/priya/projects/snowflake_twitter_pipeline/venv/lib/python3.10/site-packages/airflow/example_dags/example_skip_dag.py for tasks to queue
[2025-06-17T12:54:10.160+0530] {logging_mixin.py:188} INFO - [2025-06-17T12:54:10.160+0530] {dagbag.py:538} INFO - Filling up the DagBag from /home/priya/projects/snowflake_twitter_pipeline/venv/lib/python3.10/site-packages/airflow/example_dags/example_skip_dag.py
[2025-06-17T12:54:10.168+0530] {processor.py:840} INFO - DAG(s) 'example_skip_dag' retrieved from /home/priya/projects/snowflake_twitter_pipeline/venv/lib/python3.10/site-packages/airflow/example_dags/example_skip_dag.py
[2025-06-17T12:54:10.181+0530] {logging_mixin.py:188} INFO - [2025-06-17T12:54:10.181+0530] {dag.py:3036} INFO - Sync 1 DAGs
[2025-06-17T12:54:10.197+0530] {logging_mixin.py:188} INFO - [2025-06-17T12:54:10.197+0530] {dag.py:3823} INFO - Setting next_dagrun for example_skip_dag to 2025-06-16 00:00:00+00:00, run_after=2025-06-17 00:00:00+00:00
[2025-06-17T12:54:10.218+0530] {processor.py:183} INFO - Processing /home/priya/projects/snowflake_twitter_pipeline/venv/lib/python3.10/site-packages/airflow/example_dags/example_skip_dag.py took 0.064 seconds
[2025-06-17T12:55:04.978+0530] {processor.py:161} INFO - Started process (PID=3333) to work on /home/priya/projects/snowflake_twitter_pipeline/venv/lib/python3.10/site-packages/airflow/example_dags/example_skip_dag.py
[2025-06-17T12:55:04.981+0530] {processor.py:830} INFO - Processing file /home/priya/projects/snowflake_twitter_pipeline/venv/lib/python3.10/site-packages/airflow/example_dags/example_skip_dag.py for tasks to queue
[2025-06-17T12:55:04.982+0530] {logging_mixin.py:188} INFO - [2025-06-17T12:55:04.982+0530] {dagbag.py:538} INFO - Filling up the DagBag from /home/priya/projects/snowflake_twitter_pipeline/venv/lib/python3.10/site-packages/airflow/example_dags/example_skip_dag.py
[2025-06-17T12:55:04.991+0530] {processor.py:840} INFO - DAG(s) 'example_skip_dag' retrieved from /home/priya/projects/snowflake_twitter_pipeline/venv/lib/python3.10/site-packages/airflow/example_dags/example_skip_dag.py
[2025-06-17T12:55:05.003+0530] {logging_mixin.py:188} INFO - [2025-06-17T12:55:05.003+0530] {dag.py:3036} INFO - Sync 1 DAGs
[2025-06-17T12:55:05.016+0530] {logging_mixin.py:188} INFO - [2025-06-17T12:55:05.016+0530] {dag.py:3823} INFO - Setting next_dagrun for example_skip_dag to 2025-06-16 00:00:00+00:00, run_after=2025-06-17 00:00:00+00:00
[2025-06-17T12:55:05.079+0530] {processor.py:183} INFO - Processing /home/priya/projects/snowflake_twitter_pipeline/venv/lib/python3.10/site-packages/airflow/example_dags/example_skip_dag.py took 0.105 seconds
