[2025-06-17T12:42:31.271+0530] {processor.py:161} INFO - Started process (PID=433) to work on /home/priya/projects/snowflake_twitter_pipeline/venv/lib/python3.10/site-packages/airflow/example_dags/example_complex.py
[2025-06-17T12:42:31.272+0530] {processor.py:830} INFO - Processing file /home/priya/projects/snowflake_twitter_pipeline/venv/lib/python3.10/site-packages/airflow/example_dags/example_complex.py for tasks to queue
[2025-06-17T12:42:31.273+0530] {logging_mixin.py:188} INFO - [2025-06-17T12:42:31.272+0530] {dagbag.py:538} INFO - Filling up the DagBag from /home/priya/projects/snowflake_twitter_pipeline/venv/lib/python3.10/site-packages/airflow/example_dags/example_complex.py
[2025-06-17T12:42:31.281+0530] {processor.py:840} INFO - DAG(s) 'example_complex' retrieved from /home/priya/projects/snowflake_twitter_pipeline/venv/lib/python3.10/site-packages/airflow/example_dags/example_complex.py
[2025-06-17T12:42:31.420+0530] {logging_mixin.py:188} INFO - [2025-06-17T12:42:31.420+0530] {override.py:1769} INFO - Created Permission View: can edit on DAG:example_complex
[2025-06-17T12:42:31.428+0530] {logging_mixin.py:188} INFO - [2025-06-17T12:42:31.428+0530] {override.py:1769} INFO - Created Permission View: can delete on DAG:example_complex
[2025-06-17T12:42:31.435+0530] {logging_mixin.py:188} INFO - [2025-06-17T12:42:31.435+0530] {override.py:1769} INFO - Created Permission View: can read on DAG:example_complex
[2025-06-17T12:42:31.435+0530] {logging_mixin.py:188} INFO - [2025-06-17T12:42:31.435+0530] {dag.py:3036} INFO - Sync 1 DAGs
[2025-06-17T12:42:31.440+0530] {logging_mixin.py:188} INFO - [2025-06-17T12:42:31.440+0530] {dag.py:3058} INFO - Creating ORM DAG for example_complex
[2025-06-17T12:42:31.440+0530] {logging_mixin.py:188} INFO - [2025-06-17T12:42:31.440+0530] {dag.py:3823} INFO - Setting next_dagrun for example_complex to None, run_after=None
[2025-06-17T12:42:31.455+0530] {processor.py:183} INFO - Processing /home/priya/projects/snowflake_twitter_pipeline/venv/lib/python3.10/site-packages/airflow/example_dags/example_complex.py took 0.186 seconds
[2025-06-17T12:43:24.594+0530] {processor.py:161} INFO - Started process (PID=497) to work on /home/priya/projects/snowflake_twitter_pipeline/venv/lib/python3.10/site-packages/airflow/example_dags/example_complex.py
[2025-06-17T12:43:24.603+0530] {processor.py:830} INFO - Processing file /home/priya/projects/snowflake_twitter_pipeline/venv/lib/python3.10/site-packages/airflow/example_dags/example_complex.py for tasks to queue
[2025-06-17T12:43:24.605+0530] {logging_mixin.py:188} INFO - [2025-06-17T12:43:24.604+0530] {dagbag.py:538} INFO - Filling up the DagBag from /home/priya/projects/snowflake_twitter_pipeline/venv/lib/python3.10/site-packages/airflow/example_dags/example_complex.py
[2025-06-17T12:43:24.612+0530] {processor.py:840} INFO - DAG(s) 'example_complex' retrieved from /home/priya/projects/snowflake_twitter_pipeline/venv/lib/python3.10/site-packages/airflow/example_dags/example_complex.py
[2025-06-17T12:43:24.627+0530] {logging_mixin.py:188} INFO - [2025-06-17T12:43:24.627+0530] {dag.py:3036} INFO - Sync 1 DAGs
[2025-06-17T12:43:24.634+0530] {logging_mixin.py:188} INFO - [2025-06-17T12:43:24.633+0530] {dag.py:3823} INFO - Setting next_dagrun for example_complex to None, run_after=None
[2025-06-17T12:43:24.651+0530] {processor.py:183} INFO - Processing /home/priya/projects/snowflake_twitter_pipeline/venv/lib/python3.10/site-packages/airflow/example_dags/example_complex.py took 0.060 seconds
[2025-06-17T12:44:13.092+0530] {processor.py:161} INFO - Started process (PID=561) to work on /home/priya/projects/snowflake_twitter_pipeline/venv/lib/python3.10/site-packages/airflow/example_dags/example_complex.py
[2025-06-17T12:44:13.094+0530] {processor.py:830} INFO - Processing file /home/priya/projects/snowflake_twitter_pipeline/venv/lib/python3.10/site-packages/airflow/example_dags/example_complex.py for tasks to queue
[2025-06-17T12:44:13.095+0530] {logging_mixin.py:188} INFO - [2025-06-17T12:44:13.095+0530] {dagbag.py:538} INFO - Filling up the DagBag from /home/priya/projects/snowflake_twitter_pipeline/venv/lib/python3.10/site-packages/airflow/example_dags/example_complex.py
[2025-06-17T12:44:13.104+0530] {processor.py:840} INFO - DAG(s) 'example_complex' retrieved from /home/priya/projects/snowflake_twitter_pipeline/venv/lib/python3.10/site-packages/airflow/example_dags/example_complex.py
[2025-06-17T12:44:13.121+0530] {logging_mixin.py:188} INFO - [2025-06-17T12:44:13.121+0530] {dag.py:3036} INFO - Sync 1 DAGs
[2025-06-17T12:44:13.128+0530] {logging_mixin.py:188} INFO - [2025-06-17T12:44:13.128+0530] {dag.py:3823} INFO - Setting next_dagrun for example_complex to None, run_after=None
[2025-06-17T12:44:13.145+0530] {processor.py:183} INFO - Processing /home/priya/projects/snowflake_twitter_pipeline/venv/lib/python3.10/site-packages/airflow/example_dags/example_complex.py took 0.057 seconds
[2025-06-17T12:45:57.008+0530] {processor.py:161} INFO - Started process (PID=661) to work on /home/priya/projects/snowflake_twitter_pipeline/venv/lib/python3.10/site-packages/airflow/example_dags/example_complex.py
[2025-06-17T12:45:57.017+0530] {processor.py:830} INFO - Processing file /home/priya/projects/snowflake_twitter_pipeline/venv/lib/python3.10/site-packages/airflow/example_dags/example_complex.py for tasks to queue
[2025-06-17T12:45:57.017+0530] {logging_mixin.py:188} INFO - [2025-06-17T12:45:57.017+0530] {dagbag.py:538} INFO - Filling up the DagBag from /home/priya/projects/snowflake_twitter_pipeline/venv/lib/python3.10/site-packages/airflow/example_dags/example_complex.py
[2025-06-17T12:45:57.026+0530] {processor.py:840} INFO - DAG(s) 'example_complex' retrieved from /home/priya/projects/snowflake_twitter_pipeline/venv/lib/python3.10/site-packages/airflow/example_dags/example_complex.py
[2025-06-17T12:45:57.044+0530] {logging_mixin.py:188} INFO - [2025-06-17T12:45:57.044+0530] {dag.py:3036} INFO - Sync 1 DAGs
[2025-06-17T12:45:57.052+0530] {logging_mixin.py:188} INFO - [2025-06-17T12:45:57.051+0530] {dag.py:3823} INFO - Setting next_dagrun for example_complex to None, run_after=None
[2025-06-17T12:45:57.069+0530] {processor.py:183} INFO - Processing /home/priya/projects/snowflake_twitter_pipeline/venv/lib/python3.10/site-packages/airflow/example_dags/example_complex.py took 0.063 seconds
[2025-06-17T12:46:49.517+0530] {processor.py:161} INFO - Started process (PID=1271) to work on /home/priya/projects/snowflake_twitter_pipeline/venv/lib/python3.10/site-packages/airflow/example_dags/example_complex.py
[2025-06-17T12:46:49.519+0530] {processor.py:830} INFO - Processing file /home/priya/projects/snowflake_twitter_pipeline/venv/lib/python3.10/site-packages/airflow/example_dags/example_complex.py for tasks to queue
[2025-06-17T12:46:49.520+0530] {logging_mixin.py:188} INFO - [2025-06-17T12:46:49.520+0530] {dagbag.py:538} INFO - Filling up the DagBag from /home/priya/projects/snowflake_twitter_pipeline/venv/lib/python3.10/site-packages/airflow/example_dags/example_complex.py
[2025-06-17T12:46:49.530+0530] {processor.py:840} INFO - DAG(s) 'example_complex' retrieved from /home/priya/projects/snowflake_twitter_pipeline/venv/lib/python3.10/site-packages/airflow/example_dags/example_complex.py
[2025-06-17T12:46:49.549+0530] {logging_mixin.py:188} INFO - [2025-06-17T12:46:49.549+0530] {dag.py:3036} INFO - Sync 1 DAGs
[2025-06-17T12:46:49.558+0530] {logging_mixin.py:188} INFO - [2025-06-17T12:46:49.557+0530] {dag.py:3823} INFO - Setting next_dagrun for example_complex to None, run_after=None
[2025-06-17T12:46:49.581+0530] {processor.py:183} INFO - Processing /home/priya/projects/snowflake_twitter_pipeline/venv/lib/python3.10/site-packages/airflow/example_dags/example_complex.py took 0.067 seconds
[2025-06-17T12:47:37.010+0530] {processor.py:161} INFO - Started process (PID=1475) to work on /home/priya/projects/snowflake_twitter_pipeline/venv/lib/python3.10/site-packages/airflow/example_dags/example_complex.py
[2025-06-17T12:47:37.011+0530] {processor.py:830} INFO - Processing file /home/priya/projects/snowflake_twitter_pipeline/venv/lib/python3.10/site-packages/airflow/example_dags/example_complex.py for tasks to queue
[2025-06-17T12:47:37.012+0530] {logging_mixin.py:188} INFO - [2025-06-17T12:47:37.012+0530] {dagbag.py:538} INFO - Filling up the DagBag from /home/priya/projects/snowflake_twitter_pipeline/venv/lib/python3.10/site-packages/airflow/example_dags/example_complex.py
[2025-06-17T12:47:37.018+0530] {processor.py:840} INFO - DAG(s) 'example_complex' retrieved from /home/priya/projects/snowflake_twitter_pipeline/venv/lib/python3.10/site-packages/airflow/example_dags/example_complex.py
[2025-06-17T12:47:37.033+0530] {logging_mixin.py:188} INFO - [2025-06-17T12:47:37.033+0530] {dag.py:3036} INFO - Sync 1 DAGs
[2025-06-17T12:47:37.040+0530] {logging_mixin.py:188} INFO - [2025-06-17T12:47:37.039+0530] {dag.py:3823} INFO - Setting next_dagrun for example_complex to None, run_after=None
[2025-06-17T12:47:37.057+0530] {processor.py:183} INFO - Processing /home/priya/projects/snowflake_twitter_pipeline/venv/lib/python3.10/site-packages/airflow/example_dags/example_complex.py took 0.049 seconds
[2025-06-17T12:48:23.188+0530] {processor.py:161} INFO - Started process (PID=1678) to work on /home/priya/projects/snowflake_twitter_pipeline/venv/lib/python3.10/site-packages/airflow/example_dags/example_complex.py
[2025-06-17T12:48:23.190+0530] {processor.py:830} INFO - Processing file /home/priya/projects/snowflake_twitter_pipeline/venv/lib/python3.10/site-packages/airflow/example_dags/example_complex.py for tasks to queue
[2025-06-17T12:48:23.191+0530] {logging_mixin.py:188} INFO - [2025-06-17T12:48:23.190+0530] {dagbag.py:538} INFO - Filling up the DagBag from /home/priya/projects/snowflake_twitter_pipeline/venv/lib/python3.10/site-packages/airflow/example_dags/example_complex.py
[2025-06-17T12:48:23.198+0530] {processor.py:840} INFO - DAG(s) 'example_complex' retrieved from /home/priya/projects/snowflake_twitter_pipeline/venv/lib/python3.10/site-packages/airflow/example_dags/example_complex.py
[2025-06-17T12:48:23.216+0530] {logging_mixin.py:188} INFO - [2025-06-17T12:48:23.216+0530] {dag.py:3036} INFO - Sync 1 DAGs
[2025-06-17T12:48:23.225+0530] {logging_mixin.py:188} INFO - [2025-06-17T12:48:23.225+0530] {dag.py:3823} INFO - Setting next_dagrun for example_complex to None, run_after=None
[2025-06-17T12:48:23.245+0530] {processor.py:183} INFO - Processing /home/priya/projects/snowflake_twitter_pipeline/venv/lib/python3.10/site-packages/airflow/example_dags/example_complex.py took 0.060 seconds
[2025-06-17T12:49:16.256+0530] {processor.py:161} INFO - Started process (PID=1933) to work on /home/priya/projects/snowflake_twitter_pipeline/venv/lib/python3.10/site-packages/airflow/example_dags/example_complex.py
[2025-06-17T12:49:16.257+0530] {processor.py:830} INFO - Processing file /home/priya/projects/snowflake_twitter_pipeline/venv/lib/python3.10/site-packages/airflow/example_dags/example_complex.py for tasks to queue
[2025-06-17T12:49:16.258+0530] {logging_mixin.py:188} INFO - [2025-06-17T12:49:16.257+0530] {dagbag.py:538} INFO - Filling up the DagBag from /home/priya/projects/snowflake_twitter_pipeline/venv/lib/python3.10/site-packages/airflow/example_dags/example_complex.py
[2025-06-17T12:49:16.264+0530] {processor.py:840} INFO - DAG(s) 'example_complex' retrieved from /home/priya/projects/snowflake_twitter_pipeline/venv/lib/python3.10/site-packages/airflow/example_dags/example_complex.py
[2025-06-17T12:49:16.292+0530] {logging_mixin.py:188} INFO - [2025-06-17T12:49:16.291+0530] {dag.py:3036} INFO - Sync 1 DAGs
[2025-06-17T12:49:16.303+0530] {logging_mixin.py:188} INFO - [2025-06-17T12:49:16.303+0530] {dag.py:3823} INFO - Setting next_dagrun for example_complex to None, run_after=None
[2025-06-17T12:49:16.325+0530] {processor.py:183} INFO - Processing /home/priya/projects/snowflake_twitter_pipeline/venv/lib/python3.10/site-packages/airflow/example_dags/example_complex.py took 0.072 seconds
[2025-06-17T12:50:01.723+0530] {processor.py:161} INFO - Started process (PID=2137) to work on /home/priya/projects/snowflake_twitter_pipeline/venv/lib/python3.10/site-packages/airflow/example_dags/example_complex.py
[2025-06-17T12:50:01.725+0530] {processor.py:830} INFO - Processing file /home/priya/projects/snowflake_twitter_pipeline/venv/lib/python3.10/site-packages/airflow/example_dags/example_complex.py for tasks to queue
[2025-06-17T12:50:01.726+0530] {logging_mixin.py:188} INFO - [2025-06-17T12:50:01.726+0530] {dagbag.py:538} INFO - Filling up the DagBag from /home/priya/projects/snowflake_twitter_pipeline/venv/lib/python3.10/site-packages/airflow/example_dags/example_complex.py
[2025-06-17T12:50:01.733+0530] {processor.py:840} INFO - DAG(s) 'example_complex' retrieved from /home/priya/projects/snowflake_twitter_pipeline/venv/lib/python3.10/site-packages/airflow/example_dags/example_complex.py
[2025-06-17T12:50:01.749+0530] {logging_mixin.py:188} INFO - [2025-06-17T12:50:01.749+0530] {dag.py:3036} INFO - Sync 1 DAGs
[2025-06-17T12:50:01.756+0530] {logging_mixin.py:188} INFO - [2025-06-17T12:50:01.756+0530] {dag.py:3823} INFO - Setting next_dagrun for example_complex to None, run_after=None
[2025-06-17T12:50:01.773+0530] {processor.py:183} INFO - Processing /home/priya/projects/snowflake_twitter_pipeline/venv/lib/python3.10/site-packages/airflow/example_dags/example_complex.py took 0.054 seconds
[2025-06-17T12:50:40.894+0530] {processor.py:161} INFO - Started process (PID=2312) to work on /home/priya/projects/snowflake_twitter_pipeline/venv/lib/python3.10/site-packages/airflow/example_dags/example_complex.py
[2025-06-17T12:50:40.896+0530] {processor.py:830} INFO - Processing file /home/priya/projects/snowflake_twitter_pipeline/venv/lib/python3.10/site-packages/airflow/example_dags/example_complex.py for tasks to queue
[2025-06-17T12:50:40.897+0530] {logging_mixin.py:188} INFO - [2025-06-17T12:50:40.896+0530] {dagbag.py:538} INFO - Filling up the DagBag from /home/priya/projects/snowflake_twitter_pipeline/venv/lib/python3.10/site-packages/airflow/example_dags/example_complex.py
[2025-06-17T12:50:40.904+0530] {processor.py:840} INFO - DAG(s) 'example_complex' retrieved from /home/priya/projects/snowflake_twitter_pipeline/venv/lib/python3.10/site-packages/airflow/example_dags/example_complex.py
[2025-06-17T12:50:40.923+0530] {logging_mixin.py:188} INFO - [2025-06-17T12:50:40.923+0530] {dag.py:3036} INFO - Sync 1 DAGs
[2025-06-17T12:50:40.932+0530] {logging_mixin.py:188} INFO - [2025-06-17T12:50:40.932+0530] {dag.py:3823} INFO - Setting next_dagrun for example_complex to None, run_after=None
[2025-06-17T12:50:40.950+0530] {processor.py:183} INFO - Processing /home/priya/projects/snowflake_twitter_pipeline/venv/lib/python3.10/site-packages/airflow/example_dags/example_complex.py took 0.059 seconds
[2025-06-17T12:51:30.181+0530] {processor.py:161} INFO - Started process (PID=2552) to work on /home/priya/projects/snowflake_twitter_pipeline/venv/lib/python3.10/site-packages/airflow/example_dags/example_complex.py
[2025-06-17T12:51:30.182+0530] {processor.py:830} INFO - Processing file /home/priya/projects/snowflake_twitter_pipeline/venv/lib/python3.10/site-packages/airflow/example_dags/example_complex.py for tasks to queue
[2025-06-17T12:51:30.183+0530] {logging_mixin.py:188} INFO - [2025-06-17T12:51:30.183+0530] {dagbag.py:538} INFO - Filling up the DagBag from /home/priya/projects/snowflake_twitter_pipeline/venv/lib/python3.10/site-packages/airflow/example_dags/example_complex.py
[2025-06-17T12:51:30.190+0530] {processor.py:840} INFO - DAG(s) 'example_complex' retrieved from /home/priya/projects/snowflake_twitter_pipeline/venv/lib/python3.10/site-packages/airflow/example_dags/example_complex.py
[2025-06-17T12:51:30.208+0530] {logging_mixin.py:188} INFO - [2025-06-17T12:51:30.207+0530] {dag.py:3036} INFO - Sync 1 DAGs
[2025-06-17T12:51:30.216+0530] {logging_mixin.py:188} INFO - [2025-06-17T12:51:30.216+0530] {dag.py:3823} INFO - Setting next_dagrun for example_complex to None, run_after=None
[2025-06-17T12:51:30.235+0530] {processor.py:183} INFO - Processing /home/priya/projects/snowflake_twitter_pipeline/venv/lib/python3.10/site-packages/airflow/example_dags/example_complex.py took 0.056 seconds
[2025-06-17T12:52:21.459+0530] {processor.py:161} INFO - Started process (PID=2774) to work on /home/priya/projects/snowflake_twitter_pipeline/venv/lib/python3.10/site-packages/airflow/example_dags/example_complex.py
[2025-06-17T12:52:21.461+0530] {processor.py:830} INFO - Processing file /home/priya/projects/snowflake_twitter_pipeline/venv/lib/python3.10/site-packages/airflow/example_dags/example_complex.py for tasks to queue
[2025-06-17T12:52:21.462+0530] {logging_mixin.py:188} INFO - [2025-06-17T12:52:21.462+0530] {dagbag.py:538} INFO - Filling up the DagBag from /home/priya/projects/snowflake_twitter_pipeline/venv/lib/python3.10/site-packages/airflow/example_dags/example_complex.py
[2025-06-17T12:52:21.468+0530] {processor.py:840} INFO - DAG(s) 'example_complex' retrieved from /home/priya/projects/snowflake_twitter_pipeline/venv/lib/python3.10/site-packages/airflow/example_dags/example_complex.py
[2025-06-17T12:52:21.482+0530] {logging_mixin.py:188} INFO - [2025-06-17T12:52:21.482+0530] {dag.py:3036} INFO - Sync 1 DAGs
[2025-06-17T12:52:21.489+0530] {logging_mixin.py:188} INFO - [2025-06-17T12:52:21.489+0530] {dag.py:3823} INFO - Setting next_dagrun for example_complex to None, run_after=None
[2025-06-17T12:52:21.505+0530] {processor.py:183} INFO - Processing /home/priya/projects/snowflake_twitter_pipeline/venv/lib/python3.10/site-packages/airflow/example_dags/example_complex.py took 0.049 seconds
[2025-06-17T12:53:14.746+0530] {processor.py:161} INFO - Started process (PID=3029) to work on /home/priya/projects/snowflake_twitter_pipeline/venv/lib/python3.10/site-packages/airflow/example_dags/example_complex.py
[2025-06-17T12:53:14.756+0530] {processor.py:830} INFO - Processing file /home/priya/projects/snowflake_twitter_pipeline/venv/lib/python3.10/site-packages/airflow/example_dags/example_complex.py for tasks to queue
[2025-06-17T12:53:14.757+0530] {logging_mixin.py:188} INFO - [2025-06-17T12:53:14.757+0530] {dagbag.py:538} INFO - Filling up the DagBag from /home/priya/projects/snowflake_twitter_pipeline/venv/lib/python3.10/site-packages/airflow/example_dags/example_complex.py
[2025-06-17T12:53:14.764+0530] {processor.py:840} INFO - DAG(s) 'example_complex' retrieved from /home/priya/projects/snowflake_twitter_pipeline/venv/lib/python3.10/site-packages/airflow/example_dags/example_complex.py
[2025-06-17T12:53:14.778+0530] {logging_mixin.py:188} INFO - [2025-06-17T12:53:14.778+0530] {dag.py:3036} INFO - Sync 1 DAGs
[2025-06-17T12:53:14.784+0530] {logging_mixin.py:188} INFO - [2025-06-17T12:53:14.784+0530] {dag.py:3823} INFO - Setting next_dagrun for example_complex to None, run_after=None
[2025-06-17T12:53:14.800+0530] {processor.py:183} INFO - Processing /home/priya/projects/snowflake_twitter_pipeline/venv/lib/python3.10/site-packages/airflow/example_dags/example_complex.py took 0.057 seconds
[2025-06-17T12:54:06.159+0530] {processor.py:161} INFO - Started process (PID=3119) to work on /home/priya/projects/snowflake_twitter_pipeline/venv/lib/python3.10/site-packages/airflow/example_dags/example_complex.py
[2025-06-17T12:54:06.161+0530] {processor.py:830} INFO - Processing file /home/priya/projects/snowflake_twitter_pipeline/venv/lib/python3.10/site-packages/airflow/example_dags/example_complex.py for tasks to queue
[2025-06-17T12:54:06.161+0530] {logging_mixin.py:188} INFO - [2025-06-17T12:54:06.161+0530] {dagbag.py:538} INFO - Filling up the DagBag from /home/priya/projects/snowflake_twitter_pipeline/venv/lib/python3.10/site-packages/airflow/example_dags/example_complex.py
[2025-06-17T12:54:06.167+0530] {processor.py:840} INFO - DAG(s) 'example_complex' retrieved from /home/priya/projects/snowflake_twitter_pipeline/venv/lib/python3.10/site-packages/airflow/example_dags/example_complex.py
[2025-06-17T12:54:06.184+0530] {logging_mixin.py:188} INFO - [2025-06-17T12:54:06.184+0530] {dag.py:3036} INFO - Sync 1 DAGs
[2025-06-17T12:54:06.195+0530] {logging_mixin.py:188} INFO - [2025-06-17T12:54:06.194+0530] {dag.py:3823} INFO - Setting next_dagrun for example_complex to None, run_after=None
[2025-06-17T12:54:06.215+0530] {processor.py:183} INFO - Processing /home/priya/projects/snowflake_twitter_pipeline/venv/lib/python3.10/site-packages/airflow/example_dags/example_complex.py took 0.059 seconds
[2025-06-17T12:55:00.064+0530] {processor.py:161} INFO - Started process (PID=3313) to work on /home/priya/projects/snowflake_twitter_pipeline/venv/lib/python3.10/site-packages/airflow/example_dags/example_complex.py
[2025-06-17T12:55:00.068+0530] {processor.py:830} INFO - Processing file /home/priya/projects/snowflake_twitter_pipeline/venv/lib/python3.10/site-packages/airflow/example_dags/example_complex.py for tasks to queue
[2025-06-17T12:55:00.069+0530] {logging_mixin.py:188} INFO - [2025-06-17T12:55:00.068+0530] {dagbag.py:538} INFO - Filling up the DagBag from /home/priya/projects/snowflake_twitter_pipeline/venv/lib/python3.10/site-packages/airflow/example_dags/example_complex.py
[2025-06-17T12:55:00.076+0530] {processor.py:840} INFO - DAG(s) 'example_complex' retrieved from /home/priya/projects/snowflake_twitter_pipeline/venv/lib/python3.10/site-packages/airflow/example_dags/example_complex.py
[2025-06-17T12:55:00.097+0530] {logging_mixin.py:188} INFO - [2025-06-17T12:55:00.096+0530] {dag.py:3036} INFO - Sync 1 DAGs
[2025-06-17T12:55:00.106+0530] {logging_mixin.py:188} INFO - [2025-06-17T12:55:00.106+0530] {dag.py:3823} INFO - Setting next_dagrun for example_complex to None, run_after=None
[2025-06-17T12:55:00.137+0530] {processor.py:183} INFO - Processing /home/priya/projects/snowflake_twitter_pipeline/venv/lib/python3.10/site-packages/airflow/example_dags/example_complex.py took 0.075 seconds
