[2025-06-17T12:42:48.664+0530] {processor.py:161} INFO - Started process (PID=448) to work on /home/priya/projects/snowflake_twitter_pipeline/venv/lib/python3.10/site-packages/airflow/example_dags/example_time_delta_sensor_async.py
[2025-06-17T12:42:48.665+0530] {processor.py:830} INFO - Processing file /home/priya/projects/snowflake_twitter_pipeline/venv/lib/python3.10/site-packages/airflow/example_dags/example_time_delta_sensor_async.py for tasks to queue
[2025-06-17T12:42:48.666+0530] {logging_mixin.py:188} INFO - [2025-06-17T12:42:48.665+0530] {dagbag.py:538} INFO - Filling up the DagBag from /home/priya/projects/snowflake_twitter_pipeline/venv/lib/python3.10/site-packages/airflow/example_dags/example_time_delta_sensor_async.py
[2025-06-17T12:42:48.671+0530] {processor.py:840} INFO - DAG(s) 'example_time_delta_sensor_async' retrieved from /home/priya/projects/snowflake_twitter_pipeline/venv/lib/python3.10/site-packages/airflow/example_dags/example_time_delta_sensor_async.py
[2025-06-17T12:42:48.824+0530] {logging_mixin.py:188} INFO - [2025-06-17T12:42:48.823+0530] {override.py:1769} INFO - Created Permission View: can edit on DAG:example_time_delta_sensor_async
[2025-06-17T12:42:48.836+0530] {logging_mixin.py:188} INFO - [2025-06-17T12:42:48.836+0530] {override.py:1769} INFO - Created Permission View: can delete on DAG:example_time_delta_sensor_async
[2025-06-17T12:42:48.847+0530] {logging_mixin.py:188} INFO - [2025-06-17T12:42:48.846+0530] {override.py:1769} INFO - Created Permission View: can read on DAG:example_time_delta_sensor_async
[2025-06-17T12:42:48.847+0530] {logging_mixin.py:188} INFO - [2025-06-17T12:42:48.847+0530] {dag.py:3036} INFO - Sync 1 DAGs
[2025-06-17T12:42:48.854+0530] {logging_mixin.py:188} INFO - [2025-06-17T12:42:48.853+0530] {dag.py:3058} INFO - Creating ORM DAG for example_time_delta_sensor_async
[2025-06-17T12:42:48.854+0530] {logging_mixin.py:188} INFO - [2025-06-17T12:42:48.854+0530] {dag.py:3823} INFO - Setting next_dagrun for example_time_delta_sensor_async to None, run_after=None
[2025-06-17T12:42:48.873+0530] {processor.py:183} INFO - Processing /home/priya/projects/snowflake_twitter_pipeline/venv/lib/python3.10/site-packages/airflow/example_dags/example_time_delta_sensor_async.py took 0.211 seconds
[2025-06-17T12:43:40.058+0530] {processor.py:161} INFO - Started process (PID=512) to work on /home/priya/projects/snowflake_twitter_pipeline/venv/lib/python3.10/site-packages/airflow/example_dags/example_time_delta_sensor_async.py
[2025-06-17T12:43:40.067+0530] {processor.py:830} INFO - Processing file /home/priya/projects/snowflake_twitter_pipeline/venv/lib/python3.10/site-packages/airflow/example_dags/example_time_delta_sensor_async.py for tasks to queue
[2025-06-17T12:43:40.069+0530] {logging_mixin.py:188} INFO - [2025-06-17T12:43:40.068+0530] {dagbag.py:538} INFO - Filling up the DagBag from /home/priya/projects/snowflake_twitter_pipeline/venv/lib/python3.10/site-packages/airflow/example_dags/example_time_delta_sensor_async.py
[2025-06-17T12:43:40.073+0530] {processor.py:840} INFO - DAG(s) 'example_time_delta_sensor_async' retrieved from /home/priya/projects/snowflake_twitter_pipeline/venv/lib/python3.10/site-packages/airflow/example_dags/example_time_delta_sensor_async.py
[2025-06-17T12:43:40.083+0530] {logging_mixin.py:188} INFO - [2025-06-17T12:43:40.083+0530] {dag.py:3036} INFO - Sync 1 DAGs
[2025-06-17T12:43:40.090+0530] {logging_mixin.py:188} INFO - [2025-06-17T12:43:40.090+0530] {dag.py:3823} INFO - Setting next_dagrun for example_time_delta_sensor_async to None, run_after=None
[2025-06-17T12:43:40.106+0530] {processor.py:183} INFO - Processing /home/priya/projects/snowflake_twitter_pipeline/venv/lib/python3.10/site-packages/airflow/example_dags/example_time_delta_sensor_async.py took 0.050 seconds
[2025-06-17T12:44:27.615+0530] {processor.py:161} INFO - Started process (PID=577) to work on /home/priya/projects/snowflake_twitter_pipeline/venv/lib/python3.10/site-packages/airflow/example_dags/example_time_delta_sensor_async.py
[2025-06-17T12:44:27.617+0530] {processor.py:830} INFO - Processing file /home/priya/projects/snowflake_twitter_pipeline/venv/lib/python3.10/site-packages/airflow/example_dags/example_time_delta_sensor_async.py for tasks to queue
[2025-06-17T12:44:27.617+0530] {logging_mixin.py:188} INFO - [2025-06-17T12:44:27.617+0530] {dagbag.py:538} INFO - Filling up the DagBag from /home/priya/projects/snowflake_twitter_pipeline/venv/lib/python3.10/site-packages/airflow/example_dags/example_time_delta_sensor_async.py
[2025-06-17T12:44:27.622+0530] {processor.py:840} INFO - DAG(s) 'example_time_delta_sensor_async' retrieved from /home/priya/projects/snowflake_twitter_pipeline/venv/lib/python3.10/site-packages/airflow/example_dags/example_time_delta_sensor_async.py
[2025-06-17T12:44:27.635+0530] {logging_mixin.py:188} INFO - [2025-06-17T12:44:27.635+0530] {dag.py:3036} INFO - Sync 1 DAGs
[2025-06-17T12:44:27.642+0530] {logging_mixin.py:188} INFO - [2025-06-17T12:44:27.642+0530] {dag.py:3823} INFO - Setting next_dagrun for example_time_delta_sensor_async to None, run_after=None
[2025-06-17T12:44:27.659+0530] {processor.py:183} INFO - Processing /home/priya/projects/snowflake_twitter_pipeline/venv/lib/python3.10/site-packages/airflow/example_dags/example_time_delta_sensor_async.py took 0.046 seconds
[2025-06-17T12:46:12.365+0530] {processor.py:161} INFO - Started process (PID=696) to work on /home/priya/projects/snowflake_twitter_pipeline/venv/lib/python3.10/site-packages/airflow/example_dags/example_time_delta_sensor_async.py
[2025-06-17T12:46:12.367+0530] {processor.py:830} INFO - Processing file /home/priya/projects/snowflake_twitter_pipeline/venv/lib/python3.10/site-packages/airflow/example_dags/example_time_delta_sensor_async.py for tasks to queue
[2025-06-17T12:46:12.368+0530] {logging_mixin.py:188} INFO - [2025-06-17T12:46:12.368+0530] {dagbag.py:538} INFO - Filling up the DagBag from /home/priya/projects/snowflake_twitter_pipeline/venv/lib/python3.10/site-packages/airflow/example_dags/example_time_delta_sensor_async.py
[2025-06-17T12:46:12.374+0530] {processor.py:840} INFO - DAG(s) 'example_time_delta_sensor_async' retrieved from /home/priya/projects/snowflake_twitter_pipeline/venv/lib/python3.10/site-packages/airflow/example_dags/example_time_delta_sensor_async.py
[2025-06-17T12:46:12.386+0530] {logging_mixin.py:188} INFO - [2025-06-17T12:46:12.386+0530] {dag.py:3036} INFO - Sync 1 DAGs
[2025-06-17T12:46:12.465+0530] {logging_mixin.py:188} INFO - [2025-06-17T12:46:12.465+0530] {dag.py:3823} INFO - Setting next_dagrun for example_time_delta_sensor_async to None, run_after=None
[2025-06-17T12:46:12.482+0530] {processor.py:183} INFO - Processing /home/priya/projects/snowflake_twitter_pipeline/venv/lib/python3.10/site-packages/airflow/example_dags/example_time_delta_sensor_async.py took 0.119 seconds
[2025-06-17T12:47:03.825+0530] {processor.py:161} INFO - Started process (PID=1328) to work on /home/priya/projects/snowflake_twitter_pipeline/venv/lib/python3.10/site-packages/airflow/example_dags/example_time_delta_sensor_async.py
[2025-06-17T12:47:03.827+0530] {processor.py:830} INFO - Processing file /home/priya/projects/snowflake_twitter_pipeline/venv/lib/python3.10/site-packages/airflow/example_dags/example_time_delta_sensor_async.py for tasks to queue
[2025-06-17T12:47:03.829+0530] {logging_mixin.py:188} INFO - [2025-06-17T12:47:03.828+0530] {dagbag.py:538} INFO - Filling up the DagBag from /home/priya/projects/snowflake_twitter_pipeline/venv/lib/python3.10/site-packages/airflow/example_dags/example_time_delta_sensor_async.py
[2025-06-17T12:47:03.833+0530] {processor.py:840} INFO - DAG(s) 'example_time_delta_sensor_async' retrieved from /home/priya/projects/snowflake_twitter_pipeline/venv/lib/python3.10/site-packages/airflow/example_dags/example_time_delta_sensor_async.py
[2025-06-17T12:47:03.846+0530] {logging_mixin.py:188} INFO - [2025-06-17T12:47:03.846+0530] {dag.py:3036} INFO - Sync 1 DAGs
[2025-06-17T12:47:03.855+0530] {logging_mixin.py:188} INFO - [2025-06-17T12:47:03.854+0530] {dag.py:3823} INFO - Setting next_dagrun for example_time_delta_sensor_async to None, run_after=None
[2025-06-17T12:47:03.878+0530] {processor.py:183} INFO - Processing /home/priya/projects/snowflake_twitter_pipeline/venv/lib/python3.10/site-packages/airflow/example_dags/example_time_delta_sensor_async.py took 0.055 seconds
[2025-06-17T12:47:55.186+0530] {processor.py:161} INFO - Started process (PID=1571) to work on /home/priya/projects/snowflake_twitter_pipeline/venv/lib/python3.10/site-packages/airflow/example_dags/example_time_delta_sensor_async.py
[2025-06-17T12:47:55.187+0530] {processor.py:830} INFO - Processing file /home/priya/projects/snowflake_twitter_pipeline/venv/lib/python3.10/site-packages/airflow/example_dags/example_time_delta_sensor_async.py for tasks to queue
[2025-06-17T12:47:55.188+0530] {logging_mixin.py:188} INFO - [2025-06-17T12:47:55.188+0530] {dagbag.py:538} INFO - Filling up the DagBag from /home/priya/projects/snowflake_twitter_pipeline/venv/lib/python3.10/site-packages/airflow/example_dags/example_time_delta_sensor_async.py
[2025-06-17T12:47:55.192+0530] {processor.py:840} INFO - DAG(s) 'example_time_delta_sensor_async' retrieved from /home/priya/projects/snowflake_twitter_pipeline/venv/lib/python3.10/site-packages/airflow/example_dags/example_time_delta_sensor_async.py
[2025-06-17T12:47:55.206+0530] {logging_mixin.py:188} INFO - [2025-06-17T12:47:55.206+0530] {dag.py:3036} INFO - Sync 1 DAGs
[2025-06-17T12:47:55.215+0530] {logging_mixin.py:188} INFO - [2025-06-17T12:47:55.215+0530] {dag.py:3823} INFO - Setting next_dagrun for example_time_delta_sensor_async to None, run_after=None
[2025-06-17T12:47:55.237+0530] {processor.py:183} INFO - Processing /home/priya/projects/snowflake_twitter_pipeline/venv/lib/python3.10/site-packages/airflow/example_dags/example_time_delta_sensor_async.py took 0.054 seconds
[2025-06-17T12:48:42.607+0530] {processor.py:161} INFO - Started process (PID=1770) to work on /home/priya/projects/snowflake_twitter_pipeline/venv/lib/python3.10/site-packages/airflow/example_dags/example_time_delta_sensor_async.py
[2025-06-17T12:48:42.608+0530] {processor.py:830} INFO - Processing file /home/priya/projects/snowflake_twitter_pipeline/venv/lib/python3.10/site-packages/airflow/example_dags/example_time_delta_sensor_async.py for tasks to queue
[2025-06-17T12:48:42.609+0530] {logging_mixin.py:188} INFO - [2025-06-17T12:48:42.609+0530] {dagbag.py:538} INFO - Filling up the DagBag from /home/priya/projects/snowflake_twitter_pipeline/venv/lib/python3.10/site-packages/airflow/example_dags/example_time_delta_sensor_async.py
[2025-06-17T12:48:42.612+0530] {processor.py:840} INFO - DAG(s) 'example_time_delta_sensor_async' retrieved from /home/priya/projects/snowflake_twitter_pipeline/venv/lib/python3.10/site-packages/airflow/example_dags/example_time_delta_sensor_async.py
[2025-06-17T12:48:42.622+0530] {logging_mixin.py:188} INFO - [2025-06-17T12:48:42.622+0530] {dag.py:3036} INFO - Sync 1 DAGs
[2025-06-17T12:48:42.629+0530] {logging_mixin.py:188} INFO - [2025-06-17T12:48:42.629+0530] {dag.py:3823} INFO - Setting next_dagrun for example_time_delta_sensor_async to None, run_after=None
[2025-06-17T12:48:42.646+0530] {processor.py:183} INFO - Processing /home/priya/projects/snowflake_twitter_pipeline/venv/lib/python3.10/site-packages/airflow/example_dags/example_time_delta_sensor_async.py took 0.041 seconds
[2025-06-17T12:49:34.262+0530] {processor.py:161} INFO - Started process (PID=2015) to work on /home/priya/projects/snowflake_twitter_pipeline/venv/lib/python3.10/site-packages/airflow/example_dags/example_time_delta_sensor_async.py
[2025-06-17T12:49:34.263+0530] {processor.py:830} INFO - Processing file /home/priya/projects/snowflake_twitter_pipeline/venv/lib/python3.10/site-packages/airflow/example_dags/example_time_delta_sensor_async.py for tasks to queue
[2025-06-17T12:49:34.264+0530] {logging_mixin.py:188} INFO - [2025-06-17T12:49:34.264+0530] {dagbag.py:538} INFO - Filling up the DagBag from /home/priya/projects/snowflake_twitter_pipeline/venv/lib/python3.10/site-packages/airflow/example_dags/example_time_delta_sensor_async.py
[2025-06-17T12:49:34.268+0530] {processor.py:840} INFO - DAG(s) 'example_time_delta_sensor_async' retrieved from /home/priya/projects/snowflake_twitter_pipeline/venv/lib/python3.10/site-packages/airflow/example_dags/example_time_delta_sensor_async.py
[2025-06-17T12:49:34.278+0530] {logging_mixin.py:188} INFO - [2025-06-17T12:49:34.278+0530] {dag.py:3036} INFO - Sync 1 DAGs
[2025-06-17T12:49:34.286+0530] {logging_mixin.py:188} INFO - [2025-06-17T12:49:34.286+0530] {dag.py:3823} INFO - Setting next_dagrun for example_time_delta_sensor_async to None, run_after=None
[2025-06-17T12:49:34.307+0530] {processor.py:183} INFO - Processing /home/priya/projects/snowflake_twitter_pipeline/venv/lib/python3.10/site-packages/airflow/example_dags/example_time_delta_sensor_async.py took 0.046 seconds
[2025-06-17T12:50:23.368+0530] {processor.py:161} INFO - Started process (PID=2242) to work on /home/priya/projects/snowflake_twitter_pipeline/venv/lib/python3.10/site-packages/airflow/example_dags/example_time_delta_sensor_async.py
[2025-06-17T12:50:23.369+0530] {processor.py:830} INFO - Processing file /home/priya/projects/snowflake_twitter_pipeline/venv/lib/python3.10/site-packages/airflow/example_dags/example_time_delta_sensor_async.py for tasks to queue
[2025-06-17T12:50:23.370+0530] {logging_mixin.py:188} INFO - [2025-06-17T12:50:23.370+0530] {dagbag.py:538} INFO - Filling up the DagBag from /home/priya/projects/snowflake_twitter_pipeline/venv/lib/python3.10/site-packages/airflow/example_dags/example_time_delta_sensor_async.py
[2025-06-17T12:50:23.373+0530] {processor.py:840} INFO - DAG(s) 'example_time_delta_sensor_async' retrieved from /home/priya/projects/snowflake_twitter_pipeline/venv/lib/python3.10/site-packages/airflow/example_dags/example_time_delta_sensor_async.py
[2025-06-17T12:50:23.384+0530] {logging_mixin.py:188} INFO - [2025-06-17T12:50:23.384+0530] {dag.py:3036} INFO - Sync 1 DAGs
[2025-06-17T12:50:23.391+0530] {logging_mixin.py:188} INFO - [2025-06-17T12:50:23.391+0530] {dag.py:3823} INFO - Setting next_dagrun for example_time_delta_sensor_async to None, run_after=None
[2025-06-17T12:50:23.410+0530] {processor.py:183} INFO - Processing /home/priya/projects/snowflake_twitter_pipeline/venv/lib/python3.10/site-packages/airflow/example_dags/example_time_delta_sensor_async.py took 0.045 seconds
[2025-06-17T12:51:09.847+0530] {processor.py:161} INFO - Started process (PID=2453) to work on /home/priya/projects/snowflake_twitter_pipeline/venv/lib/python3.10/site-packages/airflow/example_dags/example_time_delta_sensor_async.py
[2025-06-17T12:51:09.848+0530] {processor.py:830} INFO - Processing file /home/priya/projects/snowflake_twitter_pipeline/venv/lib/python3.10/site-packages/airflow/example_dags/example_time_delta_sensor_async.py for tasks to queue
[2025-06-17T12:51:09.849+0530] {logging_mixin.py:188} INFO - [2025-06-17T12:51:09.849+0530] {dagbag.py:538} INFO - Filling up the DagBag from /home/priya/projects/snowflake_twitter_pipeline/venv/lib/python3.10/site-packages/airflow/example_dags/example_time_delta_sensor_async.py
[2025-06-17T12:51:09.852+0530] {processor.py:840} INFO - DAG(s) 'example_time_delta_sensor_async' retrieved from /home/priya/projects/snowflake_twitter_pipeline/venv/lib/python3.10/site-packages/airflow/example_dags/example_time_delta_sensor_async.py
[2025-06-17T12:51:09.864+0530] {logging_mixin.py:188} INFO - [2025-06-17T12:51:09.864+0530] {dag.py:3036} INFO - Sync 1 DAGs
[2025-06-17T12:51:09.871+0530] {logging_mixin.py:188} INFO - [2025-06-17T12:51:09.871+0530] {dag.py:3823} INFO - Setting next_dagrun for example_time_delta_sensor_async to None, run_after=None
[2025-06-17T12:51:09.887+0530] {processor.py:183} INFO - Processing /home/priya/projects/snowflake_twitter_pipeline/venv/lib/python3.10/site-packages/airflow/example_dags/example_time_delta_sensor_async.py took 0.042 seconds
[2025-06-17T12:52:02.738+0530] {processor.py:161} INFO - Started process (PID=2695) to work on /home/priya/projects/snowflake_twitter_pipeline/venv/lib/python3.10/site-packages/airflow/example_dags/example_time_delta_sensor_async.py
[2025-06-17T12:52:02.748+0530] {processor.py:830} INFO - Processing file /home/priya/projects/snowflake_twitter_pipeline/venv/lib/python3.10/site-packages/airflow/example_dags/example_time_delta_sensor_async.py for tasks to queue
[2025-06-17T12:52:02.749+0530] {logging_mixin.py:188} INFO - [2025-06-17T12:52:02.748+0530] {dagbag.py:538} INFO - Filling up the DagBag from /home/priya/projects/snowflake_twitter_pipeline/venv/lib/python3.10/site-packages/airflow/example_dags/example_time_delta_sensor_async.py
[2025-06-17T12:52:02.754+0530] {processor.py:840} INFO - DAG(s) 'example_time_delta_sensor_async' retrieved from /home/priya/projects/snowflake_twitter_pipeline/venv/lib/python3.10/site-packages/airflow/example_dags/example_time_delta_sensor_async.py
[2025-06-17T12:52:02.765+0530] {logging_mixin.py:188} INFO - [2025-06-17T12:52:02.765+0530] {dag.py:3036} INFO - Sync 1 DAGs
[2025-06-17T12:52:02.771+0530] {logging_mixin.py:188} INFO - [2025-06-17T12:52:02.771+0530] {dag.py:3823} INFO - Setting next_dagrun for example_time_delta_sensor_async to None, run_after=None
[2025-06-17T12:52:02.786+0530] {processor.py:183} INFO - Processing /home/priya/projects/snowflake_twitter_pipeline/venv/lib/python3.10/site-packages/airflow/example_dags/example_time_delta_sensor_async.py took 0.052 seconds
[2025-06-17T12:52:55.273+0530] {processor.py:161} INFO - Started process (PID=2929) to work on /home/priya/projects/snowflake_twitter_pipeline/venv/lib/python3.10/site-packages/airflow/example_dags/example_time_delta_sensor_async.py
[2025-06-17T12:52:55.274+0530] {processor.py:830} INFO - Processing file /home/priya/projects/snowflake_twitter_pipeline/venv/lib/python3.10/site-packages/airflow/example_dags/example_time_delta_sensor_async.py for tasks to queue
[2025-06-17T12:52:55.275+0530] {logging_mixin.py:188} INFO - [2025-06-17T12:52:55.275+0530] {dagbag.py:538} INFO - Filling up the DagBag from /home/priya/projects/snowflake_twitter_pipeline/venv/lib/python3.10/site-packages/airflow/example_dags/example_time_delta_sensor_async.py
[2025-06-17T12:52:55.278+0530] {processor.py:840} INFO - DAG(s) 'example_time_delta_sensor_async' retrieved from /home/priya/projects/snowflake_twitter_pipeline/venv/lib/python3.10/site-packages/airflow/example_dags/example_time_delta_sensor_async.py
[2025-06-17T12:52:55.289+0530] {logging_mixin.py:188} INFO - [2025-06-17T12:52:55.288+0530] {dag.py:3036} INFO - Sync 1 DAGs
[2025-06-17T12:52:55.295+0530] {logging_mixin.py:188} INFO - [2025-06-17T12:52:55.295+0530] {dag.py:3823} INFO - Setting next_dagrun for example_time_delta_sensor_async to None, run_after=None
[2025-06-17T12:52:55.311+0530] {processor.py:183} INFO - Processing /home/priya/projects/snowflake_twitter_pipeline/venv/lib/python3.10/site-packages/airflow/example_dags/example_time_delta_sensor_async.py took 0.042 seconds
[2025-06-17T12:53:47.869+0530] {processor.py:161} INFO - Started process (PID=3095) to work on /home/priya/projects/snowflake_twitter_pipeline/venv/lib/python3.10/site-packages/airflow/example_dags/example_time_delta_sensor_async.py
[2025-06-17T12:53:47.878+0530] {processor.py:830} INFO - Processing file /home/priya/projects/snowflake_twitter_pipeline/venv/lib/python3.10/site-packages/airflow/example_dags/example_time_delta_sensor_async.py for tasks to queue
[2025-06-17T12:53:47.879+0530] {logging_mixin.py:188} INFO - [2025-06-17T12:53:47.878+0530] {dagbag.py:538} INFO - Filling up the DagBag from /home/priya/projects/snowflake_twitter_pipeline/venv/lib/python3.10/site-packages/airflow/example_dags/example_time_delta_sensor_async.py
[2025-06-17T12:53:47.882+0530] {processor.py:840} INFO - DAG(s) 'example_time_delta_sensor_async' retrieved from /home/priya/projects/snowflake_twitter_pipeline/venv/lib/python3.10/site-packages/airflow/example_dags/example_time_delta_sensor_async.py
[2025-06-17T12:53:47.894+0530] {logging_mixin.py:188} INFO - [2025-06-17T12:53:47.894+0530] {dag.py:3036} INFO - Sync 1 DAGs
[2025-06-17T12:53:47.902+0530] {logging_mixin.py:188} INFO - [2025-06-17T12:53:47.902+0530] {dag.py:3823} INFO - Setting next_dagrun for example_time_delta_sensor_async to None, run_after=None
[2025-06-17T12:53:47.924+0530] {processor.py:183} INFO - Processing /home/priya/projects/snowflake_twitter_pipeline/venv/lib/python3.10/site-packages/airflow/example_dags/example_time_delta_sensor_async.py took 0.057 seconds
[2025-06-17T12:54:42.316+0530] {processor.py:161} INFO - Started process (PID=3222) to work on /home/priya/projects/snowflake_twitter_pipeline/venv/lib/python3.10/site-packages/airflow/example_dags/example_time_delta_sensor_async.py
[2025-06-17T12:54:42.325+0530] {processor.py:830} INFO - Processing file /home/priya/projects/snowflake_twitter_pipeline/venv/lib/python3.10/site-packages/airflow/example_dags/example_time_delta_sensor_async.py for tasks to queue
[2025-06-17T12:54:42.325+0530] {logging_mixin.py:188} INFO - [2025-06-17T12:54:42.325+0530] {dagbag.py:538} INFO - Filling up the DagBag from /home/priya/projects/snowflake_twitter_pipeline/venv/lib/python3.10/site-packages/airflow/example_dags/example_time_delta_sensor_async.py
[2025-06-17T12:54:42.329+0530] {processor.py:840} INFO - DAG(s) 'example_time_delta_sensor_async' retrieved from /home/priya/projects/snowflake_twitter_pipeline/venv/lib/python3.10/site-packages/airflow/example_dags/example_time_delta_sensor_async.py
[2025-06-17T12:54:42.344+0530] {logging_mixin.py:188} INFO - [2025-06-17T12:54:42.344+0530] {dag.py:3036} INFO - Sync 1 DAGs
[2025-06-17T12:54:42.355+0530] {logging_mixin.py:188} INFO - [2025-06-17T12:54:42.355+0530] {dag.py:3823} INFO - Setting next_dagrun for example_time_delta_sensor_async to None, run_after=None
[2025-06-17T12:54:42.387+0530] {processor.py:183} INFO - Processing /home/priya/projects/snowflake_twitter_pipeline/venv/lib/python3.10/site-packages/airflow/example_dags/example_time_delta_sensor_async.py took 0.074 seconds
