[2025-06-17T12:42:18.101+0530] {processor.py:161} INFO - Started process (PID=421) to work on /home/priya/projects/snowflake_twitter_pipeline/venv/lib/python3.10/site-packages/airflow/example_dags/example_sla_dag.py
[2025-06-17T12:42:18.102+0530] {processor.py:830} INFO - Processing file /home/priya/projects/snowflake_twitter_pipeline/venv/lib/python3.10/site-packages/airflow/example_dags/example_sla_dag.py for tasks to queue
[2025-06-17T12:42:18.102+0530] {logging_mixin.py:188} INFO - [2025-06-17T12:42:18.102+0530] {dagbag.py:538} INFO - Filling up the DagBag from /home/priya/projects/snowflake_twitter_pipeline/venv/lib/python3.10/site-packages/airflow/example_dags/example_sla_dag.py
[2025-06-17T12:42:18.110+0530] {processor.py:840} INFO - DAG(s) 'example_sla_dag' retrieved from /home/priya/projects/snowflake_twitter_pipeline/venv/lib/python3.10/site-packages/airflow/example_dags/example_sla_dag.py
[2025-06-17T12:42:18.179+0530] {logging_mixin.py:188} INFO - [2025-06-17T12:42:18.178+0530] {override.py:1769} INFO - Created Permission View: can edit on DAG:example_sla_dag
[2025-06-17T12:42:18.187+0530] {logging_mixin.py:188} INFO - [2025-06-17T12:42:18.187+0530] {override.py:1769} INFO - Created Permission View: can delete on DAG:example_sla_dag
[2025-06-17T12:42:18.194+0530] {logging_mixin.py:188} INFO - [2025-06-17T12:42:18.194+0530] {override.py:1769} INFO - Created Permission View: can read on DAG:example_sla_dag
[2025-06-17T12:42:18.194+0530] {logging_mixin.py:188} INFO - [2025-06-17T12:42:18.194+0530] {dag.py:3036} INFO - Sync 1 DAGs
[2025-06-17T12:42:18.258+0530] {logging_mixin.py:188} INFO - [2025-06-17T12:42:18.258+0530] {dag.py:3058} INFO - Creating ORM DAG for example_sla_dag
[2025-06-17T12:42:18.265+0530] {logging_mixin.py:188} INFO - [2025-06-17T12:42:18.265+0530] {dag.py:3823} INFO - Setting next_dagrun for example_sla_dag to 2025-06-17 07:10:00+00:00, run_after=2025-06-17 07:12:00+00:00
[2025-06-17T12:42:18.278+0530] {processor.py:183} INFO - Processing /home/priya/projects/snowflake_twitter_pipeline/venv/lib/python3.10/site-packages/airflow/example_dags/example_sla_dag.py took 0.179 seconds
[2025-06-17T12:43:13.093+0530] {processor.py:161} INFO - Started process (PID=485) to work on /home/priya/projects/snowflake_twitter_pipeline/venv/lib/python3.10/site-packages/airflow/example_dags/example_sla_dag.py
[2025-06-17T12:43:13.095+0530] {processor.py:830} INFO - Processing file /home/priya/projects/snowflake_twitter_pipeline/venv/lib/python3.10/site-packages/airflow/example_dags/example_sla_dag.py for tasks to queue
[2025-06-17T12:43:13.096+0530] {logging_mixin.py:188} INFO - [2025-06-17T12:43:13.096+0530] {dagbag.py:538} INFO - Filling up the DagBag from /home/priya/projects/snowflake_twitter_pipeline/venv/lib/python3.10/site-packages/airflow/example_dags/example_sla_dag.py
[2025-06-17T12:43:13.106+0530] {processor.py:840} INFO - DAG(s) 'example_sla_dag' retrieved from /home/priya/projects/snowflake_twitter_pipeline/venv/lib/python3.10/site-packages/airflow/example_dags/example_sla_dag.py
[2025-06-17T12:43:13.121+0530] {logging_mixin.py:188} INFO - [2025-06-17T12:43:13.121+0530] {dag.py:3036} INFO - Sync 1 DAGs
[2025-06-17T12:43:13.137+0530] {logging_mixin.py:188} INFO - [2025-06-17T12:43:13.137+0530] {dag.py:3823} INFO - Setting next_dagrun for example_sla_dag to 2025-06-17 07:10:00+00:00, run_after=2025-06-17 07:12:00+00:00
[2025-06-17T12:43:13.155+0530] {processor.py:183} INFO - Processing /home/priya/projects/snowflake_twitter_pipeline/venv/lib/python3.10/site-packages/airflow/example_dags/example_sla_dag.py took 0.063 seconds
[2025-06-17T12:43:55.014+0530] {processor.py:161} INFO - Started process (PID=543) to work on /home/priya/projects/snowflake_twitter_pipeline/venv/lib/python3.10/site-packages/airflow/example_dags/example_sla_dag.py
[2025-06-17T12:43:55.024+0530] {processor.py:830} INFO - Processing file /home/priya/projects/snowflake_twitter_pipeline/venv/lib/python3.10/site-packages/airflow/example_dags/example_sla_dag.py for tasks to queue
[2025-06-17T12:43:55.025+0530] {logging_mixin.py:188} INFO - [2025-06-17T12:43:55.025+0530] {dagbag.py:538} INFO - Filling up the DagBag from /home/priya/projects/snowflake_twitter_pipeline/venv/lib/python3.10/site-packages/airflow/example_dags/example_sla_dag.py
[2025-06-17T12:43:55.033+0530] {processor.py:840} INFO - DAG(s) 'example_sla_dag' retrieved from /home/priya/projects/snowflake_twitter_pipeline/venv/lib/python3.10/site-packages/airflow/example_dags/example_sla_dag.py
[2025-06-17T12:43:55.044+0530] {logging_mixin.py:188} INFO - [2025-06-17T12:43:55.043+0530] {dag.py:3036} INFO - Sync 1 DAGs
[2025-06-17T12:43:55.056+0530] {logging_mixin.py:188} INFO - [2025-06-17T12:43:55.056+0530] {dag.py:3823} INFO - Setting next_dagrun for example_sla_dag to 2025-06-17 07:10:00+00:00, run_after=2025-06-17 07:12:00+00:00
[2025-06-17T12:43:55.071+0530] {processor.py:183} INFO - Processing /home/priya/projects/snowflake_twitter_pipeline/venv/lib/python3.10/site-packages/airflow/example_dags/example_sla_dag.py took 0.060 seconds
[2025-06-17T12:44:34.318+0530] {processor.py:161} INFO - Started process (PID=600) to work on /home/priya/projects/snowflake_twitter_pipeline/venv/lib/python3.10/site-packages/airflow/example_dags/example_sla_dag.py
[2025-06-17T12:44:34.327+0530] {processor.py:830} INFO - Processing file /home/priya/projects/snowflake_twitter_pipeline/venv/lib/python3.10/site-packages/airflow/example_dags/example_sla_dag.py for tasks to queue
[2025-06-17T12:44:34.328+0530] {logging_mixin.py:188} INFO - [2025-06-17T12:44:34.327+0530] {dagbag.py:538} INFO - Filling up the DagBag from /home/priya/projects/snowflake_twitter_pipeline/venv/lib/python3.10/site-packages/airflow/example_dags/example_sla_dag.py
[2025-06-17T12:44:34.333+0530] {processor.py:840} INFO - DAG(s) 'example_sla_dag' retrieved from /home/priya/projects/snowflake_twitter_pipeline/venv/lib/python3.10/site-packages/airflow/example_dags/example_sla_dag.py
[2025-06-17T12:44:34.342+0530] {logging_mixin.py:188} INFO - [2025-06-17T12:44:34.342+0530] {dag.py:3036} INFO - Sync 1 DAGs
[2025-06-17T12:44:34.355+0530] {logging_mixin.py:188} INFO - [2025-06-17T12:44:34.355+0530] {dag.py:3823} INFO - Setting next_dagrun for example_sla_dag to 2025-06-17 07:12:00+00:00, run_after=2025-06-17 07:14:00+00:00
[2025-06-17T12:44:34.370+0530] {processor.py:183} INFO - Processing /home/priya/projects/snowflake_twitter_pipeline/venv/lib/python3.10/site-packages/airflow/example_dags/example_sla_dag.py took 0.053 seconds
[2025-06-17T12:45:45.524+0530] {processor.py:161} INFO - Started process (PID=649) to work on /home/priya/projects/snowflake_twitter_pipeline/venv/lib/python3.10/site-packages/airflow/example_dags/example_sla_dag.py
[2025-06-17T12:45:45.533+0530] {processor.py:830} INFO - Processing file /home/priya/projects/snowflake_twitter_pipeline/venv/lib/python3.10/site-packages/airflow/example_dags/example_sla_dag.py for tasks to queue
[2025-06-17T12:45:45.534+0530] {logging_mixin.py:188} INFO - [2025-06-17T12:45:45.534+0530] {dagbag.py:538} INFO - Filling up the DagBag from /home/priya/projects/snowflake_twitter_pipeline/venv/lib/python3.10/site-packages/airflow/example_dags/example_sla_dag.py
[2025-06-17T12:45:45.543+0530] {processor.py:840} INFO - DAG(s) 'example_sla_dag' retrieved from /home/priya/projects/snowflake_twitter_pipeline/venv/lib/python3.10/site-packages/airflow/example_dags/example_sla_dag.py
[2025-06-17T12:45:45.562+0530] {logging_mixin.py:188} INFO - [2025-06-17T12:45:45.562+0530] {dag.py:3036} INFO - Sync 1 DAGs
[2025-06-17T12:45:45.578+0530] {logging_mixin.py:188} INFO - [2025-06-17T12:45:45.578+0530] {dag.py:3823} INFO - Setting next_dagrun for example_sla_dag to 2025-06-17 07:12:00+00:00, run_after=2025-06-17 07:14:00+00:00
[2025-06-17T12:45:45.602+0530] {processor.py:183} INFO - Processing /home/priya/projects/snowflake_twitter_pipeline/venv/lib/python3.10/site-packages/airflow/example_dags/example_sla_dag.py took 0.081 seconds
[2025-06-17T12:46:36.806+0530] {processor.py:161} INFO - Started process (PID=1111) to work on /home/priya/projects/snowflake_twitter_pipeline/venv/lib/python3.10/site-packages/airflow/example_dags/example_sla_dag.py
[2025-06-17T12:46:36.809+0530] {processor.py:830} INFO - Processing file /home/priya/projects/snowflake_twitter_pipeline/venv/lib/python3.10/site-packages/airflow/example_dags/example_sla_dag.py for tasks to queue
[2025-06-17T12:46:36.811+0530] {logging_mixin.py:188} INFO - [2025-06-17T12:46:36.810+0530] {dagbag.py:538} INFO - Filling up the DagBag from /home/priya/projects/snowflake_twitter_pipeline/venv/lib/python3.10/site-packages/airflow/example_dags/example_sla_dag.py
[2025-06-17T12:46:36.836+0530] {processor.py:840} INFO - DAG(s) 'example_sla_dag' retrieved from /home/priya/projects/snowflake_twitter_pipeline/venv/lib/python3.10/site-packages/airflow/example_dags/example_sla_dag.py
[2025-06-17T12:46:36.877+0530] {logging_mixin.py:188} INFO - [2025-06-17T12:46:36.876+0530] {dag.py:3036} INFO - Sync 1 DAGs
[2025-06-17T12:46:36.943+0530] {logging_mixin.py:188} INFO - [2025-06-17T12:46:36.943+0530] {dag.py:3823} INFO - Setting next_dagrun for example_sla_dag to 2025-06-17 07:14:00+00:00, run_after=2025-06-17 07:16:00+00:00
[2025-06-17T12:46:36.983+0530] {processor.py:183} INFO - Processing /home/priya/projects/snowflake_twitter_pipeline/venv/lib/python3.10/site-packages/airflow/example_dags/example_sla_dag.py took 0.181 seconds
[2025-06-17T12:47:18.137+0530] {processor.py:161} INFO - Started process (PID=1395) to work on /home/priya/projects/snowflake_twitter_pipeline/venv/lib/python3.10/site-packages/airflow/example_dags/example_sla_dag.py
[2025-06-17T12:47:18.146+0530] {processor.py:830} INFO - Processing file /home/priya/projects/snowflake_twitter_pipeline/venv/lib/python3.10/site-packages/airflow/example_dags/example_sla_dag.py for tasks to queue
[2025-06-17T12:47:18.147+0530] {logging_mixin.py:188} INFO - [2025-06-17T12:47:18.147+0530] {dagbag.py:538} INFO - Filling up the DagBag from /home/priya/projects/snowflake_twitter_pipeline/venv/lib/python3.10/site-packages/airflow/example_dags/example_sla_dag.py
[2025-06-17T12:47:18.154+0530] {processor.py:840} INFO - DAG(s) 'example_sla_dag' retrieved from /home/priya/projects/snowflake_twitter_pipeline/venv/lib/python3.10/site-packages/airflow/example_dags/example_sla_dag.py
[2025-06-17T12:47:18.167+0530] {logging_mixin.py:188} INFO - [2025-06-17T12:47:18.167+0530] {dag.py:3036} INFO - Sync 1 DAGs
[2025-06-17T12:47:18.185+0530] {logging_mixin.py:188} INFO - [2025-06-17T12:47:18.184+0530] {dag.py:3823} INFO - Setting next_dagrun for example_sla_dag to 2025-06-17 07:14:00+00:00, run_after=2025-06-17 07:16:00+00:00
[2025-06-17T12:47:18.204+0530] {processor.py:183} INFO - Processing /home/priya/projects/snowflake_twitter_pipeline/venv/lib/python3.10/site-packages/airflow/example_dags/example_sla_dag.py took 0.069 seconds
[2025-06-17T12:47:52.767+0530] {processor.py:161} INFO - Started process (PID=1555) to work on /home/priya/projects/snowflake_twitter_pipeline/venv/lib/python3.10/site-packages/airflow/example_dags/example_sla_dag.py
[2025-06-17T12:47:52.769+0530] {processor.py:830} INFO - Processing file /home/priya/projects/snowflake_twitter_pipeline/venv/lib/python3.10/site-packages/airflow/example_dags/example_sla_dag.py for tasks to queue
[2025-06-17T12:47:52.770+0530] {logging_mixin.py:188} INFO - [2025-06-17T12:47:52.769+0530] {dagbag.py:538} INFO - Filling up the DagBag from /home/priya/projects/snowflake_twitter_pipeline/venv/lib/python3.10/site-packages/airflow/example_dags/example_sla_dag.py
[2025-06-17T12:47:52.776+0530] {processor.py:840} INFO - DAG(s) 'example_sla_dag' retrieved from /home/priya/projects/snowflake_twitter_pipeline/venv/lib/python3.10/site-packages/airflow/example_dags/example_sla_dag.py
[2025-06-17T12:47:52.788+0530] {logging_mixin.py:188} INFO - [2025-06-17T12:47:52.788+0530] {dag.py:3036} INFO - Sync 1 DAGs
[2025-06-17T12:47:52.803+0530] {logging_mixin.py:188} INFO - [2025-06-17T12:47:52.803+0530] {dag.py:3823} INFO - Setting next_dagrun for example_sla_dag to 2025-06-17 07:14:00+00:00, run_after=2025-06-17 07:16:00+00:00
[2025-06-17T12:47:52.822+0530] {processor.py:183} INFO - Processing /home/priya/projects/snowflake_twitter_pipeline/venv/lib/python3.10/site-packages/airflow/example_dags/example_sla_dag.py took 0.057 seconds
[2025-06-17T12:48:39.269+0530] {processor.py:161} INFO - Started process (PID=1754) to work on /home/priya/projects/snowflake_twitter_pipeline/venv/lib/python3.10/site-packages/airflow/example_dags/example_sla_dag.py
[2025-06-17T12:48:39.272+0530] {processor.py:830} INFO - Processing file /home/priya/projects/snowflake_twitter_pipeline/venv/lib/python3.10/site-packages/airflow/example_dags/example_sla_dag.py for tasks to queue
[2025-06-17T12:48:39.273+0530] {logging_mixin.py:188} INFO - [2025-06-17T12:48:39.272+0530] {dagbag.py:538} INFO - Filling up the DagBag from /home/priya/projects/snowflake_twitter_pipeline/venv/lib/python3.10/site-packages/airflow/example_dags/example_sla_dag.py
[2025-06-17T12:48:39.282+0530] {processor.py:840} INFO - DAG(s) 'example_sla_dag' retrieved from /home/priya/projects/snowflake_twitter_pipeline/venv/lib/python3.10/site-packages/airflow/example_dags/example_sla_dag.py
[2025-06-17T12:48:39.300+0530] {logging_mixin.py:188} INFO - [2025-06-17T12:48:39.300+0530] {dag.py:3036} INFO - Sync 1 DAGs
[2025-06-17T12:48:39.319+0530] {logging_mixin.py:188} INFO - [2025-06-17T12:48:39.319+0530] {dag.py:3823} INFO - Setting next_dagrun for example_sla_dag to 2025-06-17 07:16:00+00:00, run_after=2025-06-17 07:18:00+00:00
[2025-06-17T12:48:39.344+0530] {processor.py:183} INFO - Processing /home/priya/projects/snowflake_twitter_pipeline/venv/lib/python3.10/site-packages/airflow/example_dags/example_sla_dag.py took 0.081 seconds
[2025-06-17T12:49:13.986+0530] {processor.py:161} INFO - Started process (PID=1925) to work on /home/priya/projects/snowflake_twitter_pipeline/venv/lib/python3.10/site-packages/airflow/example_dags/example_sla_dag.py
[2025-06-17T12:49:13.988+0530] {processor.py:830} INFO - Processing file /home/priya/projects/snowflake_twitter_pipeline/venv/lib/python3.10/site-packages/airflow/example_dags/example_sla_dag.py for tasks to queue
[2025-06-17T12:49:13.989+0530] {logging_mixin.py:188} INFO - [2025-06-17T12:49:13.989+0530] {dagbag.py:538} INFO - Filling up the DagBag from /home/priya/projects/snowflake_twitter_pipeline/venv/lib/python3.10/site-packages/airflow/example_dags/example_sla_dag.py
[2025-06-17T12:49:13.996+0530] {processor.py:840} INFO - DAG(s) 'example_sla_dag' retrieved from /home/priya/projects/snowflake_twitter_pipeline/venv/lib/python3.10/site-packages/airflow/example_dags/example_sla_dag.py
[2025-06-17T12:49:14.007+0530] {logging_mixin.py:188} INFO - [2025-06-17T12:49:14.007+0530] {dag.py:3036} INFO - Sync 1 DAGs
[2025-06-17T12:49:14.024+0530] {logging_mixin.py:188} INFO - [2025-06-17T12:49:14.023+0530] {dag.py:3823} INFO - Setting next_dagrun for example_sla_dag to 2025-06-17 07:16:00+00:00, run_after=2025-06-17 07:18:00+00:00
[2025-06-17T12:49:14.041+0530] {processor.py:183} INFO - Processing /home/priya/projects/snowflake_twitter_pipeline/venv/lib/python3.10/site-packages/airflow/example_dags/example_sla_dag.py took 0.059 seconds
[2025-06-17T12:49:59.448+0530] {processor.py:161} INFO - Started process (PID=2129) to work on /home/priya/projects/snowflake_twitter_pipeline/venv/lib/python3.10/site-packages/airflow/example_dags/example_sla_dag.py
[2025-06-17T12:49:59.450+0530] {processor.py:830} INFO - Processing file /home/priya/projects/snowflake_twitter_pipeline/venv/lib/python3.10/site-packages/airflow/example_dags/example_sla_dag.py for tasks to queue
[2025-06-17T12:49:59.451+0530] {logging_mixin.py:188} INFO - [2025-06-17T12:49:59.451+0530] {dagbag.py:538} INFO - Filling up the DagBag from /home/priya/projects/snowflake_twitter_pipeline/venv/lib/python3.10/site-packages/airflow/example_dags/example_sla_dag.py
[2025-06-17T12:49:59.460+0530] {processor.py:840} INFO - DAG(s) 'example_sla_dag' retrieved from /home/priya/projects/snowflake_twitter_pipeline/venv/lib/python3.10/site-packages/airflow/example_dags/example_sla_dag.py
[2025-06-17T12:49:59.488+0530] {logging_mixin.py:188} INFO - [2025-06-17T12:49:59.488+0530] {dag.py:3036} INFO - Sync 1 DAGs
[2025-06-17T12:49:59.513+0530] {logging_mixin.py:188} INFO - [2025-06-17T12:49:59.513+0530] {dag.py:3823} INFO - Setting next_dagrun for example_sla_dag to 2025-06-17 07:16:00+00:00, run_after=2025-06-17 07:18:00+00:00
[2025-06-17T12:49:59.535+0530] {processor.py:183} INFO - Processing /home/priya/projects/snowflake_twitter_pipeline/venv/lib/python3.10/site-packages/airflow/example_dags/example_sla_dag.py took 0.089 seconds
[2025-06-17T12:50:35.218+0530] {processor.py:161} INFO - Started process (PID=2293) to work on /home/priya/projects/snowflake_twitter_pipeline/venv/lib/python3.10/site-packages/airflow/example_dags/example_sla_dag.py
[2025-06-17T12:50:35.220+0530] {processor.py:830} INFO - Processing file /home/priya/projects/snowflake_twitter_pipeline/venv/lib/python3.10/site-packages/airflow/example_dags/example_sla_dag.py for tasks to queue
[2025-06-17T12:50:35.221+0530] {logging_mixin.py:188} INFO - [2025-06-17T12:50:35.221+0530] {dagbag.py:538} INFO - Filling up the DagBag from /home/priya/projects/snowflake_twitter_pipeline/venv/lib/python3.10/site-packages/airflow/example_dags/example_sla_dag.py
[2025-06-17T12:50:35.227+0530] {processor.py:840} INFO - DAG(s) 'example_sla_dag' retrieved from /home/priya/projects/snowflake_twitter_pipeline/venv/lib/python3.10/site-packages/airflow/example_dags/example_sla_dag.py
[2025-06-17T12:50:35.236+0530] {logging_mixin.py:188} INFO - [2025-06-17T12:50:35.236+0530] {dag.py:3036} INFO - Sync 1 DAGs
[2025-06-17T12:50:35.250+0530] {logging_mixin.py:188} INFO - [2025-06-17T12:50:35.249+0530] {dag.py:3823} INFO - Setting next_dagrun for example_sla_dag to 2025-06-17 07:18:00+00:00, run_after=2025-06-17 07:20:00+00:00
[2025-06-17T12:50:35.264+0530] {processor.py:183} INFO - Processing /home/priya/projects/snowflake_twitter_pipeline/venv/lib/python3.10/site-packages/airflow/example_dags/example_sla_dag.py took 0.048 seconds
[2025-06-17T12:51:23.869+0530] {processor.py:161} INFO - Started process (PID=2521) to work on /home/priya/projects/snowflake_twitter_pipeline/venv/lib/python3.10/site-packages/airflow/example_dags/example_sla_dag.py
[2025-06-17T12:51:23.871+0530] {processor.py:830} INFO - Processing file /home/priya/projects/snowflake_twitter_pipeline/venv/lib/python3.10/site-packages/airflow/example_dags/example_sla_dag.py for tasks to queue
[2025-06-17T12:51:23.872+0530] {logging_mixin.py:188} INFO - [2025-06-17T12:51:23.871+0530] {dagbag.py:538} INFO - Filling up the DagBag from /home/priya/projects/snowflake_twitter_pipeline/venv/lib/python3.10/site-packages/airflow/example_dags/example_sla_dag.py
[2025-06-17T12:51:23.878+0530] {processor.py:840} INFO - DAG(s) 'example_sla_dag' retrieved from /home/priya/projects/snowflake_twitter_pipeline/venv/lib/python3.10/site-packages/airflow/example_dags/example_sla_dag.py
[2025-06-17T12:51:23.889+0530] {logging_mixin.py:188} INFO - [2025-06-17T12:51:23.888+0530] {dag.py:3036} INFO - Sync 1 DAGs
[2025-06-17T12:51:23.903+0530] {logging_mixin.py:188} INFO - [2025-06-17T12:51:23.903+0530] {dag.py:3823} INFO - Setting next_dagrun for example_sla_dag to 2025-06-17 07:18:00+00:00, run_after=2025-06-17 07:20:00+00:00
[2025-06-17T12:51:23.921+0530] {processor.py:183} INFO - Processing /home/priya/projects/snowflake_twitter_pipeline/venv/lib/python3.10/site-packages/airflow/example_dags/example_sla_dag.py took 0.054 seconds
[2025-06-17T12:51:58.738+0530] {processor.py:161} INFO - Started process (PID=2680) to work on /home/priya/projects/snowflake_twitter_pipeline/venv/lib/python3.10/site-packages/airflow/example_dags/example_sla_dag.py
[2025-06-17T12:51:58.747+0530] {processor.py:830} INFO - Processing file /home/priya/projects/snowflake_twitter_pipeline/venv/lib/python3.10/site-packages/airflow/example_dags/example_sla_dag.py for tasks to queue
[2025-06-17T12:51:58.748+0530] {logging_mixin.py:188} INFO - [2025-06-17T12:51:58.748+0530] {dagbag.py:538} INFO - Filling up the DagBag from /home/priya/projects/snowflake_twitter_pipeline/venv/lib/python3.10/site-packages/airflow/example_dags/example_sla_dag.py
[2025-06-17T12:51:58.755+0530] {processor.py:840} INFO - DAG(s) 'example_sla_dag' retrieved from /home/priya/projects/snowflake_twitter_pipeline/venv/lib/python3.10/site-packages/airflow/example_dags/example_sla_dag.py
[2025-06-17T12:51:58.767+0530] {logging_mixin.py:188} INFO - [2025-06-17T12:51:58.767+0530] {dag.py:3036} INFO - Sync 1 DAGs
[2025-06-17T12:51:58.786+0530] {logging_mixin.py:188} INFO - [2025-06-17T12:51:58.785+0530] {dag.py:3823} INFO - Setting next_dagrun for example_sla_dag to 2025-06-17 07:18:00+00:00, run_after=2025-06-17 07:20:00+00:00
[2025-06-17T12:51:58.805+0530] {processor.py:183} INFO - Processing /home/priya/projects/snowflake_twitter_pipeline/venv/lib/python3.10/site-packages/airflow/example_dags/example_sla_dag.py took 0.070 seconds
[2025-06-17T12:52:32.284+0530] {processor.py:161} INFO - Started process (PID=2836) to work on /home/priya/projects/snowflake_twitter_pipeline/venv/lib/python3.10/site-packages/airflow/example_dags/example_sla_dag.py
[2025-06-17T12:52:32.285+0530] {processor.py:830} INFO - Processing file /home/priya/projects/snowflake_twitter_pipeline/venv/lib/python3.10/site-packages/airflow/example_dags/example_sla_dag.py for tasks to queue
[2025-06-17T12:52:32.286+0530] {logging_mixin.py:188} INFO - [2025-06-17T12:52:32.286+0530] {dagbag.py:538} INFO - Filling up the DagBag from /home/priya/projects/snowflake_twitter_pipeline/venv/lib/python3.10/site-packages/airflow/example_dags/example_sla_dag.py
[2025-06-17T12:52:32.297+0530] {processor.py:840} INFO - DAG(s) 'example_sla_dag' retrieved from /home/priya/projects/snowflake_twitter_pipeline/venv/lib/python3.10/site-packages/airflow/example_dags/example_sla_dag.py
[2025-06-17T12:52:32.365+0530] {logging_mixin.py:188} INFO - [2025-06-17T12:52:32.365+0530] {dag.py:3036} INFO - Sync 1 DAGs
[2025-06-17T12:52:32.384+0530] {logging_mixin.py:188} INFO - [2025-06-17T12:52:32.384+0530] {dag.py:3823} INFO - Setting next_dagrun for example_sla_dag to 2025-06-17 07:20:00+00:00, run_after=2025-06-17 07:22:00+00:00
[2025-06-17T12:52:32.409+0530] {processor.py:183} INFO - Processing /home/priya/projects/snowflake_twitter_pipeline/venv/lib/python3.10/site-packages/airflow/example_dags/example_sla_dag.py took 0.129 seconds
[2025-06-17T12:53:08.445+0530] {processor.py:161} INFO - Started process (PID=3005) to work on /home/priya/projects/snowflake_twitter_pipeline/venv/lib/python3.10/site-packages/airflow/example_dags/example_sla_dag.py
[2025-06-17T12:53:08.447+0530] {processor.py:830} INFO - Processing file /home/priya/projects/snowflake_twitter_pipeline/venv/lib/python3.10/site-packages/airflow/example_dags/example_sla_dag.py for tasks to queue
[2025-06-17T12:53:08.448+0530] {logging_mixin.py:188} INFO - [2025-06-17T12:53:08.448+0530] {dagbag.py:538} INFO - Filling up the DagBag from /home/priya/projects/snowflake_twitter_pipeline/venv/lib/python3.10/site-packages/airflow/example_dags/example_sla_dag.py
[2025-06-17T12:53:08.454+0530] {processor.py:840} INFO - DAG(s) 'example_sla_dag' retrieved from /home/priya/projects/snowflake_twitter_pipeline/venv/lib/python3.10/site-packages/airflow/example_dags/example_sla_dag.py
[2025-06-17T12:53:08.467+0530] {logging_mixin.py:188} INFO - [2025-06-17T12:53:08.467+0530] {dag.py:3036} INFO - Sync 1 DAGs
[2025-06-17T12:53:08.482+0530] {logging_mixin.py:188} INFO - [2025-06-17T12:53:08.482+0530] {dag.py:3823} INFO - Setting next_dagrun for example_sla_dag to 2025-06-17 07:20:00+00:00, run_after=2025-06-17 07:22:00+00:00
[2025-06-17T12:53:08.500+0530] {processor.py:183} INFO - Processing /home/priya/projects/snowflake_twitter_pipeline/venv/lib/python3.10/site-packages/airflow/example_dags/example_sla_dag.py took 0.059 seconds
[2025-06-17T12:53:44.331+0530] {processor.py:161} INFO - Started process (PID=3091) to work on /home/priya/projects/snowflake_twitter_pipeline/venv/lib/python3.10/site-packages/airflow/example_dags/example_sla_dag.py
[2025-06-17T12:53:44.333+0530] {processor.py:830} INFO - Processing file /home/priya/projects/snowflake_twitter_pipeline/venv/lib/python3.10/site-packages/airflow/example_dags/example_sla_dag.py for tasks to queue
[2025-06-17T12:53:44.334+0530] {logging_mixin.py:188} INFO - [2025-06-17T12:53:44.333+0530] {dagbag.py:538} INFO - Filling up the DagBag from /home/priya/projects/snowflake_twitter_pipeline/venv/lib/python3.10/site-packages/airflow/example_dags/example_sla_dag.py
[2025-06-17T12:53:44.341+0530] {processor.py:840} INFO - DAG(s) 'example_sla_dag' retrieved from /home/priya/projects/snowflake_twitter_pipeline/venv/lib/python3.10/site-packages/airflow/example_dags/example_sla_dag.py
[2025-06-17T12:53:44.353+0530] {logging_mixin.py:188} INFO - [2025-06-17T12:53:44.353+0530] {dag.py:3036} INFO - Sync 1 DAGs
[2025-06-17T12:53:44.370+0530] {logging_mixin.py:188} INFO - [2025-06-17T12:53:44.369+0530] {dag.py:3823} INFO - Setting next_dagrun for example_sla_dag to 2025-06-17 07:20:00+00:00, run_after=2025-06-17 07:22:00+00:00
[2025-06-17T12:53:44.390+0530] {processor.py:183} INFO - Processing /home/priya/projects/snowflake_twitter_pipeline/venv/lib/python3.10/site-packages/airflow/example_dags/example_sla_dag.py took 0.061 seconds
[2025-06-17T12:54:18.275+0530] {processor.py:161} INFO - Started process (PID=3151) to work on /home/priya/projects/snowflake_twitter_pipeline/venv/lib/python3.10/site-packages/airflow/example_dags/example_sla_dag.py
[2025-06-17T12:54:18.277+0530] {processor.py:830} INFO - Processing file /home/priya/projects/snowflake_twitter_pipeline/venv/lib/python3.10/site-packages/airflow/example_dags/example_sla_dag.py for tasks to queue
[2025-06-17T12:54:18.278+0530] {logging_mixin.py:188} INFO - [2025-06-17T12:54:18.277+0530] {dagbag.py:538} INFO - Filling up the DagBag from /home/priya/projects/snowflake_twitter_pipeline/venv/lib/python3.10/site-packages/airflow/example_dags/example_sla_dag.py
[2025-06-17T12:54:18.284+0530] {processor.py:840} INFO - DAG(s) 'example_sla_dag' retrieved from /home/priya/projects/snowflake_twitter_pipeline/venv/lib/python3.10/site-packages/airflow/example_dags/example_sla_dag.py
[2025-06-17T12:54:18.294+0530] {logging_mixin.py:188} INFO - [2025-06-17T12:54:18.293+0530] {dag.py:3036} INFO - Sync 1 DAGs
[2025-06-17T12:54:18.312+0530] {logging_mixin.py:188} INFO - [2025-06-17T12:54:18.312+0530] {dag.py:3823} INFO - Setting next_dagrun for example_sla_dag to 2025-06-17 07:22:00+00:00, run_after=2025-06-17 07:24:00+00:00
[2025-06-17T12:54:18.335+0530] {processor.py:183} INFO - Processing /home/priya/projects/snowflake_twitter_pipeline/venv/lib/python3.10/site-packages/airflow/example_dags/example_sla_dag.py took 0.062 seconds
[2025-06-17T12:54:55.980+0530] {processor.py:161} INFO - Started process (PID=3299) to work on /home/priya/projects/snowflake_twitter_pipeline/venv/lib/python3.10/site-packages/airflow/example_dags/example_sla_dag.py
[2025-06-17T12:54:55.993+0530] {processor.py:830} INFO - Processing file /home/priya/projects/snowflake_twitter_pipeline/venv/lib/python3.10/site-packages/airflow/example_dags/example_sla_dag.py for tasks to queue
[2025-06-17T12:54:55.994+0530] {logging_mixin.py:188} INFO - [2025-06-17T12:54:55.994+0530] {dagbag.py:538} INFO - Filling up the DagBag from /home/priya/projects/snowflake_twitter_pipeline/venv/lib/python3.10/site-packages/airflow/example_dags/example_sla_dag.py
[2025-06-17T12:54:56.002+0530] {processor.py:840} INFO - DAG(s) 'example_sla_dag' retrieved from /home/priya/projects/snowflake_twitter_pipeline/venv/lib/python3.10/site-packages/airflow/example_dags/example_sla_dag.py
[2025-06-17T12:54:56.013+0530] {logging_mixin.py:188} INFO - [2025-06-17T12:54:56.013+0530] {dag.py:3036} INFO - Sync 1 DAGs
[2025-06-17T12:54:56.030+0530] {logging_mixin.py:188} INFO - [2025-06-17T12:54:56.030+0530] {dag.py:3823} INFO - Setting next_dagrun for example_sla_dag to 2025-06-17 07:22:00+00:00, run_after=2025-06-17 07:24:00+00:00
[2025-06-17T12:54:56.057+0530] {processor.py:183} INFO - Processing /home/priya/projects/snowflake_twitter_pipeline/venv/lib/python3.10/site-packages/airflow/example_dags/example_sla_dag.py took 0.079 seconds
