[2025-06-17T12:42:29.940+0530] {processor.py:161} INFO - Started process (PID=432) to work on /home/priya/projects/snowflake_twitter_pipeline/venv/lib/python3.10/site-packages/airflow/example_dags/example_branch_datetime_operator.py
[2025-06-17T12:42:29.941+0530] {processor.py:830} INFO - Processing file /home/priya/projects/snowflake_twitter_pipeline/venv/lib/python3.10/site-packages/airflow/example_dags/example_branch_datetime_operator.py for tasks to queue
[2025-06-17T12:42:29.941+0530] {logging_mixin.py:188} INFO - [2025-06-17T12:42:29.941+0530] {dagbag.py:538} INFO - Filling up the DagBag from /home/priya/projects/snowflake_twitter_pipeline/venv/lib/python3.10/site-packages/airflow/example_dags/example_branch_datetime_operator.py
[2025-06-17T12:42:29.949+0530] {processor.py:840} INFO - DAG(s) 'example_branch_datetime_operator_3', 'example_branch_datetime_operator', 'example_branch_datetime_operator_2' retrieved from /home/priya/projects/snowflake_twitter_pipeline/venv/lib/python3.10/site-packages/airflow/example_dags/example_branch_datetime_operator.py
[2025-06-17T12:42:30.074+0530] {logging_mixin.py:188} INFO - [2025-06-17T12:42:30.074+0530] {override.py:1769} INFO - Created Permission View: can edit on DAG:example_branch_datetime_operator_3
[2025-06-17T12:42:30.085+0530] {logging_mixin.py:188} INFO - [2025-06-17T12:42:30.085+0530] {override.py:1769} INFO - Created Permission View: can delete on DAG:example_branch_datetime_operator_3
[2025-06-17T12:42:30.093+0530] {logging_mixin.py:188} INFO - [2025-06-17T12:42:30.092+0530] {override.py:1769} INFO - Created Permission View: can read on DAG:example_branch_datetime_operator_3
[2025-06-17T12:42:30.110+0530] {logging_mixin.py:188} INFO - [2025-06-17T12:42:30.110+0530] {override.py:1769} INFO - Created Permission View: can edit on DAG:example_branch_datetime_operator
[2025-06-17T12:42:30.118+0530] {logging_mixin.py:188} INFO - [2025-06-17T12:42:30.118+0530] {override.py:1769} INFO - Created Permission View: can delete on DAG:example_branch_datetime_operator
[2025-06-17T12:42:30.125+0530] {logging_mixin.py:188} INFO - [2025-06-17T12:42:30.125+0530] {override.py:1769} INFO - Created Permission View: can read on DAG:example_branch_datetime_operator
[2025-06-17T12:42:30.141+0530] {logging_mixin.py:188} INFO - [2025-06-17T12:42:30.141+0530] {override.py:1769} INFO - Created Permission View: can edit on DAG:example_branch_datetime_operator_2
[2025-06-17T12:42:30.148+0530] {logging_mixin.py:188} INFO - [2025-06-17T12:42:30.148+0530] {override.py:1769} INFO - Created Permission View: can delete on DAG:example_branch_datetime_operator_2
[2025-06-17T12:42:30.155+0530] {logging_mixin.py:188} INFO - [2025-06-17T12:42:30.154+0530] {override.py:1769} INFO - Created Permission View: can read on DAG:example_branch_datetime_operator_2
[2025-06-17T12:42:30.155+0530] {logging_mixin.py:188} INFO - [2025-06-17T12:42:30.155+0530] {dag.py:3036} INFO - Sync 3 DAGs
[2025-06-17T12:42:30.160+0530] {logging_mixin.py:188} INFO - [2025-06-17T12:42:30.159+0530] {dag.py:3058} INFO - Creating ORM DAG for example_branch_datetime_operator_2
[2025-06-17T12:42:30.160+0530] {logging_mixin.py:188} INFO - [2025-06-17T12:42:30.160+0530] {dag.py:3058} INFO - Creating ORM DAG for example_branch_datetime_operator_3
[2025-06-17T12:42:30.160+0530] {logging_mixin.py:188} INFO - [2025-06-17T12:42:30.160+0530] {dag.py:3058} INFO - Creating ORM DAG for example_branch_datetime_operator
[2025-06-17T12:42:30.165+0530] {logging_mixin.py:188} INFO - [2025-06-17T12:42:30.165+0530] {dag.py:3823} INFO - Setting next_dagrun for example_branch_datetime_operator to 2025-06-16 00:00:00+00:00, run_after=2025-06-17 00:00:00+00:00
[2025-06-17T12:42:30.166+0530] {logging_mixin.py:188} INFO - [2025-06-17T12:42:30.166+0530] {dag.py:3823} INFO - Setting next_dagrun for example_branch_datetime_operator_2 to 2025-06-16 00:00:00+00:00, run_after=2025-06-17 00:00:00+00:00
[2025-06-17T12:42:30.167+0530] {logging_mixin.py:188} INFO - [2025-06-17T12:42:30.167+0530] {dag.py:3823} INFO - Setting next_dagrun for example_branch_datetime_operator_3 to 2025-06-16 00:00:00+00:00, run_after=2025-06-17 00:00:00+00:00
[2025-06-17T12:42:30.182+0530] {processor.py:183} INFO - Processing /home/priya/projects/snowflake_twitter_pipeline/venv/lib/python3.10/site-packages/airflow/example_dags/example_branch_datetime_operator.py took 0.244 seconds
[2025-06-17T12:43:23.461+0530] {processor.py:161} INFO - Started process (PID=496) to work on /home/priya/projects/snowflake_twitter_pipeline/venv/lib/python3.10/site-packages/airflow/example_dags/example_branch_datetime_operator.py
[2025-06-17T12:43:23.463+0530] {processor.py:830} INFO - Processing file /home/priya/projects/snowflake_twitter_pipeline/venv/lib/python3.10/site-packages/airflow/example_dags/example_branch_datetime_operator.py for tasks to queue
[2025-06-17T12:43:23.464+0530] {logging_mixin.py:188} INFO - [2025-06-17T12:43:23.463+0530] {dagbag.py:538} INFO - Filling up the DagBag from /home/priya/projects/snowflake_twitter_pipeline/venv/lib/python3.10/site-packages/airflow/example_dags/example_branch_datetime_operator.py
[2025-06-17T12:43:23.470+0530] {processor.py:840} INFO - DAG(s) 'example_branch_datetime_operator_2', 'example_branch_datetime_operator_3', 'example_branch_datetime_operator' retrieved from /home/priya/projects/snowflake_twitter_pipeline/venv/lib/python3.10/site-packages/airflow/example_dags/example_branch_datetime_operator.py
[2025-06-17T12:43:23.486+0530] {logging_mixin.py:188} INFO - [2025-06-17T12:43:23.486+0530] {dag.py:3036} INFO - Sync 3 DAGs
[2025-06-17T12:43:23.500+0530] {logging_mixin.py:188} INFO - [2025-06-17T12:43:23.500+0530] {dag.py:3823} INFO - Setting next_dagrun for example_branch_datetime_operator to 2025-06-16 00:00:00+00:00, run_after=2025-06-17 00:00:00+00:00
[2025-06-17T12:43:23.503+0530] {logging_mixin.py:188} INFO - [2025-06-17T12:43:23.503+0530] {dag.py:3823} INFO - Setting next_dagrun for example_branch_datetime_operator_2 to 2025-06-16 00:00:00+00:00, run_after=2025-06-17 00:00:00+00:00
[2025-06-17T12:43:23.504+0530] {logging_mixin.py:188} INFO - [2025-06-17T12:43:23.504+0530] {dag.py:3823} INFO - Setting next_dagrun for example_branch_datetime_operator_3 to 2025-06-16 00:00:00+00:00, run_after=2025-06-17 00:00:00+00:00
[2025-06-17T12:43:23.521+0530] {processor.py:183} INFO - Processing /home/priya/projects/snowflake_twitter_pipeline/venv/lib/python3.10/site-packages/airflow/example_dags/example_branch_datetime_operator.py took 0.062 seconds
[2025-06-17T12:44:12.588+0530] {processor.py:161} INFO - Started process (PID=560) to work on /home/priya/projects/snowflake_twitter_pipeline/venv/lib/python3.10/site-packages/airflow/example_dags/example_branch_datetime_operator.py
[2025-06-17T12:44:12.589+0530] {processor.py:830} INFO - Processing file /home/priya/projects/snowflake_twitter_pipeline/venv/lib/python3.10/site-packages/airflow/example_dags/example_branch_datetime_operator.py for tasks to queue
[2025-06-17T12:44:12.590+0530] {logging_mixin.py:188} INFO - [2025-06-17T12:44:12.590+0530] {dagbag.py:538} INFO - Filling up the DagBag from /home/priya/projects/snowflake_twitter_pipeline/venv/lib/python3.10/site-packages/airflow/example_dags/example_branch_datetime_operator.py
[2025-06-17T12:44:12.596+0530] {processor.py:840} INFO - DAG(s) 'example_branch_datetime_operator', 'example_branch_datetime_operator_2', 'example_branch_datetime_operator_3' retrieved from /home/priya/projects/snowflake_twitter_pipeline/venv/lib/python3.10/site-packages/airflow/example_dags/example_branch_datetime_operator.py
[2025-06-17T12:44:12.608+0530] {logging_mixin.py:188} INFO - [2025-06-17T12:44:12.608+0530] {dag.py:3036} INFO - Sync 3 DAGs
[2025-06-17T12:44:12.620+0530] {logging_mixin.py:188} INFO - [2025-06-17T12:44:12.620+0530] {dag.py:3823} INFO - Setting next_dagrun for example_branch_datetime_operator to 2025-06-16 00:00:00+00:00, run_after=2025-06-17 00:00:00+00:00
[2025-06-17T12:44:12.623+0530] {logging_mixin.py:188} INFO - [2025-06-17T12:44:12.622+0530] {dag.py:3823} INFO - Setting next_dagrun for example_branch_datetime_operator_2 to 2025-06-16 00:00:00+00:00, run_after=2025-06-17 00:00:00+00:00
[2025-06-17T12:44:12.624+0530] {logging_mixin.py:188} INFO - [2025-06-17T12:44:12.624+0530] {dag.py:3823} INFO - Setting next_dagrun for example_branch_datetime_operator_3 to 2025-06-16 00:00:00+00:00, run_after=2025-06-17 00:00:00+00:00
[2025-06-17T12:44:12.637+0530] {processor.py:183} INFO - Processing /home/priya/projects/snowflake_twitter_pipeline/venv/lib/python3.10/site-packages/airflow/example_dags/example_branch_datetime_operator.py took 0.051 seconds
[2025-06-17T12:45:55.858+0530] {processor.py:161} INFO - Started process (PID=660) to work on /home/priya/projects/snowflake_twitter_pipeline/venv/lib/python3.10/site-packages/airflow/example_dags/example_branch_datetime_operator.py
[2025-06-17T12:45:55.861+0530] {processor.py:830} INFO - Processing file /home/priya/projects/snowflake_twitter_pipeline/venv/lib/python3.10/site-packages/airflow/example_dags/example_branch_datetime_operator.py for tasks to queue
[2025-06-17T12:45:55.862+0530] {logging_mixin.py:188} INFO - [2025-06-17T12:45:55.861+0530] {dagbag.py:538} INFO - Filling up the DagBag from /home/priya/projects/snowflake_twitter_pipeline/venv/lib/python3.10/site-packages/airflow/example_dags/example_branch_datetime_operator.py
[2025-06-17T12:45:55.872+0530] {processor.py:840} INFO - DAG(s) 'example_branch_datetime_operator_2', 'example_branch_datetime_operator', 'example_branch_datetime_operator_3' retrieved from /home/priya/projects/snowflake_twitter_pipeline/venv/lib/python3.10/site-packages/airflow/example_dags/example_branch_datetime_operator.py
[2025-06-17T12:45:55.888+0530] {logging_mixin.py:188} INFO - [2025-06-17T12:45:55.888+0530] {dag.py:3036} INFO - Sync 3 DAGs
[2025-06-17T12:45:55.903+0530] {logging_mixin.py:188} INFO - [2025-06-17T12:45:55.903+0530] {dag.py:3823} INFO - Setting next_dagrun for example_branch_datetime_operator to 2025-06-16 00:00:00+00:00, run_after=2025-06-17 00:00:00+00:00
[2025-06-17T12:45:55.906+0530] {logging_mixin.py:188} INFO - [2025-06-17T12:45:55.906+0530] {dag.py:3823} INFO - Setting next_dagrun for example_branch_datetime_operator_2 to 2025-06-16 00:00:00+00:00, run_after=2025-06-17 00:00:00+00:00
[2025-06-17T12:45:55.907+0530] {logging_mixin.py:188} INFO - [2025-06-17T12:45:55.907+0530] {dag.py:3823} INFO - Setting next_dagrun for example_branch_datetime_operator_3 to 2025-06-16 00:00:00+00:00, run_after=2025-06-17 00:00:00+00:00
[2025-06-17T12:45:55.922+0530] {processor.py:183} INFO - Processing /home/priya/projects/snowflake_twitter_pipeline/venv/lib/python3.10/site-packages/airflow/example_dags/example_branch_datetime_operator.py took 0.068 seconds
[2025-06-17T12:46:48.371+0530] {processor.py:161} INFO - Started process (PID=1264) to work on /home/priya/projects/snowflake_twitter_pipeline/venv/lib/python3.10/site-packages/airflow/example_dags/example_branch_datetime_operator.py
[2025-06-17T12:46:48.373+0530] {processor.py:830} INFO - Processing file /home/priya/projects/snowflake_twitter_pipeline/venv/lib/python3.10/site-packages/airflow/example_dags/example_branch_datetime_operator.py for tasks to queue
[2025-06-17T12:46:48.374+0530] {logging_mixin.py:188} INFO - [2025-06-17T12:46:48.373+0530] {dagbag.py:538} INFO - Filling up the DagBag from /home/priya/projects/snowflake_twitter_pipeline/venv/lib/python3.10/site-packages/airflow/example_dags/example_branch_datetime_operator.py
[2025-06-17T12:46:48.383+0530] {processor.py:840} INFO - DAG(s) 'example_branch_datetime_operator_3', 'example_branch_datetime_operator', 'example_branch_datetime_operator_2' retrieved from /home/priya/projects/snowflake_twitter_pipeline/venv/lib/python3.10/site-packages/airflow/example_dags/example_branch_datetime_operator.py
[2025-06-17T12:46:48.400+0530] {logging_mixin.py:188} INFO - [2025-06-17T12:46:48.400+0530] {dag.py:3036} INFO - Sync 3 DAGs
[2025-06-17T12:46:48.415+0530] {logging_mixin.py:188} INFO - [2025-06-17T12:46:48.415+0530] {dag.py:3823} INFO - Setting next_dagrun for example_branch_datetime_operator to 2025-06-16 00:00:00+00:00, run_after=2025-06-17 00:00:00+00:00
[2025-06-17T12:46:48.418+0530] {logging_mixin.py:188} INFO - [2025-06-17T12:46:48.418+0530] {dag.py:3823} INFO - Setting next_dagrun for example_branch_datetime_operator_2 to 2025-06-16 00:00:00+00:00, run_after=2025-06-17 00:00:00+00:00
[2025-06-17T12:46:48.420+0530] {logging_mixin.py:188} INFO - [2025-06-17T12:46:48.420+0530] {dag.py:3823} INFO - Setting next_dagrun for example_branch_datetime_operator_3 to 2025-06-16 00:00:00+00:00, run_after=2025-06-17 00:00:00+00:00
[2025-06-17T12:46:48.444+0530] {processor.py:183} INFO - Processing /home/priya/projects/snowflake_twitter_pipeline/venv/lib/python3.10/site-packages/airflow/example_dags/example_branch_datetime_operator.py took 0.075 seconds
[2025-06-17T12:47:35.868+0530] {processor.py:161} INFO - Started process (PID=1468) to work on /home/priya/projects/snowflake_twitter_pipeline/venv/lib/python3.10/site-packages/airflow/example_dags/example_branch_datetime_operator.py
[2025-06-17T12:47:35.869+0530] {processor.py:830} INFO - Processing file /home/priya/projects/snowflake_twitter_pipeline/venv/lib/python3.10/site-packages/airflow/example_dags/example_branch_datetime_operator.py for tasks to queue
[2025-06-17T12:47:35.870+0530] {logging_mixin.py:188} INFO - [2025-06-17T12:47:35.870+0530] {dagbag.py:538} INFO - Filling up the DagBag from /home/priya/projects/snowflake_twitter_pipeline/venv/lib/python3.10/site-packages/airflow/example_dags/example_branch_datetime_operator.py
[2025-06-17T12:47:35.877+0530] {processor.py:840} INFO - DAG(s) 'example_branch_datetime_operator', 'example_branch_datetime_operator_3', 'example_branch_datetime_operator_2' retrieved from /home/priya/projects/snowflake_twitter_pipeline/venv/lib/python3.10/site-packages/airflow/example_dags/example_branch_datetime_operator.py
[2025-06-17T12:47:35.893+0530] {logging_mixin.py:188} INFO - [2025-06-17T12:47:35.893+0530] {dag.py:3036} INFO - Sync 3 DAGs
[2025-06-17T12:47:35.905+0530] {logging_mixin.py:188} INFO - [2025-06-17T12:47:35.905+0530] {dag.py:3823} INFO - Setting next_dagrun for example_branch_datetime_operator to 2025-06-16 00:00:00+00:00, run_after=2025-06-17 00:00:00+00:00
[2025-06-17T12:47:35.908+0530] {logging_mixin.py:188} INFO - [2025-06-17T12:47:35.908+0530] {dag.py:3823} INFO - Setting next_dagrun for example_branch_datetime_operator_2 to 2025-06-16 00:00:00+00:00, run_after=2025-06-17 00:00:00+00:00
[2025-06-17T12:47:35.909+0530] {logging_mixin.py:188} INFO - [2025-06-17T12:47:35.909+0530] {dag.py:3823} INFO - Setting next_dagrun for example_branch_datetime_operator_3 to 2025-06-16 00:00:00+00:00, run_after=2025-06-17 00:00:00+00:00
[2025-06-17T12:47:35.926+0530] {processor.py:183} INFO - Processing /home/priya/projects/snowflake_twitter_pipeline/venv/lib/python3.10/site-packages/airflow/example_dags/example_branch_datetime_operator.py took 0.062 seconds
[2025-06-17T12:48:22.054+0530] {processor.py:161} INFO - Started process (PID=1677) to work on /home/priya/projects/snowflake_twitter_pipeline/venv/lib/python3.10/site-packages/airflow/example_dags/example_branch_datetime_operator.py
[2025-06-17T12:48:22.063+0530] {processor.py:830} INFO - Processing file /home/priya/projects/snowflake_twitter_pipeline/venv/lib/python3.10/site-packages/airflow/example_dags/example_branch_datetime_operator.py for tasks to queue
[2025-06-17T12:48:22.064+0530] {logging_mixin.py:188} INFO - [2025-06-17T12:48:22.064+0530] {dagbag.py:538} INFO - Filling up the DagBag from /home/priya/projects/snowflake_twitter_pipeline/venv/lib/python3.10/site-packages/airflow/example_dags/example_branch_datetime_operator.py
[2025-06-17T12:48:22.071+0530] {processor.py:840} INFO - DAG(s) 'example_branch_datetime_operator', 'example_branch_datetime_operator_3', 'example_branch_datetime_operator_2' retrieved from /home/priya/projects/snowflake_twitter_pipeline/venv/lib/python3.10/site-packages/airflow/example_dags/example_branch_datetime_operator.py
[2025-06-17T12:48:22.085+0530] {logging_mixin.py:188} INFO - [2025-06-17T12:48:22.085+0530] {dag.py:3036} INFO - Sync 3 DAGs
[2025-06-17T12:48:22.100+0530] {logging_mixin.py:188} INFO - [2025-06-17T12:48:22.100+0530] {dag.py:3823} INFO - Setting next_dagrun for example_branch_datetime_operator to 2025-06-16 00:00:00+00:00, run_after=2025-06-17 00:00:00+00:00
[2025-06-17T12:48:22.102+0530] {logging_mixin.py:188} INFO - [2025-06-17T12:48:22.102+0530] {dag.py:3823} INFO - Setting next_dagrun for example_branch_datetime_operator_2 to 2025-06-16 00:00:00+00:00, run_after=2025-06-17 00:00:00+00:00
[2025-06-17T12:48:22.104+0530] {logging_mixin.py:188} INFO - [2025-06-17T12:48:22.104+0530] {dag.py:3823} INFO - Setting next_dagrun for example_branch_datetime_operator_3 to 2025-06-16 00:00:00+00:00, run_after=2025-06-17 00:00:00+00:00
[2025-06-17T12:48:22.120+0530] {processor.py:183} INFO - Processing /home/priya/projects/snowflake_twitter_pipeline/venv/lib/python3.10/site-packages/airflow/example_dags/example_branch_datetime_operator.py took 0.069 seconds
[2025-06-17T12:49:03.286+0530] {processor.py:161} INFO - Started process (PID=1868) to work on /home/priya/projects/snowflake_twitter_pipeline/venv/lib/python3.10/site-packages/airflow/example_dags/example_branch_datetime_operator.py
[2025-06-17T12:49:03.288+0530] {processor.py:830} INFO - Processing file /home/priya/projects/snowflake_twitter_pipeline/venv/lib/python3.10/site-packages/airflow/example_dags/example_branch_datetime_operator.py for tasks to queue
[2025-06-17T12:49:03.290+0530] {logging_mixin.py:188} INFO - [2025-06-17T12:49:03.289+0530] {dagbag.py:538} INFO - Filling up the DagBag from /home/priya/projects/snowflake_twitter_pipeline/venv/lib/python3.10/site-packages/airflow/example_dags/example_branch_datetime_operator.py
[2025-06-17T12:49:03.300+0530] {processor.py:840} INFO - DAG(s) 'example_branch_datetime_operator_2', 'example_branch_datetime_operator_3', 'example_branch_datetime_operator' retrieved from /home/priya/projects/snowflake_twitter_pipeline/venv/lib/python3.10/site-packages/airflow/example_dags/example_branch_datetime_operator.py
[2025-06-17T12:49:03.324+0530] {logging_mixin.py:188} INFO - [2025-06-17T12:49:03.323+0530] {dag.py:3036} INFO - Sync 3 DAGs
[2025-06-17T12:49:03.346+0530] {logging_mixin.py:188} INFO - [2025-06-17T12:49:03.346+0530] {dag.py:3823} INFO - Setting next_dagrun for example_branch_datetime_operator to 2025-06-16 00:00:00+00:00, run_after=2025-06-17 00:00:00+00:00
[2025-06-17T12:49:03.349+0530] {logging_mixin.py:188} INFO - [2025-06-17T12:49:03.349+0530] {dag.py:3823} INFO - Setting next_dagrun for example_branch_datetime_operator_2 to 2025-06-16 00:00:00+00:00, run_after=2025-06-17 00:00:00+00:00
[2025-06-17T12:49:03.350+0530] {logging_mixin.py:188} INFO - [2025-06-17T12:49:03.350+0530] {dag.py:3823} INFO - Setting next_dagrun for example_branch_datetime_operator_3 to 2025-06-16 00:00:00+00:00, run_after=2025-06-17 00:00:00+00:00
[2025-06-17T12:49:03.372+0530] {processor.py:183} INFO - Processing /home/priya/projects/snowflake_twitter_pipeline/venv/lib/python3.10/site-packages/airflow/example_dags/example_branch_datetime_operator.py took 0.089 seconds
[2025-06-17T12:49:50.668+0530] {processor.py:161} INFO - Started process (PID=2096) to work on /home/priya/projects/snowflake_twitter_pipeline/venv/lib/python3.10/site-packages/airflow/example_dags/example_branch_datetime_operator.py
[2025-06-17T12:49:50.670+0530] {processor.py:830} INFO - Processing file /home/priya/projects/snowflake_twitter_pipeline/venv/lib/python3.10/site-packages/airflow/example_dags/example_branch_datetime_operator.py for tasks to queue
[2025-06-17T12:49:50.671+0530] {logging_mixin.py:188} INFO - [2025-06-17T12:49:50.671+0530] {dagbag.py:538} INFO - Filling up the DagBag from /home/priya/projects/snowflake_twitter_pipeline/venv/lib/python3.10/site-packages/airflow/example_dags/example_branch_datetime_operator.py
[2025-06-17T12:49:50.677+0530] {processor.py:840} INFO - DAG(s) 'example_branch_datetime_operator_3', 'example_branch_datetime_operator', 'example_branch_datetime_operator_2' retrieved from /home/priya/projects/snowflake_twitter_pipeline/venv/lib/python3.10/site-packages/airflow/example_dags/example_branch_datetime_operator.py
[2025-06-17T12:49:50.692+0530] {logging_mixin.py:188} INFO - [2025-06-17T12:49:50.692+0530] {dag.py:3036} INFO - Sync 3 DAGs
[2025-06-17T12:49:50.706+0530] {logging_mixin.py:188} INFO - [2025-06-17T12:49:50.706+0530] {dag.py:3823} INFO - Setting next_dagrun for example_branch_datetime_operator to 2025-06-16 00:00:00+00:00, run_after=2025-06-17 00:00:00+00:00
[2025-06-17T12:49:50.709+0530] {logging_mixin.py:188} INFO - [2025-06-17T12:49:50.708+0530] {dag.py:3823} INFO - Setting next_dagrun for example_branch_datetime_operator_2 to 2025-06-16 00:00:00+00:00, run_after=2025-06-17 00:00:00+00:00
[2025-06-17T12:49:50.710+0530] {logging_mixin.py:188} INFO - [2025-06-17T12:49:50.710+0530] {dag.py:3823} INFO - Setting next_dagrun for example_branch_datetime_operator_3 to 2025-06-16 00:00:00+00:00, run_after=2025-06-17 00:00:00+00:00
[2025-06-17T12:49:50.728+0530] {processor.py:183} INFO - Processing /home/priya/projects/snowflake_twitter_pipeline/venv/lib/python3.10/site-packages/airflow/example_dags/example_branch_datetime_operator.py took 0.063 seconds
[2025-06-17T12:50:40.649+0530] {processor.py:161} INFO - Started process (PID=2311) to work on /home/priya/projects/snowflake_twitter_pipeline/venv/lib/python3.10/site-packages/airflow/example_dags/example_branch_datetime_operator.py
[2025-06-17T12:50:40.651+0530] {processor.py:830} INFO - Processing file /home/priya/projects/snowflake_twitter_pipeline/venv/lib/python3.10/site-packages/airflow/example_dags/example_branch_datetime_operator.py for tasks to queue
[2025-06-17T12:50:40.651+0530] {logging_mixin.py:188} INFO - [2025-06-17T12:50:40.651+0530] {dagbag.py:538} INFO - Filling up the DagBag from /home/priya/projects/snowflake_twitter_pipeline/venv/lib/python3.10/site-packages/airflow/example_dags/example_branch_datetime_operator.py
[2025-06-17T12:50:40.657+0530] {processor.py:840} INFO - DAG(s) 'example_branch_datetime_operator_2', 'example_branch_datetime_operator_3', 'example_branch_datetime_operator' retrieved from /home/priya/projects/snowflake_twitter_pipeline/venv/lib/python3.10/site-packages/airflow/example_dags/example_branch_datetime_operator.py
[2025-06-17T12:50:40.672+0530] {logging_mixin.py:188} INFO - [2025-06-17T12:50:40.672+0530] {dag.py:3036} INFO - Sync 3 DAGs
[2025-06-17T12:50:40.687+0530] {logging_mixin.py:188} INFO - [2025-06-17T12:50:40.686+0530] {dag.py:3823} INFO - Setting next_dagrun for example_branch_datetime_operator to 2025-06-16 00:00:00+00:00, run_after=2025-06-17 00:00:00+00:00
[2025-06-17T12:50:40.689+0530] {logging_mixin.py:188} INFO - [2025-06-17T12:50:40.689+0530] {dag.py:3823} INFO - Setting next_dagrun for example_branch_datetime_operator_2 to 2025-06-16 00:00:00+00:00, run_after=2025-06-17 00:00:00+00:00
[2025-06-17T12:50:40.690+0530] {logging_mixin.py:188} INFO - [2025-06-17T12:50:40.690+0530] {dag.py:3823} INFO - Setting next_dagrun for example_branch_datetime_operator_3 to 2025-06-16 00:00:00+00:00, run_after=2025-06-17 00:00:00+00:00
[2025-06-17T12:50:40.707+0530] {processor.py:183} INFO - Processing /home/priya/projects/snowflake_twitter_pipeline/venv/lib/python3.10/site-packages/airflow/example_dags/example_branch_datetime_operator.py took 0.059 seconds
[2025-06-17T12:51:29.043+0530] {processor.py:161} INFO - Started process (PID=2545) to work on /home/priya/projects/snowflake_twitter_pipeline/venv/lib/python3.10/site-packages/airflow/example_dags/example_branch_datetime_operator.py
[2025-06-17T12:51:29.053+0530] {processor.py:830} INFO - Processing file /home/priya/projects/snowflake_twitter_pipeline/venv/lib/python3.10/site-packages/airflow/example_dags/example_branch_datetime_operator.py for tasks to queue
[2025-06-17T12:51:29.054+0530] {logging_mixin.py:188} INFO - [2025-06-17T12:51:29.053+0530] {dagbag.py:538} INFO - Filling up the DagBag from /home/priya/projects/snowflake_twitter_pipeline/venv/lib/python3.10/site-packages/airflow/example_dags/example_branch_datetime_operator.py
[2025-06-17T12:51:29.061+0530] {processor.py:840} INFO - DAG(s) 'example_branch_datetime_operator_2', 'example_branch_datetime_operator', 'example_branch_datetime_operator_3' retrieved from /home/priya/projects/snowflake_twitter_pipeline/venv/lib/python3.10/site-packages/airflow/example_dags/example_branch_datetime_operator.py
[2025-06-17T12:51:29.073+0530] {logging_mixin.py:188} INFO - [2025-06-17T12:51:29.073+0530] {dag.py:3036} INFO - Sync 3 DAGs
[2025-06-17T12:51:29.086+0530] {logging_mixin.py:188} INFO - [2025-06-17T12:51:29.086+0530] {dag.py:3823} INFO - Setting next_dagrun for example_branch_datetime_operator to 2025-06-16 00:00:00+00:00, run_after=2025-06-17 00:00:00+00:00
[2025-06-17T12:51:29.088+0530] {logging_mixin.py:188} INFO - [2025-06-17T12:51:29.088+0530] {dag.py:3823} INFO - Setting next_dagrun for example_branch_datetime_operator_2 to 2025-06-16 00:00:00+00:00, run_after=2025-06-17 00:00:00+00:00
[2025-06-17T12:51:29.089+0530] {logging_mixin.py:188} INFO - [2025-06-17T12:51:29.089+0530] {dag.py:3823} INFO - Setting next_dagrun for example_branch_datetime_operator_3 to 2025-06-16 00:00:00+00:00, run_after=2025-06-17 00:00:00+00:00
[2025-06-17T12:51:29.107+0530] {processor.py:183} INFO - Processing /home/priya/projects/snowflake_twitter_pipeline/venv/lib/python3.10/site-packages/airflow/example_dags/example_branch_datetime_operator.py took 0.066 seconds
[2025-06-17T12:52:20.319+0530] {processor.py:161} INFO - Started process (PID=2767) to work on /home/priya/projects/snowflake_twitter_pipeline/venv/lib/python3.10/site-packages/airflow/example_dags/example_branch_datetime_operator.py
[2025-06-17T12:52:20.321+0530] {processor.py:830} INFO - Processing file /home/priya/projects/snowflake_twitter_pipeline/venv/lib/python3.10/site-packages/airflow/example_dags/example_branch_datetime_operator.py for tasks to queue
[2025-06-17T12:52:20.321+0530] {logging_mixin.py:188} INFO - [2025-06-17T12:52:20.321+0530] {dagbag.py:538} INFO - Filling up the DagBag from /home/priya/projects/snowflake_twitter_pipeline/venv/lib/python3.10/site-packages/airflow/example_dags/example_branch_datetime_operator.py
[2025-06-17T12:52:20.328+0530] {processor.py:840} INFO - DAG(s) 'example_branch_datetime_operator_2', 'example_branch_datetime_operator_3', 'example_branch_datetime_operator' retrieved from /home/priya/projects/snowflake_twitter_pipeline/venv/lib/python3.10/site-packages/airflow/example_dags/example_branch_datetime_operator.py
[2025-06-17T12:52:20.341+0530] {logging_mixin.py:188} INFO - [2025-06-17T12:52:20.341+0530] {dag.py:3036} INFO - Sync 3 DAGs
[2025-06-17T12:52:20.354+0530] {logging_mixin.py:188} INFO - [2025-06-17T12:52:20.354+0530] {dag.py:3823} INFO - Setting next_dagrun for example_branch_datetime_operator to 2025-06-16 00:00:00+00:00, run_after=2025-06-17 00:00:00+00:00
[2025-06-17T12:52:20.357+0530] {logging_mixin.py:188} INFO - [2025-06-17T12:52:20.357+0530] {dag.py:3823} INFO - Setting next_dagrun for example_branch_datetime_operator_2 to 2025-06-16 00:00:00+00:00, run_after=2025-06-17 00:00:00+00:00
[2025-06-17T12:52:20.358+0530] {logging_mixin.py:188} INFO - [2025-06-17T12:52:20.358+0530] {dag.py:3823} INFO - Setting next_dagrun for example_branch_datetime_operator_3 to 2025-06-16 00:00:00+00:00, run_after=2025-06-17 00:00:00+00:00
[2025-06-17T12:52:20.375+0530] {processor.py:183} INFO - Processing /home/priya/projects/snowflake_twitter_pipeline/venv/lib/python3.10/site-packages/airflow/example_dags/example_branch_datetime_operator.py took 0.058 seconds
[2025-06-17T12:53:13.590+0530] {processor.py:161} INFO - Started process (PID=3022) to work on /home/priya/projects/snowflake_twitter_pipeline/venv/lib/python3.10/site-packages/airflow/example_dags/example_branch_datetime_operator.py
[2025-06-17T12:53:13.592+0530] {processor.py:830} INFO - Processing file /home/priya/projects/snowflake_twitter_pipeline/venv/lib/python3.10/site-packages/airflow/example_dags/example_branch_datetime_operator.py for tasks to queue
[2025-06-17T12:53:13.593+0530] {logging_mixin.py:188} INFO - [2025-06-17T12:53:13.592+0530] {dagbag.py:538} INFO - Filling up the DagBag from /home/priya/projects/snowflake_twitter_pipeline/venv/lib/python3.10/site-packages/airflow/example_dags/example_branch_datetime_operator.py
[2025-06-17T12:53:13.599+0530] {processor.py:840} INFO - DAG(s) 'example_branch_datetime_operator', 'example_branch_datetime_operator_2', 'example_branch_datetime_operator_3' retrieved from /home/priya/projects/snowflake_twitter_pipeline/venv/lib/python3.10/site-packages/airflow/example_dags/example_branch_datetime_operator.py
[2025-06-17T12:53:13.613+0530] {logging_mixin.py:188} INFO - [2025-06-17T12:53:13.613+0530] {dag.py:3036} INFO - Sync 3 DAGs
[2025-06-17T12:53:13.627+0530] {logging_mixin.py:188} INFO - [2025-06-17T12:53:13.626+0530] {dag.py:3823} INFO - Setting next_dagrun for example_branch_datetime_operator to 2025-06-16 00:00:00+00:00, run_after=2025-06-17 00:00:00+00:00
[2025-06-17T12:53:13.629+0530] {logging_mixin.py:188} INFO - [2025-06-17T12:53:13.629+0530] {dag.py:3823} INFO - Setting next_dagrun for example_branch_datetime_operator_2 to 2025-06-16 00:00:00+00:00, run_after=2025-06-17 00:00:00+00:00
[2025-06-17T12:53:13.631+0530] {logging_mixin.py:188} INFO - [2025-06-17T12:53:13.631+0530] {dag.py:3823} INFO - Setting next_dagrun for example_branch_datetime_operator_3 to 2025-06-16 00:00:00+00:00, run_after=2025-06-17 00:00:00+00:00
[2025-06-17T12:53:13.650+0530] {processor.py:183} INFO - Processing /home/priya/projects/snowflake_twitter_pipeline/venv/lib/python3.10/site-packages/airflow/example_dags/example_branch_datetime_operator.py took 0.062 seconds
[2025-06-17T12:54:05.017+0530] {processor.py:161} INFO - Started process (PID=3112) to work on /home/priya/projects/snowflake_twitter_pipeline/venv/lib/python3.10/site-packages/airflow/example_dags/example_branch_datetime_operator.py
[2025-06-17T12:54:05.019+0530] {processor.py:830} INFO - Processing file /home/priya/projects/snowflake_twitter_pipeline/venv/lib/python3.10/site-packages/airflow/example_dags/example_branch_datetime_operator.py for tasks to queue
[2025-06-17T12:54:05.020+0530] {logging_mixin.py:188} INFO - [2025-06-17T12:54:05.020+0530] {dagbag.py:538} INFO - Filling up the DagBag from /home/priya/projects/snowflake_twitter_pipeline/venv/lib/python3.10/site-packages/airflow/example_dags/example_branch_datetime_operator.py
[2025-06-17T12:54:05.026+0530] {processor.py:840} INFO - DAG(s) 'example_branch_datetime_operator_3', 'example_branch_datetime_operator_2', 'example_branch_datetime_operator' retrieved from /home/priya/projects/snowflake_twitter_pipeline/venv/lib/python3.10/site-packages/airflow/example_dags/example_branch_datetime_operator.py
[2025-06-17T12:54:05.040+0530] {logging_mixin.py:188} INFO - [2025-06-17T12:54:05.039+0530] {dag.py:3036} INFO - Sync 3 DAGs
[2025-06-17T12:54:05.056+0530] {logging_mixin.py:188} INFO - [2025-06-17T12:54:05.056+0530] {dag.py:3823} INFO - Setting next_dagrun for example_branch_datetime_operator to 2025-06-16 00:00:00+00:00, run_after=2025-06-17 00:00:00+00:00
[2025-06-17T12:54:05.058+0530] {logging_mixin.py:188} INFO - [2025-06-17T12:54:05.058+0530] {dag.py:3823} INFO - Setting next_dagrun for example_branch_datetime_operator_2 to 2025-06-16 00:00:00+00:00, run_after=2025-06-17 00:00:00+00:00
[2025-06-17T12:54:05.060+0530] {logging_mixin.py:188} INFO - [2025-06-17T12:54:05.059+0530] {dag.py:3823} INFO - Setting next_dagrun for example_branch_datetime_operator_3 to 2025-06-16 00:00:00+00:00, run_after=2025-06-17 00:00:00+00:00
[2025-06-17T12:54:05.075+0530] {processor.py:183} INFO - Processing /home/priya/projects/snowflake_twitter_pipeline/venv/lib/python3.10/site-packages/airflow/example_dags/example_branch_datetime_operator.py took 0.062 seconds
[2025-06-17T12:54:58.931+0530] {processor.py:161} INFO - Started process (PID=3309) to work on /home/priya/projects/snowflake_twitter_pipeline/venv/lib/python3.10/site-packages/airflow/example_dags/example_branch_datetime_operator.py
[2025-06-17T12:54:58.944+0530] {processor.py:830} INFO - Processing file /home/priya/projects/snowflake_twitter_pipeline/venv/lib/python3.10/site-packages/airflow/example_dags/example_branch_datetime_operator.py for tasks to queue
[2025-06-17T12:54:58.945+0530] {logging_mixin.py:188} INFO - [2025-06-17T12:54:58.945+0530] {dagbag.py:538} INFO - Filling up the DagBag from /home/priya/projects/snowflake_twitter_pipeline/venv/lib/python3.10/site-packages/airflow/example_dags/example_branch_datetime_operator.py
[2025-06-17T12:54:58.953+0530] {processor.py:840} INFO - DAG(s) 'example_branch_datetime_operator_3', 'example_branch_datetime_operator_2', 'example_branch_datetime_operator' retrieved from /home/priya/projects/snowflake_twitter_pipeline/venv/lib/python3.10/site-packages/airflow/example_dags/example_branch_datetime_operator.py
[2025-06-17T12:54:58.968+0530] {logging_mixin.py:188} INFO - [2025-06-17T12:54:58.968+0530] {dag.py:3036} INFO - Sync 3 DAGs
[2025-06-17T12:54:58.983+0530] {logging_mixin.py:188} INFO - [2025-06-17T12:54:58.983+0530] {dag.py:3823} INFO - Setting next_dagrun for example_branch_datetime_operator to 2025-06-16 00:00:00+00:00, run_after=2025-06-17 00:00:00+00:00
[2025-06-17T12:54:58.986+0530] {logging_mixin.py:188} INFO - [2025-06-17T12:54:58.986+0530] {dag.py:3823} INFO - Setting next_dagrun for example_branch_datetime_operator_2 to 2025-06-16 00:00:00+00:00, run_after=2025-06-17 00:00:00+00:00
[2025-06-17T12:54:58.988+0530] {logging_mixin.py:188} INFO - [2025-06-17T12:54:58.988+0530] {dag.py:3823} INFO - Setting next_dagrun for example_branch_datetime_operator_3 to 2025-06-16 00:00:00+00:00, run_after=2025-06-17 00:00:00+00:00
[2025-06-17T12:54:59.017+0530] {processor.py:183} INFO - Processing /home/priya/projects/snowflake_twitter_pipeline/venv/lib/python3.10/site-packages/airflow/example_dags/example_branch_datetime_operator.py took 0.088 seconds
