[2025-06-17T12:42:45.989+0530] {processor.py:161} INFO - Started process (PID=446) to work on /home/priya/projects/snowflake_twitter_pipeline/venv/lib/python3.10/site-packages/airflow/example_dags/example_branch_labels.py
[2025-06-17T12:42:45.990+0530] {processor.py:830} INFO - Processing file /home/priya/projects/snowflake_twitter_pipeline/venv/lib/python3.10/site-packages/airflow/example_dags/example_branch_labels.py for tasks to queue
[2025-06-17T12:42:45.991+0530] {logging_mixin.py:188} INFO - [2025-06-17T12:42:45.991+0530] {dagbag.py:538} INFO - Filling up the DagBag from /home/priya/projects/snowflake_twitter_pipeline/venv/lib/python3.10/site-packages/airflow/example_dags/example_branch_labels.py
[2025-06-17T12:42:45.997+0530] {processor.py:840} INFO - DAG(s) 'example_branch_labels' retrieved from /home/priya/projects/snowflake_twitter_pipeline/venv/lib/python3.10/site-packages/airflow/example_dags/example_branch_labels.py
[2025-06-17T12:42:46.152+0530] {logging_mixin.py:188} INFO - [2025-06-17T12:42:46.152+0530] {override.py:1769} INFO - Created Permission View: can edit on DAG:example_branch_labels
[2025-06-17T12:42:46.166+0530] {logging_mixin.py:188} INFO - [2025-06-17T12:42:46.166+0530] {override.py:1769} INFO - Created Permission View: can delete on DAG:example_branch_labels
[2025-06-17T12:42:46.178+0530] {logging_mixin.py:188} INFO - [2025-06-17T12:42:46.177+0530] {override.py:1769} INFO - Created Permission View: can read on DAG:example_branch_labels
[2025-06-17T12:42:46.178+0530] {logging_mixin.py:188} INFO - [2025-06-17T12:42:46.178+0530] {dag.py:3036} INFO - Sync 1 DAGs
[2025-06-17T12:42:46.184+0530] {logging_mixin.py:188} INFO - [2025-06-17T12:42:46.184+0530] {dag.py:3058} INFO - Creating ORM DAG for example_branch_labels
[2025-06-17T12:42:46.191+0530] {logging_mixin.py:188} INFO - [2025-06-17T12:42:46.190+0530] {dag.py:3823} INFO - Setting next_dagrun for example_branch_labels to 2025-06-16 00:00:00+00:00, run_after=2025-06-17 00:00:00+00:00
[2025-06-17T12:42:46.206+0530] {processor.py:183} INFO - Processing /home/priya/projects/snowflake_twitter_pipeline/venv/lib/python3.10/site-packages/airflow/example_dags/example_branch_labels.py took 0.219 seconds
[2025-06-17T12:43:37.772+0530] {processor.py:161} INFO - Started process (PID=510) to work on /home/priya/projects/snowflake_twitter_pipeline/venv/lib/python3.10/site-packages/airflow/example_dags/example_branch_labels.py
[2025-06-17T12:43:37.782+0530] {processor.py:830} INFO - Processing file /home/priya/projects/snowflake_twitter_pipeline/venv/lib/python3.10/site-packages/airflow/example_dags/example_branch_labels.py for tasks to queue
[2025-06-17T12:43:37.784+0530] {logging_mixin.py:188} INFO - [2025-06-17T12:43:37.783+0530] {dagbag.py:538} INFO - Filling up the DagBag from /home/priya/projects/snowflake_twitter_pipeline/venv/lib/python3.10/site-packages/airflow/example_dags/example_branch_labels.py
[2025-06-17T12:43:37.793+0530] {processor.py:840} INFO - DAG(s) 'example_branch_labels' retrieved from /home/priya/projects/snowflake_twitter_pipeline/venv/lib/python3.10/site-packages/airflow/example_dags/example_branch_labels.py
[2025-06-17T12:43:37.803+0530] {logging_mixin.py:188} INFO - [2025-06-17T12:43:37.803+0530] {dag.py:3036} INFO - Sync 1 DAGs
[2025-06-17T12:43:37.815+0530] {logging_mixin.py:188} INFO - [2025-06-17T12:43:37.815+0530] {dag.py:3823} INFO - Setting next_dagrun for example_branch_labels to 2025-06-16 00:00:00+00:00, run_after=2025-06-17 00:00:00+00:00
[2025-06-17T12:43:37.830+0530] {processor.py:183} INFO - Processing /home/priya/projects/snowflake_twitter_pipeline/venv/lib/python3.10/site-packages/airflow/example_dags/example_branch_labels.py took 0.061 seconds
[2025-06-17T12:44:25.337+0530] {processor.py:161} INFO - Started process (PID=575) to work on /home/priya/projects/snowflake_twitter_pipeline/venv/lib/python3.10/site-packages/airflow/example_dags/example_branch_labels.py
[2025-06-17T12:44:25.339+0530] {processor.py:830} INFO - Processing file /home/priya/projects/snowflake_twitter_pipeline/venv/lib/python3.10/site-packages/airflow/example_dags/example_branch_labels.py for tasks to queue
[2025-06-17T12:44:25.340+0530] {logging_mixin.py:188} INFO - [2025-06-17T12:44:25.340+0530] {dagbag.py:538} INFO - Filling up the DagBag from /home/priya/projects/snowflake_twitter_pipeline/venv/lib/python3.10/site-packages/airflow/example_dags/example_branch_labels.py
[2025-06-17T12:44:25.345+0530] {processor.py:840} INFO - DAG(s) 'example_branch_labels' retrieved from /home/priya/projects/snowflake_twitter_pipeline/venv/lib/python3.10/site-packages/airflow/example_dags/example_branch_labels.py
[2025-06-17T12:44:25.355+0530] {logging_mixin.py:188} INFO - [2025-06-17T12:44:25.354+0530] {dag.py:3036} INFO - Sync 1 DAGs
[2025-06-17T12:44:25.366+0530] {logging_mixin.py:188} INFO - [2025-06-17T12:44:25.366+0530] {dag.py:3823} INFO - Setting next_dagrun for example_branch_labels to 2025-06-16 00:00:00+00:00, run_after=2025-06-17 00:00:00+00:00
[2025-06-17T12:44:25.381+0530] {processor.py:183} INFO - Processing /home/priya/projects/snowflake_twitter_pipeline/venv/lib/python3.10/site-packages/airflow/example_dags/example_branch_labels.py took 0.046 seconds
[2025-06-17T12:46:10.750+0530] {processor.py:161} INFO - Started process (PID=674) to work on /home/priya/projects/snowflake_twitter_pipeline/venv/lib/python3.10/site-packages/airflow/example_dags/example_branch_labels.py
[2025-06-17T12:46:10.752+0530] {processor.py:830} INFO - Processing file /home/priya/projects/snowflake_twitter_pipeline/venv/lib/python3.10/site-packages/airflow/example_dags/example_branch_labels.py for tasks to queue
[2025-06-17T12:46:10.754+0530] {logging_mixin.py:188} INFO - [2025-06-17T12:46:10.753+0530] {dagbag.py:538} INFO - Filling up the DagBag from /home/priya/projects/snowflake_twitter_pipeline/venv/lib/python3.10/site-packages/airflow/example_dags/example_branch_labels.py
[2025-06-17T12:46:10.761+0530] {processor.py:840} INFO - DAG(s) 'example_branch_labels' retrieved from /home/priya/projects/snowflake_twitter_pipeline/venv/lib/python3.10/site-packages/airflow/example_dags/example_branch_labels.py
[2025-06-17T12:46:10.772+0530] {logging_mixin.py:188} INFO - [2025-06-17T12:46:10.772+0530] {dag.py:3036} INFO - Sync 1 DAGs
[2025-06-17T12:46:10.865+0530] {logging_mixin.py:188} INFO - [2025-06-17T12:46:10.865+0530] {dag.py:3823} INFO - Setting next_dagrun for example_branch_labels to 2025-06-16 00:00:00+00:00, run_after=2025-06-17 00:00:00+00:00
[2025-06-17T12:46:10.886+0530] {processor.py:183} INFO - Processing /home/priya/projects/snowflake_twitter_pipeline/venv/lib/python3.10/site-packages/airflow/example_dags/example_branch_labels.py took 0.139 seconds
[2025-06-17T12:47:02.077+0530] {processor.py:161} INFO - Started process (PID=1320) to work on /home/priya/projects/snowflake_twitter_pipeline/venv/lib/python3.10/site-packages/airflow/example_dags/example_branch_labels.py
[2025-06-17T12:47:02.079+0530] {processor.py:830} INFO - Processing file /home/priya/projects/snowflake_twitter_pipeline/venv/lib/python3.10/site-packages/airflow/example_dags/example_branch_labels.py for tasks to queue
[2025-06-17T12:47:02.080+0530] {logging_mixin.py:188} INFO - [2025-06-17T12:47:02.080+0530] {dagbag.py:538} INFO - Filling up the DagBag from /home/priya/projects/snowflake_twitter_pipeline/venv/lib/python3.10/site-packages/airflow/example_dags/example_branch_labels.py
[2025-06-17T12:47:02.094+0530] {processor.py:840} INFO - DAG(s) 'example_branch_labels' retrieved from /home/priya/projects/snowflake_twitter_pipeline/venv/lib/python3.10/site-packages/airflow/example_dags/example_branch_labels.py
[2025-06-17T12:47:02.109+0530] {logging_mixin.py:188} INFO - [2025-06-17T12:47:02.109+0530] {dag.py:3036} INFO - Sync 1 DAGs
[2025-06-17T12:47:02.125+0530] {logging_mixin.py:188} INFO - [2025-06-17T12:47:02.124+0530] {dag.py:3823} INFO - Setting next_dagrun for example_branch_labels to 2025-06-16 00:00:00+00:00, run_after=2025-06-17 00:00:00+00:00
[2025-06-17T12:47:02.147+0530] {processor.py:183} INFO - Processing /home/priya/projects/snowflake_twitter_pipeline/venv/lib/python3.10/site-packages/airflow/example_dags/example_branch_labels.py took 0.072 seconds
[2025-06-17T12:47:53.910+0530] {processor.py:161} INFO - Started process (PID=1563) to work on /home/priya/projects/snowflake_twitter_pipeline/venv/lib/python3.10/site-packages/airflow/example_dags/example_branch_labels.py
[2025-06-17T12:47:53.914+0530] {processor.py:830} INFO - Processing file /home/priya/projects/snowflake_twitter_pipeline/venv/lib/python3.10/site-packages/airflow/example_dags/example_branch_labels.py for tasks to queue
[2025-06-17T12:47:53.915+0530] {logging_mixin.py:188} INFO - [2025-06-17T12:47:53.915+0530] {dagbag.py:538} INFO - Filling up the DagBag from /home/priya/projects/snowflake_twitter_pipeline/venv/lib/python3.10/site-packages/airflow/example_dags/example_branch_labels.py
[2025-06-17T12:47:53.922+0530] {processor.py:840} INFO - DAG(s) 'example_branch_labels' retrieved from /home/priya/projects/snowflake_twitter_pipeline/venv/lib/python3.10/site-packages/airflow/example_dags/example_branch_labels.py
[2025-06-17T12:47:53.937+0530] {logging_mixin.py:188} INFO - [2025-06-17T12:47:53.936+0530] {dag.py:3036} INFO - Sync 1 DAGs
[2025-06-17T12:47:53.954+0530] {logging_mixin.py:188} INFO - [2025-06-17T12:47:53.953+0530] {dag.py:3823} INFO - Setting next_dagrun for example_branch_labels to 2025-06-16 00:00:00+00:00, run_after=2025-06-17 00:00:00+00:00
[2025-06-17T12:47:53.997+0530] {processor.py:183} INFO - Processing /home/priya/projects/snowflake_twitter_pipeline/venv/lib/python3.10/site-packages/airflow/example_dags/example_branch_labels.py took 0.089 seconds
[2025-06-17T12:48:40.751+0530] {processor.py:161} INFO - Started process (PID=1762) to work on /home/priya/projects/snowflake_twitter_pipeline/venv/lib/python3.10/site-packages/airflow/example_dags/example_branch_labels.py
[2025-06-17T12:48:40.752+0530] {processor.py:830} INFO - Processing file /home/priya/projects/snowflake_twitter_pipeline/venv/lib/python3.10/site-packages/airflow/example_dags/example_branch_labels.py for tasks to queue
[2025-06-17T12:48:40.753+0530] {logging_mixin.py:188} INFO - [2025-06-17T12:48:40.753+0530] {dagbag.py:538} INFO - Filling up the DagBag from /home/priya/projects/snowflake_twitter_pipeline/venv/lib/python3.10/site-packages/airflow/example_dags/example_branch_labels.py
[2025-06-17T12:48:40.760+0530] {processor.py:840} INFO - DAG(s) 'example_branch_labels' retrieved from /home/priya/projects/snowflake_twitter_pipeline/venv/lib/python3.10/site-packages/airflow/example_dags/example_branch_labels.py
[2025-06-17T12:48:40.774+0530] {logging_mixin.py:188} INFO - [2025-06-17T12:48:40.774+0530] {dag.py:3036} INFO - Sync 1 DAGs
[2025-06-17T12:48:40.790+0530] {logging_mixin.py:188} INFO - [2025-06-17T12:48:40.789+0530] {dag.py:3823} INFO - Setting next_dagrun for example_branch_labels to 2025-06-16 00:00:00+00:00, run_after=2025-06-17 00:00:00+00:00
[2025-06-17T12:48:40.811+0530] {processor.py:183} INFO - Processing /home/priya/projects/snowflake_twitter_pipeline/venv/lib/python3.10/site-packages/airflow/example_dags/example_branch_labels.py took 0.062 seconds
[2025-06-17T12:49:27.824+0530] {processor.py:161} INFO - Started process (PID=1989) to work on /home/priya/projects/snowflake_twitter_pipeline/venv/lib/python3.10/site-packages/airflow/example_dags/example_branch_labels.py
[2025-06-17T12:49:27.825+0530] {processor.py:830} INFO - Processing file /home/priya/projects/snowflake_twitter_pipeline/venv/lib/python3.10/site-packages/airflow/example_dags/example_branch_labels.py for tasks to queue
[2025-06-17T12:49:27.826+0530] {logging_mixin.py:188} INFO - [2025-06-17T12:49:27.826+0530] {dagbag.py:538} INFO - Filling up the DagBag from /home/priya/projects/snowflake_twitter_pipeline/venv/lib/python3.10/site-packages/airflow/example_dags/example_branch_labels.py
[2025-06-17T12:49:27.832+0530] {processor.py:840} INFO - DAG(s) 'example_branch_labels' retrieved from /home/priya/projects/snowflake_twitter_pipeline/venv/lib/python3.10/site-packages/airflow/example_dags/example_branch_labels.py
[2025-06-17T12:49:27.844+0530] {logging_mixin.py:188} INFO - [2025-06-17T12:49:27.844+0530] {dag.py:3036} INFO - Sync 1 DAGs
[2025-06-17T12:49:27.860+0530] {logging_mixin.py:188} INFO - [2025-06-17T12:49:27.860+0530] {dag.py:3823} INFO - Setting next_dagrun for example_branch_labels to 2025-06-16 00:00:00+00:00, run_after=2025-06-17 00:00:00+00:00
[2025-06-17T12:49:27.877+0530] {processor.py:183} INFO - Processing /home/priya/projects/snowflake_twitter_pipeline/venv/lib/python3.10/site-packages/airflow/example_dags/example_branch_labels.py took 0.055 seconds
[2025-06-17T12:50:14.595+0530] {processor.py:161} INFO - Started process (PID=2193) to work on /home/priya/projects/snowflake_twitter_pipeline/venv/lib/python3.10/site-packages/airflow/example_dags/example_branch_labels.py
[2025-06-17T12:50:14.597+0530] {processor.py:830} INFO - Processing file /home/priya/projects/snowflake_twitter_pipeline/venv/lib/python3.10/site-packages/airflow/example_dags/example_branch_labels.py for tasks to queue
[2025-06-17T12:50:14.598+0530] {logging_mixin.py:188} INFO - [2025-06-17T12:50:14.598+0530] {dagbag.py:538} INFO - Filling up the DagBag from /home/priya/projects/snowflake_twitter_pipeline/venv/lib/python3.10/site-packages/airflow/example_dags/example_branch_labels.py
[2025-06-17T12:50:14.603+0530] {processor.py:840} INFO - DAG(s) 'example_branch_labels' retrieved from /home/priya/projects/snowflake_twitter_pipeline/venv/lib/python3.10/site-packages/airflow/example_dags/example_branch_labels.py
[2025-06-17T12:50:14.613+0530] {logging_mixin.py:188} INFO - [2025-06-17T12:50:14.613+0530] {dag.py:3036} INFO - Sync 1 DAGs
[2025-06-17T12:50:14.628+0530] {logging_mixin.py:188} INFO - [2025-06-17T12:50:14.627+0530] {dag.py:3823} INFO - Setting next_dagrun for example_branch_labels to 2025-06-16 00:00:00+00:00, run_after=2025-06-17 00:00:00+00:00
[2025-06-17T12:50:14.644+0530] {processor.py:183} INFO - Processing /home/priya/projects/snowflake_twitter_pipeline/venv/lib/python3.10/site-packages/airflow/example_dags/example_branch_labels.py took 0.053 seconds
[2025-06-17T12:51:04.116+0530] {processor.py:161} INFO - Started process (PID=2429) to work on /home/priya/projects/snowflake_twitter_pipeline/venv/lib/python3.10/site-packages/airflow/example_dags/example_branch_labels.py
[2025-06-17T12:51:04.125+0530] {processor.py:830} INFO - Processing file /home/priya/projects/snowflake_twitter_pipeline/venv/lib/python3.10/site-packages/airflow/example_dags/example_branch_labels.py for tasks to queue
[2025-06-17T12:51:04.126+0530] {logging_mixin.py:188} INFO - [2025-06-17T12:51:04.125+0530] {dagbag.py:538} INFO - Filling up the DagBag from /home/priya/projects/snowflake_twitter_pipeline/venv/lib/python3.10/site-packages/airflow/example_dags/example_branch_labels.py
[2025-06-17T12:51:04.131+0530] {processor.py:840} INFO - DAG(s) 'example_branch_labels' retrieved from /home/priya/projects/snowflake_twitter_pipeline/venv/lib/python3.10/site-packages/airflow/example_dags/example_branch_labels.py
[2025-06-17T12:51:04.142+0530] {logging_mixin.py:188} INFO - [2025-06-17T12:51:04.142+0530] {dag.py:3036} INFO - Sync 1 DAGs
[2025-06-17T12:51:04.154+0530] {logging_mixin.py:188} INFO - [2025-06-17T12:51:04.154+0530] {dag.py:3823} INFO - Setting next_dagrun for example_branch_labels to 2025-06-16 00:00:00+00:00, run_after=2025-06-17 00:00:00+00:00
[2025-06-17T12:51:04.170+0530] {processor.py:183} INFO - Processing /home/priya/projects/snowflake_twitter_pipeline/venv/lib/python3.10/site-packages/airflow/example_dags/example_branch_labels.py took 0.057 seconds
[2025-06-17T12:51:54.400+0530] {processor.py:161} INFO - Started process (PID=2647) to work on /home/priya/projects/snowflake_twitter_pipeline/venv/lib/python3.10/site-packages/airflow/example_dags/example_branch_labels.py
[2025-06-17T12:51:54.402+0530] {processor.py:830} INFO - Processing file /home/priya/projects/snowflake_twitter_pipeline/venv/lib/python3.10/site-packages/airflow/example_dags/example_branch_labels.py for tasks to queue
[2025-06-17T12:51:54.403+0530] {logging_mixin.py:188} INFO - [2025-06-17T12:51:54.402+0530] {dagbag.py:538} INFO - Filling up the DagBag from /home/priya/projects/snowflake_twitter_pipeline/venv/lib/python3.10/site-packages/airflow/example_dags/example_branch_labels.py
[2025-06-17T12:51:54.409+0530] {processor.py:840} INFO - DAG(s) 'example_branch_labels' retrieved from /home/priya/projects/snowflake_twitter_pipeline/venv/lib/python3.10/site-packages/airflow/example_dags/example_branch_labels.py
[2025-06-17T12:51:54.420+0530] {logging_mixin.py:188} INFO - [2025-06-17T12:51:54.420+0530] {dag.py:3036} INFO - Sync 1 DAGs
[2025-06-17T12:51:54.432+0530] {logging_mixin.py:188} INFO - [2025-06-17T12:51:54.432+0530] {dag.py:3823} INFO - Setting next_dagrun for example_branch_labels to 2025-06-16 00:00:00+00:00, run_after=2025-06-17 00:00:00+00:00
[2025-06-17T12:51:54.450+0530] {processor.py:183} INFO - Processing /home/priya/projects/snowflake_twitter_pipeline/venv/lib/python3.10/site-packages/airflow/example_dags/example_branch_labels.py took 0.052 seconds
[2025-06-17T12:52:46.279+0530] {processor.py:161} INFO - Started process (PID=2896) to work on /home/priya/projects/snowflake_twitter_pipeline/venv/lib/python3.10/site-packages/airflow/example_dags/example_branch_labels.py
[2025-06-17T12:52:46.288+0530] {processor.py:830} INFO - Processing file /home/priya/projects/snowflake_twitter_pipeline/venv/lib/python3.10/site-packages/airflow/example_dags/example_branch_labels.py for tasks to queue
[2025-06-17T12:52:46.289+0530] {logging_mixin.py:188} INFO - [2025-06-17T12:52:46.288+0530] {dagbag.py:538} INFO - Filling up the DagBag from /home/priya/projects/snowflake_twitter_pipeline/venv/lib/python3.10/site-packages/airflow/example_dags/example_branch_labels.py
[2025-06-17T12:52:46.297+0530] {processor.py:840} INFO - DAG(s) 'example_branch_labels' retrieved from /home/priya/projects/snowflake_twitter_pipeline/venv/lib/python3.10/site-packages/airflow/example_dags/example_branch_labels.py
[2025-06-17T12:52:46.312+0530] {logging_mixin.py:188} INFO - [2025-06-17T12:52:46.312+0530] {dag.py:3036} INFO - Sync 1 DAGs
[2025-06-17T12:52:46.327+0530] {logging_mixin.py:188} INFO - [2025-06-17T12:52:46.326+0530] {dag.py:3823} INFO - Setting next_dagrun for example_branch_labels to 2025-06-16 00:00:00+00:00, run_after=2025-06-17 00:00:00+00:00
[2025-06-17T12:52:46.343+0530] {processor.py:183} INFO - Processing /home/priya/projects/snowflake_twitter_pipeline/venv/lib/python3.10/site-packages/airflow/example_dags/example_branch_labels.py took 0.067 seconds
[2025-06-17T12:53:40.334+0530] {processor.py:161} INFO - Started process (PID=3071) to work on /home/priya/projects/snowflake_twitter_pipeline/venv/lib/python3.10/site-packages/airflow/example_dags/example_branch_labels.py
[2025-06-17T12:53:40.335+0530] {processor.py:830} INFO - Processing file /home/priya/projects/snowflake_twitter_pipeline/venv/lib/python3.10/site-packages/airflow/example_dags/example_branch_labels.py for tasks to queue
[2025-06-17T12:53:40.336+0530] {logging_mixin.py:188} INFO - [2025-06-17T12:53:40.336+0530] {dagbag.py:538} INFO - Filling up the DagBag from /home/priya/projects/snowflake_twitter_pipeline/venv/lib/python3.10/site-packages/airflow/example_dags/example_branch_labels.py
[2025-06-17T12:53:40.343+0530] {processor.py:840} INFO - DAG(s) 'example_branch_labels' retrieved from /home/priya/projects/snowflake_twitter_pipeline/venv/lib/python3.10/site-packages/airflow/example_dags/example_branch_labels.py
[2025-06-17T12:53:40.354+0530] {logging_mixin.py:188} INFO - [2025-06-17T12:53:40.354+0530] {dag.py:3036} INFO - Sync 1 DAGs
[2025-06-17T12:53:40.368+0530] {logging_mixin.py:188} INFO - [2025-06-17T12:53:40.368+0530] {dag.py:3823} INFO - Setting next_dagrun for example_branch_labels to 2025-06-16 00:00:00+00:00, run_after=2025-06-17 00:00:00+00:00
[2025-06-17T12:53:40.390+0530] {processor.py:183} INFO - Processing /home/priya/projects/snowflake_twitter_pipeline/venv/lib/python3.10/site-packages/airflow/example_dags/example_branch_labels.py took 0.058 seconds
[2025-06-17T12:54:32.556+0530] {processor.py:161} INFO - Started process (PID=3182) to work on /home/priya/projects/snowflake_twitter_pipeline/venv/lib/python3.10/site-packages/airflow/example_dags/example_branch_labels.py
[2025-06-17T12:54:32.557+0530] {processor.py:830} INFO - Processing file /home/priya/projects/snowflake_twitter_pipeline/venv/lib/python3.10/site-packages/airflow/example_dags/example_branch_labels.py for tasks to queue
[2025-06-17T12:54:32.558+0530] {logging_mixin.py:188} INFO - [2025-06-17T12:54:32.558+0530] {dagbag.py:538} INFO - Filling up the DagBag from /home/priya/projects/snowflake_twitter_pipeline/venv/lib/python3.10/site-packages/airflow/example_dags/example_branch_labels.py
[2025-06-17T12:54:32.565+0530] {processor.py:840} INFO - DAG(s) 'example_branch_labels' retrieved from /home/priya/projects/snowflake_twitter_pipeline/venv/lib/python3.10/site-packages/airflow/example_dags/example_branch_labels.py
[2025-06-17T12:54:32.579+0530] {logging_mixin.py:188} INFO - [2025-06-17T12:54:32.579+0530] {dag.py:3036} INFO - Sync 1 DAGs
[2025-06-17T12:54:32.595+0530] {logging_mixin.py:188} INFO - [2025-06-17T12:54:32.595+0530] {dag.py:3823} INFO - Setting next_dagrun for example_branch_labels to 2025-06-16 00:00:00+00:00, run_after=2025-06-17 00:00:00+00:00
[2025-06-17T12:54:32.619+0530] {processor.py:183} INFO - Processing /home/priya/projects/snowflake_twitter_pipeline/venv/lib/python3.10/site-packages/airflow/example_dags/example_branch_labels.py took 0.067 seconds
