[2025-06-17T12:43:05.729+0530] {processor.py:161} INFO - Started process (PID=463) to work on /home/priya/projects/snowflake_twitter_pipeline/venv/lib/python3.10/site-packages/airflow/example_dags/example_latest_only.py
[2025-06-17T12:43:05.729+0530] {processor.py:830} INFO - Processing file /home/priya/projects/snowflake_twitter_pipeline/venv/lib/python3.10/site-packages/airflow/example_dags/example_latest_only.py for tasks to queue
[2025-06-17T12:43:05.730+0530] {logging_mixin.py:188} INFO - [2025-06-17T12:43:05.730+0530] {dagbag.py:538} INFO - Filling up the DagBag from /home/priya/projects/snowflake_twitter_pipeline/venv/lib/python3.10/site-packages/airflow/example_dags/example_latest_only.py
[2025-06-17T12:43:05.795+0530] {processor.py:840} INFO - DAG(s) 'latest_only' retrieved from /home/priya/projects/snowflake_twitter_pipeline/venv/lib/python3.10/site-packages/airflow/example_dags/example_latest_only.py
[2025-06-17T12:43:05.847+0530] {logging_mixin.py:188} INFO - [2025-06-17T12:43:05.847+0530] {override.py:1769} INFO - Created Permission View: can edit on DAG:latest_only
[2025-06-17T12:43:05.855+0530] {logging_mixin.py:188} INFO - [2025-06-17T12:43:05.855+0530] {override.py:1769} INFO - Created Permission View: can delete on DAG:latest_only
[2025-06-17T12:43:05.862+0530] {logging_mixin.py:188} INFO - [2025-06-17T12:43:05.862+0530] {override.py:1769} INFO - Created Permission View: can read on DAG:latest_only
[2025-06-17T12:43:05.862+0530] {logging_mixin.py:188} INFO - [2025-06-17T12:43:05.862+0530] {dag.py:3036} INFO - Sync 1 DAGs
[2025-06-17T12:43:05.867+0530] {logging_mixin.py:188} INFO - [2025-06-17T12:43:05.866+0530] {dag.py:3058} INFO - Creating ORM DAG for latest_only
[2025-06-17T12:43:05.871+0530] {logging_mixin.py:188} INFO - [2025-06-17T12:43:05.871+0530] {dag.py:3823} INFO - Setting next_dagrun for latest_only to 2025-06-17 00:00:00+00:00, run_after=2025-06-17 04:00:00+00:00
[2025-06-17T12:43:05.886+0530] {processor.py:183} INFO - Processing /home/priya/projects/snowflake_twitter_pipeline/venv/lib/python3.10/site-packages/airflow/example_dags/example_latest_only.py took 0.159 seconds
[2025-06-17T12:44:09.728+0530] {processor.py:161} INFO - Started process (PID=557) to work on /home/priya/projects/snowflake_twitter_pipeline/venv/lib/python3.10/site-packages/airflow/example_dags/example_latest_only.py
[2025-06-17T12:44:09.737+0530] {processor.py:830} INFO - Processing file /home/priya/projects/snowflake_twitter_pipeline/venv/lib/python3.10/site-packages/airflow/example_dags/example_latest_only.py for tasks to queue
[2025-06-17T12:44:09.737+0530] {logging_mixin.py:188} INFO - [2025-06-17T12:44:09.737+0530] {dagbag.py:538} INFO - Filling up the DagBag from /home/priya/projects/snowflake_twitter_pipeline/venv/lib/python3.10/site-packages/airflow/example_dags/example_latest_only.py
[2025-06-17T12:44:09.742+0530] {processor.py:840} INFO - DAG(s) 'latest_only' retrieved from /home/priya/projects/snowflake_twitter_pipeline/venv/lib/python3.10/site-packages/airflow/example_dags/example_latest_only.py
[2025-06-17T12:44:09.751+0530] {logging_mixin.py:188} INFO - [2025-06-17T12:44:09.751+0530] {dag.py:3036} INFO - Sync 1 DAGs
[2025-06-17T12:44:09.762+0530] {logging_mixin.py:188} INFO - [2025-06-17T12:44:09.762+0530] {dag.py:3823} INFO - Setting next_dagrun for latest_only to 2025-06-17 00:00:00+00:00, run_after=2025-06-17 04:00:00+00:00
[2025-06-17T12:44:09.777+0530] {processor.py:183} INFO - Processing /home/priya/projects/snowflake_twitter_pipeline/venv/lib/python3.10/site-packages/airflow/example_dags/example_latest_only.py took 0.051 seconds
[2025-06-17T12:46:28.982+0530] {processor.py:161} INFO - Started process (PID=752) to work on /home/priya/projects/snowflake_twitter_pipeline/venv/lib/python3.10/site-packages/airflow/example_dags/example_latest_only.py
[2025-06-17T12:46:28.984+0530] {processor.py:830} INFO - Processing file /home/priya/projects/snowflake_twitter_pipeline/venv/lib/python3.10/site-packages/airflow/example_dags/example_latest_only.py for tasks to queue
[2025-06-17T12:46:28.985+0530] {logging_mixin.py:188} INFO - [2025-06-17T12:46:28.984+0530] {dagbag.py:538} INFO - Filling up the DagBag from /home/priya/projects/snowflake_twitter_pipeline/venv/lib/python3.10/site-packages/airflow/example_dags/example_latest_only.py
[2025-06-17T12:46:29.075+0530] {processor.py:840} INFO - DAG(s) 'latest_only' retrieved from /home/priya/projects/snowflake_twitter_pipeline/venv/lib/python3.10/site-packages/airflow/example_dags/example_latest_only.py
[2025-06-17T12:46:29.085+0530] {logging_mixin.py:188} INFO - [2025-06-17T12:46:29.085+0530] {dag.py:3036} INFO - Sync 1 DAGs
[2025-06-17T12:46:29.098+0530] {logging_mixin.py:188} INFO - [2025-06-17T12:46:29.098+0530] {dag.py:3823} INFO - Setting next_dagrun for latest_only to 2025-06-17 00:00:00+00:00, run_after=2025-06-17 04:00:00+00:00
[2025-06-17T12:46:29.115+0530] {processor.py:183} INFO - Processing /home/priya/projects/snowflake_twitter_pipeline/venv/lib/python3.10/site-packages/airflow/example_dags/example_latest_only.py took 0.136 seconds
[2025-06-17T12:47:29.569+0530] {processor.py:161} INFO - Started process (PID=1444) to work on /home/priya/projects/snowflake_twitter_pipeline/venv/lib/python3.10/site-packages/airflow/example_dags/example_latest_only.py
[2025-06-17T12:47:29.571+0530] {processor.py:830} INFO - Processing file /home/priya/projects/snowflake_twitter_pipeline/venv/lib/python3.10/site-packages/airflow/example_dags/example_latest_only.py for tasks to queue
[2025-06-17T12:47:29.572+0530] {logging_mixin.py:188} INFO - [2025-06-17T12:47:29.571+0530] {dagbag.py:538} INFO - Filling up the DagBag from /home/priya/projects/snowflake_twitter_pipeline/venv/lib/python3.10/site-packages/airflow/example_dags/example_latest_only.py
[2025-06-17T12:47:29.576+0530] {processor.py:840} INFO - DAG(s) 'latest_only' retrieved from /home/priya/projects/snowflake_twitter_pipeline/venv/lib/python3.10/site-packages/airflow/example_dags/example_latest_only.py
[2025-06-17T12:47:29.588+0530] {logging_mixin.py:188} INFO - [2025-06-17T12:47:29.587+0530] {dag.py:3036} INFO - Sync 1 DAGs
[2025-06-17T12:47:29.600+0530] {logging_mixin.py:188} INFO - [2025-06-17T12:47:29.600+0530] {dag.py:3823} INFO - Setting next_dagrun for latest_only to 2025-06-17 00:00:00+00:00, run_after=2025-06-17 04:00:00+00:00
[2025-06-17T12:47:29.620+0530] {processor.py:183} INFO - Processing /home/priya/projects/snowflake_twitter_pipeline/venv/lib/python3.10/site-packages/airflow/example_dags/example_latest_only.py took 0.054 seconds
[2025-06-17T12:48:18.050+0530] {processor.py:161} INFO - Started process (PID=1661) to work on /home/priya/projects/snowflake_twitter_pipeline/venv/lib/python3.10/site-packages/airflow/example_dags/example_latest_only.py
[2025-06-17T12:48:18.051+0530] {processor.py:830} INFO - Processing file /home/priya/projects/snowflake_twitter_pipeline/venv/lib/python3.10/site-packages/airflow/example_dags/example_latest_only.py for tasks to queue
[2025-06-17T12:48:18.052+0530] {logging_mixin.py:188} INFO - [2025-06-17T12:48:18.052+0530] {dagbag.py:538} INFO - Filling up the DagBag from /home/priya/projects/snowflake_twitter_pipeline/venv/lib/python3.10/site-packages/airflow/example_dags/example_latest_only.py
[2025-06-17T12:48:18.056+0530] {processor.py:840} INFO - DAG(s) 'latest_only' retrieved from /home/priya/projects/snowflake_twitter_pipeline/venv/lib/python3.10/site-packages/airflow/example_dags/example_latest_only.py
[2025-06-17T12:48:18.068+0530] {logging_mixin.py:188} INFO - [2025-06-17T12:48:18.068+0530] {dag.py:3036} INFO - Sync 1 DAGs
[2025-06-17T12:48:18.083+0530] {logging_mixin.py:188} INFO - [2025-06-17T12:48:18.083+0530] {dag.py:3823} INFO - Setting next_dagrun for latest_only to 2025-06-17 00:00:00+00:00, run_after=2025-06-17 04:00:00+00:00
[2025-06-17T12:48:18.102+0530] {processor.py:183} INFO - Processing /home/priya/projects/snowflake_twitter_pipeline/venv/lib/python3.10/site-packages/airflow/example_dags/example_latest_only.py took 0.054 seconds
[2025-06-17T12:49:09.525+0530] {processor.py:161} INFO - Started process (PID=1892) to work on /home/priya/projects/snowflake_twitter_pipeline/venv/lib/python3.10/site-packages/airflow/example_dags/example_latest_only.py
[2025-06-17T12:49:09.534+0530] {processor.py:830} INFO - Processing file /home/priya/projects/snowflake_twitter_pipeline/venv/lib/python3.10/site-packages/airflow/example_dags/example_latest_only.py for tasks to queue
[2025-06-17T12:49:09.535+0530] {logging_mixin.py:188} INFO - [2025-06-17T12:49:09.535+0530] {dagbag.py:538} INFO - Filling up the DagBag from /home/priya/projects/snowflake_twitter_pipeline/venv/lib/python3.10/site-packages/airflow/example_dags/example_latest_only.py
[2025-06-17T12:49:09.540+0530] {processor.py:840} INFO - DAG(s) 'latest_only' retrieved from /home/priya/projects/snowflake_twitter_pipeline/venv/lib/python3.10/site-packages/airflow/example_dags/example_latest_only.py
[2025-06-17T12:49:09.553+0530] {logging_mixin.py:188} INFO - [2025-06-17T12:49:09.553+0530] {dag.py:3036} INFO - Sync 1 DAGs
[2025-06-17T12:49:09.570+0530] {logging_mixin.py:188} INFO - [2025-06-17T12:49:09.569+0530] {dag.py:3823} INFO - Setting next_dagrun for latest_only to 2025-06-17 00:00:00+00:00, run_after=2025-06-17 04:00:00+00:00
[2025-06-17T12:49:09.593+0530] {processor.py:183} INFO - Processing /home/priya/projects/snowflake_twitter_pipeline/venv/lib/python3.10/site-packages/airflow/example_dags/example_latest_only.py took 0.070 seconds
[2025-06-17T12:49:56.934+0530] {processor.py:161} INFO - Started process (PID=2120) to work on /home/priya/projects/snowflake_twitter_pipeline/venv/lib/python3.10/site-packages/airflow/example_dags/example_latest_only.py
[2025-06-17T12:49:56.936+0530] {processor.py:830} INFO - Processing file /home/priya/projects/snowflake_twitter_pipeline/venv/lib/python3.10/site-packages/airflow/example_dags/example_latest_only.py for tasks to queue
[2025-06-17T12:49:56.936+0530] {logging_mixin.py:188} INFO - [2025-06-17T12:49:56.936+0530] {dagbag.py:538} INFO - Filling up the DagBag from /home/priya/projects/snowflake_twitter_pipeline/venv/lib/python3.10/site-packages/airflow/example_dags/example_latest_only.py
[2025-06-17T12:49:56.940+0530] {processor.py:840} INFO - DAG(s) 'latest_only' retrieved from /home/priya/projects/snowflake_twitter_pipeline/venv/lib/python3.10/site-packages/airflow/example_dags/example_latest_only.py
[2025-06-17T12:49:56.955+0530] {logging_mixin.py:188} INFO - [2025-06-17T12:49:56.955+0530] {dag.py:3036} INFO - Sync 1 DAGs
[2025-06-17T12:49:56.974+0530] {logging_mixin.py:188} INFO - [2025-06-17T12:49:56.974+0530] {dag.py:3823} INFO - Setting next_dagrun for latest_only to 2025-06-17 00:00:00+00:00, run_after=2025-06-17 04:00:00+00:00
[2025-06-17T12:49:57.011+0530] {processor.py:183} INFO - Processing /home/priya/projects/snowflake_twitter_pipeline/venv/lib/python3.10/site-packages/airflow/example_dags/example_latest_only.py took 0.079 seconds
[2025-06-17T12:50:46.509+0530] {processor.py:161} INFO - Started process (PID=2340) to work on /home/priya/projects/snowflake_twitter_pipeline/venv/lib/python3.10/site-packages/airflow/example_dags/example_latest_only.py
[2025-06-17T12:50:46.511+0530] {processor.py:830} INFO - Processing file /home/priya/projects/snowflake_twitter_pipeline/venv/lib/python3.10/site-packages/airflow/example_dags/example_latest_only.py for tasks to queue
[2025-06-17T12:50:46.512+0530] {logging_mixin.py:188} INFO - [2025-06-17T12:50:46.512+0530] {dagbag.py:538} INFO - Filling up the DagBag from /home/priya/projects/snowflake_twitter_pipeline/venv/lib/python3.10/site-packages/airflow/example_dags/example_latest_only.py
[2025-06-17T12:50:46.517+0530] {processor.py:840} INFO - DAG(s) 'latest_only' retrieved from /home/priya/projects/snowflake_twitter_pipeline/venv/lib/python3.10/site-packages/airflow/example_dags/example_latest_only.py
[2025-06-17T12:50:46.527+0530] {logging_mixin.py:188} INFO - [2025-06-17T12:50:46.527+0530] {dag.py:3036} INFO - Sync 1 DAGs
[2025-06-17T12:50:46.539+0530] {logging_mixin.py:188} INFO - [2025-06-17T12:50:46.539+0530] {dag.py:3823} INFO - Setting next_dagrun for latest_only to 2025-06-17 00:00:00+00:00, run_after=2025-06-17 04:00:00+00:00
[2025-06-17T12:50:46.556+0530] {processor.py:183} INFO - Processing /home/priya/projects/snowflake_twitter_pipeline/venv/lib/python3.10/site-packages/airflow/example_dags/example_latest_only.py took 0.050 seconds
[2025-06-17T12:51:36.041+0530] {processor.py:161} INFO - Started process (PID=2571) to work on /home/priya/projects/snowflake_twitter_pipeline/venv/lib/python3.10/site-packages/airflow/example_dags/example_latest_only.py
[2025-06-17T12:51:36.043+0530] {processor.py:830} INFO - Processing file /home/priya/projects/snowflake_twitter_pipeline/venv/lib/python3.10/site-packages/airflow/example_dags/example_latest_only.py for tasks to queue
[2025-06-17T12:51:36.044+0530] {logging_mixin.py:188} INFO - [2025-06-17T12:51:36.043+0530] {dagbag.py:538} INFO - Filling up the DagBag from /home/priya/projects/snowflake_twitter_pipeline/venv/lib/python3.10/site-packages/airflow/example_dags/example_latest_only.py
[2025-06-17T12:51:36.048+0530] {processor.py:840} INFO - DAG(s) 'latest_only' retrieved from /home/priya/projects/snowflake_twitter_pipeline/venv/lib/python3.10/site-packages/airflow/example_dags/example_latest_only.py
[2025-06-17T12:51:36.059+0530] {logging_mixin.py:188} INFO - [2025-06-17T12:51:36.059+0530] {dag.py:3036} INFO - Sync 1 DAGs
[2025-06-17T12:51:36.071+0530] {logging_mixin.py:188} INFO - [2025-06-17T12:51:36.071+0530] {dag.py:3823} INFO - Setting next_dagrun for latest_only to 2025-06-17 00:00:00+00:00, run_after=2025-06-17 04:00:00+00:00
[2025-06-17T12:51:36.089+0530] {processor.py:183} INFO - Processing /home/priya/projects/snowflake_twitter_pipeline/venv/lib/python3.10/site-packages/airflow/example_dags/example_latest_only.py took 0.050 seconds
[2025-06-17T12:52:27.200+0530] {processor.py:161} INFO - Started process (PID=2793) to work on /home/priya/projects/snowflake_twitter_pipeline/venv/lib/python3.10/site-packages/airflow/example_dags/example_latest_only.py
[2025-06-17T12:52:27.202+0530] {processor.py:830} INFO - Processing file /home/priya/projects/snowflake_twitter_pipeline/venv/lib/python3.10/site-packages/airflow/example_dags/example_latest_only.py for tasks to queue
[2025-06-17T12:52:27.202+0530] {logging_mixin.py:188} INFO - [2025-06-17T12:52:27.202+0530] {dagbag.py:538} INFO - Filling up the DagBag from /home/priya/projects/snowflake_twitter_pipeline/venv/lib/python3.10/site-packages/airflow/example_dags/example_latest_only.py
[2025-06-17T12:52:27.206+0530] {processor.py:840} INFO - DAG(s) 'latest_only' retrieved from /home/priya/projects/snowflake_twitter_pipeline/venv/lib/python3.10/site-packages/airflow/example_dags/example_latest_only.py
[2025-06-17T12:52:27.216+0530] {logging_mixin.py:188} INFO - [2025-06-17T12:52:27.216+0530] {dag.py:3036} INFO - Sync 1 DAGs
[2025-06-17T12:52:27.229+0530] {logging_mixin.py:188} INFO - [2025-06-17T12:52:27.229+0530] {dag.py:3823} INFO - Setting next_dagrun for latest_only to 2025-06-17 00:00:00+00:00, run_after=2025-06-17 04:00:00+00:00
[2025-06-17T12:52:27.248+0530] {processor.py:183} INFO - Processing /home/priya/projects/snowflake_twitter_pipeline/venv/lib/python3.10/site-packages/airflow/example_dags/example_latest_only.py took 0.050 seconds
[2025-06-17T12:53:22.020+0530] {processor.py:161} INFO - Started process (PID=3051) to work on /home/priya/projects/snowflake_twitter_pipeline/venv/lib/python3.10/site-packages/airflow/example_dags/example_latest_only.py
[2025-06-17T12:53:22.024+0530] {processor.py:830} INFO - Processing file /home/priya/projects/snowflake_twitter_pipeline/venv/lib/python3.10/site-packages/airflow/example_dags/example_latest_only.py for tasks to queue
[2025-06-17T12:53:22.025+0530] {logging_mixin.py:188} INFO - [2025-06-17T12:53:22.025+0530] {dagbag.py:538} INFO - Filling up the DagBag from /home/priya/projects/snowflake_twitter_pipeline/venv/lib/python3.10/site-packages/airflow/example_dags/example_latest_only.py
[2025-06-17T12:53:22.030+0530] {processor.py:840} INFO - DAG(s) 'latest_only' retrieved from /home/priya/projects/snowflake_twitter_pipeline/venv/lib/python3.10/site-packages/airflow/example_dags/example_latest_only.py
[2025-06-17T12:53:22.041+0530] {logging_mixin.py:188} INFO - [2025-06-17T12:53:22.041+0530] {dag.py:3036} INFO - Sync 1 DAGs
[2025-06-17T12:53:22.056+0530] {logging_mixin.py:188} INFO - [2025-06-17T12:53:22.056+0530] {dag.py:3823} INFO - Setting next_dagrun for latest_only to 2025-06-17 00:00:00+00:00, run_after=2025-06-17 04:00:00+00:00
[2025-06-17T12:53:22.078+0530] {processor.py:183} INFO - Processing /home/priya/projects/snowflake_twitter_pipeline/venv/lib/python3.10/site-packages/airflow/example_dags/example_latest_only.py took 0.063 seconds
[2025-06-17T12:54:13.598+0530] {processor.py:161} INFO - Started process (PID=3130) to work on /home/priya/projects/snowflake_twitter_pipeline/venv/lib/python3.10/site-packages/airflow/example_dags/example_latest_only.py
[2025-06-17T12:54:13.600+0530] {processor.py:830} INFO - Processing file /home/priya/projects/snowflake_twitter_pipeline/venv/lib/python3.10/site-packages/airflow/example_dags/example_latest_only.py for tasks to queue
[2025-06-17T12:54:13.601+0530] {logging_mixin.py:188} INFO - [2025-06-17T12:54:13.601+0530] {dagbag.py:538} INFO - Filling up the DagBag from /home/priya/projects/snowflake_twitter_pipeline/venv/lib/python3.10/site-packages/airflow/example_dags/example_latest_only.py
[2025-06-17T12:54:13.607+0530] {processor.py:840} INFO - DAG(s) 'latest_only' retrieved from /home/priya/projects/snowflake_twitter_pipeline/venv/lib/python3.10/site-packages/airflow/example_dags/example_latest_only.py
[2025-06-17T12:54:13.620+0530] {logging_mixin.py:188} INFO - [2025-06-17T12:54:13.620+0530] {dag.py:3036} INFO - Sync 1 DAGs
[2025-06-17T12:54:13.634+0530] {logging_mixin.py:188} INFO - [2025-06-17T12:54:13.634+0530] {dag.py:3823} INFO - Setting next_dagrun for latest_only to 2025-06-17 00:00:00+00:00, run_after=2025-06-17 04:00:00+00:00
[2025-06-17T12:54:13.653+0530] {processor.py:183} INFO - Processing /home/priya/projects/snowflake_twitter_pipeline/venv/lib/python3.10/site-packages/airflow/example_dags/example_latest_only.py took 0.057 seconds
[2025-06-17T12:55:07.867+0530] {processor.py:161} INFO - Started process (PID=3342) to work on /home/priya/projects/snowflake_twitter_pipeline/venv/lib/python3.10/site-packages/airflow/example_dags/example_latest_only.py
[2025-06-17T12:55:07.875+0530] {processor.py:830} INFO - Processing file /home/priya/projects/snowflake_twitter_pipeline/venv/lib/python3.10/site-packages/airflow/example_dags/example_latest_only.py for tasks to queue
[2025-06-17T12:55:07.876+0530] {logging_mixin.py:188} INFO - [2025-06-17T12:55:07.876+0530] {dagbag.py:538} INFO - Filling up the DagBag from /home/priya/projects/snowflake_twitter_pipeline/venv/lib/python3.10/site-packages/airflow/example_dags/example_latest_only.py
[2025-06-17T12:55:07.881+0530] {processor.py:840} INFO - DAG(s) 'latest_only' retrieved from /home/priya/projects/snowflake_twitter_pipeline/venv/lib/python3.10/site-packages/airflow/example_dags/example_latest_only.py
[2025-06-17T12:55:07.894+0530] {logging_mixin.py:188} INFO - [2025-06-17T12:55:07.894+0530] {dag.py:3036} INFO - Sync 1 DAGs
[2025-06-17T12:55:07.907+0530] {logging_mixin.py:188} INFO - [2025-06-17T12:55:07.907+0530] {dag.py:3823} INFO - Setting next_dagrun for latest_only to 2025-06-17 00:00:00+00:00, run_after=2025-06-17 04:00:00+00:00
[2025-06-17T12:55:07.930+0530] {processor.py:183} INFO - Processing /home/priya/projects/snowflake_twitter_pipeline/venv/lib/python3.10/site-packages/airflow/example_dags/example_latest_only.py took 0.066 seconds
