[2025-06-17T12:42:23.089+0530] {processor.py:161} INFO - Started process (PID=425) to work on /home/priya/projects/snowflake_twitter_pipeline/venv/lib/python3.10/site-packages/airflow/example_dags/example_short_circuit_decorator.py
[2025-06-17T12:42:23.090+0530] {processor.py:830} INFO - Processing file /home/priya/projects/snowflake_twitter_pipeline/venv/lib/python3.10/site-packages/airflow/example_dags/example_short_circuit_decorator.py for tasks to queue
[2025-06-17T12:42:23.091+0530] {logging_mixin.py:188} INFO - [2025-06-17T12:42:23.090+0530] {dagbag.py:538} INFO - Filling up the DagBag from /home/priya/projects/snowflake_twitter_pipeline/venv/lib/python3.10/site-packages/airflow/example_dags/example_short_circuit_decorator.py
[2025-06-17T12:42:23.099+0530] {processor.py:840} INFO - DAG(s) 'example_short_circuit_decorator' retrieved from /home/priya/projects/snowflake_twitter_pipeline/venv/lib/python3.10/site-packages/airflow/example_dags/example_short_circuit_decorator.py
[2025-06-17T12:42:23.171+0530] {logging_mixin.py:188} INFO - [2025-06-17T12:42:23.170+0530] {override.py:1769} INFO - Created Permission View: can edit on DAG:example_short_circuit_decorator
[2025-06-17T12:42:23.181+0530] {logging_mixin.py:188} INFO - [2025-06-17T12:42:23.181+0530] {override.py:1769} INFO - Created Permission View: can delete on DAG:example_short_circuit_decorator
[2025-06-17T12:42:23.189+0530] {logging_mixin.py:188} INFO - [2025-06-17T12:42:23.189+0530] {override.py:1769} INFO - Created Permission View: can read on DAG:example_short_circuit_decorator
[2025-06-17T12:42:23.189+0530] {logging_mixin.py:188} INFO - [2025-06-17T12:42:23.189+0530] {dag.py:3036} INFO - Sync 1 DAGs
[2025-06-17T12:42:23.260+0530] {logging_mixin.py:188} INFO - [2025-06-17T12:42:23.260+0530] {dag.py:3058} INFO - Creating ORM DAG for example_short_circuit_decorator
[2025-06-17T12:42:23.267+0530] {logging_mixin.py:188} INFO - [2025-06-17T12:42:23.267+0530] {dag.py:3823} INFO - Setting next_dagrun for example_short_circuit_decorator to 2025-06-16 00:00:00+00:00, run_after=2025-06-17 00:00:00+00:00
[2025-06-17T12:42:23.284+0530] {processor.py:183} INFO - Processing /home/priya/projects/snowflake_twitter_pipeline/venv/lib/python3.10/site-packages/airflow/example_dags/example_short_circuit_decorator.py took 0.197 seconds
[2025-06-17T12:43:16.024+0530] {processor.py:161} INFO - Started process (PID=489) to work on /home/priya/projects/snowflake_twitter_pipeline/venv/lib/python3.10/site-packages/airflow/example_dags/example_short_circuit_decorator.py
[2025-06-17T12:43:16.026+0530] {processor.py:830} INFO - Processing file /home/priya/projects/snowflake_twitter_pipeline/venv/lib/python3.10/site-packages/airflow/example_dags/example_short_circuit_decorator.py for tasks to queue
[2025-06-17T12:43:16.026+0530] {logging_mixin.py:188} INFO - [2025-06-17T12:43:16.026+0530] {dagbag.py:538} INFO - Filling up the DagBag from /home/priya/projects/snowflake_twitter_pipeline/venv/lib/python3.10/site-packages/airflow/example_dags/example_short_circuit_decorator.py
[2025-06-17T12:43:16.034+0530] {processor.py:840} INFO - DAG(s) 'example_short_circuit_decorator' retrieved from /home/priya/projects/snowflake_twitter_pipeline/venv/lib/python3.10/site-packages/airflow/example_dags/example_short_circuit_decorator.py
[2025-06-17T12:43:16.048+0530] {logging_mixin.py:188} INFO - [2025-06-17T12:43:16.048+0530] {dag.py:3036} INFO - Sync 1 DAGs
[2025-06-17T12:43:16.064+0530] {logging_mixin.py:188} INFO - [2025-06-17T12:43:16.064+0530] {dag.py:3823} INFO - Setting next_dagrun for example_short_circuit_decorator to 2025-06-16 00:00:00+00:00, run_after=2025-06-17 00:00:00+00:00
[2025-06-17T12:43:16.083+0530] {processor.py:183} INFO - Processing /home/priya/projects/snowflake_twitter_pipeline/venv/lib/python3.10/site-packages/airflow/example_dags/example_short_circuit_decorator.py took 0.062 seconds
[2025-06-17T12:43:58.905+0530] {processor.py:161} INFO - Started process (PID=547) to work on /home/priya/projects/snowflake_twitter_pipeline/venv/lib/python3.10/site-packages/airflow/example_dags/example_short_circuit_decorator.py
[2025-06-17T12:43:58.914+0530] {processor.py:830} INFO - Processing file /home/priya/projects/snowflake_twitter_pipeline/venv/lib/python3.10/site-packages/airflow/example_dags/example_short_circuit_decorator.py for tasks to queue
[2025-06-17T12:43:58.915+0530] {logging_mixin.py:188} INFO - [2025-06-17T12:43:58.915+0530] {dagbag.py:538} INFO - Filling up the DagBag from /home/priya/projects/snowflake_twitter_pipeline/venv/lib/python3.10/site-packages/airflow/example_dags/example_short_circuit_decorator.py
[2025-06-17T12:43:58.921+0530] {processor.py:840} INFO - DAG(s) 'example_short_circuit_decorator' retrieved from /home/priya/projects/snowflake_twitter_pipeline/venv/lib/python3.10/site-packages/airflow/example_dags/example_short_circuit_decorator.py
[2025-06-17T12:43:58.932+0530] {logging_mixin.py:188} INFO - [2025-06-17T12:43:58.932+0530] {dag.py:3036} INFO - Sync 1 DAGs
[2025-06-17T12:43:58.943+0530] {logging_mixin.py:188} INFO - [2025-06-17T12:43:58.943+0530] {dag.py:3823} INFO - Setting next_dagrun for example_short_circuit_decorator to 2025-06-16 00:00:00+00:00, run_after=2025-06-17 00:00:00+00:00
[2025-06-17T12:43:58.962+0530] {processor.py:183} INFO - Processing /home/priya/projects/snowflake_twitter_pipeline/venv/lib/python3.10/site-packages/airflow/example_dags/example_short_circuit_decorator.py took 0.059 seconds
[2025-06-17T12:44:38.316+0530] {processor.py:161} INFO - Started process (PID=604) to work on /home/priya/projects/snowflake_twitter_pipeline/venv/lib/python3.10/site-packages/airflow/example_dags/example_short_circuit_decorator.py
[2025-06-17T12:44:38.324+0530] {processor.py:830} INFO - Processing file /home/priya/projects/snowflake_twitter_pipeline/venv/lib/python3.10/site-packages/airflow/example_dags/example_short_circuit_decorator.py for tasks to queue
[2025-06-17T12:44:38.325+0530] {logging_mixin.py:188} INFO - [2025-06-17T12:44:38.325+0530] {dagbag.py:538} INFO - Filling up the DagBag from /home/priya/projects/snowflake_twitter_pipeline/venv/lib/python3.10/site-packages/airflow/example_dags/example_short_circuit_decorator.py
[2025-06-17T12:44:38.331+0530] {processor.py:840} INFO - DAG(s) 'example_short_circuit_decorator' retrieved from /home/priya/projects/snowflake_twitter_pipeline/venv/lib/python3.10/site-packages/airflow/example_dags/example_short_circuit_decorator.py
[2025-06-17T12:44:38.344+0530] {logging_mixin.py:188} INFO - [2025-06-17T12:44:38.343+0530] {dag.py:3036} INFO - Sync 1 DAGs
[2025-06-17T12:44:38.356+0530] {logging_mixin.py:188} INFO - [2025-06-17T12:44:38.356+0530] {dag.py:3823} INFO - Setting next_dagrun for example_short_circuit_decorator to 2025-06-16 00:00:00+00:00, run_after=2025-06-17 00:00:00+00:00
[2025-06-17T12:44:38.374+0530] {processor.py:183} INFO - Processing /home/priya/projects/snowflake_twitter_pipeline/venv/lib/python3.10/site-packages/airflow/example_dags/example_short_circuit_decorator.py took 0.060 seconds
[2025-06-17T12:45:50.176+0530] {processor.py:161} INFO - Started process (PID=653) to work on /home/priya/projects/snowflake_twitter_pipeline/venv/lib/python3.10/site-packages/airflow/example_dags/example_short_circuit_decorator.py
[2025-06-17T12:45:50.177+0530] {processor.py:830} INFO - Processing file /home/priya/projects/snowflake_twitter_pipeline/venv/lib/python3.10/site-packages/airflow/example_dags/example_short_circuit_decorator.py for tasks to queue
[2025-06-17T12:45:50.178+0530] {logging_mixin.py:188} INFO - [2025-06-17T12:45:50.178+0530] {dagbag.py:538} INFO - Filling up the DagBag from /home/priya/projects/snowflake_twitter_pipeline/venv/lib/python3.10/site-packages/airflow/example_dags/example_short_circuit_decorator.py
[2025-06-17T12:45:50.186+0530] {processor.py:840} INFO - DAG(s) 'example_short_circuit_decorator' retrieved from /home/priya/projects/snowflake_twitter_pipeline/venv/lib/python3.10/site-packages/airflow/example_dags/example_short_circuit_decorator.py
[2025-06-17T12:45:50.198+0530] {logging_mixin.py:188} INFO - [2025-06-17T12:45:50.198+0530] {dag.py:3036} INFO - Sync 1 DAGs
[2025-06-17T12:45:50.212+0530] {logging_mixin.py:188} INFO - [2025-06-17T12:45:50.212+0530] {dag.py:3823} INFO - Setting next_dagrun for example_short_circuit_decorator to 2025-06-16 00:00:00+00:00, run_after=2025-06-17 00:00:00+00:00
[2025-06-17T12:45:50.228+0530] {processor.py:183} INFO - Processing /home/priya/projects/snowflake_twitter_pipeline/venv/lib/python3.10/site-packages/airflow/example_dags/example_short_circuit_decorator.py took 0.055 seconds
[2025-06-17T12:46:41.235+0530] {processor.py:161} INFO - Started process (PID=1217) to work on /home/priya/projects/snowflake_twitter_pipeline/venv/lib/python3.10/site-packages/airflow/example_dags/example_short_circuit_decorator.py
[2025-06-17T12:46:41.237+0530] {processor.py:830} INFO - Processing file /home/priya/projects/snowflake_twitter_pipeline/venv/lib/python3.10/site-packages/airflow/example_dags/example_short_circuit_decorator.py for tasks to queue
[2025-06-17T12:46:41.239+0530] {logging_mixin.py:188} INFO - [2025-06-17T12:46:41.238+0530] {dagbag.py:538} INFO - Filling up the DagBag from /home/priya/projects/snowflake_twitter_pipeline/venv/lib/python3.10/site-packages/airflow/example_dags/example_short_circuit_decorator.py
[2025-06-17T12:46:41.253+0530] {processor.py:840} INFO - DAG(s) 'example_short_circuit_decorator' retrieved from /home/priya/projects/snowflake_twitter_pipeline/venv/lib/python3.10/site-packages/airflow/example_dags/example_short_circuit_decorator.py
[2025-06-17T12:46:41.276+0530] {logging_mixin.py:188} INFO - [2025-06-17T12:46:41.276+0530] {dag.py:3036} INFO - Sync 1 DAGs
[2025-06-17T12:46:41.300+0530] {logging_mixin.py:188} INFO - [2025-06-17T12:46:41.300+0530] {dag.py:3823} INFO - Setting next_dagrun for example_short_circuit_decorator to 2025-06-16 00:00:00+00:00, run_after=2025-06-17 00:00:00+00:00
[2025-06-17T12:46:41.331+0530] {processor.py:183} INFO - Processing /home/priya/projects/snowflake_twitter_pipeline/venv/lib/python3.10/site-packages/airflow/example_dags/example_short_circuit_decorator.py took 0.101 seconds
[2025-06-17T12:47:22.356+0530] {processor.py:161} INFO - Started process (PID=1416) to work on /home/priya/projects/snowflake_twitter_pipeline/venv/lib/python3.10/site-packages/airflow/example_dags/example_short_circuit_decorator.py
[2025-06-17T12:47:22.358+0530] {processor.py:830} INFO - Processing file /home/priya/projects/snowflake_twitter_pipeline/venv/lib/python3.10/site-packages/airflow/example_dags/example_short_circuit_decorator.py for tasks to queue
[2025-06-17T12:47:22.359+0530] {logging_mixin.py:188} INFO - [2025-06-17T12:47:22.359+0530] {dagbag.py:538} INFO - Filling up the DagBag from /home/priya/projects/snowflake_twitter_pipeline/venv/lib/python3.10/site-packages/airflow/example_dags/example_short_circuit_decorator.py
[2025-06-17T12:47:22.368+0530] {processor.py:840} INFO - DAG(s) 'example_short_circuit_decorator' retrieved from /home/priya/projects/snowflake_twitter_pipeline/venv/lib/python3.10/site-packages/airflow/example_dags/example_short_circuit_decorator.py
[2025-06-17T12:47:22.379+0530] {logging_mixin.py:188} INFO - [2025-06-17T12:47:22.379+0530] {dag.py:3036} INFO - Sync 1 DAGs
[2025-06-17T12:47:22.391+0530] {logging_mixin.py:188} INFO - [2025-06-17T12:47:22.391+0530] {dag.py:3823} INFO - Setting next_dagrun for example_short_circuit_decorator to 2025-06-16 00:00:00+00:00, run_after=2025-06-17 00:00:00+00:00
[2025-06-17T12:47:22.412+0530] {processor.py:183} INFO - Processing /home/priya/projects/snowflake_twitter_pipeline/venv/lib/python3.10/site-packages/airflow/example_dags/example_short_circuit_decorator.py took 0.060 seconds
[2025-06-17T12:48:07.864+0530] {processor.py:161} INFO - Started process (PID=1620) to work on /home/priya/projects/snowflake_twitter_pipeline/venv/lib/python3.10/site-packages/airflow/example_dags/example_short_circuit_decorator.py
[2025-06-17T12:48:07.866+0530] {processor.py:830} INFO - Processing file /home/priya/projects/snowflake_twitter_pipeline/venv/lib/python3.10/site-packages/airflow/example_dags/example_short_circuit_decorator.py for tasks to queue
[2025-06-17T12:48:07.868+0530] {logging_mixin.py:188} INFO - [2025-06-17T12:48:07.867+0530] {dagbag.py:538} INFO - Filling up the DagBag from /home/priya/projects/snowflake_twitter_pipeline/venv/lib/python3.10/site-packages/airflow/example_dags/example_short_circuit_decorator.py
[2025-06-17T12:48:07.875+0530] {processor.py:840} INFO - DAG(s) 'example_short_circuit_decorator' retrieved from /home/priya/projects/snowflake_twitter_pipeline/venv/lib/python3.10/site-packages/airflow/example_dags/example_short_circuit_decorator.py
[2025-06-17T12:48:07.886+0530] {logging_mixin.py:188} INFO - [2025-06-17T12:48:07.886+0530] {dag.py:3036} INFO - Sync 1 DAGs
[2025-06-17T12:48:07.898+0530] {logging_mixin.py:188} INFO - [2025-06-17T12:48:07.898+0530] {dag.py:3823} INFO - Setting next_dagrun for example_short_circuit_decorator to 2025-06-16 00:00:00+00:00, run_after=2025-06-17 00:00:00+00:00
[2025-06-17T12:48:07.915+0530] {processor.py:183} INFO - Processing /home/priya/projects/snowflake_twitter_pipeline/venv/lib/python3.10/site-packages/airflow/example_dags/example_short_circuit_decorator.py took 0.055 seconds
[2025-06-17T12:48:55.843+0530] {processor.py:161} INFO - Started process (PID=1831) to work on /home/priya/projects/snowflake_twitter_pipeline/venv/lib/python3.10/site-packages/airflow/example_dags/example_short_circuit_decorator.py
[2025-06-17T12:48:55.845+0530] {processor.py:830} INFO - Processing file /home/priya/projects/snowflake_twitter_pipeline/venv/lib/python3.10/site-packages/airflow/example_dags/example_short_circuit_decorator.py for tasks to queue
[2025-06-17T12:48:55.846+0530] {logging_mixin.py:188} INFO - [2025-06-17T12:48:55.846+0530] {dagbag.py:538} INFO - Filling up the DagBag from /home/priya/projects/snowflake_twitter_pipeline/venv/lib/python3.10/site-packages/airflow/example_dags/example_short_circuit_decorator.py
[2025-06-17T12:48:55.860+0530] {processor.py:840} INFO - DAG(s) 'example_short_circuit_decorator' retrieved from /home/priya/projects/snowflake_twitter_pipeline/venv/lib/python3.10/site-packages/airflow/example_dags/example_short_circuit_decorator.py
[2025-06-17T12:48:55.877+0530] {logging_mixin.py:188} INFO - [2025-06-17T12:48:55.877+0530] {dag.py:3036} INFO - Sync 1 DAGs
[2025-06-17T12:48:55.891+0530] {logging_mixin.py:188} INFO - [2025-06-17T12:48:55.891+0530] {dag.py:3823} INFO - Setting next_dagrun for example_short_circuit_decorator to 2025-06-16 00:00:00+00:00, run_after=2025-06-17 00:00:00+00:00
[2025-06-17T12:48:55.912+0530] {processor.py:183} INFO - Processing /home/priya/projects/snowflake_twitter_pipeline/venv/lib/python3.10/site-packages/airflow/example_dags/example_short_circuit_decorator.py took 0.074 seconds
[2025-06-17T12:49:31.544+0530] {processor.py:161} INFO - Started process (PID=2005) to work on /home/priya/projects/snowflake_twitter_pipeline/venv/lib/python3.10/site-packages/airflow/example_dags/example_short_circuit_decorator.py
[2025-06-17T12:49:31.553+0530] {processor.py:830} INFO - Processing file /home/priya/projects/snowflake_twitter_pipeline/venv/lib/python3.10/site-packages/airflow/example_dags/example_short_circuit_decorator.py for tasks to queue
[2025-06-17T12:49:31.554+0530] {logging_mixin.py:188} INFO - [2025-06-17T12:49:31.553+0530] {dagbag.py:538} INFO - Filling up the DagBag from /home/priya/projects/snowflake_twitter_pipeline/venv/lib/python3.10/site-packages/airflow/example_dags/example_short_circuit_decorator.py
[2025-06-17T12:49:31.561+0530] {processor.py:840} INFO - DAG(s) 'example_short_circuit_decorator' retrieved from /home/priya/projects/snowflake_twitter_pipeline/venv/lib/python3.10/site-packages/airflow/example_dags/example_short_circuit_decorator.py
[2025-06-17T12:49:31.578+0530] {logging_mixin.py:188} INFO - [2025-06-17T12:49:31.578+0530] {dag.py:3036} INFO - Sync 1 DAGs
[2025-06-17T12:49:31.595+0530] {logging_mixin.py:188} INFO - [2025-06-17T12:49:31.595+0530] {dag.py:3823} INFO - Setting next_dagrun for example_short_circuit_decorator to 2025-06-16 00:00:00+00:00, run_after=2025-06-17 00:00:00+00:00
[2025-06-17T12:49:31.614+0530] {processor.py:183} INFO - Processing /home/priya/projects/snowflake_twitter_pipeline/venv/lib/python3.10/site-packages/airflow/example_dags/example_short_circuit_decorator.py took 0.073 seconds
[2025-06-17T12:50:19.372+0530] {processor.py:161} INFO - Started process (PID=2226) to work on /home/priya/projects/snowflake_twitter_pipeline/venv/lib/python3.10/site-packages/airflow/example_dags/example_short_circuit_decorator.py
[2025-06-17T12:50:19.382+0530] {processor.py:830} INFO - Processing file /home/priya/projects/snowflake_twitter_pipeline/venv/lib/python3.10/site-packages/airflow/example_dags/example_short_circuit_decorator.py for tasks to queue
[2025-06-17T12:50:19.383+0530] {logging_mixin.py:188} INFO - [2025-06-17T12:50:19.382+0530] {dagbag.py:538} INFO - Filling up the DagBag from /home/priya/projects/snowflake_twitter_pipeline/venv/lib/python3.10/site-packages/airflow/example_dags/example_short_circuit_decorator.py
[2025-06-17T12:50:19.395+0530] {processor.py:840} INFO - DAG(s) 'example_short_circuit_decorator' retrieved from /home/priya/projects/snowflake_twitter_pipeline/venv/lib/python3.10/site-packages/airflow/example_dags/example_short_circuit_decorator.py
[2025-06-17T12:50:19.410+0530] {logging_mixin.py:188} INFO - [2025-06-17T12:50:19.410+0530] {dag.py:3036} INFO - Sync 1 DAGs
[2025-06-17T12:50:19.428+0530] {logging_mixin.py:188} INFO - [2025-06-17T12:50:19.428+0530] {dag.py:3823} INFO - Setting next_dagrun for example_short_circuit_decorator to 2025-06-16 00:00:00+00:00, run_after=2025-06-17 00:00:00+00:00
[2025-06-17T12:50:19.452+0530] {processor.py:183} INFO - Processing /home/priya/projects/snowflake_twitter_pipeline/venv/lib/python3.10/site-packages/airflow/example_dags/example_short_circuit_decorator.py took 0.084 seconds
[2025-06-17T12:51:05.646+0530] {processor.py:161} INFO - Started process (PID=2437) to work on /home/priya/projects/snowflake_twitter_pipeline/venv/lib/python3.10/site-packages/airflow/example_dags/example_short_circuit_decorator.py
[2025-06-17T12:51:05.656+0530] {processor.py:830} INFO - Processing file /home/priya/projects/snowflake_twitter_pipeline/venv/lib/python3.10/site-packages/airflow/example_dags/example_short_circuit_decorator.py for tasks to queue
[2025-06-17T12:51:05.657+0530] {logging_mixin.py:188} INFO - [2025-06-17T12:51:05.656+0530] {dagbag.py:538} INFO - Filling up the DagBag from /home/priya/projects/snowflake_twitter_pipeline/venv/lib/python3.10/site-packages/airflow/example_dags/example_short_circuit_decorator.py
[2025-06-17T12:51:05.666+0530] {processor.py:840} INFO - DAG(s) 'example_short_circuit_decorator' retrieved from /home/priya/projects/snowflake_twitter_pipeline/venv/lib/python3.10/site-packages/airflow/example_dags/example_short_circuit_decorator.py
[2025-06-17T12:51:05.676+0530] {logging_mixin.py:188} INFO - [2025-06-17T12:51:05.676+0530] {dag.py:3036} INFO - Sync 1 DAGs
[2025-06-17T12:51:05.688+0530] {logging_mixin.py:188} INFO - [2025-06-17T12:51:05.688+0530] {dag.py:3823} INFO - Setting next_dagrun for example_short_circuit_decorator to 2025-06-16 00:00:00+00:00, run_after=2025-06-17 00:00:00+00:00
[2025-06-17T12:51:05.704+0530] {processor.py:183} INFO - Processing /home/priya/projects/snowflake_twitter_pipeline/venv/lib/python3.10/site-packages/airflow/example_dags/example_short_circuit_decorator.py took 0.062 seconds
[2025-06-17T12:51:40.894+0530] {processor.py:161} INFO - Started process (PID=2597) to work on /home/priya/projects/snowflake_twitter_pipeline/venv/lib/python3.10/site-packages/airflow/example_dags/example_short_circuit_decorator.py
[2025-06-17T12:51:40.896+0530] {processor.py:830} INFO - Processing file /home/priya/projects/snowflake_twitter_pipeline/venv/lib/python3.10/site-packages/airflow/example_dags/example_short_circuit_decorator.py for tasks to queue
[2025-06-17T12:51:40.897+0530] {logging_mixin.py:188} INFO - [2025-06-17T12:51:40.897+0530] {dagbag.py:538} INFO - Filling up the DagBag from /home/priya/projects/snowflake_twitter_pipeline/venv/lib/python3.10/site-packages/airflow/example_dags/example_short_circuit_decorator.py
[2025-06-17T12:51:40.903+0530] {processor.py:840} INFO - DAG(s) 'example_short_circuit_decorator' retrieved from /home/priya/projects/snowflake_twitter_pipeline/venv/lib/python3.10/site-packages/airflow/example_dags/example_short_circuit_decorator.py
[2025-06-17T12:51:40.913+0530] {logging_mixin.py:188} INFO - [2025-06-17T12:51:40.913+0530] {dag.py:3036} INFO - Sync 1 DAGs
[2025-06-17T12:51:40.924+0530] {logging_mixin.py:188} INFO - [2025-06-17T12:51:40.924+0530] {dag.py:3823} INFO - Setting next_dagrun for example_short_circuit_decorator to 2025-06-16 00:00:00+00:00, run_after=2025-06-17 00:00:00+00:00
[2025-06-17T12:51:40.940+0530] {processor.py:183} INFO - Processing /home/priya/projects/snowflake_twitter_pipeline/venv/lib/python3.10/site-packages/airflow/example_dags/example_short_circuit_decorator.py took 0.048 seconds
[2025-06-17T12:52:15.708+0530] {processor.py:161} INFO - Started process (PID=2750) to work on /home/priya/projects/snowflake_twitter_pipeline/venv/lib/python3.10/site-packages/airflow/example_dags/example_short_circuit_decorator.py
[2025-06-17T12:52:15.709+0530] {processor.py:830} INFO - Processing file /home/priya/projects/snowflake_twitter_pipeline/venv/lib/python3.10/site-packages/airflow/example_dags/example_short_circuit_decorator.py for tasks to queue
[2025-06-17T12:52:15.710+0530] {logging_mixin.py:188} INFO - [2025-06-17T12:52:15.710+0530] {dagbag.py:538} INFO - Filling up the DagBag from /home/priya/projects/snowflake_twitter_pipeline/venv/lib/python3.10/site-packages/airflow/example_dags/example_short_circuit_decorator.py
[2025-06-17T12:52:15.717+0530] {processor.py:840} INFO - DAG(s) 'example_short_circuit_decorator' retrieved from /home/priya/projects/snowflake_twitter_pipeline/venv/lib/python3.10/site-packages/airflow/example_dags/example_short_circuit_decorator.py
[2025-06-17T12:52:15.728+0530] {logging_mixin.py:188} INFO - [2025-06-17T12:52:15.728+0530] {dag.py:3036} INFO - Sync 1 DAGs
[2025-06-17T12:52:15.741+0530] {logging_mixin.py:188} INFO - [2025-06-17T12:52:15.740+0530] {dag.py:3823} INFO - Setting next_dagrun for example_short_circuit_decorator to 2025-06-16 00:00:00+00:00, run_after=2025-06-17 00:00:00+00:00
[2025-06-17T12:52:15.758+0530] {processor.py:183} INFO - Processing /home/priya/projects/snowflake_twitter_pipeline/venv/lib/python3.10/site-packages/airflow/example_dags/example_short_circuit_decorator.py took 0.052 seconds
[2025-06-17T12:52:50.232+0530] {processor.py:161} INFO - Started process (PID=2912) to work on /home/priya/projects/snowflake_twitter_pipeline/venv/lib/python3.10/site-packages/airflow/example_dags/example_short_circuit_decorator.py
[2025-06-17T12:52:50.234+0530] {processor.py:830} INFO - Processing file /home/priya/projects/snowflake_twitter_pipeline/venv/lib/python3.10/site-packages/airflow/example_dags/example_short_circuit_decorator.py for tasks to queue
[2025-06-17T12:52:50.234+0530] {logging_mixin.py:188} INFO - [2025-06-17T12:52:50.234+0530] {dagbag.py:538} INFO - Filling up the DagBag from /home/priya/projects/snowflake_twitter_pipeline/venv/lib/python3.10/site-packages/airflow/example_dags/example_short_circuit_decorator.py
[2025-06-17T12:52:50.241+0530] {processor.py:840} INFO - DAG(s) 'example_short_circuit_decorator' retrieved from /home/priya/projects/snowflake_twitter_pipeline/venv/lib/python3.10/site-packages/airflow/example_dags/example_short_circuit_decorator.py
[2025-06-17T12:52:50.252+0530] {logging_mixin.py:188} INFO - [2025-06-17T12:52:50.252+0530] {dag.py:3036} INFO - Sync 1 DAGs
[2025-06-17T12:52:50.267+0530] {logging_mixin.py:188} INFO - [2025-06-17T12:52:50.267+0530] {dag.py:3823} INFO - Setting next_dagrun for example_short_circuit_decorator to 2025-06-16 00:00:00+00:00, run_after=2025-06-17 00:00:00+00:00
[2025-06-17T12:52:50.284+0530] {processor.py:183} INFO - Processing /home/priya/projects/snowflake_twitter_pipeline/venv/lib/python3.10/site-packages/airflow/example_dags/example_short_circuit_decorator.py took 0.055 seconds
[2025-06-17T12:53:27.281+0530] {processor.py:161} INFO - Started process (PID=3056) to work on /home/priya/projects/snowflake_twitter_pipeline/venv/lib/python3.10/site-packages/airflow/example_dags/example_short_circuit_decorator.py
[2025-06-17T12:53:27.282+0530] {processor.py:830} INFO - Processing file /home/priya/projects/snowflake_twitter_pipeline/venv/lib/python3.10/site-packages/airflow/example_dags/example_short_circuit_decorator.py for tasks to queue
[2025-06-17T12:53:27.283+0530] {logging_mixin.py:188} INFO - [2025-06-17T12:53:27.283+0530] {dagbag.py:538} INFO - Filling up the DagBag from /home/priya/projects/snowflake_twitter_pipeline/venv/lib/python3.10/site-packages/airflow/example_dags/example_short_circuit_decorator.py
[2025-06-17T12:53:27.293+0530] {processor.py:840} INFO - DAG(s) 'example_short_circuit_decorator' retrieved from /home/priya/projects/snowflake_twitter_pipeline/venv/lib/python3.10/site-packages/airflow/example_dags/example_short_circuit_decorator.py
[2025-06-17T12:53:27.309+0530] {logging_mixin.py:188} INFO - [2025-06-17T12:53:27.309+0530] {dag.py:3036} INFO - Sync 1 DAGs
[2025-06-17T12:53:27.329+0530] {logging_mixin.py:188} INFO - [2025-06-17T12:53:27.328+0530] {dag.py:3823} INFO - Setting next_dagrun for example_short_circuit_decorator to 2025-06-16 00:00:00+00:00, run_after=2025-06-17 00:00:00+00:00
[2025-06-17T12:53:27.348+0530] {processor.py:183} INFO - Processing /home/priya/projects/snowflake_twitter_pipeline/venv/lib/python3.10/site-packages/airflow/example_dags/example_short_circuit_decorator.py took 0.070 seconds
[2025-06-17T12:54:00.834+0530] {processor.py:161} INFO - Started process (PID=3108) to work on /home/priya/projects/snowflake_twitter_pipeline/venv/lib/python3.10/site-packages/airflow/example_dags/example_short_circuit_decorator.py
[2025-06-17T12:54:00.836+0530] {processor.py:830} INFO - Processing file /home/priya/projects/snowflake_twitter_pipeline/venv/lib/python3.10/site-packages/airflow/example_dags/example_short_circuit_decorator.py for tasks to queue
[2025-06-17T12:54:00.838+0530] {logging_mixin.py:188} INFO - [2025-06-17T12:54:00.837+0530] {dagbag.py:538} INFO - Filling up the DagBag from /home/priya/projects/snowflake_twitter_pipeline/venv/lib/python3.10/site-packages/airflow/example_dags/example_short_circuit_decorator.py
[2025-06-17T12:54:00.844+0530] {processor.py:840} INFO - DAG(s) 'example_short_circuit_decorator' retrieved from /home/priya/projects/snowflake_twitter_pipeline/venv/lib/python3.10/site-packages/airflow/example_dags/example_short_circuit_decorator.py
[2025-06-17T12:54:00.855+0530] {logging_mixin.py:188} INFO - [2025-06-17T12:54:00.855+0530] {dag.py:3036} INFO - Sync 1 DAGs
[2025-06-17T12:54:00.870+0530] {logging_mixin.py:188} INFO - [2025-06-17T12:54:00.870+0530] {dag.py:3823} INFO - Setting next_dagrun for example_short_circuit_decorator to 2025-06-16 00:00:00+00:00, run_after=2025-06-17 00:00:00+00:00
[2025-06-17T12:54:00.889+0530] {processor.py:183} INFO - Processing /home/priya/projects/snowflake_twitter_pipeline/venv/lib/python3.10/site-packages/airflow/example_dags/example_short_circuit_decorator.py took 0.058 seconds
[2025-06-17T12:54:38.229+0530] {processor.py:161} INFO - Started process (PID=3205) to work on /home/priya/projects/snowflake_twitter_pipeline/venv/lib/python3.10/site-packages/airflow/example_dags/example_short_circuit_decorator.py
[2025-06-17T12:54:38.236+0530] {processor.py:830} INFO - Processing file /home/priya/projects/snowflake_twitter_pipeline/venv/lib/python3.10/site-packages/airflow/example_dags/example_short_circuit_decorator.py for tasks to queue
[2025-06-17T12:54:38.238+0530] {logging_mixin.py:188} INFO - [2025-06-17T12:54:38.237+0530] {dagbag.py:538} INFO - Filling up the DagBag from /home/priya/projects/snowflake_twitter_pipeline/venv/lib/python3.10/site-packages/airflow/example_dags/example_short_circuit_decorator.py
[2025-06-17T12:54:38.246+0530] {processor.py:840} INFO - DAG(s) 'example_short_circuit_decorator' retrieved from /home/priya/projects/snowflake_twitter_pipeline/venv/lib/python3.10/site-packages/airflow/example_dags/example_short_circuit_decorator.py
[2025-06-17T12:54:38.260+0530] {logging_mixin.py:188} INFO - [2025-06-17T12:54:38.260+0530] {dag.py:3036} INFO - Sync 1 DAGs
[2025-06-17T12:54:38.274+0530] {logging_mixin.py:188} INFO - [2025-06-17T12:54:38.274+0530] {dag.py:3823} INFO - Setting next_dagrun for example_short_circuit_decorator to 2025-06-16 00:00:00+00:00, run_after=2025-06-17 00:00:00+00:00
[2025-06-17T12:54:38.299+0530] {processor.py:183} INFO - Processing /home/priya/projects/snowflake_twitter_pipeline/venv/lib/python3.10/site-packages/airflow/example_dags/example_short_circuit_decorator.py took 0.073 seconds
