[2025-06-17T12:42:47.332+0530] {processor.py:161} INFO - Started process (PID=447) to work on /home/priya/projects/snowflake_twitter_pipeline/venv/lib/python3.10/site-packages/airflow/example_dags/example_branch_day_of_week_operator.py
[2025-06-17T12:42:47.333+0530] {processor.py:830} INFO - Processing file /home/priya/projects/snowflake_twitter_pipeline/venv/lib/python3.10/site-packages/airflow/example_dags/example_branch_day_of_week_operator.py for tasks to queue
[2025-06-17T12:42:47.334+0530] {logging_mixin.py:188} INFO - [2025-06-17T12:42:47.334+0530] {dagbag.py:538} INFO - Filling up the DagBag from /home/priya/projects/snowflake_twitter_pipeline/venv/lib/python3.10/site-packages/airflow/example_dags/example_branch_day_of_week_operator.py
[2025-06-17T12:42:47.343+0530] {processor.py:840} INFO - DAG(s) 'example_weekday_branch_operator' retrieved from /home/priya/projects/snowflake_twitter_pipeline/venv/lib/python3.10/site-packages/airflow/example_dags/example_branch_day_of_week_operator.py
[2025-06-17T12:42:47.505+0530] {logging_mixin.py:188} INFO - [2025-06-17T12:42:47.505+0530] {override.py:1769} INFO - Created Permission View: can edit on DAG:example_weekday_branch_operator
[2025-06-17T12:42:47.519+0530] {logging_mixin.py:188} INFO - [2025-06-17T12:42:47.518+0530] {override.py:1769} INFO - Created Permission View: can delete on DAG:example_weekday_branch_operator
[2025-06-17T12:42:47.528+0530] {logging_mixin.py:188} INFO - [2025-06-17T12:42:47.528+0530] {override.py:1769} INFO - Created Permission View: can read on DAG:example_weekday_branch_operator
[2025-06-17T12:42:47.529+0530] {logging_mixin.py:188} INFO - [2025-06-17T12:42:47.529+0530] {dag.py:3036} INFO - Sync 1 DAGs
[2025-06-17T12:42:47.536+0530] {logging_mixin.py:188} INFO - [2025-06-17T12:42:47.536+0530] {dag.py:3058} INFO - Creating ORM DAG for example_weekday_branch_operator
[2025-06-17T12:42:47.543+0530] {logging_mixin.py:188} INFO - [2025-06-17T12:42:47.543+0530] {dag.py:3823} INFO - Setting next_dagrun for example_weekday_branch_operator to 2025-06-16 00:00:00+00:00, run_after=2025-06-17 00:00:00+00:00
[2025-06-17T12:42:47.563+0530] {processor.py:183} INFO - Processing /home/priya/projects/snowflake_twitter_pipeline/venv/lib/python3.10/site-packages/airflow/example_dags/example_branch_day_of_week_operator.py took 0.234 seconds
[2025-06-17T12:43:38.917+0530] {processor.py:161} INFO - Started process (PID=511) to work on /home/priya/projects/snowflake_twitter_pipeline/venv/lib/python3.10/site-packages/airflow/example_dags/example_branch_day_of_week_operator.py
[2025-06-17T12:43:38.926+0530] {processor.py:830} INFO - Processing file /home/priya/projects/snowflake_twitter_pipeline/venv/lib/python3.10/site-packages/airflow/example_dags/example_branch_day_of_week_operator.py for tasks to queue
[2025-06-17T12:43:38.928+0530] {logging_mixin.py:188} INFO - [2025-06-17T12:43:38.927+0530] {dagbag.py:538} INFO - Filling up the DagBag from /home/priya/projects/snowflake_twitter_pipeline/venv/lib/python3.10/site-packages/airflow/example_dags/example_branch_day_of_week_operator.py
[2025-06-17T12:43:38.935+0530] {processor.py:840} INFO - DAG(s) 'example_weekday_branch_operator' retrieved from /home/priya/projects/snowflake_twitter_pipeline/venv/lib/python3.10/site-packages/airflow/example_dags/example_branch_day_of_week_operator.py
[2025-06-17T12:43:38.949+0530] {logging_mixin.py:188} INFO - [2025-06-17T12:43:38.949+0530] {dag.py:3036} INFO - Sync 1 DAGs
[2025-06-17T12:43:38.963+0530] {logging_mixin.py:188} INFO - [2025-06-17T12:43:38.962+0530] {dag.py:3823} INFO - Setting next_dagrun for example_weekday_branch_operator to 2025-06-16 00:00:00+00:00, run_after=2025-06-17 00:00:00+00:00
[2025-06-17T12:43:38.980+0530] {processor.py:183} INFO - Processing /home/priya/projects/snowflake_twitter_pipeline/venv/lib/python3.10/site-packages/airflow/example_dags/example_branch_day_of_week_operator.py took 0.065 seconds
[2025-06-17T12:44:26.474+0530] {processor.py:161} INFO - Started process (PID=576) to work on /home/priya/projects/snowflake_twitter_pipeline/venv/lib/python3.10/site-packages/airflow/example_dags/example_branch_day_of_week_operator.py
[2025-06-17T12:44:26.477+0530] {processor.py:830} INFO - Processing file /home/priya/projects/snowflake_twitter_pipeline/venv/lib/python3.10/site-packages/airflow/example_dags/example_branch_day_of_week_operator.py for tasks to queue
[2025-06-17T12:44:26.478+0530] {logging_mixin.py:188} INFO - [2025-06-17T12:44:26.477+0530] {dagbag.py:538} INFO - Filling up the DagBag from /home/priya/projects/snowflake_twitter_pipeline/venv/lib/python3.10/site-packages/airflow/example_dags/example_branch_day_of_week_operator.py
[2025-06-17T12:44:26.484+0530] {processor.py:840} INFO - DAG(s) 'example_weekday_branch_operator' retrieved from /home/priya/projects/snowflake_twitter_pipeline/venv/lib/python3.10/site-packages/airflow/example_dags/example_branch_day_of_week_operator.py
[2025-06-17T12:44:26.494+0530] {logging_mixin.py:188} INFO - [2025-06-17T12:44:26.494+0530] {dag.py:3036} INFO - Sync 1 DAGs
[2025-06-17T12:44:26.506+0530] {logging_mixin.py:188} INFO - [2025-06-17T12:44:26.505+0530] {dag.py:3823} INFO - Setting next_dagrun for example_weekday_branch_operator to 2025-06-16 00:00:00+00:00, run_after=2025-06-17 00:00:00+00:00
[2025-06-17T12:44:26.522+0530] {processor.py:183} INFO - Processing /home/priya/projects/snowflake_twitter_pipeline/venv/lib/python3.10/site-packages/airflow/example_dags/example_branch_day_of_week_operator.py took 0.049 seconds
[2025-06-17T12:46:11.112+0530] {processor.py:161} INFO - Started process (PID=675) to work on /home/priya/projects/snowflake_twitter_pipeline/venv/lib/python3.10/site-packages/airflow/example_dags/example_branch_day_of_week_operator.py
[2025-06-17T12:46:11.114+0530] {processor.py:830} INFO - Processing file /home/priya/projects/snowflake_twitter_pipeline/venv/lib/python3.10/site-packages/airflow/example_dags/example_branch_day_of_week_operator.py for tasks to queue
[2025-06-17T12:46:11.115+0530] {logging_mixin.py:188} INFO - [2025-06-17T12:46:11.114+0530] {dagbag.py:538} INFO - Filling up the DagBag from /home/priya/projects/snowflake_twitter_pipeline/venv/lib/python3.10/site-packages/airflow/example_dags/example_branch_day_of_week_operator.py
[2025-06-17T12:46:11.124+0530] {processor.py:840} INFO - DAG(s) 'example_weekday_branch_operator' retrieved from /home/priya/projects/snowflake_twitter_pipeline/venv/lib/python3.10/site-packages/airflow/example_dags/example_branch_day_of_week_operator.py
[2025-06-17T12:46:11.138+0530] {logging_mixin.py:188} INFO - [2025-06-17T12:46:11.137+0530] {dag.py:3036} INFO - Sync 1 DAGs
[2025-06-17T12:46:11.237+0530] {logging_mixin.py:188} INFO - [2025-06-17T12:46:11.237+0530] {dag.py:3823} INFO - Setting next_dagrun for example_weekday_branch_operator to 2025-06-16 00:00:00+00:00, run_after=2025-06-17 00:00:00+00:00
[2025-06-17T12:46:11.256+0530] {processor.py:183} INFO - Processing /home/priya/projects/snowflake_twitter_pipeline/venv/lib/python3.10/site-packages/airflow/example_dags/example_branch_day_of_week_operator.py took 0.147 seconds
[2025-06-17T12:47:02.682+0530] {processor.py:161} INFO - Started process (PID=1321) to work on /home/priya/projects/snowflake_twitter_pipeline/venv/lib/python3.10/site-packages/airflow/example_dags/example_branch_day_of_week_operator.py
[2025-06-17T12:47:02.683+0530] {processor.py:830} INFO - Processing file /home/priya/projects/snowflake_twitter_pipeline/venv/lib/python3.10/site-packages/airflow/example_dags/example_branch_day_of_week_operator.py for tasks to queue
[2025-06-17T12:47:02.684+0530] {logging_mixin.py:188} INFO - [2025-06-17T12:47:02.684+0530] {dagbag.py:538} INFO - Filling up the DagBag from /home/priya/projects/snowflake_twitter_pipeline/venv/lib/python3.10/site-packages/airflow/example_dags/example_branch_day_of_week_operator.py
[2025-06-17T12:47:02.699+0530] {processor.py:840} INFO - DAG(s) 'example_weekday_branch_operator' retrieved from /home/priya/projects/snowflake_twitter_pipeline/venv/lib/python3.10/site-packages/airflow/example_dags/example_branch_day_of_week_operator.py
[2025-06-17T12:47:02.717+0530] {logging_mixin.py:188} INFO - [2025-06-17T12:47:02.717+0530] {dag.py:3036} INFO - Sync 1 DAGs
[2025-06-17T12:47:02.746+0530] {logging_mixin.py:188} INFO - [2025-06-17T12:47:02.746+0530] {dag.py:3823} INFO - Setting next_dagrun for example_weekday_branch_operator to 2025-06-16 00:00:00+00:00, run_after=2025-06-17 00:00:00+00:00
[2025-06-17T12:47:02.769+0530] {processor.py:183} INFO - Processing /home/priya/projects/snowflake_twitter_pipeline/venv/lib/python3.10/site-packages/airflow/example_dags/example_branch_day_of_week_operator.py took 0.090 seconds
[2025-06-17T12:47:54.045+0530] {processor.py:161} INFO - Started process (PID=1564) to work on /home/priya/projects/snowflake_twitter_pipeline/venv/lib/python3.10/site-packages/airflow/example_dags/example_branch_day_of_week_operator.py
[2025-06-17T12:47:54.047+0530] {processor.py:830} INFO - Processing file /home/priya/projects/snowflake_twitter_pipeline/venv/lib/python3.10/site-packages/airflow/example_dags/example_branch_day_of_week_operator.py for tasks to queue
[2025-06-17T12:47:54.048+0530] {logging_mixin.py:188} INFO - [2025-06-17T12:47:54.047+0530] {dagbag.py:538} INFO - Filling up the DagBag from /home/priya/projects/snowflake_twitter_pipeline/venv/lib/python3.10/site-packages/airflow/example_dags/example_branch_day_of_week_operator.py
[2025-06-17T12:47:54.052+0530] {processor.py:840} INFO - DAG(s) 'example_weekday_branch_operator' retrieved from /home/priya/projects/snowflake_twitter_pipeline/venv/lib/python3.10/site-packages/airflow/example_dags/example_branch_day_of_week_operator.py
[2025-06-17T12:47:54.064+0530] {logging_mixin.py:188} INFO - [2025-06-17T12:47:54.064+0530] {dag.py:3036} INFO - Sync 1 DAGs
[2025-06-17T12:47:54.079+0530] {logging_mixin.py:188} INFO - [2025-06-17T12:47:54.078+0530] {dag.py:3823} INFO - Setting next_dagrun for example_weekday_branch_operator to 2025-06-16 00:00:00+00:00, run_after=2025-06-17 00:00:00+00:00
[2025-06-17T12:47:54.095+0530] {processor.py:183} INFO - Processing /home/priya/projects/snowflake_twitter_pipeline/venv/lib/python3.10/site-packages/airflow/example_dags/example_branch_day_of_week_operator.py took 0.052 seconds
[2025-06-17T12:48:41.891+0530] {processor.py:161} INFO - Started process (PID=1769) to work on /home/priya/projects/snowflake_twitter_pipeline/venv/lib/python3.10/site-packages/airflow/example_dags/example_branch_day_of_week_operator.py
[2025-06-17T12:48:41.893+0530] {processor.py:830} INFO - Processing file /home/priya/projects/snowflake_twitter_pipeline/venv/lib/python3.10/site-packages/airflow/example_dags/example_branch_day_of_week_operator.py for tasks to queue
[2025-06-17T12:48:41.894+0530] {logging_mixin.py:188} INFO - [2025-06-17T12:48:41.893+0530] {dagbag.py:538} INFO - Filling up the DagBag from /home/priya/projects/snowflake_twitter_pipeline/venv/lib/python3.10/site-packages/airflow/example_dags/example_branch_day_of_week_operator.py
[2025-06-17T12:48:41.903+0530] {processor.py:840} INFO - DAG(s) 'example_weekday_branch_operator' retrieved from /home/priya/projects/snowflake_twitter_pipeline/venv/lib/python3.10/site-packages/airflow/example_dags/example_branch_day_of_week_operator.py
[2025-06-17T12:48:41.920+0530] {logging_mixin.py:188} INFO - [2025-06-17T12:48:41.920+0530] {dag.py:3036} INFO - Sync 1 DAGs
[2025-06-17T12:48:41.941+0530] {logging_mixin.py:188} INFO - [2025-06-17T12:48:41.941+0530] {dag.py:3823} INFO - Setting next_dagrun for example_weekday_branch_operator to 2025-06-16 00:00:00+00:00, run_after=2025-06-17 00:00:00+00:00
[2025-06-17T12:48:41.964+0530] {processor.py:183} INFO - Processing /home/priya/projects/snowflake_twitter_pipeline/venv/lib/python3.10/site-packages/airflow/example_dags/example_branch_day_of_week_operator.py took 0.076 seconds
[2025-06-17T12:49:34.112+0530] {processor.py:161} INFO - Started process (PID=2014) to work on /home/priya/projects/snowflake_twitter_pipeline/venv/lib/python3.10/site-packages/airflow/example_dags/example_branch_day_of_week_operator.py
[2025-06-17T12:49:34.113+0530] {processor.py:830} INFO - Processing file /home/priya/projects/snowflake_twitter_pipeline/venv/lib/python3.10/site-packages/airflow/example_dags/example_branch_day_of_week_operator.py for tasks to queue
[2025-06-17T12:49:34.114+0530] {logging_mixin.py:188} INFO - [2025-06-17T12:49:34.114+0530] {dagbag.py:538} INFO - Filling up the DagBag from /home/priya/projects/snowflake_twitter_pipeline/venv/lib/python3.10/site-packages/airflow/example_dags/example_branch_day_of_week_operator.py
[2025-06-17T12:49:34.123+0530] {processor.py:840} INFO - DAG(s) 'example_weekday_branch_operator' retrieved from /home/priya/projects/snowflake_twitter_pipeline/venv/lib/python3.10/site-packages/airflow/example_dags/example_branch_day_of_week_operator.py
[2025-06-17T12:49:34.138+0530] {logging_mixin.py:188} INFO - [2025-06-17T12:49:34.138+0530] {dag.py:3036} INFO - Sync 1 DAGs
[2025-06-17T12:49:34.155+0530] {logging_mixin.py:188} INFO - [2025-06-17T12:49:34.155+0530] {dag.py:3823} INFO - Setting next_dagrun for example_weekday_branch_operator to 2025-06-16 00:00:00+00:00, run_after=2025-06-17 00:00:00+00:00
[2025-06-17T12:49:34.176+0530] {processor.py:183} INFO - Processing /home/priya/projects/snowflake_twitter_pipeline/venv/lib/python3.10/site-packages/airflow/example_dags/example_branch_day_of_week_operator.py took 0.066 seconds
[2025-06-17T12:50:22.767+0530] {processor.py:161} INFO - Started process (PID=2241) to work on /home/priya/projects/snowflake_twitter_pipeline/venv/lib/python3.10/site-packages/airflow/example_dags/example_branch_day_of_week_operator.py
[2025-06-17T12:50:22.769+0530] {processor.py:830} INFO - Processing file /home/priya/projects/snowflake_twitter_pipeline/venv/lib/python3.10/site-packages/airflow/example_dags/example_branch_day_of_week_operator.py for tasks to queue
[2025-06-17T12:50:22.770+0530] {logging_mixin.py:188} INFO - [2025-06-17T12:50:22.769+0530] {dagbag.py:538} INFO - Filling up the DagBag from /home/priya/projects/snowflake_twitter_pipeline/venv/lib/python3.10/site-packages/airflow/example_dags/example_branch_day_of_week_operator.py
[2025-06-17T12:50:22.774+0530] {processor.py:840} INFO - DAG(s) 'example_weekday_branch_operator' retrieved from /home/priya/projects/snowflake_twitter_pipeline/venv/lib/python3.10/site-packages/airflow/example_dags/example_branch_day_of_week_operator.py
[2025-06-17T12:50:22.785+0530] {logging_mixin.py:188} INFO - [2025-06-17T12:50:22.785+0530] {dag.py:3036} INFO - Sync 1 DAGs
[2025-06-17T12:50:22.798+0530] {logging_mixin.py:188} INFO - [2025-06-17T12:50:22.798+0530] {dag.py:3823} INFO - Setting next_dagrun for example_weekday_branch_operator to 2025-06-16 00:00:00+00:00, run_after=2025-06-17 00:00:00+00:00
[2025-06-17T12:50:22.817+0530] {processor.py:183} INFO - Processing /home/priya/projects/snowflake_twitter_pipeline/venv/lib/python3.10/site-packages/airflow/example_dags/example_branch_day_of_week_operator.py took 0.052 seconds
[2025-06-17T12:51:09.050+0530] {processor.py:161} INFO - Started process (PID=2446) to work on /home/priya/projects/snowflake_twitter_pipeline/venv/lib/python3.10/site-packages/airflow/example_dags/example_branch_day_of_week_operator.py
[2025-06-17T12:51:09.052+0530] {processor.py:830} INFO - Processing file /home/priya/projects/snowflake_twitter_pipeline/venv/lib/python3.10/site-packages/airflow/example_dags/example_branch_day_of_week_operator.py for tasks to queue
[2025-06-17T12:51:09.052+0530] {logging_mixin.py:188} INFO - [2025-06-17T12:51:09.052+0530] {dagbag.py:538} INFO - Filling up the DagBag from /home/priya/projects/snowflake_twitter_pipeline/venv/lib/python3.10/site-packages/airflow/example_dags/example_branch_day_of_week_operator.py
[2025-06-17T12:51:09.057+0530] {processor.py:840} INFO - DAG(s) 'example_weekday_branch_operator' retrieved from /home/priya/projects/snowflake_twitter_pipeline/venv/lib/python3.10/site-packages/airflow/example_dags/example_branch_day_of_week_operator.py
[2025-06-17T12:51:09.069+0530] {logging_mixin.py:188} INFO - [2025-06-17T12:51:09.068+0530] {dag.py:3036} INFO - Sync 1 DAGs
[2025-06-17T12:51:09.081+0530] {logging_mixin.py:188} INFO - [2025-06-17T12:51:09.081+0530] {dag.py:3823} INFO - Setting next_dagrun for example_weekday_branch_operator to 2025-06-16 00:00:00+00:00, run_after=2025-06-17 00:00:00+00:00
[2025-06-17T12:51:09.099+0530] {processor.py:183} INFO - Processing /home/priya/projects/snowflake_twitter_pipeline/venv/lib/python3.10/site-packages/airflow/example_dags/example_branch_day_of_week_operator.py took 0.051 seconds
[2025-06-17T12:52:01.593+0530] {processor.py:161} INFO - Started process (PID=2694) to work on /home/priya/projects/snowflake_twitter_pipeline/venv/lib/python3.10/site-packages/airflow/example_dags/example_branch_day_of_week_operator.py
[2025-06-17T12:52:01.594+0530] {processor.py:830} INFO - Processing file /home/priya/projects/snowflake_twitter_pipeline/venv/lib/python3.10/site-packages/airflow/example_dags/example_branch_day_of_week_operator.py for tasks to queue
[2025-06-17T12:52:01.595+0530] {logging_mixin.py:188} INFO - [2025-06-17T12:52:01.595+0530] {dagbag.py:538} INFO - Filling up the DagBag from /home/priya/projects/snowflake_twitter_pipeline/venv/lib/python3.10/site-packages/airflow/example_dags/example_branch_day_of_week_operator.py
[2025-06-17T12:52:01.601+0530] {processor.py:840} INFO - DAG(s) 'example_weekday_branch_operator' retrieved from /home/priya/projects/snowflake_twitter_pipeline/venv/lib/python3.10/site-packages/airflow/example_dags/example_branch_day_of_week_operator.py
[2025-06-17T12:52:01.613+0530] {logging_mixin.py:188} INFO - [2025-06-17T12:52:01.613+0530] {dag.py:3036} INFO - Sync 1 DAGs
[2025-06-17T12:52:01.627+0530] {logging_mixin.py:188} INFO - [2025-06-17T12:52:01.627+0530] {dag.py:3823} INFO - Setting next_dagrun for example_weekday_branch_operator to 2025-06-16 00:00:00+00:00, run_after=2025-06-17 00:00:00+00:00
[2025-06-17T12:52:01.654+0530] {processor.py:183} INFO - Processing /home/priya/projects/snowflake_twitter_pipeline/venv/lib/python3.10/site-packages/airflow/example_dags/example_branch_day_of_week_operator.py took 0.064 seconds
[2025-06-17T12:52:54.134+0530] {processor.py:161} INFO - Started process (PID=2928) to work on /home/priya/projects/snowflake_twitter_pipeline/venv/lib/python3.10/site-packages/airflow/example_dags/example_branch_day_of_week_operator.py
[2025-06-17T12:52:54.136+0530] {processor.py:830} INFO - Processing file /home/priya/projects/snowflake_twitter_pipeline/venv/lib/python3.10/site-packages/airflow/example_dags/example_branch_day_of_week_operator.py for tasks to queue
[2025-06-17T12:52:54.137+0530] {logging_mixin.py:188} INFO - [2025-06-17T12:52:54.137+0530] {dagbag.py:538} INFO - Filling up the DagBag from /home/priya/projects/snowflake_twitter_pipeline/venv/lib/python3.10/site-packages/airflow/example_dags/example_branch_day_of_week_operator.py
[2025-06-17T12:52:54.142+0530] {processor.py:840} INFO - DAG(s) 'example_weekday_branch_operator' retrieved from /home/priya/projects/snowflake_twitter_pipeline/venv/lib/python3.10/site-packages/airflow/example_dags/example_branch_day_of_week_operator.py
[2025-06-17T12:52:54.157+0530] {logging_mixin.py:188} INFO - [2025-06-17T12:52:54.156+0530] {dag.py:3036} INFO - Sync 1 DAGs
[2025-06-17T12:52:54.170+0530] {logging_mixin.py:188} INFO - [2025-06-17T12:52:54.170+0530] {dag.py:3823} INFO - Setting next_dagrun for example_weekday_branch_operator to 2025-06-16 00:00:00+00:00, run_after=2025-06-17 00:00:00+00:00
[2025-06-17T12:52:54.188+0530] {processor.py:183} INFO - Processing /home/priya/projects/snowflake_twitter_pipeline/venv/lib/python3.10/site-packages/airflow/example_dags/example_branch_day_of_week_operator.py took 0.056 seconds
[2025-06-17T12:53:46.831+0530] {processor.py:161} INFO - Started process (PID=3094) to work on /home/priya/projects/snowflake_twitter_pipeline/venv/lib/python3.10/site-packages/airflow/example_dags/example_branch_day_of_week_operator.py
[2025-06-17T12:53:46.833+0530] {processor.py:830} INFO - Processing file /home/priya/projects/snowflake_twitter_pipeline/venv/lib/python3.10/site-packages/airflow/example_dags/example_branch_day_of_week_operator.py for tasks to queue
[2025-06-17T12:53:46.834+0530] {logging_mixin.py:188} INFO - [2025-06-17T12:53:46.834+0530] {dagbag.py:538} INFO - Filling up the DagBag from /home/priya/projects/snowflake_twitter_pipeline/venv/lib/python3.10/site-packages/airflow/example_dags/example_branch_day_of_week_operator.py
[2025-06-17T12:53:46.841+0530] {processor.py:840} INFO - DAG(s) 'example_weekday_branch_operator' retrieved from /home/priya/projects/snowflake_twitter_pipeline/venv/lib/python3.10/site-packages/airflow/example_dags/example_branch_day_of_week_operator.py
[2025-06-17T12:53:46.856+0530] {logging_mixin.py:188} INFO - [2025-06-17T12:53:46.856+0530] {dag.py:3036} INFO - Sync 1 DAGs
[2025-06-17T12:53:46.870+0530] {logging_mixin.py:188} INFO - [2025-06-17T12:53:46.869+0530] {dag.py:3823} INFO - Setting next_dagrun for example_weekday_branch_operator to 2025-06-16 00:00:00+00:00, run_after=2025-06-17 00:00:00+00:00
[2025-06-17T12:53:46.887+0530] {processor.py:183} INFO - Processing /home/priya/projects/snowflake_twitter_pipeline/venv/lib/python3.10/site-packages/airflow/example_dags/example_branch_day_of_week_operator.py took 0.058 seconds
[2025-06-17T12:54:41.164+0530] {processor.py:161} INFO - Started process (PID=3215) to work on /home/priya/projects/snowflake_twitter_pipeline/venv/lib/python3.10/site-packages/airflow/example_dags/example_branch_day_of_week_operator.py
[2025-06-17T12:54:41.177+0530] {processor.py:830} INFO - Processing file /home/priya/projects/snowflake_twitter_pipeline/venv/lib/python3.10/site-packages/airflow/example_dags/example_branch_day_of_week_operator.py for tasks to queue
[2025-06-17T12:54:41.178+0530] {logging_mixin.py:188} INFO - [2025-06-17T12:54:41.177+0530] {dagbag.py:538} INFO - Filling up the DagBag from /home/priya/projects/snowflake_twitter_pipeline/venv/lib/python3.10/site-packages/airflow/example_dags/example_branch_day_of_week_operator.py
[2025-06-17T12:54:41.184+0530] {processor.py:840} INFO - DAG(s) 'example_weekday_branch_operator' retrieved from /home/priya/projects/snowflake_twitter_pipeline/venv/lib/python3.10/site-packages/airflow/example_dags/example_branch_day_of_week_operator.py
[2025-06-17T12:54:41.194+0530] {logging_mixin.py:188} INFO - [2025-06-17T12:54:41.194+0530] {dag.py:3036} INFO - Sync 1 DAGs
[2025-06-17T12:54:41.207+0530] {logging_mixin.py:188} INFO - [2025-06-17T12:54:41.207+0530] {dag.py:3823} INFO - Setting next_dagrun for example_weekday_branch_operator to 2025-06-16 00:00:00+00:00, run_after=2025-06-17 00:00:00+00:00
[2025-06-17T12:54:41.231+0530] {processor.py:183} INFO - Processing /home/priya/projects/snowflake_twitter_pipeline/venv/lib/python3.10/site-packages/airflow/example_dags/example_branch_day_of_week_operator.py took 0.070 seconds
