[2025-06-17T12:42:41.879+0530] {processor.py:161} INFO - Started process (PID=442) to work on /home/priya/projects/snowflake_twitter_pipeline/venv/lib/python3.10/site-packages/airflow/example_dags/example_short_circuit_operator.py
[2025-06-17T12:42:41.880+0530] {processor.py:830} INFO - Processing file /home/priya/projects/snowflake_twitter_pipeline/venv/lib/python3.10/site-packages/airflow/example_dags/example_short_circuit_operator.py for tasks to queue
[2025-06-17T12:42:41.880+0530] {logging_mixin.py:188} INFO - [2025-06-17T12:42:41.880+0530] {dagbag.py:538} INFO - Filling up the DagBag from /home/priya/projects/snowflake_twitter_pipeline/venv/lib/python3.10/site-packages/airflow/example_dags/example_short_circuit_operator.py
[2025-06-17T12:42:41.889+0530] {processor.py:840} INFO - DAG(s) 'example_short_circuit_operator' retrieved from /home/priya/projects/snowflake_twitter_pipeline/venv/lib/python3.10/site-packages/airflow/example_dags/example_short_circuit_operator.py
[2025-06-17T12:42:42.052+0530] {logging_mixin.py:188} INFO - [2025-06-17T12:42:42.051+0530] {override.py:1769} INFO - Created Permission View: can edit on DAG:example_short_circuit_operator
[2025-06-17T12:42:42.062+0530] {logging_mixin.py:188} INFO - [2025-06-17T12:42:42.062+0530] {override.py:1769} INFO - Created Permission View: can delete on DAG:example_short_circuit_operator
[2025-06-17T12:42:42.070+0530] {logging_mixin.py:188} INFO - [2025-06-17T12:42:42.070+0530] {override.py:1769} INFO - Created Permission View: can read on DAG:example_short_circuit_operator
[2025-06-17T12:42:42.071+0530] {logging_mixin.py:188} INFO - [2025-06-17T12:42:42.071+0530] {dag.py:3036} INFO - Sync 1 DAGs
[2025-06-17T12:42:42.077+0530] {logging_mixin.py:188} INFO - [2025-06-17T12:42:42.077+0530] {dag.py:3058} INFO - Creating ORM DAG for example_short_circuit_operator
[2025-06-17T12:42:42.083+0530] {logging_mixin.py:188} INFO - [2025-06-17T12:42:42.083+0530] {dag.py:3823} INFO - Setting next_dagrun for example_short_circuit_operator to 2025-06-16 00:00:00+00:00, run_after=2025-06-17 00:00:00+00:00
[2025-06-17T12:42:42.100+0530] {processor.py:183} INFO - Processing /home/priya/projects/snowflake_twitter_pipeline/venv/lib/python3.10/site-packages/airflow/example_dags/example_short_circuit_operator.py took 0.224 seconds
[2025-06-17T12:43:33.764+0530] {processor.py:161} INFO - Started process (PID=506) to work on /home/priya/projects/snowflake_twitter_pipeline/venv/lib/python3.10/site-packages/airflow/example_dags/example_short_circuit_operator.py
[2025-06-17T12:43:33.766+0530] {processor.py:830} INFO - Processing file /home/priya/projects/snowflake_twitter_pipeline/venv/lib/python3.10/site-packages/airflow/example_dags/example_short_circuit_operator.py for tasks to queue
[2025-06-17T12:43:33.767+0530] {logging_mixin.py:188} INFO - [2025-06-17T12:43:33.766+0530] {dagbag.py:538} INFO - Filling up the DagBag from /home/priya/projects/snowflake_twitter_pipeline/venv/lib/python3.10/site-packages/airflow/example_dags/example_short_circuit_operator.py
[2025-06-17T12:43:33.773+0530] {processor.py:840} INFO - DAG(s) 'example_short_circuit_operator' retrieved from /home/priya/projects/snowflake_twitter_pipeline/venv/lib/python3.10/site-packages/airflow/example_dags/example_short_circuit_operator.py
[2025-06-17T12:43:33.785+0530] {logging_mixin.py:188} INFO - [2025-06-17T12:43:33.785+0530] {dag.py:3036} INFO - Sync 1 DAGs
[2025-06-17T12:43:33.798+0530] {logging_mixin.py:188} INFO - [2025-06-17T12:43:33.798+0530] {dag.py:3823} INFO - Setting next_dagrun for example_short_circuit_operator to 2025-06-16 00:00:00+00:00, run_after=2025-06-17 00:00:00+00:00
[2025-06-17T12:43:33.813+0530] {processor.py:183} INFO - Processing /home/priya/projects/snowflake_twitter_pipeline/venv/lib/python3.10/site-packages/airflow/example_dags/example_short_circuit_operator.py took 0.053 seconds
[2025-06-17T12:44:22.308+0530] {processor.py:161} INFO - Started process (PID=571) to work on /home/priya/projects/snowflake_twitter_pipeline/venv/lib/python3.10/site-packages/airflow/example_dags/example_short_circuit_operator.py
[2025-06-17T12:44:22.310+0530] {processor.py:830} INFO - Processing file /home/priya/projects/snowflake_twitter_pipeline/venv/lib/python3.10/site-packages/airflow/example_dags/example_short_circuit_operator.py for tasks to queue
[2025-06-17T12:44:22.310+0530] {logging_mixin.py:188} INFO - [2025-06-17T12:44:22.310+0530] {dagbag.py:538} INFO - Filling up the DagBag from /home/priya/projects/snowflake_twitter_pipeline/venv/lib/python3.10/site-packages/airflow/example_dags/example_short_circuit_operator.py
[2025-06-17T12:44:22.316+0530] {processor.py:840} INFO - DAG(s) 'example_short_circuit_operator' retrieved from /home/priya/projects/snowflake_twitter_pipeline/venv/lib/python3.10/site-packages/airflow/example_dags/example_short_circuit_operator.py
[2025-06-17T12:44:22.329+0530] {logging_mixin.py:188} INFO - [2025-06-17T12:44:22.329+0530] {dag.py:3036} INFO - Sync 1 DAGs
[2025-06-17T12:44:22.342+0530] {logging_mixin.py:188} INFO - [2025-06-17T12:44:22.342+0530] {dag.py:3823} INFO - Setting next_dagrun for example_short_circuit_operator to 2025-06-16 00:00:00+00:00, run_after=2025-06-17 00:00:00+00:00
[2025-06-17T12:44:22.359+0530] {processor.py:183} INFO - Processing /home/priya/projects/snowflake_twitter_pipeline/venv/lib/python3.10/site-packages/airflow/example_dags/example_short_circuit_operator.py took 0.053 seconds
[2025-06-17T12:46:06.116+0530] {processor.py:161} INFO - Started process (PID=670) to work on /home/priya/projects/snowflake_twitter_pipeline/venv/lib/python3.10/site-packages/airflow/example_dags/example_short_circuit_operator.py
[2025-06-17T12:46:06.125+0530] {processor.py:830} INFO - Processing file /home/priya/projects/snowflake_twitter_pipeline/venv/lib/python3.10/site-packages/airflow/example_dags/example_short_circuit_operator.py for tasks to queue
[2025-06-17T12:46:06.126+0530] {logging_mixin.py:188} INFO - [2025-06-17T12:46:06.125+0530] {dagbag.py:538} INFO - Filling up the DagBag from /home/priya/projects/snowflake_twitter_pipeline/venv/lib/python3.10/site-packages/airflow/example_dags/example_short_circuit_operator.py
[2025-06-17T12:46:06.135+0530] {processor.py:840} INFO - DAG(s) 'example_short_circuit_operator' retrieved from /home/priya/projects/snowflake_twitter_pipeline/venv/lib/python3.10/site-packages/airflow/example_dags/example_short_circuit_operator.py
[2025-06-17T12:46:06.147+0530] {logging_mixin.py:188} INFO - [2025-06-17T12:46:06.147+0530] {dag.py:3036} INFO - Sync 1 DAGs
[2025-06-17T12:46:06.158+0530] {logging_mixin.py:188} INFO - [2025-06-17T12:46:06.158+0530] {dag.py:3823} INFO - Setting next_dagrun for example_short_circuit_operator to 2025-06-16 00:00:00+00:00, run_after=2025-06-17 00:00:00+00:00
[2025-06-17T12:46:06.176+0530] {processor.py:183} INFO - Processing /home/priya/projects/snowflake_twitter_pipeline/venv/lib/python3.10/site-packages/airflow/example_dags/example_short_circuit_operator.py took 0.063 seconds
[2025-06-17T12:46:57.518+0530] {processor.py:161} INFO - Started process (PID=1298) to work on /home/priya/projects/snowflake_twitter_pipeline/venv/lib/python3.10/site-packages/airflow/example_dags/example_short_circuit_operator.py
[2025-06-17T12:46:57.520+0530] {processor.py:830} INFO - Processing file /home/priya/projects/snowflake_twitter_pipeline/venv/lib/python3.10/site-packages/airflow/example_dags/example_short_circuit_operator.py for tasks to queue
[2025-06-17T12:46:57.521+0530] {logging_mixin.py:188} INFO - [2025-06-17T12:46:57.520+0530] {dagbag.py:538} INFO - Filling up the DagBag from /home/priya/projects/snowflake_twitter_pipeline/venv/lib/python3.10/site-packages/airflow/example_dags/example_short_circuit_operator.py
[2025-06-17T12:46:57.529+0530] {processor.py:840} INFO - DAG(s) 'example_short_circuit_operator' retrieved from /home/priya/projects/snowflake_twitter_pipeline/venv/lib/python3.10/site-packages/airflow/example_dags/example_short_circuit_operator.py
[2025-06-17T12:46:57.548+0530] {logging_mixin.py:188} INFO - [2025-06-17T12:46:57.548+0530] {dag.py:3036} INFO - Sync 1 DAGs
[2025-06-17T12:46:57.572+0530] {logging_mixin.py:188} INFO - [2025-06-17T12:46:57.572+0530] {dag.py:3823} INFO - Setting next_dagrun for example_short_circuit_operator to 2025-06-16 00:00:00+00:00, run_after=2025-06-17 00:00:00+00:00
[2025-06-17T12:46:57.608+0530] {processor.py:183} INFO - Processing /home/priya/projects/snowflake_twitter_pipeline/venv/lib/python3.10/site-packages/airflow/example_dags/example_short_circuit_operator.py took 0.093 seconds
[2025-06-17T12:47:44.926+0530] {processor.py:161} INFO - Started process (PID=1508) to work on /home/priya/projects/snowflake_twitter_pipeline/venv/lib/python3.10/site-packages/airflow/example_dags/example_short_circuit_operator.py
[2025-06-17T12:47:44.928+0530] {processor.py:830} INFO - Processing file /home/priya/projects/snowflake_twitter_pipeline/venv/lib/python3.10/site-packages/airflow/example_dags/example_short_circuit_operator.py for tasks to queue
[2025-06-17T12:47:44.929+0530] {logging_mixin.py:188} INFO - [2025-06-17T12:47:44.929+0530] {dagbag.py:538} INFO - Filling up the DagBag from /home/priya/projects/snowflake_twitter_pipeline/venv/lib/python3.10/site-packages/airflow/example_dags/example_short_circuit_operator.py
[2025-06-17T12:47:44.945+0530] {processor.py:840} INFO - DAG(s) 'example_short_circuit_operator' retrieved from /home/priya/projects/snowflake_twitter_pipeline/venv/lib/python3.10/site-packages/airflow/example_dags/example_short_circuit_operator.py
[2025-06-17T12:47:44.959+0530] {logging_mixin.py:188} INFO - [2025-06-17T12:47:44.959+0530] {dag.py:3036} INFO - Sync 1 DAGs
[2025-06-17T12:47:44.975+0530] {logging_mixin.py:188} INFO - [2025-06-17T12:47:44.975+0530] {dag.py:3823} INFO - Setting next_dagrun for example_short_circuit_operator to 2025-06-16 00:00:00+00:00, run_after=2025-06-17 00:00:00+00:00
[2025-06-17T12:47:44.997+0530] {processor.py:183} INFO - Processing /home/priya/projects/snowflake_twitter_pipeline/venv/lib/python3.10/site-packages/airflow/example_dags/example_short_circuit_operator.py took 0.076 seconds
[2025-06-17T12:48:31.322+0530] {processor.py:161} INFO - Started process (PID=1709) to work on /home/priya/projects/snowflake_twitter_pipeline/venv/lib/python3.10/site-packages/airflow/example_dags/example_short_circuit_operator.py
[2025-06-17T12:48:31.324+0530] {processor.py:830} INFO - Processing file /home/priya/projects/snowflake_twitter_pipeline/venv/lib/python3.10/site-packages/airflow/example_dags/example_short_circuit_operator.py for tasks to queue
[2025-06-17T12:48:31.324+0530] {logging_mixin.py:188} INFO - [2025-06-17T12:48:31.324+0530] {dagbag.py:538} INFO - Filling up the DagBag from /home/priya/projects/snowflake_twitter_pipeline/venv/lib/python3.10/site-packages/airflow/example_dags/example_short_circuit_operator.py
[2025-06-17T12:48:31.330+0530] {processor.py:840} INFO - DAG(s) 'example_short_circuit_operator' retrieved from /home/priya/projects/snowflake_twitter_pipeline/venv/lib/python3.10/site-packages/airflow/example_dags/example_short_circuit_operator.py
[2025-06-17T12:48:31.342+0530] {logging_mixin.py:188} INFO - [2025-06-17T12:48:31.342+0530] {dag.py:3036} INFO - Sync 1 DAGs
[2025-06-17T12:48:31.354+0530] {logging_mixin.py:188} INFO - [2025-06-17T12:48:31.354+0530] {dag.py:3823} INFO - Setting next_dagrun for example_short_circuit_operator to 2025-06-16 00:00:00+00:00, run_after=2025-06-17 00:00:00+00:00
[2025-06-17T12:48:31.374+0530] {processor.py:183} INFO - Processing /home/priya/projects/snowflake_twitter_pipeline/venv/lib/python3.10/site-packages/airflow/example_dags/example_short_circuit_operator.py took 0.055 seconds
[2025-06-17T12:49:24.120+0530] {processor.py:161} INFO - Started process (PID=1972) to work on /home/priya/projects/snowflake_twitter_pipeline/venv/lib/python3.10/site-packages/airflow/example_dags/example_short_circuit_operator.py
[2025-06-17T12:49:24.122+0530] {processor.py:830} INFO - Processing file /home/priya/projects/snowflake_twitter_pipeline/venv/lib/python3.10/site-packages/airflow/example_dags/example_short_circuit_operator.py for tasks to queue
[2025-06-17T12:49:24.123+0530] {logging_mixin.py:188} INFO - [2025-06-17T12:49:24.123+0530] {dagbag.py:538} INFO - Filling up the DagBag from /home/priya/projects/snowflake_twitter_pipeline/venv/lib/python3.10/site-packages/airflow/example_dags/example_short_circuit_operator.py
[2025-06-17T12:49:24.129+0530] {processor.py:840} INFO - DAG(s) 'example_short_circuit_operator' retrieved from /home/priya/projects/snowflake_twitter_pipeline/venv/lib/python3.10/site-packages/airflow/example_dags/example_short_circuit_operator.py
[2025-06-17T12:49:24.140+0530] {logging_mixin.py:188} INFO - [2025-06-17T12:49:24.140+0530] {dag.py:3036} INFO - Sync 1 DAGs
[2025-06-17T12:49:24.153+0530] {logging_mixin.py:188} INFO - [2025-06-17T12:49:24.152+0530] {dag.py:3823} INFO - Setting next_dagrun for example_short_circuit_operator to 2025-06-16 00:00:00+00:00, run_after=2025-06-17 00:00:00+00:00
[2025-06-17T12:49:24.169+0530] {processor.py:183} INFO - Processing /home/priya/projects/snowflake_twitter_pipeline/venv/lib/python3.10/site-packages/airflow/example_dags/example_short_circuit_operator.py took 0.052 seconds
[2025-06-17T12:50:11.239+0530] {processor.py:161} INFO - Started process (PID=2177) to work on /home/priya/projects/snowflake_twitter_pipeline/venv/lib/python3.10/site-packages/airflow/example_dags/example_short_circuit_operator.py
[2025-06-17T12:50:11.248+0530] {processor.py:830} INFO - Processing file /home/priya/projects/snowflake_twitter_pipeline/venv/lib/python3.10/site-packages/airflow/example_dags/example_short_circuit_operator.py for tasks to queue
[2025-06-17T12:50:11.248+0530] {logging_mixin.py:188} INFO - [2025-06-17T12:50:11.248+0530] {dagbag.py:538} INFO - Filling up the DagBag from /home/priya/projects/snowflake_twitter_pipeline/venv/lib/python3.10/site-packages/airflow/example_dags/example_short_circuit_operator.py
[2025-06-17T12:50:11.253+0530] {processor.py:840} INFO - DAG(s) 'example_short_circuit_operator' retrieved from /home/priya/projects/snowflake_twitter_pipeline/venv/lib/python3.10/site-packages/airflow/example_dags/example_short_circuit_operator.py
[2025-06-17T12:50:11.265+0530] {logging_mixin.py:188} INFO - [2025-06-17T12:50:11.265+0530] {dag.py:3036} INFO - Sync 1 DAGs
[2025-06-17T12:50:11.278+0530] {logging_mixin.py:188} INFO - [2025-06-17T12:50:11.278+0530] {dag.py:3823} INFO - Setting next_dagrun for example_short_circuit_operator to 2025-06-16 00:00:00+00:00, run_after=2025-06-17 00:00:00+00:00
[2025-06-17T12:50:11.298+0530] {processor.py:183} INFO - Processing /home/priya/projects/snowflake_twitter_pipeline/venv/lib/python3.10/site-packages/airflow/example_dags/example_short_circuit_operator.py took 0.061 seconds
[2025-06-17T12:50:59.564+0530] {processor.py:161} INFO - Started process (PID=2411) to work on /home/priya/projects/snowflake_twitter_pipeline/venv/lib/python3.10/site-packages/airflow/example_dags/example_short_circuit_operator.py
[2025-06-17T12:50:59.567+0530] {processor.py:830} INFO - Processing file /home/priya/projects/snowflake_twitter_pipeline/venv/lib/python3.10/site-packages/airflow/example_dags/example_short_circuit_operator.py for tasks to queue
[2025-06-17T12:50:59.568+0530] {logging_mixin.py:188} INFO - [2025-06-17T12:50:59.567+0530] {dagbag.py:538} INFO - Filling up the DagBag from /home/priya/projects/snowflake_twitter_pipeline/venv/lib/python3.10/site-packages/airflow/example_dags/example_short_circuit_operator.py
[2025-06-17T12:50:59.573+0530] {processor.py:840} INFO - DAG(s) 'example_short_circuit_operator' retrieved from /home/priya/projects/snowflake_twitter_pipeline/venv/lib/python3.10/site-packages/airflow/example_dags/example_short_circuit_operator.py
[2025-06-17T12:50:59.585+0530] {logging_mixin.py:188} INFO - [2025-06-17T12:50:59.584+0530] {dag.py:3036} INFO - Sync 1 DAGs
[2025-06-17T12:50:59.596+0530] {logging_mixin.py:188} INFO - [2025-06-17T12:50:59.596+0530] {dag.py:3823} INFO - Setting next_dagrun for example_short_circuit_operator to 2025-06-16 00:00:00+00:00, run_after=2025-06-17 00:00:00+00:00
[2025-06-17T12:50:59.614+0530] {processor.py:183} INFO - Processing /home/priya/projects/snowflake_twitter_pipeline/venv/lib/python3.10/site-packages/airflow/example_dags/example_short_circuit_operator.py took 0.054 seconds
[2025-06-17T12:51:50.724+0530] {processor.py:161} INFO - Started process (PID=2637) to work on /home/priya/projects/snowflake_twitter_pipeline/venv/lib/python3.10/site-packages/airflow/example_dags/example_short_circuit_operator.py
[2025-06-17T12:51:50.726+0530] {processor.py:830} INFO - Processing file /home/priya/projects/snowflake_twitter_pipeline/venv/lib/python3.10/site-packages/airflow/example_dags/example_short_circuit_operator.py for tasks to queue
[2025-06-17T12:51:50.727+0530] {logging_mixin.py:188} INFO - [2025-06-17T12:51:50.727+0530] {dagbag.py:538} INFO - Filling up the DagBag from /home/priya/projects/snowflake_twitter_pipeline/venv/lib/python3.10/site-packages/airflow/example_dags/example_short_circuit_operator.py
[2025-06-17T12:51:50.733+0530] {processor.py:840} INFO - DAG(s) 'example_short_circuit_operator' retrieved from /home/priya/projects/snowflake_twitter_pipeline/venv/lib/python3.10/site-packages/airflow/example_dags/example_short_circuit_operator.py
[2025-06-17T12:51:50.745+0530] {logging_mixin.py:188} INFO - [2025-06-17T12:51:50.745+0530] {dag.py:3036} INFO - Sync 1 DAGs
[2025-06-17T12:51:50.757+0530] {logging_mixin.py:188} INFO - [2025-06-17T12:51:50.757+0530] {dag.py:3823} INFO - Setting next_dagrun for example_short_circuit_operator to 2025-06-16 00:00:00+00:00, run_after=2025-06-17 00:00:00+00:00
[2025-06-17T12:51:50.775+0530] {processor.py:183} INFO - Processing /home/priya/projects/snowflake_twitter_pipeline/venv/lib/python3.10/site-packages/airflow/example_dags/example_short_circuit_operator.py took 0.054 seconds
[2025-06-17T12:52:42.691+0530] {processor.py:161} INFO - Started process (PID=2880) to work on /home/priya/projects/snowflake_twitter_pipeline/venv/lib/python3.10/site-packages/airflow/example_dags/example_short_circuit_operator.py
[2025-06-17T12:52:42.693+0530] {processor.py:830} INFO - Processing file /home/priya/projects/snowflake_twitter_pipeline/venv/lib/python3.10/site-packages/airflow/example_dags/example_short_circuit_operator.py for tasks to queue
[2025-06-17T12:52:42.693+0530] {logging_mixin.py:188} INFO - [2025-06-17T12:52:42.693+0530] {dagbag.py:538} INFO - Filling up the DagBag from /home/priya/projects/snowflake_twitter_pipeline/venv/lib/python3.10/site-packages/airflow/example_dags/example_short_circuit_operator.py
[2025-06-17T12:52:42.700+0530] {processor.py:840} INFO - DAG(s) 'example_short_circuit_operator' retrieved from /home/priya/projects/snowflake_twitter_pipeline/venv/lib/python3.10/site-packages/airflow/example_dags/example_short_circuit_operator.py
[2025-06-17T12:52:42.713+0530] {logging_mixin.py:188} INFO - [2025-06-17T12:52:42.712+0530] {dag.py:3036} INFO - Sync 1 DAGs
[2025-06-17T12:52:42.725+0530] {logging_mixin.py:188} INFO - [2025-06-17T12:52:42.725+0530] {dag.py:3823} INFO - Setting next_dagrun for example_short_circuit_operator to 2025-06-16 00:00:00+00:00, run_after=2025-06-17 00:00:00+00:00
[2025-06-17T12:52:42.742+0530] {processor.py:183} INFO - Processing /home/priya/projects/snowflake_twitter_pipeline/venv/lib/python3.10/site-packages/airflow/example_dags/example_short_circuit_operator.py took 0.054 seconds
[2025-06-17T12:53:37.461+0530] {processor.py:161} INFO - Started process (PID=3067) to work on /home/priya/projects/snowflake_twitter_pipeline/venv/lib/python3.10/site-packages/airflow/example_dags/example_short_circuit_operator.py
[2025-06-17T12:53:37.462+0530] {processor.py:830} INFO - Processing file /home/priya/projects/snowflake_twitter_pipeline/venv/lib/python3.10/site-packages/airflow/example_dags/example_short_circuit_operator.py for tasks to queue
[2025-06-17T12:53:37.463+0530] {logging_mixin.py:188} INFO - [2025-06-17T12:53:37.463+0530] {dagbag.py:538} INFO - Filling up the DagBag from /home/priya/projects/snowflake_twitter_pipeline/venv/lib/python3.10/site-packages/airflow/example_dags/example_short_circuit_operator.py
[2025-06-17T12:53:37.469+0530] {processor.py:840} INFO - DAG(s) 'example_short_circuit_operator' retrieved from /home/priya/projects/snowflake_twitter_pipeline/venv/lib/python3.10/site-packages/airflow/example_dags/example_short_circuit_operator.py
[2025-06-17T12:53:37.479+0530] {logging_mixin.py:188} INFO - [2025-06-17T12:53:37.479+0530] {dag.py:3036} INFO - Sync 1 DAGs
[2025-06-17T12:53:37.491+0530] {logging_mixin.py:188} INFO - [2025-06-17T12:53:37.491+0530] {dag.py:3823} INFO - Setting next_dagrun for example_short_circuit_operator to 2025-06-16 00:00:00+00:00, run_after=2025-06-17 00:00:00+00:00
[2025-06-17T12:53:37.509+0530] {processor.py:183} INFO - Processing /home/priya/projects/snowflake_twitter_pipeline/venv/lib/python3.10/site-packages/airflow/example_dags/example_short_circuit_operator.py took 0.051 seconds
[2025-06-17T12:54:28.418+0530] {processor.py:161} INFO - Started process (PID=3166) to work on /home/priya/projects/snowflake_twitter_pipeline/venv/lib/python3.10/site-packages/airflow/example_dags/example_short_circuit_operator.py
[2025-06-17T12:54:28.420+0530] {processor.py:830} INFO - Processing file /home/priya/projects/snowflake_twitter_pipeline/venv/lib/python3.10/site-packages/airflow/example_dags/example_short_circuit_operator.py for tasks to queue
[2025-06-17T12:54:28.421+0530] {logging_mixin.py:188} INFO - [2025-06-17T12:54:28.420+0530] {dagbag.py:538} INFO - Filling up the DagBag from /home/priya/projects/snowflake_twitter_pipeline/venv/lib/python3.10/site-packages/airflow/example_dags/example_short_circuit_operator.py
[2025-06-17T12:54:28.426+0530] {processor.py:840} INFO - DAG(s) 'example_short_circuit_operator' retrieved from /home/priya/projects/snowflake_twitter_pipeline/venv/lib/python3.10/site-packages/airflow/example_dags/example_short_circuit_operator.py
[2025-06-17T12:54:28.437+0530] {logging_mixin.py:188} INFO - [2025-06-17T12:54:28.437+0530] {dag.py:3036} INFO - Sync 1 DAGs
[2025-06-17T12:54:28.455+0530] {logging_mixin.py:188} INFO - [2025-06-17T12:54:28.455+0530] {dag.py:3823} INFO - Setting next_dagrun for example_short_circuit_operator to 2025-06-16 00:00:00+00:00, run_after=2025-06-17 00:00:00+00:00
[2025-06-17T12:54:28.488+0530] {processor.py:183} INFO - Processing /home/priya/projects/snowflake_twitter_pipeline/venv/lib/python3.10/site-packages/airflow/example_dags/example_short_circuit_operator.py took 0.073 seconds
