[2025-06-17T12:42:19.359+0530] {processor.py:161} INFO - Started process (PID=422) to work on /home/priya/projects/snowflake_twitter_pipeline/venv/lib/python3.10/site-packages/airflow/example_dags/example_xcomargs.py
[2025-06-17T12:42:19.359+0530] {processor.py:830} INFO - Processing file /home/priya/projects/snowflake_twitter_pipeline/venv/lib/python3.10/site-packages/airflow/example_dags/example_xcomargs.py for tasks to queue
[2025-06-17T12:42:19.360+0530] {logging_mixin.py:188} INFO - [2025-06-17T12:42:19.360+0530] {dagbag.py:538} INFO - Filling up the DagBag from /home/priya/projects/snowflake_twitter_pipeline/venv/lib/python3.10/site-packages/airflow/example_dags/example_xcomargs.py
[2025-06-17T12:42:19.367+0530] {processor.py:840} INFO - DAG(s) 'example_xcom_args', 'example_xcom_args_with_operators' retrieved from /home/priya/projects/snowflake_twitter_pipeline/venv/lib/python3.10/site-packages/airflow/example_dags/example_xcomargs.py
[2025-06-17T12:42:19.430+0530] {logging_mixin.py:188} INFO - [2025-06-17T12:42:19.429+0530] {override.py:1769} INFO - Created Permission View: can edit on DAG:example_xcom_args
[2025-06-17T12:42:19.439+0530] {logging_mixin.py:188} INFO - [2025-06-17T12:42:19.439+0530] {override.py:1769} INFO - Created Permission View: can delete on DAG:example_xcom_args
[2025-06-17T12:42:19.447+0530] {logging_mixin.py:188} INFO - [2025-06-17T12:42:19.447+0530] {override.py:1769} INFO - Created Permission View: can read on DAG:example_xcom_args
[2025-06-17T12:42:19.463+0530] {logging_mixin.py:188} INFO - [2025-06-17T12:42:19.463+0530] {override.py:1769} INFO - Created Permission View: can edit on DAG:example_xcom_args_with_operators
[2025-06-17T12:42:19.470+0530] {logging_mixin.py:188} INFO - [2025-06-17T12:42:19.469+0530] {override.py:1769} INFO - Created Permission View: can delete on DAG:example_xcom_args_with_operators
[2025-06-17T12:42:19.476+0530] {logging_mixin.py:188} INFO - [2025-06-17T12:42:19.476+0530] {override.py:1769} INFO - Created Permission View: can read on DAG:example_xcom_args_with_operators
[2025-06-17T12:42:19.476+0530] {logging_mixin.py:188} INFO - [2025-06-17T12:42:19.476+0530] {dag.py:3036} INFO - Sync 2 DAGs
[2025-06-17T12:42:19.545+0530] {logging_mixin.py:188} INFO - [2025-06-17T12:42:19.545+0530] {dag.py:3058} INFO - Creating ORM DAG for example_xcom_args
[2025-06-17T12:42:19.546+0530] {logging_mixin.py:188} INFO - [2025-06-17T12:42:19.546+0530] {dag.py:3058} INFO - Creating ORM DAG for example_xcom_args_with_operators
[2025-06-17T12:42:19.546+0530] {logging_mixin.py:188} INFO - [2025-06-17T12:42:19.546+0530] {dag.py:3823} INFO - Setting next_dagrun for example_xcom_args to None, run_after=None
[2025-06-17T12:42:19.546+0530] {logging_mixin.py:188} INFO - [2025-06-17T12:42:19.546+0530] {dag.py:3823} INFO - Setting next_dagrun for example_xcom_args_with_operators to None, run_after=None
[2025-06-17T12:42:19.562+0530] {processor.py:183} INFO - Processing /home/priya/projects/snowflake_twitter_pipeline/venv/lib/python3.10/site-packages/airflow/example_dags/example_xcomargs.py took 0.206 seconds
[2025-06-17T12:43:13.543+0530] {processor.py:161} INFO - Started process (PID=486) to work on /home/priya/projects/snowflake_twitter_pipeline/venv/lib/python3.10/site-packages/airflow/example_dags/example_xcomargs.py
[2025-06-17T12:43:13.552+0530] {processor.py:830} INFO - Processing file /home/priya/projects/snowflake_twitter_pipeline/venv/lib/python3.10/site-packages/airflow/example_dags/example_xcomargs.py for tasks to queue
[2025-06-17T12:43:13.553+0530] {logging_mixin.py:188} INFO - [2025-06-17T12:43:13.553+0530] {dagbag.py:538} INFO - Filling up the DagBag from /home/priya/projects/snowflake_twitter_pipeline/venv/lib/python3.10/site-packages/airflow/example_dags/example_xcomargs.py
[2025-06-17T12:43:13.562+0530] {processor.py:840} INFO - DAG(s) 'example_xcom_args_with_operators', 'example_xcom_args' retrieved from /home/priya/projects/snowflake_twitter_pipeline/venv/lib/python3.10/site-packages/airflow/example_dags/example_xcomargs.py
[2025-06-17T12:43:13.572+0530] {logging_mixin.py:188} INFO - [2025-06-17T12:43:13.572+0530] {dag.py:3036} INFO - Sync 2 DAGs
[2025-06-17T12:43:13.579+0530] {logging_mixin.py:188} INFO - [2025-06-17T12:43:13.579+0530] {dag.py:3823} INFO - Setting next_dagrun for example_xcom_args to None, run_after=None
[2025-06-17T12:43:13.580+0530] {logging_mixin.py:188} INFO - [2025-06-17T12:43:13.580+0530] {dag.py:3823} INFO - Setting next_dagrun for example_xcom_args_with_operators to None, run_after=None
[2025-06-17T12:43:13.595+0530] {processor.py:183} INFO - Processing /home/priya/projects/snowflake_twitter_pipeline/venv/lib/python3.10/site-packages/airflow/example_dags/example_xcomargs.py took 0.055 seconds
[2025-06-17T12:43:56.151+0530] {processor.py:161} INFO - Started process (PID=544) to work on /home/priya/projects/snowflake_twitter_pipeline/venv/lib/python3.10/site-packages/airflow/example_dags/example_xcomargs.py
[2025-06-17T12:43:56.160+0530] {processor.py:830} INFO - Processing file /home/priya/projects/snowflake_twitter_pipeline/venv/lib/python3.10/site-packages/airflow/example_dags/example_xcomargs.py for tasks to queue
[2025-06-17T12:43:56.161+0530] {logging_mixin.py:188} INFO - [2025-06-17T12:43:56.161+0530] {dagbag.py:538} INFO - Filling up the DagBag from /home/priya/projects/snowflake_twitter_pipeline/venv/lib/python3.10/site-packages/airflow/example_dags/example_xcomargs.py
[2025-06-17T12:43:56.168+0530] {processor.py:840} INFO - DAG(s) 'example_xcom_args', 'example_xcom_args_with_operators' retrieved from /home/priya/projects/snowflake_twitter_pipeline/venv/lib/python3.10/site-packages/airflow/example_dags/example_xcomargs.py
[2025-06-17T12:43:56.181+0530] {logging_mixin.py:188} INFO - [2025-06-17T12:43:56.181+0530] {dag.py:3036} INFO - Sync 2 DAGs
[2025-06-17T12:43:56.189+0530] {logging_mixin.py:188} INFO - [2025-06-17T12:43:56.188+0530] {dag.py:3823} INFO - Setting next_dagrun for example_xcom_args to None, run_after=None
[2025-06-17T12:43:56.191+0530] {logging_mixin.py:188} INFO - [2025-06-17T12:43:56.191+0530] {dag.py:3823} INFO - Setting next_dagrun for example_xcom_args_with_operators to None, run_after=None
[2025-06-17T12:43:56.206+0530] {processor.py:183} INFO - Processing /home/priya/projects/snowflake_twitter_pipeline/venv/lib/python3.10/site-packages/airflow/example_dags/example_xcomargs.py took 0.057 seconds
[2025-06-17T12:44:35.457+0530] {processor.py:161} INFO - Started process (PID=601) to work on /home/priya/projects/snowflake_twitter_pipeline/venv/lib/python3.10/site-packages/airflow/example_dags/example_xcomargs.py
[2025-06-17T12:44:35.466+0530] {processor.py:830} INFO - Processing file /home/priya/projects/snowflake_twitter_pipeline/venv/lib/python3.10/site-packages/airflow/example_dags/example_xcomargs.py for tasks to queue
[2025-06-17T12:44:35.468+0530] {logging_mixin.py:188} INFO - [2025-06-17T12:44:35.468+0530] {dagbag.py:538} INFO - Filling up the DagBag from /home/priya/projects/snowflake_twitter_pipeline/venv/lib/python3.10/site-packages/airflow/example_dags/example_xcomargs.py
[2025-06-17T12:44:35.479+0530] {processor.py:840} INFO - DAG(s) 'example_xcom_args', 'example_xcom_args_with_operators' retrieved from /home/priya/projects/snowflake_twitter_pipeline/venv/lib/python3.10/site-packages/airflow/example_dags/example_xcomargs.py
[2025-06-17T12:44:35.492+0530] {logging_mixin.py:188} INFO - [2025-06-17T12:44:35.492+0530] {dag.py:3036} INFO - Sync 2 DAGs
[2025-06-17T12:44:35.500+0530] {logging_mixin.py:188} INFO - [2025-06-17T12:44:35.500+0530] {dag.py:3823} INFO - Setting next_dagrun for example_xcom_args to None, run_after=None
[2025-06-17T12:44:35.501+0530] {logging_mixin.py:188} INFO - [2025-06-17T12:44:35.501+0530] {dag.py:3823} INFO - Setting next_dagrun for example_xcom_args_with_operators to None, run_after=None
[2025-06-17T12:44:35.518+0530] {processor.py:183} INFO - Processing /home/priya/projects/snowflake_twitter_pipeline/venv/lib/python3.10/site-packages/airflow/example_dags/example_xcomargs.py took 0.065 seconds
[2025-06-17T12:45:46.671+0530] {processor.py:161} INFO - Started process (PID=650) to work on /home/priya/projects/snowflake_twitter_pipeline/venv/lib/python3.10/site-packages/airflow/example_dags/example_xcomargs.py
[2025-06-17T12:45:46.680+0530] {processor.py:830} INFO - Processing file /home/priya/projects/snowflake_twitter_pipeline/venv/lib/python3.10/site-packages/airflow/example_dags/example_xcomargs.py for tasks to queue
[2025-06-17T12:45:46.681+0530] {logging_mixin.py:188} INFO - [2025-06-17T12:45:46.681+0530] {dagbag.py:538} INFO - Filling up the DagBag from /home/priya/projects/snowflake_twitter_pipeline/venv/lib/python3.10/site-packages/airflow/example_dags/example_xcomargs.py
[2025-06-17T12:45:46.691+0530] {processor.py:840} INFO - DAG(s) 'example_xcom_args_with_operators', 'example_xcom_args' retrieved from /home/priya/projects/snowflake_twitter_pipeline/venv/lib/python3.10/site-packages/airflow/example_dags/example_xcomargs.py
[2025-06-17T12:45:46.712+0530] {logging_mixin.py:188} INFO - [2025-06-17T12:45:46.712+0530] {dag.py:3036} INFO - Sync 2 DAGs
[2025-06-17T12:45:46.722+0530] {logging_mixin.py:188} INFO - [2025-06-17T12:45:46.722+0530] {dag.py:3823} INFO - Setting next_dagrun for example_xcom_args to None, run_after=None
[2025-06-17T12:45:46.725+0530] {logging_mixin.py:188} INFO - [2025-06-17T12:45:46.725+0530] {dag.py:3823} INFO - Setting next_dagrun for example_xcom_args_with_operators to None, run_after=None
[2025-06-17T12:45:46.748+0530] {processor.py:183} INFO - Processing /home/priya/projects/snowflake_twitter_pipeline/venv/lib/python3.10/site-packages/airflow/example_dags/example_xcomargs.py took 0.080 seconds
[2025-06-17T12:46:38.072+0530] {processor.py:161} INFO - Started process (PID=1120) to work on /home/priya/projects/snowflake_twitter_pipeline/venv/lib/python3.10/site-packages/airflow/example_dags/example_xcomargs.py
[2025-06-17T12:46:38.074+0530] {processor.py:830} INFO - Processing file /home/priya/projects/snowflake_twitter_pipeline/venv/lib/python3.10/site-packages/airflow/example_dags/example_xcomargs.py for tasks to queue
[2025-06-17T12:46:38.075+0530] {logging_mixin.py:188} INFO - [2025-06-17T12:46:38.074+0530] {dagbag.py:538} INFO - Filling up the DagBag from /home/priya/projects/snowflake_twitter_pipeline/venv/lib/python3.10/site-packages/airflow/example_dags/example_xcomargs.py
[2025-06-17T12:46:38.087+0530] {processor.py:840} INFO - DAG(s) 'example_xcom_args', 'example_xcom_args_with_operators' retrieved from /home/priya/projects/snowflake_twitter_pipeline/venv/lib/python3.10/site-packages/airflow/example_dags/example_xcomargs.py
[2025-06-17T12:46:38.106+0530] {logging_mixin.py:188} INFO - [2025-06-17T12:46:38.106+0530] {dag.py:3036} INFO - Sync 2 DAGs
[2025-06-17T12:46:38.121+0530] {logging_mixin.py:188} INFO - [2025-06-17T12:46:38.121+0530] {dag.py:3823} INFO - Setting next_dagrun for example_xcom_args to None, run_after=None
[2025-06-17T12:46:38.124+0530] {logging_mixin.py:188} INFO - [2025-06-17T12:46:38.124+0530] {dag.py:3823} INFO - Setting next_dagrun for example_xcom_args_with_operators to None, run_after=None
[2025-06-17T12:46:38.154+0530] {processor.py:183} INFO - Processing /home/priya/projects/snowflake_twitter_pipeline/venv/lib/python3.10/site-packages/airflow/example_dags/example_xcomargs.py took 0.085 seconds
[2025-06-17T12:47:19.281+0530] {processor.py:161} INFO - Started process (PID=1401) to work on /home/priya/projects/snowflake_twitter_pipeline/venv/lib/python3.10/site-packages/airflow/example_dags/example_xcomargs.py
[2025-06-17T12:47:19.283+0530] {processor.py:830} INFO - Processing file /home/priya/projects/snowflake_twitter_pipeline/venv/lib/python3.10/site-packages/airflow/example_dags/example_xcomargs.py for tasks to queue
[2025-06-17T12:47:19.284+0530] {logging_mixin.py:188} INFO - [2025-06-17T12:47:19.283+0530] {dagbag.py:538} INFO - Filling up the DagBag from /home/priya/projects/snowflake_twitter_pipeline/venv/lib/python3.10/site-packages/airflow/example_dags/example_xcomargs.py
[2025-06-17T12:47:19.290+0530] {processor.py:840} INFO - DAG(s) 'example_xcom_args_with_operators', 'example_xcom_args' retrieved from /home/priya/projects/snowflake_twitter_pipeline/venv/lib/python3.10/site-packages/airflow/example_dags/example_xcomargs.py
[2025-06-17T12:47:19.304+0530] {logging_mixin.py:188} INFO - [2025-06-17T12:47:19.304+0530] {dag.py:3036} INFO - Sync 2 DAGs
[2025-06-17T12:47:19.313+0530] {logging_mixin.py:188} INFO - [2025-06-17T12:47:19.313+0530] {dag.py:3823} INFO - Setting next_dagrun for example_xcom_args to None, run_after=None
[2025-06-17T12:47:19.316+0530] {logging_mixin.py:188} INFO - [2025-06-17T12:47:19.316+0530] {dag.py:3823} INFO - Setting next_dagrun for example_xcom_args_with_operators to None, run_after=None
[2025-06-17T12:47:19.336+0530] {processor.py:183} INFO - Processing /home/priya/projects/snowflake_twitter_pipeline/venv/lib/python3.10/site-packages/airflow/example_dags/example_xcomargs.py took 0.058 seconds
[2025-06-17T12:48:04.334+0530] {processor.py:161} INFO - Started process (PID=1605) to work on /home/priya/projects/snowflake_twitter_pipeline/venv/lib/python3.10/site-packages/airflow/example_dags/example_xcomargs.py
[2025-06-17T12:48:04.336+0530] {processor.py:830} INFO - Processing file /home/priya/projects/snowflake_twitter_pipeline/venv/lib/python3.10/site-packages/airflow/example_dags/example_xcomargs.py for tasks to queue
[2025-06-17T12:48:04.336+0530] {logging_mixin.py:188} INFO - [2025-06-17T12:48:04.336+0530] {dagbag.py:538} INFO - Filling up the DagBag from /home/priya/projects/snowflake_twitter_pipeline/venv/lib/python3.10/site-packages/airflow/example_dags/example_xcomargs.py
[2025-06-17T12:48:04.342+0530] {processor.py:840} INFO - DAG(s) 'example_xcom_args', 'example_xcom_args_with_operators' retrieved from /home/priya/projects/snowflake_twitter_pipeline/venv/lib/python3.10/site-packages/airflow/example_dags/example_xcomargs.py
[2025-06-17T12:48:04.354+0530] {logging_mixin.py:188} INFO - [2025-06-17T12:48:04.353+0530] {dag.py:3036} INFO - Sync 2 DAGs
[2025-06-17T12:48:04.360+0530] {logging_mixin.py:188} INFO - [2025-06-17T12:48:04.360+0530] {dag.py:3823} INFO - Setting next_dagrun for example_xcom_args to None, run_after=None
[2025-06-17T12:48:04.362+0530] {logging_mixin.py:188} INFO - [2025-06-17T12:48:04.362+0530] {dag.py:3823} INFO - Setting next_dagrun for example_xcom_args_with_operators to None, run_after=None
[2025-06-17T12:48:04.378+0530] {processor.py:183} INFO - Processing /home/priya/projects/snowflake_twitter_pipeline/venv/lib/python3.10/site-packages/airflow/example_dags/example_xcomargs.py took 0.047 seconds
[2025-06-17T12:48:40.401+0530] {processor.py:161} INFO - Started process (PID=1761) to work on /home/priya/projects/snowflake_twitter_pipeline/venv/lib/python3.10/site-packages/airflow/example_dags/example_xcomargs.py
[2025-06-17T12:48:40.403+0530] {processor.py:830} INFO - Processing file /home/priya/projects/snowflake_twitter_pipeline/venv/lib/python3.10/site-packages/airflow/example_dags/example_xcomargs.py for tasks to queue
[2025-06-17T12:48:40.404+0530] {logging_mixin.py:188} INFO - [2025-06-17T12:48:40.404+0530] {dagbag.py:538} INFO - Filling up the DagBag from /home/priya/projects/snowflake_twitter_pipeline/venv/lib/python3.10/site-packages/airflow/example_dags/example_xcomargs.py
[2025-06-17T12:48:40.411+0530] {processor.py:840} INFO - DAG(s) 'example_xcom_args_with_operators', 'example_xcom_args' retrieved from /home/priya/projects/snowflake_twitter_pipeline/venv/lib/python3.10/site-packages/airflow/example_dags/example_xcomargs.py
[2025-06-17T12:48:40.425+0530] {logging_mixin.py:188} INFO - [2025-06-17T12:48:40.425+0530] {dag.py:3036} INFO - Sync 2 DAGs
[2025-06-17T12:48:40.434+0530] {logging_mixin.py:188} INFO - [2025-06-17T12:48:40.433+0530] {dag.py:3823} INFO - Setting next_dagrun for example_xcom_args to None, run_after=None
[2025-06-17T12:48:40.437+0530] {logging_mixin.py:188} INFO - [2025-06-17T12:48:40.436+0530] {dag.py:3823} INFO - Setting next_dagrun for example_xcom_args_with_operators to None, run_after=None
[2025-06-17T12:48:40.457+0530] {processor.py:183} INFO - Processing /home/priya/projects/snowflake_twitter_pipeline/venv/lib/python3.10/site-packages/airflow/example_dags/example_xcomargs.py took 0.058 seconds
[2025-06-17T12:49:15.116+0530] {processor.py:161} INFO - Started process (PID=1932) to work on /home/priya/projects/snowflake_twitter_pipeline/venv/lib/python3.10/site-packages/airflow/example_dags/example_xcomargs.py
[2025-06-17T12:49:15.118+0530] {processor.py:830} INFO - Processing file /home/priya/projects/snowflake_twitter_pipeline/venv/lib/python3.10/site-packages/airflow/example_dags/example_xcomargs.py for tasks to queue
[2025-06-17T12:49:15.119+0530] {logging_mixin.py:188} INFO - [2025-06-17T12:49:15.118+0530] {dagbag.py:538} INFO - Filling up the DagBag from /home/priya/projects/snowflake_twitter_pipeline/venv/lib/python3.10/site-packages/airflow/example_dags/example_xcomargs.py
[2025-06-17T12:49:15.125+0530] {processor.py:840} INFO - DAG(s) 'example_xcom_args_with_operators', 'example_xcom_args' retrieved from /home/priya/projects/snowflake_twitter_pipeline/venv/lib/python3.10/site-packages/airflow/example_dags/example_xcomargs.py
[2025-06-17T12:49:15.140+0530] {logging_mixin.py:188} INFO - [2025-06-17T12:49:15.140+0530] {dag.py:3036} INFO - Sync 2 DAGs
[2025-06-17T12:49:15.148+0530] {logging_mixin.py:188} INFO - [2025-06-17T12:49:15.148+0530] {dag.py:3823} INFO - Setting next_dagrun for example_xcom_args to None, run_after=None
[2025-06-17T12:49:15.150+0530] {logging_mixin.py:188} INFO - [2025-06-17T12:49:15.150+0530] {dag.py:3823} INFO - Setting next_dagrun for example_xcom_args_with_operators to None, run_after=None
[2025-06-17T12:49:15.170+0530] {processor.py:183} INFO - Processing /home/priya/projects/snowflake_twitter_pipeline/venv/lib/python3.10/site-packages/airflow/example_dags/example_xcomargs.py took 0.056 seconds
[2025-06-17T12:50:00.580+0530] {processor.py:161} INFO - Started process (PID=2136) to work on /home/priya/projects/snowflake_twitter_pipeline/venv/lib/python3.10/site-packages/airflow/example_dags/example_xcomargs.py
[2025-06-17T12:50:00.589+0530] {processor.py:830} INFO - Processing file /home/priya/projects/snowflake_twitter_pipeline/venv/lib/python3.10/site-packages/airflow/example_dags/example_xcomargs.py for tasks to queue
[2025-06-17T12:50:00.590+0530] {logging_mixin.py:188} INFO - [2025-06-17T12:50:00.590+0530] {dagbag.py:538} INFO - Filling up the DagBag from /home/priya/projects/snowflake_twitter_pipeline/venv/lib/python3.10/site-packages/airflow/example_dags/example_xcomargs.py
[2025-06-17T12:50:00.595+0530] {processor.py:840} INFO - DAG(s) 'example_xcom_args', 'example_xcom_args_with_operators' retrieved from /home/priya/projects/snowflake_twitter_pipeline/venv/lib/python3.10/site-packages/airflow/example_dags/example_xcomargs.py
[2025-06-17T12:50:00.607+0530] {logging_mixin.py:188} INFO - [2025-06-17T12:50:00.607+0530] {dag.py:3036} INFO - Sync 2 DAGs
[2025-06-17T12:50:00.616+0530] {logging_mixin.py:188} INFO - [2025-06-17T12:50:00.616+0530] {dag.py:3823} INFO - Setting next_dagrun for example_xcom_args to None, run_after=None
[2025-06-17T12:50:00.618+0530] {logging_mixin.py:188} INFO - [2025-06-17T12:50:00.618+0530] {dag.py:3823} INFO - Setting next_dagrun for example_xcom_args_with_operators to None, run_after=None
[2025-06-17T12:50:00.635+0530] {processor.py:183} INFO - Processing /home/priya/projects/snowflake_twitter_pipeline/venv/lib/python3.10/site-packages/airflow/example_dags/example_xcomargs.py took 0.057 seconds
[2025-06-17T12:50:36.360+0530] {processor.py:161} INFO - Started process (PID=2294) to work on /home/priya/projects/snowflake_twitter_pipeline/venv/lib/python3.10/site-packages/airflow/example_dags/example_xcomargs.py
[2025-06-17T12:50:36.362+0530] {processor.py:830} INFO - Processing file /home/priya/projects/snowflake_twitter_pipeline/venv/lib/python3.10/site-packages/airflow/example_dags/example_xcomargs.py for tasks to queue
[2025-06-17T12:50:36.363+0530] {logging_mixin.py:188} INFO - [2025-06-17T12:50:36.362+0530] {dagbag.py:538} INFO - Filling up the DagBag from /home/priya/projects/snowflake_twitter_pipeline/venv/lib/python3.10/site-packages/airflow/example_dags/example_xcomargs.py
[2025-06-17T12:50:36.371+0530] {processor.py:840} INFO - DAG(s) 'example_xcom_args_with_operators', 'example_xcom_args' retrieved from /home/priya/projects/snowflake_twitter_pipeline/venv/lib/python3.10/site-packages/airflow/example_dags/example_xcomargs.py
[2025-06-17T12:50:36.382+0530] {logging_mixin.py:188} INFO - [2025-06-17T12:50:36.382+0530] {dag.py:3036} INFO - Sync 2 DAGs
[2025-06-17T12:50:36.389+0530] {logging_mixin.py:188} INFO - [2025-06-17T12:50:36.389+0530] {dag.py:3823} INFO - Setting next_dagrun for example_xcom_args to None, run_after=None
[2025-06-17T12:50:36.391+0530] {logging_mixin.py:188} INFO - [2025-06-17T12:50:36.391+0530] {dag.py:3823} INFO - Setting next_dagrun for example_xcom_args_with_operators to None, run_after=None
[2025-06-17T12:50:36.408+0530] {processor.py:183} INFO - Processing /home/priya/projects/snowflake_twitter_pipeline/venv/lib/python3.10/site-packages/airflow/example_dags/example_xcomargs.py took 0.052 seconds
[2025-06-17T12:51:25.002+0530] {processor.py:161} INFO - Started process (PID=2528) to work on /home/priya/projects/snowflake_twitter_pipeline/venv/lib/python3.10/site-packages/airflow/example_dags/example_xcomargs.py
[2025-06-17T12:51:25.004+0530] {processor.py:830} INFO - Processing file /home/priya/projects/snowflake_twitter_pipeline/venv/lib/python3.10/site-packages/airflow/example_dags/example_xcomargs.py for tasks to queue
[2025-06-17T12:51:25.005+0530] {logging_mixin.py:188} INFO - [2025-06-17T12:51:25.004+0530] {dagbag.py:538} INFO - Filling up the DagBag from /home/priya/projects/snowflake_twitter_pipeline/venv/lib/python3.10/site-packages/airflow/example_dags/example_xcomargs.py
[2025-06-17T12:51:25.013+0530] {processor.py:840} INFO - DAG(s) 'example_xcom_args_with_operators', 'example_xcom_args' retrieved from /home/priya/projects/snowflake_twitter_pipeline/venv/lib/python3.10/site-packages/airflow/example_dags/example_xcomargs.py
[2025-06-17T12:51:25.027+0530] {logging_mixin.py:188} INFO - [2025-06-17T12:51:25.027+0530] {dag.py:3036} INFO - Sync 2 DAGs
[2025-06-17T12:51:25.037+0530] {logging_mixin.py:188} INFO - [2025-06-17T12:51:25.037+0530] {dag.py:3823} INFO - Setting next_dagrun for example_xcom_args to None, run_after=None
[2025-06-17T12:51:25.040+0530] {logging_mixin.py:188} INFO - [2025-06-17T12:51:25.040+0530] {dag.py:3823} INFO - Setting next_dagrun for example_xcom_args_with_operators to None, run_after=None
[2025-06-17T12:51:25.061+0530] {processor.py:183} INFO - Processing /home/priya/projects/snowflake_twitter_pipeline/venv/lib/python3.10/site-packages/airflow/example_dags/example_xcomargs.py took 0.062 seconds
[2025-06-17T12:51:59.319+0530] {processor.py:161} INFO - Started process (PID=2686) to work on /home/priya/projects/snowflake_twitter_pipeline/venv/lib/python3.10/site-packages/airflow/example_dags/example_xcomargs.py
[2025-06-17T12:51:59.321+0530] {processor.py:830} INFO - Processing file /home/priya/projects/snowflake_twitter_pipeline/venv/lib/python3.10/site-packages/airflow/example_dags/example_xcomargs.py for tasks to queue
[2025-06-17T12:51:59.321+0530] {logging_mixin.py:188} INFO - [2025-06-17T12:51:59.321+0530] {dagbag.py:538} INFO - Filling up the DagBag from /home/priya/projects/snowflake_twitter_pipeline/venv/lib/python3.10/site-packages/airflow/example_dags/example_xcomargs.py
[2025-06-17T12:51:59.328+0530] {processor.py:840} INFO - DAG(s) 'example_xcom_args', 'example_xcom_args_with_operators' retrieved from /home/priya/projects/snowflake_twitter_pipeline/venv/lib/python3.10/site-packages/airflow/example_dags/example_xcomargs.py
[2025-06-17T12:51:59.341+0530] {logging_mixin.py:188} INFO - [2025-06-17T12:51:59.341+0530] {dag.py:3036} INFO - Sync 2 DAGs
[2025-06-17T12:51:59.348+0530] {logging_mixin.py:188} INFO - [2025-06-17T12:51:59.348+0530] {dag.py:3823} INFO - Setting next_dagrun for example_xcom_args to None, run_after=None
[2025-06-17T12:51:59.350+0530] {logging_mixin.py:188} INFO - [2025-06-17T12:51:59.350+0530] {dag.py:3823} INFO - Setting next_dagrun for example_xcom_args_with_operators to None, run_after=None
[2025-06-17T12:51:59.366+0530] {processor.py:183} INFO - Processing /home/priya/projects/snowflake_twitter_pipeline/venv/lib/python3.10/site-packages/airflow/example_dags/example_xcomargs.py took 0.050 seconds
[2025-06-17T12:52:33.534+0530] {processor.py:161} INFO - Started process (PID=2843) to work on /home/priya/projects/snowflake_twitter_pipeline/venv/lib/python3.10/site-packages/airflow/example_dags/example_xcomargs.py
[2025-06-17T12:52:33.535+0530] {processor.py:830} INFO - Processing file /home/priya/projects/snowflake_twitter_pipeline/venv/lib/python3.10/site-packages/airflow/example_dags/example_xcomargs.py for tasks to queue
[2025-06-17T12:52:33.536+0530] {logging_mixin.py:188} INFO - [2025-06-17T12:52:33.536+0530] {dagbag.py:538} INFO - Filling up the DagBag from /home/priya/projects/snowflake_twitter_pipeline/venv/lib/python3.10/site-packages/airflow/example_dags/example_xcomargs.py
[2025-06-17T12:52:33.542+0530] {processor.py:840} INFO - DAG(s) 'example_xcom_args_with_operators', 'example_xcom_args' retrieved from /home/priya/projects/snowflake_twitter_pipeline/venv/lib/python3.10/site-packages/airflow/example_dags/example_xcomargs.py
[2025-06-17T12:52:33.553+0530] {logging_mixin.py:188} INFO - [2025-06-17T12:52:33.553+0530] {dag.py:3036} INFO - Sync 2 DAGs
[2025-06-17T12:52:33.561+0530] {logging_mixin.py:188} INFO - [2025-06-17T12:52:33.561+0530] {dag.py:3823} INFO - Setting next_dagrun for example_xcom_args to None, run_after=None
[2025-06-17T12:52:33.563+0530] {logging_mixin.py:188} INFO - [2025-06-17T12:52:33.563+0530] {dag.py:3823} INFO - Setting next_dagrun for example_xcom_args_with_operators to None, run_after=None
[2025-06-17T12:52:33.582+0530] {processor.py:183} INFO - Processing /home/priya/projects/snowflake_twitter_pipeline/venv/lib/python3.10/site-packages/airflow/example_dags/example_xcomargs.py took 0.050 seconds
[2025-06-17T12:53:09.590+0530] {processor.py:161} INFO - Started process (PID=3006) to work on /home/priya/projects/snowflake_twitter_pipeline/venv/lib/python3.10/site-packages/airflow/example_dags/example_xcomargs.py
[2025-06-17T12:53:09.599+0530] {processor.py:830} INFO - Processing file /home/priya/projects/snowflake_twitter_pipeline/venv/lib/python3.10/site-packages/airflow/example_dags/example_xcomargs.py for tasks to queue
[2025-06-17T12:53:09.600+0530] {logging_mixin.py:188} INFO - [2025-06-17T12:53:09.599+0530] {dagbag.py:538} INFO - Filling up the DagBag from /home/priya/projects/snowflake_twitter_pipeline/venv/lib/python3.10/site-packages/airflow/example_dags/example_xcomargs.py
[2025-06-17T12:53:09.606+0530] {processor.py:840} INFO - DAG(s) 'example_xcom_args', 'example_xcom_args_with_operators' retrieved from /home/priya/projects/snowflake_twitter_pipeline/venv/lib/python3.10/site-packages/airflow/example_dags/example_xcomargs.py
[2025-06-17T12:53:09.617+0530] {logging_mixin.py:188} INFO - [2025-06-17T12:53:09.617+0530] {dag.py:3036} INFO - Sync 2 DAGs
[2025-06-17T12:53:09.625+0530] {logging_mixin.py:188} INFO - [2025-06-17T12:53:09.625+0530] {dag.py:3823} INFO - Setting next_dagrun for example_xcom_args to None, run_after=None
[2025-06-17T12:53:09.627+0530] {logging_mixin.py:188} INFO - [2025-06-17T12:53:09.627+0530] {dag.py:3823} INFO - Setting next_dagrun for example_xcom_args_with_operators to None, run_after=None
[2025-06-17T12:53:09.643+0530] {processor.py:183} INFO - Processing /home/priya/projects/snowflake_twitter_pipeline/venv/lib/python3.10/site-packages/airflow/example_dags/example_xcomargs.py took 0.056 seconds
[2025-06-17T12:53:45.473+0530] {processor.py:161} INFO - Started process (PID=3092) to work on /home/priya/projects/snowflake_twitter_pipeline/venv/lib/python3.10/site-packages/airflow/example_dags/example_xcomargs.py
[2025-06-17T12:53:45.475+0530] {processor.py:830} INFO - Processing file /home/priya/projects/snowflake_twitter_pipeline/venv/lib/python3.10/site-packages/airflow/example_dags/example_xcomargs.py for tasks to queue
[2025-06-17T12:53:45.476+0530] {logging_mixin.py:188} INFO - [2025-06-17T12:53:45.476+0530] {dagbag.py:538} INFO - Filling up the DagBag from /home/priya/projects/snowflake_twitter_pipeline/venv/lib/python3.10/site-packages/airflow/example_dags/example_xcomargs.py
[2025-06-17T12:53:45.482+0530] {processor.py:840} INFO - DAG(s) 'example_xcom_args_with_operators', 'example_xcom_args' retrieved from /home/priya/projects/snowflake_twitter_pipeline/venv/lib/python3.10/site-packages/airflow/example_dags/example_xcomargs.py
[2025-06-17T12:53:45.497+0530] {logging_mixin.py:188} INFO - [2025-06-17T12:53:45.497+0530] {dag.py:3036} INFO - Sync 2 DAGs
[2025-06-17T12:53:45.507+0530] {logging_mixin.py:188} INFO - [2025-06-17T12:53:45.507+0530] {dag.py:3823} INFO - Setting next_dagrun for example_xcom_args to None, run_after=None
[2025-06-17T12:53:45.509+0530] {logging_mixin.py:188} INFO - [2025-06-17T12:53:45.509+0530] {dag.py:3823} INFO - Setting next_dagrun for example_xcom_args_with_operators to None, run_after=None
[2025-06-17T12:53:45.546+0530] {processor.py:183} INFO - Processing /home/priya/projects/snowflake_twitter_pipeline/venv/lib/python3.10/site-packages/airflow/example_dags/example_xcomargs.py took 0.075 seconds
[2025-06-17T12:54:34.828+0530] {processor.py:161} INFO - Started process (PID=3190) to work on /home/priya/projects/snowflake_twitter_pipeline/venv/lib/python3.10/site-packages/airflow/example_dags/example_xcomargs.py
[2025-06-17T12:54:34.840+0530] {processor.py:830} INFO - Processing file /home/priya/projects/snowflake_twitter_pipeline/venv/lib/python3.10/site-packages/airflow/example_dags/example_xcomargs.py for tasks to queue
[2025-06-17T12:54:34.841+0530] {logging_mixin.py:188} INFO - [2025-06-17T12:54:34.841+0530] {dagbag.py:538} INFO - Filling up the DagBag from /home/priya/projects/snowflake_twitter_pipeline/venv/lib/python3.10/site-packages/airflow/example_dags/example_xcomargs.py
[2025-06-17T12:54:34.850+0530] {processor.py:840} INFO - DAG(s) 'example_xcom_args', 'example_xcom_args_with_operators' retrieved from /home/priya/projects/snowflake_twitter_pipeline/venv/lib/python3.10/site-packages/airflow/example_dags/example_xcomargs.py
[2025-06-17T12:54:34.865+0530] {logging_mixin.py:188} INFO - [2025-06-17T12:54:34.864+0530] {dag.py:3036} INFO - Sync 2 DAGs
[2025-06-17T12:54:34.872+0530] {logging_mixin.py:188} INFO - [2025-06-17T12:54:34.872+0530] {dag.py:3823} INFO - Setting next_dagrun for example_xcom_args to None, run_after=None
[2025-06-17T12:54:34.875+0530] {logging_mixin.py:188} INFO - [2025-06-17T12:54:34.875+0530] {dag.py:3823} INFO - Setting next_dagrun for example_xcom_args_with_operators to None, run_after=None
[2025-06-17T12:54:34.901+0530] {processor.py:183} INFO - Processing /home/priya/projects/snowflake_twitter_pipeline/venv/lib/python3.10/site-packages/airflow/example_dags/example_xcomargs.py took 0.076 seconds
[2025-06-17T12:55:11.277+0530] {processor.py:161} INFO - Started process (PID=3357) to work on /home/priya/projects/snowflake_twitter_pipeline/venv/lib/python3.10/site-packages/airflow/example_dags/example_xcomargs.py
[2025-06-17T12:55:11.279+0530] {processor.py:830} INFO - Processing file /home/priya/projects/snowflake_twitter_pipeline/venv/lib/python3.10/site-packages/airflow/example_dags/example_xcomargs.py for tasks to queue
[2025-06-17T12:55:11.280+0530] {logging_mixin.py:188} INFO - [2025-06-17T12:55:11.280+0530] {dagbag.py:538} INFO - Filling up the DagBag from /home/priya/projects/snowflake_twitter_pipeline/venv/lib/python3.10/site-packages/airflow/example_dags/example_xcomargs.py
[2025-06-17T12:55:11.287+0530] {processor.py:840} INFO - DAG(s) 'example_xcom_args', 'example_xcom_args_with_operators' retrieved from /home/priya/projects/snowflake_twitter_pipeline/venv/lib/python3.10/site-packages/airflow/example_dags/example_xcomargs.py
[2025-06-17T12:55:11.299+0530] {logging_mixin.py:188} INFO - [2025-06-17T12:55:11.299+0530] {dag.py:3036} INFO - Sync 2 DAGs
[2025-06-17T12:55:11.307+0530] {logging_mixin.py:188} INFO - [2025-06-17T12:55:11.307+0530] {dag.py:3823} INFO - Setting next_dagrun for example_xcom_args to None, run_after=None
[2025-06-17T12:55:11.309+0530] {logging_mixin.py:188} INFO - [2025-06-17T12:55:11.309+0530] {dag.py:3823} INFO - Setting next_dagrun for example_xcom_args_with_operators to None, run_after=None
[2025-06-17T12:55:11.326+0530] {processor.py:183} INFO - Processing /home/priya/projects/snowflake_twitter_pipeline/venv/lib/python3.10/site-packages/airflow/example_dags/example_xcomargs.py took 0.052 seconds
