[2025-06-17T12:42:49.981+0530] {processor.py:161} INFO - Started process (PID=449) to work on /home/priya/projects/snowflake_twitter_pipeline/venv/lib/python3.10/site-packages/airflow/example_dags/example_branch_python_dop_operator_3.py
[2025-06-17T12:42:49.982+0530] {processor.py:830} INFO - Processing file /home/priya/projects/snowflake_twitter_pipeline/venv/lib/python3.10/site-packages/airflow/example_dags/example_branch_python_dop_operator_3.py for tasks to queue
[2025-06-17T12:42:49.982+0530] {logging_mixin.py:188} INFO - [2025-06-17T12:42:49.982+0530] {dagbag.py:538} INFO - Filling up the DagBag from /home/priya/projects/snowflake_twitter_pipeline/venv/lib/python3.10/site-packages/airflow/example_dags/example_branch_python_dop_operator_3.py
[2025-06-17T12:42:49.990+0530] {processor.py:840} INFO - DAG(s) 'example_branch_dop_operator_v3' retrieved from /home/priya/projects/snowflake_twitter_pipeline/venv/lib/python3.10/site-packages/airflow/example_dags/example_branch_python_dop_operator_3.py
[2025-06-17T12:42:50.131+0530] {logging_mixin.py:188} INFO - [2025-06-17T12:42:50.131+0530] {override.py:1769} INFO - Created Permission View: can edit on DAG:example_branch_dop_operator_v3
[2025-06-17T12:42:50.142+0530] {logging_mixin.py:188} INFO - [2025-06-17T12:42:50.142+0530] {override.py:1769} INFO - Created Permission View: can delete on DAG:example_branch_dop_operator_v3
[2025-06-17T12:42:50.150+0530] {logging_mixin.py:188} INFO - [2025-06-17T12:42:50.150+0530] {override.py:1769} INFO - Created Permission View: can read on DAG:example_branch_dop_operator_v3
[2025-06-17T12:42:50.150+0530] {logging_mixin.py:188} INFO - [2025-06-17T12:42:50.150+0530] {dag.py:3036} INFO - Sync 1 DAGs
[2025-06-17T12:42:50.156+0530] {logging_mixin.py:188} INFO - [2025-06-17T12:42:50.156+0530] {dag.py:3058} INFO - Creating ORM DAG for example_branch_dop_operator_v3
[2025-06-17T12:42:50.165+0530] {logging_mixin.py:188} INFO - [2025-06-17T12:42:50.165+0530] {dag.py:3823} INFO - Setting next_dagrun for example_branch_dop_operator_v3 to 2025-06-17 07:11:00+00:00, run_after=2025-06-17 07:12:00+00:00
[2025-06-17T12:42:50.181+0530] {processor.py:183} INFO - Processing /home/priya/projects/snowflake_twitter_pipeline/venv/lib/python3.10/site-packages/airflow/example_dags/example_branch_python_dop_operator_3.py took 0.202 seconds
[2025-06-17T12:43:41.195+0530] {processor.py:161} INFO - Started process (PID=513) to work on /home/priya/projects/snowflake_twitter_pipeline/venv/lib/python3.10/site-packages/airflow/example_dags/example_branch_python_dop_operator_3.py
[2025-06-17T12:43:41.205+0530] {processor.py:830} INFO - Processing file /home/priya/projects/snowflake_twitter_pipeline/venv/lib/python3.10/site-packages/airflow/example_dags/example_branch_python_dop_operator_3.py for tasks to queue
[2025-06-17T12:43:41.206+0530] {logging_mixin.py:188} INFO - [2025-06-17T12:43:41.205+0530] {dagbag.py:538} INFO - Filling up the DagBag from /home/priya/projects/snowflake_twitter_pipeline/venv/lib/python3.10/site-packages/airflow/example_dags/example_branch_python_dop_operator_3.py
[2025-06-17T12:43:41.212+0530] {processor.py:840} INFO - DAG(s) 'example_branch_dop_operator_v3' retrieved from /home/priya/projects/snowflake_twitter_pipeline/venv/lib/python3.10/site-packages/airflow/example_dags/example_branch_python_dop_operator_3.py
[2025-06-17T12:43:41.224+0530] {logging_mixin.py:188} INFO - [2025-06-17T12:43:41.224+0530] {dag.py:3036} INFO - Sync 1 DAGs
[2025-06-17T12:43:41.239+0530] {logging_mixin.py:188} INFO - [2025-06-17T12:43:41.239+0530] {dag.py:3823} INFO - Setting next_dagrun for example_branch_dop_operator_v3 to 2025-06-17 07:12:00+00:00, run_after=2025-06-17 07:13:00+00:00
[2025-06-17T12:43:41.257+0530] {processor.py:183} INFO - Processing /home/priya/projects/snowflake_twitter_pipeline/venv/lib/python3.10/site-packages/airflow/example_dags/example_branch_python_dop_operator_3.py took 0.065 seconds
[2025-06-17T12:44:28.042+0530] {processor.py:161} INFO - Started process (PID=578) to work on /home/priya/projects/snowflake_twitter_pipeline/venv/lib/python3.10/site-packages/airflow/example_dags/example_branch_python_dop_operator_3.py
[2025-06-17T12:44:28.044+0530] {processor.py:830} INFO - Processing file /home/priya/projects/snowflake_twitter_pipeline/venv/lib/python3.10/site-packages/airflow/example_dags/example_branch_python_dop_operator_3.py for tasks to queue
[2025-06-17T12:44:28.045+0530] {logging_mixin.py:188} INFO - [2025-06-17T12:44:28.045+0530] {dagbag.py:538} INFO - Filling up the DagBag from /home/priya/projects/snowflake_twitter_pipeline/venv/lib/python3.10/site-packages/airflow/example_dags/example_branch_python_dop_operator_3.py
[2025-06-17T12:44:28.051+0530] {processor.py:840} INFO - DAG(s) 'example_branch_dop_operator_v3' retrieved from /home/priya/projects/snowflake_twitter_pipeline/venv/lib/python3.10/site-packages/airflow/example_dags/example_branch_python_dop_operator_3.py
[2025-06-17T12:44:28.061+0530] {logging_mixin.py:188} INFO - [2025-06-17T12:44:28.061+0530] {dag.py:3036} INFO - Sync 1 DAGs
[2025-06-17T12:44:28.076+0530] {logging_mixin.py:188} INFO - [2025-06-17T12:44:28.075+0530] {dag.py:3823} INFO - Setting next_dagrun for example_branch_dop_operator_v3 to 2025-06-17 07:13:00+00:00, run_after=2025-06-17 07:14:00+00:00
[2025-06-17T12:44:28.093+0530] {processor.py:183} INFO - Processing /home/priya/projects/snowflake_twitter_pipeline/venv/lib/python3.10/site-packages/airflow/example_dags/example_branch_python_dop_operator_3.py took 0.053 seconds
[2025-06-17T12:46:13.610+0530] {processor.py:161} INFO - Started process (PID=697) to work on /home/priya/projects/snowflake_twitter_pipeline/venv/lib/python3.10/site-packages/airflow/example_dags/example_branch_python_dop_operator_3.py
[2025-06-17T12:46:13.619+0530] {processor.py:830} INFO - Processing file /home/priya/projects/snowflake_twitter_pipeline/venv/lib/python3.10/site-packages/airflow/example_dags/example_branch_python_dop_operator_3.py for tasks to queue
[2025-06-17T12:46:13.620+0530] {logging_mixin.py:188} INFO - [2025-06-17T12:46:13.619+0530] {dagbag.py:538} INFO - Filling up the DagBag from /home/priya/projects/snowflake_twitter_pipeline/venv/lib/python3.10/site-packages/airflow/example_dags/example_branch_python_dop_operator_3.py
[2025-06-17T12:46:13.628+0530] {processor.py:840} INFO - DAG(s) 'example_branch_dop_operator_v3' retrieved from /home/priya/projects/snowflake_twitter_pipeline/venv/lib/python3.10/site-packages/airflow/example_dags/example_branch_python_dop_operator_3.py
[2025-06-17T12:46:13.638+0530] {logging_mixin.py:188} INFO - [2025-06-17T12:46:13.638+0530] {dag.py:3036} INFO - Sync 1 DAGs
[2025-06-17T12:46:13.719+0530] {logging_mixin.py:188} INFO - [2025-06-17T12:46:13.719+0530] {dag.py:3823} INFO - Setting next_dagrun for example_branch_dop_operator_v3 to 2025-06-17 07:15:00+00:00, run_after=2025-06-17 07:16:00+00:00
[2025-06-17T12:46:13.737+0530] {processor.py:183} INFO - Processing /home/priya/projects/snowflake_twitter_pipeline/venv/lib/python3.10/site-packages/airflow/example_dags/example_branch_python_dop_operator_3.py took 0.129 seconds
[2025-06-17T12:47:04.959+0530] {processor.py:161} INFO - Started process (PID=1329) to work on /home/priya/projects/snowflake_twitter_pipeline/venv/lib/python3.10/site-packages/airflow/example_dags/example_branch_python_dop_operator_3.py
[2025-06-17T12:47:04.961+0530] {processor.py:830} INFO - Processing file /home/priya/projects/snowflake_twitter_pipeline/venv/lib/python3.10/site-packages/airflow/example_dags/example_branch_python_dop_operator_3.py for tasks to queue
[2025-06-17T12:47:04.962+0530] {logging_mixin.py:188} INFO - [2025-06-17T12:47:04.961+0530] {dagbag.py:538} INFO - Filling up the DagBag from /home/priya/projects/snowflake_twitter_pipeline/venv/lib/python3.10/site-packages/airflow/example_dags/example_branch_python_dop_operator_3.py
[2025-06-17T12:47:04.968+0530] {processor.py:840} INFO - DAG(s) 'example_branch_dop_operator_v3' retrieved from /home/priya/projects/snowflake_twitter_pipeline/venv/lib/python3.10/site-packages/airflow/example_dags/example_branch_python_dop_operator_3.py
[2025-06-17T12:47:04.978+0530] {logging_mixin.py:188} INFO - [2025-06-17T12:47:04.978+0530] {dag.py:3036} INFO - Sync 1 DAGs
[2025-06-17T12:47:04.994+0530] {logging_mixin.py:188} INFO - [2025-06-17T12:47:04.994+0530] {dag.py:3823} INFO - Setting next_dagrun for example_branch_dop_operator_v3 to 2025-06-17 07:16:00+00:00, run_after=2025-06-17 07:17:00+00:00
[2025-06-17T12:47:05.015+0530] {processor.py:183} INFO - Processing /home/priya/projects/snowflake_twitter_pipeline/venv/lib/python3.10/site-packages/airflow/example_dags/example_branch_python_dop_operator_3.py took 0.059 seconds
[2025-06-17T12:47:56.317+0530] {processor.py:161} INFO - Started process (PID=1572) to work on /home/priya/projects/snowflake_twitter_pipeline/venv/lib/python3.10/site-packages/airflow/example_dags/example_branch_python_dop_operator_3.py
[2025-06-17T12:47:56.319+0530] {processor.py:830} INFO - Processing file /home/priya/projects/snowflake_twitter_pipeline/venv/lib/python3.10/site-packages/airflow/example_dags/example_branch_python_dop_operator_3.py for tasks to queue
[2025-06-17T12:47:56.320+0530] {logging_mixin.py:188} INFO - [2025-06-17T12:47:56.320+0530] {dagbag.py:538} INFO - Filling up the DagBag from /home/priya/projects/snowflake_twitter_pipeline/venv/lib/python3.10/site-packages/airflow/example_dags/example_branch_python_dop_operator_3.py
[2025-06-17T12:47:56.327+0530] {processor.py:840} INFO - DAG(s) 'example_branch_dop_operator_v3' retrieved from /home/priya/projects/snowflake_twitter_pipeline/venv/lib/python3.10/site-packages/airflow/example_dags/example_branch_python_dop_operator_3.py
[2025-06-17T12:47:56.337+0530] {logging_mixin.py:188} INFO - [2025-06-17T12:47:56.337+0530] {dag.py:3036} INFO - Sync 1 DAGs
[2025-06-17T12:47:56.352+0530] {logging_mixin.py:188} INFO - [2025-06-17T12:47:56.352+0530] {dag.py:3823} INFO - Setting next_dagrun for example_branch_dop_operator_v3 to 2025-06-17 07:16:00+00:00, run_after=2025-06-17 07:17:00+00:00
[2025-06-17T12:47:56.370+0530] {processor.py:183} INFO - Processing /home/priya/projects/snowflake_twitter_pipeline/venv/lib/python3.10/site-packages/airflow/example_dags/example_branch_python_dop_operator_3.py took 0.055 seconds
[2025-06-17T12:48:43.460+0530] {processor.py:161} INFO - Started process (PID=1771) to work on /home/priya/projects/snowflake_twitter_pipeline/venv/lib/python3.10/site-packages/airflow/example_dags/example_branch_python_dop_operator_3.py
[2025-06-17T12:48:43.461+0530] {processor.py:830} INFO - Processing file /home/priya/projects/snowflake_twitter_pipeline/venv/lib/python3.10/site-packages/airflow/example_dags/example_branch_python_dop_operator_3.py for tasks to queue
[2025-06-17T12:48:43.462+0530] {logging_mixin.py:188} INFO - [2025-06-17T12:48:43.462+0530] {dagbag.py:538} INFO - Filling up the DagBag from /home/priya/projects/snowflake_twitter_pipeline/venv/lib/python3.10/site-packages/airflow/example_dags/example_branch_python_dop_operator_3.py
[2025-06-17T12:48:43.469+0530] {processor.py:840} INFO - DAG(s) 'example_branch_dop_operator_v3' retrieved from /home/priya/projects/snowflake_twitter_pipeline/venv/lib/python3.10/site-packages/airflow/example_dags/example_branch_python_dop_operator_3.py
[2025-06-17T12:48:43.478+0530] {logging_mixin.py:188} INFO - [2025-06-17T12:48:43.478+0530] {dag.py:3036} INFO - Sync 1 DAGs
[2025-06-17T12:48:43.492+0530] {logging_mixin.py:188} INFO - [2025-06-17T12:48:43.492+0530] {dag.py:3823} INFO - Setting next_dagrun for example_branch_dop_operator_v3 to 2025-06-17 07:17:00+00:00, run_after=2025-06-17 07:18:00+00:00
[2025-06-17T12:48:43.509+0530] {processor.py:183} INFO - Processing /home/priya/projects/snowflake_twitter_pipeline/venv/lib/python3.10/site-packages/airflow/example_dags/example_branch_python_dop_operator_3.py took 0.051 seconds
[2025-06-17T12:49:35.414+0530] {processor.py:161} INFO - Started process (PID=2022) to work on /home/priya/projects/snowflake_twitter_pipeline/venv/lib/python3.10/site-packages/airflow/example_dags/example_branch_python_dop_operator_3.py
[2025-06-17T12:49:35.416+0530] {processor.py:830} INFO - Processing file /home/priya/projects/snowflake_twitter_pipeline/venv/lib/python3.10/site-packages/airflow/example_dags/example_branch_python_dop_operator_3.py for tasks to queue
[2025-06-17T12:49:35.417+0530] {logging_mixin.py:188} INFO - [2025-06-17T12:49:35.416+0530] {dagbag.py:538} INFO - Filling up the DagBag from /home/priya/projects/snowflake_twitter_pipeline/venv/lib/python3.10/site-packages/airflow/example_dags/example_branch_python_dop_operator_3.py
[2025-06-17T12:49:35.422+0530] {processor.py:840} INFO - DAG(s) 'example_branch_dop_operator_v3' retrieved from /home/priya/projects/snowflake_twitter_pipeline/venv/lib/python3.10/site-packages/airflow/example_dags/example_branch_python_dop_operator_3.py
[2025-06-17T12:49:35.432+0530] {logging_mixin.py:188} INFO - [2025-06-17T12:49:35.432+0530] {dag.py:3036} INFO - Sync 1 DAGs
[2025-06-17T12:49:35.446+0530] {logging_mixin.py:188} INFO - [2025-06-17T12:49:35.446+0530] {dag.py:3823} INFO - Setting next_dagrun for example_branch_dop_operator_v3 to 2025-06-17 07:18:00+00:00, run_after=2025-06-17 07:19:00+00:00
[2025-06-17T12:49:35.465+0530] {processor.py:183} INFO - Processing /home/priya/projects/snowflake_twitter_pipeline/venv/lib/python3.10/site-packages/airflow/example_dags/example_branch_python_dop_operator_3.py took 0.055 seconds
[2025-06-17T12:50:24.509+0530] {processor.py:161} INFO - Started process (PID=2247) to work on /home/priya/projects/snowflake_twitter_pipeline/venv/lib/python3.10/site-packages/airflow/example_dags/example_branch_python_dop_operator_3.py
[2025-06-17T12:50:24.510+0530] {processor.py:830} INFO - Processing file /home/priya/projects/snowflake_twitter_pipeline/venv/lib/python3.10/site-packages/airflow/example_dags/example_branch_python_dop_operator_3.py for tasks to queue
[2025-06-17T12:50:24.511+0530] {logging_mixin.py:188} INFO - [2025-06-17T12:50:24.510+0530] {dagbag.py:538} INFO - Filling up the DagBag from /home/priya/projects/snowflake_twitter_pipeline/venv/lib/python3.10/site-packages/airflow/example_dags/example_branch_python_dop_operator_3.py
[2025-06-17T12:50:24.519+0530] {processor.py:840} INFO - DAG(s) 'example_branch_dop_operator_v3' retrieved from /home/priya/projects/snowflake_twitter_pipeline/venv/lib/python3.10/site-packages/airflow/example_dags/example_branch_python_dop_operator_3.py
[2025-06-17T12:50:24.532+0530] {logging_mixin.py:188} INFO - [2025-06-17T12:50:24.532+0530] {dag.py:3036} INFO - Sync 1 DAGs
[2025-06-17T12:50:24.553+0530] {logging_mixin.py:188} INFO - [2025-06-17T12:50:24.553+0530] {dag.py:3823} INFO - Setting next_dagrun for example_branch_dop_operator_v3 to 2025-06-17 07:19:00+00:00, run_after=2025-06-17 07:20:00+00:00
[2025-06-17T12:50:24.573+0530] {processor.py:183} INFO - Processing /home/priya/projects/snowflake_twitter_pipeline/venv/lib/python3.10/site-packages/airflow/example_dags/example_branch_python_dop_operator_3.py took 0.067 seconds
[2025-06-17T12:51:10.991+0530] {processor.py:161} INFO - Started process (PID=2454) to work on /home/priya/projects/snowflake_twitter_pipeline/venv/lib/python3.10/site-packages/airflow/example_dags/example_branch_python_dop_operator_3.py
[2025-06-17T12:51:10.993+0530] {processor.py:830} INFO - Processing file /home/priya/projects/snowflake_twitter_pipeline/venv/lib/python3.10/site-packages/airflow/example_dags/example_branch_python_dop_operator_3.py for tasks to queue
[2025-06-17T12:51:10.993+0530] {logging_mixin.py:188} INFO - [2025-06-17T12:51:10.993+0530] {dagbag.py:538} INFO - Filling up the DagBag from /home/priya/projects/snowflake_twitter_pipeline/venv/lib/python3.10/site-packages/airflow/example_dags/example_branch_python_dop_operator_3.py
[2025-06-17T12:51:11.000+0530] {processor.py:840} INFO - DAG(s) 'example_branch_dop_operator_v3' retrieved from /home/priya/projects/snowflake_twitter_pipeline/venv/lib/python3.10/site-packages/airflow/example_dags/example_branch_python_dop_operator_3.py
[2025-06-17T12:51:11.012+0530] {logging_mixin.py:188} INFO - [2025-06-17T12:51:11.012+0530] {dag.py:3036} INFO - Sync 1 DAGs
[2025-06-17T12:51:11.026+0530] {logging_mixin.py:188} INFO - [2025-06-17T12:51:11.026+0530] {dag.py:3823} INFO - Setting next_dagrun for example_branch_dop_operator_v3 to 2025-06-17 07:20:00+00:00, run_after=2025-06-17 07:21:00+00:00
[2025-06-17T12:51:11.042+0530] {processor.py:183} INFO - Processing /home/priya/projects/snowflake_twitter_pipeline/venv/lib/python3.10/site-packages/airflow/example_dags/example_branch_python_dop_operator_3.py took 0.054 seconds
[2025-06-17T12:52:03.871+0530] {processor.py:161} INFO - Started process (PID=2702) to work on /home/priya/projects/snowflake_twitter_pipeline/venv/lib/python3.10/site-packages/airflow/example_dags/example_branch_python_dop_operator_3.py
[2025-06-17T12:52:03.879+0530] {processor.py:830} INFO - Processing file /home/priya/projects/snowflake_twitter_pipeline/venv/lib/python3.10/site-packages/airflow/example_dags/example_branch_python_dop_operator_3.py for tasks to queue
[2025-06-17T12:52:03.880+0530] {logging_mixin.py:188} INFO - [2025-06-17T12:52:03.880+0530] {dagbag.py:538} INFO - Filling up the DagBag from /home/priya/projects/snowflake_twitter_pipeline/venv/lib/python3.10/site-packages/airflow/example_dags/example_branch_python_dop_operator_3.py
[2025-06-17T12:52:03.886+0530] {processor.py:840} INFO - DAG(s) 'example_branch_dop_operator_v3' retrieved from /home/priya/projects/snowflake_twitter_pipeline/venv/lib/python3.10/site-packages/airflow/example_dags/example_branch_python_dop_operator_3.py
[2025-06-17T12:52:03.896+0530] {logging_mixin.py:188} INFO - [2025-06-17T12:52:03.896+0530] {dag.py:3036} INFO - Sync 1 DAGs
[2025-06-17T12:52:03.910+0530] {logging_mixin.py:188} INFO - [2025-06-17T12:52:03.909+0530] {dag.py:3823} INFO - Setting next_dagrun for example_branch_dop_operator_v3 to 2025-06-17 07:21:00+00:00, run_after=2025-06-17 07:22:00+00:00
[2025-06-17T12:52:03.926+0530] {processor.py:183} INFO - Processing /home/priya/projects/snowflake_twitter_pipeline/venv/lib/python3.10/site-packages/airflow/example_dags/example_branch_python_dop_operator_3.py took 0.057 seconds
[2025-06-17T12:52:56.404+0530] {processor.py:161} INFO - Started process (PID=2936) to work on /home/priya/projects/snowflake_twitter_pipeline/venv/lib/python3.10/site-packages/airflow/example_dags/example_branch_python_dop_operator_3.py
[2025-06-17T12:52:56.413+0530] {processor.py:830} INFO - Processing file /home/priya/projects/snowflake_twitter_pipeline/venv/lib/python3.10/site-packages/airflow/example_dags/example_branch_python_dop_operator_3.py for tasks to queue
[2025-06-17T12:52:56.415+0530] {logging_mixin.py:188} INFO - [2025-06-17T12:52:56.414+0530] {dagbag.py:538} INFO - Filling up the DagBag from /home/priya/projects/snowflake_twitter_pipeline/venv/lib/python3.10/site-packages/airflow/example_dags/example_branch_python_dop_operator_3.py
[2025-06-17T12:52:56.423+0530] {processor.py:840} INFO - DAG(s) 'example_branch_dop_operator_v3' retrieved from /home/priya/projects/snowflake_twitter_pipeline/venv/lib/python3.10/site-packages/airflow/example_dags/example_branch_python_dop_operator_3.py
[2025-06-17T12:52:56.435+0530] {logging_mixin.py:188} INFO - [2025-06-17T12:52:56.435+0530] {dag.py:3036} INFO - Sync 1 DAGs
[2025-06-17T12:52:56.452+0530] {logging_mixin.py:188} INFO - [2025-06-17T12:52:56.452+0530] {dag.py:3823} INFO - Setting next_dagrun for example_branch_dop_operator_v3 to 2025-06-17 07:21:00+00:00, run_after=2025-06-17 07:22:00+00:00
[2025-06-17T12:52:56.473+0530] {processor.py:183} INFO - Processing /home/priya/projects/snowflake_twitter_pipeline/venv/lib/python3.10/site-packages/airflow/example_dags/example_branch_python_dop_operator_3.py took 0.073 seconds
[2025-06-17T12:53:49.002+0530] {processor.py:161} INFO - Started process (PID=3096) to work on /home/priya/projects/snowflake_twitter_pipeline/venv/lib/python3.10/site-packages/airflow/example_dags/example_branch_python_dop_operator_3.py
[2025-06-17T12:53:49.004+0530] {processor.py:830} INFO - Processing file /home/priya/projects/snowflake_twitter_pipeline/venv/lib/python3.10/site-packages/airflow/example_dags/example_branch_python_dop_operator_3.py for tasks to queue
[2025-06-17T12:53:49.006+0530] {logging_mixin.py:188} INFO - [2025-06-17T12:53:49.005+0530] {dagbag.py:538} INFO - Filling up the DagBag from /home/priya/projects/snowflake_twitter_pipeline/venv/lib/python3.10/site-packages/airflow/example_dags/example_branch_python_dop_operator_3.py
[2025-06-17T12:53:49.018+0530] {processor.py:840} INFO - DAG(s) 'example_branch_dop_operator_v3' retrieved from /home/priya/projects/snowflake_twitter_pipeline/venv/lib/python3.10/site-packages/airflow/example_dags/example_branch_python_dop_operator_3.py
[2025-06-17T12:53:49.030+0530] {logging_mixin.py:188} INFO - [2025-06-17T12:53:49.030+0530] {dag.py:3036} INFO - Sync 1 DAGs
[2025-06-17T12:53:49.046+0530] {logging_mixin.py:188} INFO - [2025-06-17T12:53:49.046+0530] {dag.py:3823} INFO - Setting next_dagrun for example_branch_dop_operator_v3 to 2025-06-17 07:22:00+00:00, run_after=2025-06-17 07:23:00+00:00
[2025-06-17T12:53:49.066+0530] {processor.py:183} INFO - Processing /home/priya/projects/snowflake_twitter_pipeline/venv/lib/python3.10/site-packages/airflow/example_dags/example_branch_python_dop_operator_3.py took 0.067 seconds
[2025-06-17T12:54:43.446+0530] {processor.py:161} INFO - Started process (PID=3229) to work on /home/priya/projects/snowflake_twitter_pipeline/venv/lib/python3.10/site-packages/airflow/example_dags/example_branch_python_dop_operator_3.py
[2025-06-17T12:54:43.447+0530] {processor.py:830} INFO - Processing file /home/priya/projects/snowflake_twitter_pipeline/venv/lib/python3.10/site-packages/airflow/example_dags/example_branch_python_dop_operator_3.py for tasks to queue
[2025-06-17T12:54:43.448+0530] {logging_mixin.py:188} INFO - [2025-06-17T12:54:43.448+0530] {dagbag.py:538} INFO - Filling up the DagBag from /home/priya/projects/snowflake_twitter_pipeline/venv/lib/python3.10/site-packages/airflow/example_dags/example_branch_python_dop_operator_3.py
[2025-06-17T12:54:43.456+0530] {processor.py:840} INFO - DAG(s) 'example_branch_dop_operator_v3' retrieved from /home/priya/projects/snowflake_twitter_pipeline/venv/lib/python3.10/site-packages/airflow/example_dags/example_branch_python_dop_operator_3.py
[2025-06-17T12:54:43.467+0530] {logging_mixin.py:188} INFO - [2025-06-17T12:54:43.467+0530] {dag.py:3036} INFO - Sync 1 DAGs
[2025-06-17T12:54:43.482+0530] {logging_mixin.py:188} INFO - [2025-06-17T12:54:43.482+0530] {dag.py:3823} INFO - Setting next_dagrun for example_branch_dop_operator_v3 to 2025-06-17 07:23:00+00:00, run_after=2025-06-17 07:24:00+00:00
[2025-06-17T12:54:43.501+0530] {processor.py:183} INFO - Processing /home/priya/projects/snowflake_twitter_pipeline/venv/lib/python3.10/site-packages/airflow/example_dags/example_branch_python_dop_operator_3.py took 0.057 seconds
