[2025-06-17T12:42:33.324+0530] {processor.py:161} INFO - Started process (PID=435) to work on /home/priya/projects/snowflake_twitter_pipeline/venv/lib/python3.10/site-packages/airflow/example_dags/example_setup_teardown.py
[2025-06-17T12:42:33.324+0530] {processor.py:830} INFO - Processing file /home/priya/projects/snowflake_twitter_pipeline/venv/lib/python3.10/site-packages/airflow/example_dags/example_setup_teardown.py for tasks to queue
[2025-06-17T12:42:33.325+0530] {logging_mixin.py:188} INFO - [2025-06-17T12:42:33.325+0530] {dagbag.py:538} INFO - Filling up the DagBag from /home/priya/projects/snowflake_twitter_pipeline/venv/lib/python3.10/site-packages/airflow/example_dags/example_setup_teardown.py
[2025-06-17T12:42:33.332+0530] {processor.py:840} INFO - DAG(s) 'example_setup_teardown' retrieved from /home/priya/projects/snowflake_twitter_pipeline/venv/lib/python3.10/site-packages/airflow/example_dags/example_setup_teardown.py
[2025-06-17T12:42:33.473+0530] {logging_mixin.py:188} INFO - [2025-06-17T12:42:33.472+0530] {override.py:1769} INFO - Created Permission View: can edit on DAG:example_setup_teardown
[2025-06-17T12:42:33.483+0530] {logging_mixin.py:188} INFO - [2025-06-17T12:42:33.483+0530] {override.py:1769} INFO - Created Permission View: can delete on DAG:example_setup_teardown
[2025-06-17T12:42:33.491+0530] {logging_mixin.py:188} INFO - [2025-06-17T12:42:33.490+0530] {override.py:1769} INFO - Created Permission View: can read on DAG:example_setup_teardown
[2025-06-17T12:42:33.491+0530] {logging_mixin.py:188} INFO - [2025-06-17T12:42:33.491+0530] {dag.py:3036} INFO - Sync 1 DAGs
[2025-06-17T12:42:33.497+0530] {logging_mixin.py:188} INFO - [2025-06-17T12:42:33.497+0530] {dag.py:3058} INFO - Creating ORM DAG for example_setup_teardown
[2025-06-17T12:42:33.502+0530] {logging_mixin.py:188} INFO - [2025-06-17T12:42:33.502+0530] {dag.py:3823} INFO - Setting next_dagrun for example_setup_teardown to 2025-06-16 00:00:00+00:00, run_after=2025-06-17 00:00:00+00:00
[2025-06-17T12:42:33.520+0530] {processor.py:183} INFO - Processing /home/priya/projects/snowflake_twitter_pipeline/venv/lib/python3.10/site-packages/airflow/example_dags/example_setup_teardown.py took 0.199 seconds
[2025-06-17T12:43:26.333+0530] {processor.py:161} INFO - Started process (PID=499) to work on /home/priya/projects/snowflake_twitter_pipeline/venv/lib/python3.10/site-packages/airflow/example_dags/example_setup_teardown.py
[2025-06-17T12:43:26.335+0530] {processor.py:830} INFO - Processing file /home/priya/projects/snowflake_twitter_pipeline/venv/lib/python3.10/site-packages/airflow/example_dags/example_setup_teardown.py for tasks to queue
[2025-06-17T12:43:26.336+0530] {logging_mixin.py:188} INFO - [2025-06-17T12:43:26.336+0530] {dagbag.py:538} INFO - Filling up the DagBag from /home/priya/projects/snowflake_twitter_pipeline/venv/lib/python3.10/site-packages/airflow/example_dags/example_setup_teardown.py
[2025-06-17T12:43:26.342+0530] {processor.py:840} INFO - DAG(s) 'example_setup_teardown' retrieved from /home/priya/projects/snowflake_twitter_pipeline/venv/lib/python3.10/site-packages/airflow/example_dags/example_setup_teardown.py
[2025-06-17T12:43:26.353+0530] {logging_mixin.py:188} INFO - [2025-06-17T12:43:26.352+0530] {dag.py:3036} INFO - Sync 1 DAGs
[2025-06-17T12:43:26.367+0530] {logging_mixin.py:188} INFO - [2025-06-17T12:43:26.367+0530] {dag.py:3823} INFO - Setting next_dagrun for example_setup_teardown to 2025-06-16 00:00:00+00:00, run_after=2025-06-17 00:00:00+00:00
[2025-06-17T12:43:26.389+0530] {processor.py:183} INFO - Processing /home/priya/projects/snowflake_twitter_pipeline/venv/lib/python3.10/site-packages/airflow/example_dags/example_setup_teardown.py took 0.059 seconds
[2025-06-17T12:44:15.195+0530] {processor.py:161} INFO - Started process (PID=564) to work on /home/priya/projects/snowflake_twitter_pipeline/venv/lib/python3.10/site-packages/airflow/example_dags/example_setup_teardown.py
[2025-06-17T12:44:15.196+0530] {processor.py:830} INFO - Processing file /home/priya/projects/snowflake_twitter_pipeline/venv/lib/python3.10/site-packages/airflow/example_dags/example_setup_teardown.py for tasks to queue
[2025-06-17T12:44:15.197+0530] {logging_mixin.py:188} INFO - [2025-06-17T12:44:15.197+0530] {dagbag.py:538} INFO - Filling up the DagBag from /home/priya/projects/snowflake_twitter_pipeline/venv/lib/python3.10/site-packages/airflow/example_dags/example_setup_teardown.py
[2025-06-17T12:44:15.203+0530] {processor.py:840} INFO - DAG(s) 'example_setup_teardown' retrieved from /home/priya/projects/snowflake_twitter_pipeline/venv/lib/python3.10/site-packages/airflow/example_dags/example_setup_teardown.py
[2025-06-17T12:44:15.214+0530] {logging_mixin.py:188} INFO - [2025-06-17T12:44:15.214+0530] {dag.py:3036} INFO - Sync 1 DAGs
[2025-06-17T12:44:15.227+0530] {logging_mixin.py:188} INFO - [2025-06-17T12:44:15.227+0530] {dag.py:3823} INFO - Setting next_dagrun for example_setup_teardown to 2025-06-16 00:00:00+00:00, run_after=2025-06-17 00:00:00+00:00
[2025-06-17T12:44:15.243+0530] {processor.py:183} INFO - Processing /home/priya/projects/snowflake_twitter_pipeline/venv/lib/python3.10/site-packages/airflow/example_dags/example_setup_teardown.py took 0.051 seconds
[2025-06-17T12:45:59.289+0530] {processor.py:161} INFO - Started process (PID=663) to work on /home/priya/projects/snowflake_twitter_pipeline/venv/lib/python3.10/site-packages/airflow/example_dags/example_setup_teardown.py
[2025-06-17T12:45:59.298+0530] {processor.py:830} INFO - Processing file /home/priya/projects/snowflake_twitter_pipeline/venv/lib/python3.10/site-packages/airflow/example_dags/example_setup_teardown.py for tasks to queue
[2025-06-17T12:45:59.298+0530] {logging_mixin.py:188} INFO - [2025-06-17T12:45:59.298+0530] {dagbag.py:538} INFO - Filling up the DagBag from /home/priya/projects/snowflake_twitter_pipeline/venv/lib/python3.10/site-packages/airflow/example_dags/example_setup_teardown.py
[2025-06-17T12:45:59.304+0530] {processor.py:840} INFO - DAG(s) 'example_setup_teardown' retrieved from /home/priya/projects/snowflake_twitter_pipeline/venv/lib/python3.10/site-packages/airflow/example_dags/example_setup_teardown.py
[2025-06-17T12:45:59.316+0530] {logging_mixin.py:188} INFO - [2025-06-17T12:45:59.316+0530] {dag.py:3036} INFO - Sync 1 DAGs
[2025-06-17T12:45:59.328+0530] {logging_mixin.py:188} INFO - [2025-06-17T12:45:59.328+0530] {dag.py:3823} INFO - Setting next_dagrun for example_setup_teardown to 2025-06-16 00:00:00+00:00, run_after=2025-06-17 00:00:00+00:00
[2025-06-17T12:45:59.345+0530] {processor.py:183} INFO - Processing /home/priya/projects/snowflake_twitter_pipeline/venv/lib/python3.10/site-packages/airflow/example_dags/example_setup_teardown.py took 0.058 seconds
[2025-06-17T12:46:51.802+0530] {processor.py:161} INFO - Started process (PID=1279) to work on /home/priya/projects/snowflake_twitter_pipeline/venv/lib/python3.10/site-packages/airflow/example_dags/example_setup_teardown.py
[2025-06-17T12:46:51.803+0530] {processor.py:830} INFO - Processing file /home/priya/projects/snowflake_twitter_pipeline/venv/lib/python3.10/site-packages/airflow/example_dags/example_setup_teardown.py for tasks to queue
[2025-06-17T12:46:51.804+0530] {logging_mixin.py:188} INFO - [2025-06-17T12:46:51.804+0530] {dagbag.py:538} INFO - Filling up the DagBag from /home/priya/projects/snowflake_twitter_pipeline/venv/lib/python3.10/site-packages/airflow/example_dags/example_setup_teardown.py
[2025-06-17T12:46:51.812+0530] {processor.py:840} INFO - DAG(s) 'example_setup_teardown' retrieved from /home/priya/projects/snowflake_twitter_pipeline/venv/lib/python3.10/site-packages/airflow/example_dags/example_setup_teardown.py
[2025-06-17T12:46:51.826+0530] {logging_mixin.py:188} INFO - [2025-06-17T12:46:51.826+0530] {dag.py:3036} INFO - Sync 1 DAGs
[2025-06-17T12:46:51.840+0530] {logging_mixin.py:188} INFO - [2025-06-17T12:46:51.840+0530] {dag.py:3823} INFO - Setting next_dagrun for example_setup_teardown to 2025-06-16 00:00:00+00:00, run_after=2025-06-17 00:00:00+00:00
[2025-06-17T12:46:51.857+0530] {processor.py:183} INFO - Processing /home/priya/projects/snowflake_twitter_pipeline/venv/lib/python3.10/site-packages/airflow/example_dags/example_setup_teardown.py took 0.060 seconds
[2025-06-17T12:47:38.712+0530] {processor.py:161} INFO - Started process (PID=1483) to work on /home/priya/projects/snowflake_twitter_pipeline/venv/lib/python3.10/site-packages/airflow/example_dags/example_setup_teardown.py
[2025-06-17T12:47:38.713+0530] {processor.py:830} INFO - Processing file /home/priya/projects/snowflake_twitter_pipeline/venv/lib/python3.10/site-packages/airflow/example_dags/example_setup_teardown.py for tasks to queue
[2025-06-17T12:47:38.713+0530] {logging_mixin.py:188} INFO - [2025-06-17T12:47:38.713+0530] {dagbag.py:538} INFO - Filling up the DagBag from /home/priya/projects/snowflake_twitter_pipeline/venv/lib/python3.10/site-packages/airflow/example_dags/example_setup_teardown.py
[2025-06-17T12:47:38.718+0530] {processor.py:840} INFO - DAG(s) 'example_setup_teardown' retrieved from /home/priya/projects/snowflake_twitter_pipeline/venv/lib/python3.10/site-packages/airflow/example_dags/example_setup_teardown.py
[2025-06-17T12:47:38.729+0530] {logging_mixin.py:188} INFO - [2025-06-17T12:47:38.729+0530] {dag.py:3036} INFO - Sync 1 DAGs
[2025-06-17T12:47:38.741+0530] {logging_mixin.py:188} INFO - [2025-06-17T12:47:38.741+0530] {dag.py:3823} INFO - Setting next_dagrun for example_setup_teardown to 2025-06-16 00:00:00+00:00, run_after=2025-06-17 00:00:00+00:00
[2025-06-17T12:47:38.761+0530] {processor.py:183} INFO - Processing /home/priya/projects/snowflake_twitter_pipeline/venv/lib/python3.10/site-packages/airflow/example_dags/example_setup_teardown.py took 0.051 seconds
[2025-06-17T12:48:24.935+0530] {processor.py:161} INFO - Started process (PID=1687) to work on /home/priya/projects/snowflake_twitter_pipeline/venv/lib/python3.10/site-packages/airflow/example_dags/example_setup_teardown.py
[2025-06-17T12:48:24.945+0530] {processor.py:830} INFO - Processing file /home/priya/projects/snowflake_twitter_pipeline/venv/lib/python3.10/site-packages/airflow/example_dags/example_setup_teardown.py for tasks to queue
[2025-06-17T12:48:24.951+0530] {logging_mixin.py:188} INFO - [2025-06-17T12:48:24.949+0530] {dagbag.py:538} INFO - Filling up the DagBag from /home/priya/projects/snowflake_twitter_pipeline/venv/lib/python3.10/site-packages/airflow/example_dags/example_setup_teardown.py
[2025-06-17T12:48:24.985+0530] {processor.py:840} INFO - DAG(s) 'example_setup_teardown' retrieved from /home/priya/projects/snowflake_twitter_pipeline/venv/lib/python3.10/site-packages/airflow/example_dags/example_setup_teardown.py
[2025-06-17T12:48:25.043+0530] {logging_mixin.py:188} INFO - [2025-06-17T12:48:25.043+0530] {dag.py:3036} INFO - Sync 1 DAGs
[2025-06-17T12:48:25.077+0530] {logging_mixin.py:188} INFO - [2025-06-17T12:48:25.076+0530] {dag.py:3823} INFO - Setting next_dagrun for example_setup_teardown to 2025-06-16 00:00:00+00:00, run_after=2025-06-17 00:00:00+00:00
[2025-06-17T12:48:25.098+0530] {processor.py:183} INFO - Processing /home/priya/projects/snowflake_twitter_pipeline/venv/lib/python3.10/site-packages/airflow/example_dags/example_setup_teardown.py took 0.173 seconds
[2025-06-17T12:49:17.548+0530] {processor.py:161} INFO - Started process (PID=1941) to work on /home/priya/projects/snowflake_twitter_pipeline/venv/lib/python3.10/site-packages/airflow/example_dags/example_setup_teardown.py
[2025-06-17T12:49:17.557+0530] {processor.py:830} INFO - Processing file /home/priya/projects/snowflake_twitter_pipeline/venv/lib/python3.10/site-packages/airflow/example_dags/example_setup_teardown.py for tasks to queue
[2025-06-17T12:49:17.559+0530] {logging_mixin.py:188} INFO - [2025-06-17T12:49:17.558+0530] {dagbag.py:538} INFO - Filling up the DagBag from /home/priya/projects/snowflake_twitter_pipeline/venv/lib/python3.10/site-packages/airflow/example_dags/example_setup_teardown.py
[2025-06-17T12:49:17.568+0530] {processor.py:840} INFO - DAG(s) 'example_setup_teardown' retrieved from /home/priya/projects/snowflake_twitter_pipeline/venv/lib/python3.10/site-packages/airflow/example_dags/example_setup_teardown.py
[2025-06-17T12:49:17.580+0530] {logging_mixin.py:188} INFO - [2025-06-17T12:49:17.580+0530] {dag.py:3036} INFO - Sync 1 DAGs
[2025-06-17T12:49:17.593+0530] {logging_mixin.py:188} INFO - [2025-06-17T12:49:17.593+0530] {dag.py:3823} INFO - Setting next_dagrun for example_setup_teardown to 2025-06-16 00:00:00+00:00, run_after=2025-06-17 00:00:00+00:00
[2025-06-17T12:49:17.610+0530] {processor.py:183} INFO - Processing /home/priya/projects/snowflake_twitter_pipeline/venv/lib/python3.10/site-packages/airflow/example_dags/example_setup_teardown.py took 0.064 seconds
[2025-06-17T12:50:03.837+0530] {processor.py:161} INFO - Started process (PID=2146) to work on /home/priya/projects/snowflake_twitter_pipeline/venv/lib/python3.10/site-packages/airflow/example_dags/example_setup_teardown.py
[2025-06-17T12:50:03.846+0530] {processor.py:830} INFO - Processing file /home/priya/projects/snowflake_twitter_pipeline/venv/lib/python3.10/site-packages/airflow/example_dags/example_setup_teardown.py for tasks to queue
[2025-06-17T12:50:03.847+0530] {logging_mixin.py:188} INFO - [2025-06-17T12:50:03.847+0530] {dagbag.py:538} INFO - Filling up the DagBag from /home/priya/projects/snowflake_twitter_pipeline/venv/lib/python3.10/site-packages/airflow/example_dags/example_setup_teardown.py
[2025-06-17T12:50:03.853+0530] {processor.py:840} INFO - DAG(s) 'example_setup_teardown' retrieved from /home/priya/projects/snowflake_twitter_pipeline/venv/lib/python3.10/site-packages/airflow/example_dags/example_setup_teardown.py
[2025-06-17T12:50:03.869+0530] {logging_mixin.py:188} INFO - [2025-06-17T12:50:03.868+0530] {dag.py:3036} INFO - Sync 1 DAGs
[2025-06-17T12:50:03.890+0530] {logging_mixin.py:188} INFO - [2025-06-17T12:50:03.889+0530] {dag.py:3823} INFO - Setting next_dagrun for example_setup_teardown to 2025-06-16 00:00:00+00:00, run_after=2025-06-17 00:00:00+00:00
[2025-06-17T12:50:03.912+0530] {processor.py:183} INFO - Processing /home/priya/projects/snowflake_twitter_pipeline/venv/lib/python3.10/site-packages/airflow/example_dags/example_setup_teardown.py took 0.077 seconds
[2025-06-17T12:50:52.789+0530] {processor.py:161} INFO - Started process (PID=2380) to work on /home/priya/projects/snowflake_twitter_pipeline/venv/lib/python3.10/site-packages/airflow/example_dags/example_setup_teardown.py
[2025-06-17T12:50:52.791+0530] {processor.py:830} INFO - Processing file /home/priya/projects/snowflake_twitter_pipeline/venv/lib/python3.10/site-packages/airflow/example_dags/example_setup_teardown.py for tasks to queue
[2025-06-17T12:50:52.791+0530] {logging_mixin.py:188} INFO - [2025-06-17T12:50:52.791+0530] {dagbag.py:538} INFO - Filling up the DagBag from /home/priya/projects/snowflake_twitter_pipeline/venv/lib/python3.10/site-packages/airflow/example_dags/example_setup_teardown.py
[2025-06-17T12:50:52.796+0530] {processor.py:840} INFO - DAG(s) 'example_setup_teardown' retrieved from /home/priya/projects/snowflake_twitter_pipeline/venv/lib/python3.10/site-packages/airflow/example_dags/example_setup_teardown.py
[2025-06-17T12:50:52.807+0530] {logging_mixin.py:188} INFO - [2025-06-17T12:50:52.807+0530] {dag.py:3036} INFO - Sync 1 DAGs
[2025-06-17T12:50:52.821+0530] {logging_mixin.py:188} INFO - [2025-06-17T12:50:52.820+0530] {dag.py:3823} INFO - Setting next_dagrun for example_setup_teardown to 2025-06-16 00:00:00+00:00, run_after=2025-06-17 00:00:00+00:00
[2025-06-17T12:50:52.839+0530] {processor.py:183} INFO - Processing /home/priya/projects/snowflake_twitter_pipeline/venv/lib/python3.10/site-packages/airflow/example_dags/example_setup_teardown.py took 0.052 seconds
[2025-06-17T12:51:44.184+0530] {processor.py:161} INFO - Started process (PID=2606) to work on /home/priya/projects/snowflake_twitter_pipeline/venv/lib/python3.10/site-packages/airflow/example_dags/example_setup_teardown.py
[2025-06-17T12:51:44.193+0530] {processor.py:830} INFO - Processing file /home/priya/projects/snowflake_twitter_pipeline/venv/lib/python3.10/site-packages/airflow/example_dags/example_setup_teardown.py for tasks to queue
[2025-06-17T12:51:44.194+0530] {logging_mixin.py:188} INFO - [2025-06-17T12:51:44.194+0530] {dagbag.py:538} INFO - Filling up the DagBag from /home/priya/projects/snowflake_twitter_pipeline/venv/lib/python3.10/site-packages/airflow/example_dags/example_setup_teardown.py
[2025-06-17T12:51:44.201+0530] {processor.py:840} INFO - DAG(s) 'example_setup_teardown' retrieved from /home/priya/projects/snowflake_twitter_pipeline/venv/lib/python3.10/site-packages/airflow/example_dags/example_setup_teardown.py
[2025-06-17T12:51:44.210+0530] {logging_mixin.py:188} INFO - [2025-06-17T12:51:44.210+0530] {dag.py:3036} INFO - Sync 1 DAGs
[2025-06-17T12:51:44.222+0530] {logging_mixin.py:188} INFO - [2025-06-17T12:51:44.222+0530] {dag.py:3823} INFO - Setting next_dagrun for example_setup_teardown to 2025-06-16 00:00:00+00:00, run_after=2025-06-17 00:00:00+00:00
[2025-06-17T12:51:44.239+0530] {processor.py:183} INFO - Processing /home/priya/projects/snowflake_twitter_pipeline/venv/lib/python3.10/site-packages/airflow/example_dags/example_setup_teardown.py took 0.059 seconds
[2025-06-17T12:52:35.794+0530] {processor.py:161} INFO - Started process (PID=2851) to work on /home/priya/projects/snowflake_twitter_pipeline/venv/lib/python3.10/site-packages/airflow/example_dags/example_setup_teardown.py
[2025-06-17T12:52:35.796+0530] {processor.py:830} INFO - Processing file /home/priya/projects/snowflake_twitter_pipeline/venv/lib/python3.10/site-packages/airflow/example_dags/example_setup_teardown.py for tasks to queue
[2025-06-17T12:52:35.796+0530] {logging_mixin.py:188} INFO - [2025-06-17T12:52:35.796+0530] {dagbag.py:538} INFO - Filling up the DagBag from /home/priya/projects/snowflake_twitter_pipeline/venv/lib/python3.10/site-packages/airflow/example_dags/example_setup_teardown.py
[2025-06-17T12:52:35.801+0530] {processor.py:840} INFO - DAG(s) 'example_setup_teardown' retrieved from /home/priya/projects/snowflake_twitter_pipeline/venv/lib/python3.10/site-packages/airflow/example_dags/example_setup_teardown.py
[2025-06-17T12:52:35.813+0530] {logging_mixin.py:188} INFO - [2025-06-17T12:52:35.813+0530] {dag.py:3036} INFO - Sync 1 DAGs
[2025-06-17T12:52:35.828+0530] {logging_mixin.py:188} INFO - [2025-06-17T12:52:35.828+0530] {dag.py:3823} INFO - Setting next_dagrun for example_setup_teardown to 2025-06-16 00:00:00+00:00, run_after=2025-06-17 00:00:00+00:00
[2025-06-17T12:52:35.846+0530] {processor.py:183} INFO - Processing /home/priya/projects/snowflake_twitter_pipeline/venv/lib/python3.10/site-packages/airflow/example_dags/example_setup_teardown.py took 0.054 seconds
[2025-06-17T12:53:30.053+0530] {processor.py:161} INFO - Started process (PID=3060) to work on /home/priya/projects/snowflake_twitter_pipeline/venv/lib/python3.10/site-packages/airflow/example_dags/example_setup_teardown.py
[2025-06-17T12:53:30.054+0530] {processor.py:830} INFO - Processing file /home/priya/projects/snowflake_twitter_pipeline/venv/lib/python3.10/site-packages/airflow/example_dags/example_setup_teardown.py for tasks to queue
[2025-06-17T12:53:30.055+0530] {logging_mixin.py:188} INFO - [2025-06-17T12:53:30.055+0530] {dagbag.py:538} INFO - Filling up the DagBag from /home/priya/projects/snowflake_twitter_pipeline/venv/lib/python3.10/site-packages/airflow/example_dags/example_setup_teardown.py
[2025-06-17T12:53:30.063+0530] {processor.py:840} INFO - DAG(s) 'example_setup_teardown' retrieved from /home/priya/projects/snowflake_twitter_pipeline/venv/lib/python3.10/site-packages/airflow/example_dags/example_setup_teardown.py
[2025-06-17T12:53:30.077+0530] {logging_mixin.py:188} INFO - [2025-06-17T12:53:30.077+0530] {dag.py:3036} INFO - Sync 1 DAGs
[2025-06-17T12:53:30.096+0530] {logging_mixin.py:188} INFO - [2025-06-17T12:53:30.096+0530] {dag.py:3823} INFO - Setting next_dagrun for example_setup_teardown to 2025-06-16 00:00:00+00:00, run_after=2025-06-17 00:00:00+00:00
[2025-06-17T12:53:30.118+0530] {processor.py:183} INFO - Processing /home/priya/projects/snowflake_twitter_pipeline/venv/lib/python3.10/site-packages/airflow/example_dags/example_setup_teardown.py took 0.069 seconds
[2025-06-17T12:54:21.615+0530] {processor.py:161} INFO - Started process (PID=3154) to work on /home/priya/projects/snowflake_twitter_pipeline/venv/lib/python3.10/site-packages/airflow/example_dags/example_setup_teardown.py
[2025-06-17T12:54:21.617+0530] {processor.py:830} INFO - Processing file /home/priya/projects/snowflake_twitter_pipeline/venv/lib/python3.10/site-packages/airflow/example_dags/example_setup_teardown.py for tasks to queue
[2025-06-17T12:54:21.618+0530] {logging_mixin.py:188} INFO - [2025-06-17T12:54:21.618+0530] {dagbag.py:538} INFO - Filling up the DagBag from /home/priya/projects/snowflake_twitter_pipeline/venv/lib/python3.10/site-packages/airflow/example_dags/example_setup_teardown.py
[2025-06-17T12:54:21.624+0530] {processor.py:840} INFO - DAG(s) 'example_setup_teardown' retrieved from /home/priya/projects/snowflake_twitter_pipeline/venv/lib/python3.10/site-packages/airflow/example_dags/example_setup_teardown.py
[2025-06-17T12:54:21.636+0530] {logging_mixin.py:188} INFO - [2025-06-17T12:54:21.636+0530] {dag.py:3036} INFO - Sync 1 DAGs
[2025-06-17T12:54:21.650+0530] {logging_mixin.py:188} INFO - [2025-06-17T12:54:21.650+0530] {dag.py:3823} INFO - Setting next_dagrun for example_setup_teardown to 2025-06-16 00:00:00+00:00, run_after=2025-06-17 00:00:00+00:00
[2025-06-17T12:54:21.669+0530] {processor.py:183} INFO - Processing /home/priya/projects/snowflake_twitter_pipeline/venv/lib/python3.10/site-packages/airflow/example_dags/example_setup_teardown.py took 0.057 seconds
[2025-06-17T12:55:01.557+0530] {processor.py:161} INFO - Started process (PID=3318) to work on /home/priya/projects/snowflake_twitter_pipeline/venv/lib/python3.10/site-packages/airflow/example_dags/example_setup_teardown.py
[2025-06-17T12:55:01.566+0530] {processor.py:830} INFO - Processing file /home/priya/projects/snowflake_twitter_pipeline/venv/lib/python3.10/site-packages/airflow/example_dags/example_setup_teardown.py for tasks to queue
[2025-06-17T12:55:01.567+0530] {logging_mixin.py:188} INFO - [2025-06-17T12:55:01.566+0530] {dagbag.py:538} INFO - Filling up the DagBag from /home/priya/projects/snowflake_twitter_pipeline/venv/lib/python3.10/site-packages/airflow/example_dags/example_setup_teardown.py
[2025-06-17T12:55:01.572+0530] {processor.py:840} INFO - DAG(s) 'example_setup_teardown' retrieved from /home/priya/projects/snowflake_twitter_pipeline/venv/lib/python3.10/site-packages/airflow/example_dags/example_setup_teardown.py
[2025-06-17T12:55:01.581+0530] {logging_mixin.py:188} INFO - [2025-06-17T12:55:01.581+0530] {dag.py:3036} INFO - Sync 1 DAGs
[2025-06-17T12:55:01.593+0530] {logging_mixin.py:188} INFO - [2025-06-17T12:55:01.593+0530] {dag.py:3823} INFO - Setting next_dagrun for example_setup_teardown to 2025-06-16 00:00:00+00:00, run_after=2025-06-17 00:00:00+00:00
[2025-06-17T12:55:01.619+0530] {processor.py:183} INFO - Processing /home/priya/projects/snowflake_twitter_pipeline/venv/lib/python3.10/site-packages/airflow/example_dags/example_setup_teardown.py took 0.064 seconds
