[2025-06-17T12:43:00.383+0530] {processor.py:161} INFO - Started process (PID=458) to work on /home/priya/projects/snowflake_twitter_pipeline/venv/lib/python3.10/site-packages/airflow/example_dags/example_params_trigger_ui.py
[2025-06-17T12:43:00.383+0530] {processor.py:830} INFO - Processing file /home/priya/projects/snowflake_twitter_pipeline/venv/lib/python3.10/site-packages/airflow/example_dags/example_params_trigger_ui.py for tasks to queue
[2025-06-17T12:43:00.384+0530] {logging_mixin.py:188} INFO - [2025-06-17T12:43:00.384+0530] {dagbag.py:538} INFO - Filling up the DagBag from /home/priya/projects/snowflake_twitter_pipeline/venv/lib/python3.10/site-packages/airflow/example_dags/example_params_trigger_ui.py
[2025-06-17T12:43:00.460+0530] {processor.py:840} INFO - DAG(s) 'example_params_trigger_ui' retrieved from /home/priya/projects/snowflake_twitter_pipeline/venv/lib/python3.10/site-packages/airflow/example_dags/example_params_trigger_ui.py
[2025-06-17T12:43:00.551+0530] {logging_mixin.py:188} INFO - [2025-06-17T12:43:00.550+0530] {override.py:1769} INFO - Created Permission View: can edit on DAG:example_params_trigger_ui
[2025-06-17T12:43:00.563+0530] {logging_mixin.py:188} INFO - [2025-06-17T12:43:00.562+0530] {override.py:1769} INFO - Created Permission View: can delete on DAG:example_params_trigger_ui
[2025-06-17T12:43:00.573+0530] {logging_mixin.py:188} INFO - [2025-06-17T12:43:00.573+0530] {override.py:1769} INFO - Created Permission View: can read on DAG:example_params_trigger_ui
[2025-06-17T12:43:00.574+0530] {logging_mixin.py:188} INFO - [2025-06-17T12:43:00.574+0530] {dag.py:3036} INFO - Sync 1 DAGs
[2025-06-17T12:43:00.580+0530] {logging_mixin.py:188} INFO - [2025-06-17T12:43:00.580+0530] {dag.py:3058} INFO - Creating ORM DAG for example_params_trigger_ui
[2025-06-17T12:43:00.580+0530] {logging_mixin.py:188} INFO - [2025-06-17T12:43:00.580+0530] {dag.py:3823} INFO - Setting next_dagrun for example_params_trigger_ui to None, run_after=None
[2025-06-17T12:43:00.602+0530] {processor.py:183} INFO - Processing /home/priya/projects/snowflake_twitter_pipeline/venv/lib/python3.10/site-packages/airflow/example_dags/example_params_trigger_ui.py took 0.222 seconds
[2025-06-17T12:43:50.365+0530] {processor.py:161} INFO - Started process (PID=522) to work on /home/priya/projects/snowflake_twitter_pipeline/venv/lib/python3.10/site-packages/airflow/example_dags/example_params_trigger_ui.py
[2025-06-17T12:43:50.374+0530] {processor.py:830} INFO - Processing file /home/priya/projects/snowflake_twitter_pipeline/venv/lib/python3.10/site-packages/airflow/example_dags/example_params_trigger_ui.py for tasks to queue
[2025-06-17T12:43:50.375+0530] {logging_mixin.py:188} INFO - [2025-06-17T12:43:50.375+0530] {dagbag.py:538} INFO - Filling up the DagBag from /home/priya/projects/snowflake_twitter_pipeline/venv/lib/python3.10/site-packages/airflow/example_dags/example_params_trigger_ui.py
[2025-06-17T12:43:50.388+0530] {processor.py:840} INFO - DAG(s) 'example_params_trigger_ui' retrieved from /home/priya/projects/snowflake_twitter_pipeline/venv/lib/python3.10/site-packages/airflow/example_dags/example_params_trigger_ui.py
[2025-06-17T12:43:50.413+0530] {logging_mixin.py:188} INFO - [2025-06-17T12:43:50.413+0530] {dag.py:3036} INFO - Sync 1 DAGs
[2025-06-17T12:43:50.420+0530] {logging_mixin.py:188} INFO - [2025-06-17T12:43:50.420+0530] {dag.py:3823} INFO - Setting next_dagrun for example_params_trigger_ui to None, run_after=None
[2025-06-17T12:43:50.437+0530] {processor.py:183} INFO - Processing /home/priya/projects/snowflake_twitter_pipeline/venv/lib/python3.10/site-packages/airflow/example_dags/example_params_trigger_ui.py took 0.074 seconds
[2025-06-17T12:44:47.842+0530] {processor.py:161} INFO - Started process (PID=613) to work on /home/priya/projects/snowflake_twitter_pipeline/venv/lib/python3.10/site-packages/airflow/example_dags/example_params_trigger_ui.py
[2025-06-17T12:44:47.852+0530] {processor.py:830} INFO - Processing file /home/priya/projects/snowflake_twitter_pipeline/venv/lib/python3.10/site-packages/airflow/example_dags/example_params_trigger_ui.py for tasks to queue
[2025-06-17T12:44:47.853+0530] {logging_mixin.py:188} INFO - [2025-06-17T12:44:47.852+0530] {dagbag.py:538} INFO - Filling up the DagBag from /home/priya/projects/snowflake_twitter_pipeline/venv/lib/python3.10/site-packages/airflow/example_dags/example_params_trigger_ui.py
[2025-06-17T12:44:47.871+0530] {processor.py:840} INFO - DAG(s) 'example_params_trigger_ui' retrieved from /home/priya/projects/snowflake_twitter_pipeline/venv/lib/python3.10/site-packages/airflow/example_dags/example_params_trigger_ui.py
[2025-06-17T12:44:47.895+0530] {logging_mixin.py:188} INFO - [2025-06-17T12:44:47.895+0530] {dag.py:3036} INFO - Sync 1 DAGs
[2025-06-17T12:44:47.904+0530] {logging_mixin.py:188} INFO - [2025-06-17T12:44:47.904+0530] {dag.py:3823} INFO - Setting next_dagrun for example_params_trigger_ui to None, run_after=None
[2025-06-17T12:44:47.921+0530] {processor.py:183} INFO - Processing /home/priya/projects/snowflake_twitter_pipeline/venv/lib/python3.10/site-packages/airflow/example_dags/example_params_trigger_ui.py took 0.081 seconds
[2025-06-17T12:46:23.738+0530] {processor.py:161} INFO - Started process (PID=708) to work on /home/priya/projects/snowflake_twitter_pipeline/venv/lib/python3.10/site-packages/airflow/example_dags/example_params_trigger_ui.py
[2025-06-17T12:46:23.740+0530] {processor.py:830} INFO - Processing file /home/priya/projects/snowflake_twitter_pipeline/venv/lib/python3.10/site-packages/airflow/example_dags/example_params_trigger_ui.py for tasks to queue
[2025-06-17T12:46:23.741+0530] {logging_mixin.py:188} INFO - [2025-06-17T12:46:23.740+0530] {dagbag.py:538} INFO - Filling up the DagBag from /home/priya/projects/snowflake_twitter_pipeline/venv/lib/python3.10/site-packages/airflow/example_dags/example_params_trigger_ui.py
[2025-06-17T12:46:23.815+0530] {processor.py:840} INFO - DAG(s) 'example_params_trigger_ui' retrieved from /home/priya/projects/snowflake_twitter_pipeline/venv/lib/python3.10/site-packages/airflow/example_dags/example_params_trigger_ui.py
[2025-06-17T12:46:23.833+0530] {logging_mixin.py:188} INFO - [2025-06-17T12:46:23.833+0530] {dag.py:3036} INFO - Sync 1 DAGs
[2025-06-17T12:46:23.838+0530] {logging_mixin.py:188} INFO - [2025-06-17T12:46:23.838+0530] {dag.py:3823} INFO - Setting next_dagrun for example_params_trigger_ui to None, run_after=None
[2025-06-17T12:46:23.852+0530] {processor.py:183} INFO - Processing /home/priya/projects/snowflake_twitter_pipeline/venv/lib/python3.10/site-packages/airflow/example_dags/example_params_trigger_ui.py took 0.116 seconds
[2025-06-17T12:47:25.567+0530] {processor.py:161} INFO - Started process (PID=1425) to work on /home/priya/projects/snowflake_twitter_pipeline/venv/lib/python3.10/site-packages/airflow/example_dags/example_params_trigger_ui.py
[2025-06-17T12:47:25.569+0530] {processor.py:830} INFO - Processing file /home/priya/projects/snowflake_twitter_pipeline/venv/lib/python3.10/site-packages/airflow/example_dags/example_params_trigger_ui.py for tasks to queue
[2025-06-17T12:47:25.570+0530] {logging_mixin.py:188} INFO - [2025-06-17T12:47:25.569+0530] {dagbag.py:538} INFO - Filling up the DagBag from /home/priya/projects/snowflake_twitter_pipeline/venv/lib/python3.10/site-packages/airflow/example_dags/example_params_trigger_ui.py
[2025-06-17T12:47:25.582+0530] {processor.py:840} INFO - DAG(s) 'example_params_trigger_ui' retrieved from /home/priya/projects/snowflake_twitter_pipeline/venv/lib/python3.10/site-packages/airflow/example_dags/example_params_trigger_ui.py
[2025-06-17T12:47:25.608+0530] {logging_mixin.py:188} INFO - [2025-06-17T12:47:25.607+0530] {dag.py:3036} INFO - Sync 1 DAGs
[2025-06-17T12:47:25.615+0530] {logging_mixin.py:188} INFO - [2025-06-17T12:47:25.614+0530] {dag.py:3823} INFO - Setting next_dagrun for example_params_trigger_ui to None, run_after=None
[2025-06-17T12:47:25.631+0530] {processor.py:183} INFO - Processing /home/priya/projects/snowflake_twitter_pipeline/venv/lib/python3.10/site-packages/airflow/example_dags/example_params_trigger_ui.py took 0.066 seconds
[2025-06-17T12:48:13.058+0530] {processor.py:161} INFO - Started process (PID=1638) to work on /home/priya/projects/snowflake_twitter_pipeline/venv/lib/python3.10/site-packages/airflow/example_dags/example_params_trigger_ui.py
[2025-06-17T12:48:13.061+0530] {processor.py:830} INFO - Processing file /home/priya/projects/snowflake_twitter_pipeline/venv/lib/python3.10/site-packages/airflow/example_dags/example_params_trigger_ui.py for tasks to queue
[2025-06-17T12:48:13.061+0530] {logging_mixin.py:188} INFO - [2025-06-17T12:48:13.061+0530] {dagbag.py:538} INFO - Filling up the DagBag from /home/priya/projects/snowflake_twitter_pipeline/venv/lib/python3.10/site-packages/airflow/example_dags/example_params_trigger_ui.py
[2025-06-17T12:48:13.072+0530] {processor.py:840} INFO - DAG(s) 'example_params_trigger_ui' retrieved from /home/priya/projects/snowflake_twitter_pipeline/venv/lib/python3.10/site-packages/airflow/example_dags/example_params_trigger_ui.py
[2025-06-17T12:48:13.094+0530] {logging_mixin.py:188} INFO - [2025-06-17T12:48:13.094+0530] {dag.py:3036} INFO - Sync 1 DAGs
[2025-06-17T12:48:13.101+0530] {logging_mixin.py:188} INFO - [2025-06-17T12:48:13.101+0530] {dag.py:3823} INFO - Setting next_dagrun for example_params_trigger_ui to None, run_after=None
[2025-06-17T12:48:13.118+0530] {processor.py:183} INFO - Processing /home/priya/projects/snowflake_twitter_pipeline/venv/lib/python3.10/site-packages/airflow/example_dags/example_params_trigger_ui.py took 0.062 seconds
[2025-06-17T12:49:03.842+0530] {processor.py:161} INFO - Started process (PID=1869) to work on /home/priya/projects/snowflake_twitter_pipeline/venv/lib/python3.10/site-packages/airflow/example_dags/example_params_trigger_ui.py
[2025-06-17T12:49:03.851+0530] {processor.py:830} INFO - Processing file /home/priya/projects/snowflake_twitter_pipeline/venv/lib/python3.10/site-packages/airflow/example_dags/example_params_trigger_ui.py for tasks to queue
[2025-06-17T12:49:03.852+0530] {logging_mixin.py:188} INFO - [2025-06-17T12:49:03.851+0530] {dagbag.py:538} INFO - Filling up the DagBag from /home/priya/projects/snowflake_twitter_pipeline/venv/lib/python3.10/site-packages/airflow/example_dags/example_params_trigger_ui.py
[2025-06-17T12:49:03.864+0530] {processor.py:840} INFO - DAG(s) 'example_params_trigger_ui' retrieved from /home/priya/projects/snowflake_twitter_pipeline/venv/lib/python3.10/site-packages/airflow/example_dags/example_params_trigger_ui.py
[2025-06-17T12:49:03.895+0530] {logging_mixin.py:188} INFO - [2025-06-17T12:49:03.895+0530] {dag.py:3036} INFO - Sync 1 DAGs
[2025-06-17T12:49:03.903+0530] {logging_mixin.py:188} INFO - [2025-06-17T12:49:03.903+0530] {dag.py:3823} INFO - Setting next_dagrun for example_params_trigger_ui to None, run_after=None
[2025-06-17T12:49:03.928+0530] {processor.py:183} INFO - Processing /home/priya/projects/snowflake_twitter_pipeline/venv/lib/python3.10/site-packages/airflow/example_dags/example_params_trigger_ui.py took 0.088 seconds
[2025-06-17T12:49:51.798+0530] {processor.py:161} INFO - Started process (PID=2103) to work on /home/priya/projects/snowflake_twitter_pipeline/venv/lib/python3.10/site-packages/airflow/example_dags/example_params_trigger_ui.py
[2025-06-17T12:49:51.801+0530] {processor.py:830} INFO - Processing file /home/priya/projects/snowflake_twitter_pipeline/venv/lib/python3.10/site-packages/airflow/example_dags/example_params_trigger_ui.py for tasks to queue
[2025-06-17T12:49:51.802+0530] {logging_mixin.py:188} INFO - [2025-06-17T12:49:51.801+0530] {dagbag.py:538} INFO - Filling up the DagBag from /home/priya/projects/snowflake_twitter_pipeline/venv/lib/python3.10/site-packages/airflow/example_dags/example_params_trigger_ui.py
[2025-06-17T12:49:51.814+0530] {processor.py:840} INFO - DAG(s) 'example_params_trigger_ui' retrieved from /home/priya/projects/snowflake_twitter_pipeline/venv/lib/python3.10/site-packages/airflow/example_dags/example_params_trigger_ui.py
[2025-06-17T12:49:51.847+0530] {logging_mixin.py:188} INFO - [2025-06-17T12:49:51.847+0530] {dag.py:3036} INFO - Sync 1 DAGs
[2025-06-17T12:49:51.857+0530] {logging_mixin.py:188} INFO - [2025-06-17T12:49:51.857+0530] {dag.py:3823} INFO - Setting next_dagrun for example_params_trigger_ui to None, run_after=None
[2025-06-17T12:49:51.879+0530] {processor.py:183} INFO - Processing /home/priya/projects/snowflake_twitter_pipeline/venv/lib/python3.10/site-packages/airflow/example_dags/example_params_trigger_ui.py took 0.083 seconds
[2025-06-17T12:50:43.178+0530] {processor.py:161} INFO - Started process (PID=2328) to work on /home/priya/projects/snowflake_twitter_pipeline/venv/lib/python3.10/site-packages/airflow/example_dags/example_params_trigger_ui.py
[2025-06-17T12:50:43.180+0530] {processor.py:830} INFO - Processing file /home/priya/projects/snowflake_twitter_pipeline/venv/lib/python3.10/site-packages/airflow/example_dags/example_params_trigger_ui.py for tasks to queue
[2025-06-17T12:50:43.181+0530] {logging_mixin.py:188} INFO - [2025-06-17T12:50:43.181+0530] {dagbag.py:538} INFO - Filling up the DagBag from /home/priya/projects/snowflake_twitter_pipeline/venv/lib/python3.10/site-packages/airflow/example_dags/example_params_trigger_ui.py
[2025-06-17T12:50:43.195+0530] {processor.py:840} INFO - DAG(s) 'example_params_trigger_ui' retrieved from /home/priya/projects/snowflake_twitter_pipeline/venv/lib/python3.10/site-packages/airflow/example_dags/example_params_trigger_ui.py
[2025-06-17T12:50:43.225+0530] {logging_mixin.py:188} INFO - [2025-06-17T12:50:43.225+0530] {dag.py:3036} INFO - Sync 1 DAGs
[2025-06-17T12:50:43.235+0530] {logging_mixin.py:188} INFO - [2025-06-17T12:50:43.234+0530] {dag.py:3823} INFO - Setting next_dagrun for example_params_trigger_ui to None, run_after=None
[2025-06-17T12:50:43.257+0530] {processor.py:183} INFO - Processing /home/priya/projects/snowflake_twitter_pipeline/venv/lib/python3.10/site-packages/airflow/example_dags/example_params_trigger_ui.py took 0.082 seconds
[2025-06-17T12:51:31.576+0530] {processor.py:161} INFO - Started process (PID=2554) to work on /home/priya/projects/snowflake_twitter_pipeline/venv/lib/python3.10/site-packages/airflow/example_dags/example_params_trigger_ui.py
[2025-06-17T12:51:31.577+0530] {processor.py:830} INFO - Processing file /home/priya/projects/snowflake_twitter_pipeline/venv/lib/python3.10/site-packages/airflow/example_dags/example_params_trigger_ui.py for tasks to queue
[2025-06-17T12:51:31.578+0530] {logging_mixin.py:188} INFO - [2025-06-17T12:51:31.578+0530] {dagbag.py:538} INFO - Filling up the DagBag from /home/priya/projects/snowflake_twitter_pipeline/venv/lib/python3.10/site-packages/airflow/example_dags/example_params_trigger_ui.py
[2025-06-17T12:51:31.589+0530] {processor.py:840} INFO - DAG(s) 'example_params_trigger_ui' retrieved from /home/priya/projects/snowflake_twitter_pipeline/venv/lib/python3.10/site-packages/airflow/example_dags/example_params_trigger_ui.py
[2025-06-17T12:51:31.614+0530] {logging_mixin.py:188} INFO - [2025-06-17T12:51:31.614+0530] {dag.py:3036} INFO - Sync 1 DAGs
[2025-06-17T12:51:31.621+0530] {logging_mixin.py:188} INFO - [2025-06-17T12:51:31.621+0530] {dag.py:3823} INFO - Setting next_dagrun for example_params_trigger_ui to None, run_after=None
[2025-06-17T12:51:31.638+0530] {processor.py:183} INFO - Processing /home/priya/projects/snowflake_twitter_pipeline/venv/lib/python3.10/site-packages/airflow/example_dags/example_params_trigger_ui.py took 0.066 seconds
[2025-06-17T12:52:23.208+0530] {processor.py:161} INFO - Started process (PID=2776) to work on /home/priya/projects/snowflake_twitter_pipeline/venv/lib/python3.10/site-packages/airflow/example_dags/example_params_trigger_ui.py
[2025-06-17T12:52:23.217+0530] {processor.py:830} INFO - Processing file /home/priya/projects/snowflake_twitter_pipeline/venv/lib/python3.10/site-packages/airflow/example_dags/example_params_trigger_ui.py for tasks to queue
[2025-06-17T12:52:23.217+0530] {logging_mixin.py:188} INFO - [2025-06-17T12:52:23.217+0530] {dagbag.py:538} INFO - Filling up the DagBag from /home/priya/projects/snowflake_twitter_pipeline/venv/lib/python3.10/site-packages/airflow/example_dags/example_params_trigger_ui.py
[2025-06-17T12:52:23.226+0530] {processor.py:840} INFO - DAG(s) 'example_params_trigger_ui' retrieved from /home/priya/projects/snowflake_twitter_pipeline/venv/lib/python3.10/site-packages/airflow/example_dags/example_params_trigger_ui.py
[2025-06-17T12:52:23.255+0530] {logging_mixin.py:188} INFO - [2025-06-17T12:52:23.255+0530] {dag.py:3036} INFO - Sync 1 DAGs
[2025-06-17T12:52:23.264+0530] {logging_mixin.py:188} INFO - [2025-06-17T12:52:23.264+0530] {dag.py:3823} INFO - Setting next_dagrun for example_params_trigger_ui to None, run_after=None
[2025-06-17T12:52:23.281+0530] {processor.py:183} INFO - Processing /home/priya/projects/snowflake_twitter_pipeline/venv/lib/python3.10/site-packages/airflow/example_dags/example_params_trigger_ui.py took 0.076 seconds
[2025-06-17T12:53:16.565+0530] {processor.py:161} INFO - Started process (PID=3037) to work on /home/priya/projects/snowflake_twitter_pipeline/venv/lib/python3.10/site-packages/airflow/example_dags/example_params_trigger_ui.py
[2025-06-17T12:53:16.567+0530] {processor.py:830} INFO - Processing file /home/priya/projects/snowflake_twitter_pipeline/venv/lib/python3.10/site-packages/airflow/example_dags/example_params_trigger_ui.py for tasks to queue
[2025-06-17T12:53:16.568+0530] {logging_mixin.py:188} INFO - [2025-06-17T12:53:16.568+0530] {dagbag.py:538} INFO - Filling up the DagBag from /home/priya/projects/snowflake_twitter_pipeline/venv/lib/python3.10/site-packages/airflow/example_dags/example_params_trigger_ui.py
[2025-06-17T12:53:16.587+0530] {processor.py:840} INFO - DAG(s) 'example_params_trigger_ui' retrieved from /home/priya/projects/snowflake_twitter_pipeline/venv/lib/python3.10/site-packages/airflow/example_dags/example_params_trigger_ui.py
[2025-06-17T12:53:16.628+0530] {logging_mixin.py:188} INFO - [2025-06-17T12:53:16.628+0530] {dag.py:3036} INFO - Sync 1 DAGs
[2025-06-17T12:53:16.642+0530] {logging_mixin.py:188} INFO - [2025-06-17T12:53:16.642+0530] {dag.py:3823} INFO - Setting next_dagrun for example_params_trigger_ui to None, run_after=None
[2025-06-17T12:53:16.668+0530] {processor.py:183} INFO - Processing /home/priya/projects/snowflake_twitter_pipeline/venv/lib/python3.10/site-packages/airflow/example_dags/example_params_trigger_ui.py took 0.107 seconds
[2025-06-17T12:54:08.134+0530] {processor.py:161} INFO - Started process (PID=3121) to work on /home/priya/projects/snowflake_twitter_pipeline/venv/lib/python3.10/site-packages/airflow/example_dags/example_params_trigger_ui.py
[2025-06-17T12:54:08.143+0530] {processor.py:830} INFO - Processing file /home/priya/projects/snowflake_twitter_pipeline/venv/lib/python3.10/site-packages/airflow/example_dags/example_params_trigger_ui.py for tasks to queue
[2025-06-17T12:54:08.144+0530] {logging_mixin.py:188} INFO - [2025-06-17T12:54:08.143+0530] {dagbag.py:538} INFO - Filling up the DagBag from /home/priya/projects/snowflake_twitter_pipeline/venv/lib/python3.10/site-packages/airflow/example_dags/example_params_trigger_ui.py
[2025-06-17T12:54:08.153+0530] {processor.py:840} INFO - DAG(s) 'example_params_trigger_ui' retrieved from /home/priya/projects/snowflake_twitter_pipeline/venv/lib/python3.10/site-packages/airflow/example_dags/example_params_trigger_ui.py
[2025-06-17T12:54:08.177+0530] {logging_mixin.py:188} INFO - [2025-06-17T12:54:08.177+0530] {dag.py:3036} INFO - Sync 1 DAGs
[2025-06-17T12:54:08.184+0530] {logging_mixin.py:188} INFO - [2025-06-17T12:54:08.184+0530] {dag.py:3823} INFO - Setting next_dagrun for example_params_trigger_ui to None, run_after=None
[2025-06-17T12:54:08.205+0530] {processor.py:183} INFO - Processing /home/priya/projects/snowflake_twitter_pipeline/venv/lib/python3.10/site-packages/airflow/example_dags/example_params_trigger_ui.py took 0.073 seconds
[2025-06-17T12:55:02.712+0530] {processor.py:161} INFO - Started process (PID=3325) to work on /home/priya/projects/snowflake_twitter_pipeline/venv/lib/python3.10/site-packages/airflow/example_dags/example_params_trigger_ui.py
[2025-06-17T12:55:02.721+0530] {processor.py:830} INFO - Processing file /home/priya/projects/snowflake_twitter_pipeline/venv/lib/python3.10/site-packages/airflow/example_dags/example_params_trigger_ui.py for tasks to queue
[2025-06-17T12:55:02.723+0530] {logging_mixin.py:188} INFO - [2025-06-17T12:55:02.722+0530] {dagbag.py:538} INFO - Filling up the DagBag from /home/priya/projects/snowflake_twitter_pipeline/venv/lib/python3.10/site-packages/airflow/example_dags/example_params_trigger_ui.py
[2025-06-17T12:55:02.738+0530] {processor.py:840} INFO - DAG(s) 'example_params_trigger_ui' retrieved from /home/priya/projects/snowflake_twitter_pipeline/venv/lib/python3.10/site-packages/airflow/example_dags/example_params_trigger_ui.py
[2025-06-17T12:55:02.762+0530] {logging_mixin.py:188} INFO - [2025-06-17T12:55:02.762+0530] {dag.py:3036} INFO - Sync 1 DAGs
[2025-06-17T12:55:02.770+0530] {logging_mixin.py:188} INFO - [2025-06-17T12:55:02.770+0530] {dag.py:3823} INFO - Setting next_dagrun for example_params_trigger_ui to None, run_after=None
[2025-06-17T12:55:02.788+0530] {processor.py:183} INFO - Processing /home/priya/projects/snowflake_twitter_pipeline/venv/lib/python3.10/site-packages/airflow/example_dags/example_params_trigger_ui.py took 0.079 seconds
