[2025-06-17T12:43:06.980+0530] {processor.py:161} INFO - Started process (PID=464) to work on /home/priya/projects/snowflake_twitter_pipeline/venv/lib/python3.10/site-packages/airflow/example_dags/example_bash_operator.py
[2025-06-17T12:43:06.981+0530] {processor.py:830} INFO - Processing file /home/priya/projects/snowflake_twitter_pipeline/venv/lib/python3.10/site-packages/airflow/example_dags/example_bash_operator.py for tasks to queue
[2025-06-17T12:43:06.982+0530] {logging_mixin.py:188} INFO - [2025-06-17T12:43:06.981+0530] {dagbag.py:538} INFO - Filling up the DagBag from /home/priya/projects/snowflake_twitter_pipeline/venv/lib/python3.10/site-packages/airflow/example_dags/example_bash_operator.py
[2025-06-17T12:43:07.061+0530] {processor.py:840} INFO - DAG(s) 'example_bash_operator' retrieved from /home/priya/projects/snowflake_twitter_pipeline/venv/lib/python3.10/site-packages/airflow/example_dags/example_bash_operator.py
[2025-06-17T12:43:07.129+0530] {logging_mixin.py:188} INFO - [2025-06-17T12:43:07.128+0530] {override.py:1769} INFO - Created Permission View: can edit on DAG:example_bash_operator
[2025-06-17T12:43:07.139+0530] {logging_mixin.py:188} INFO - [2025-06-17T12:43:07.139+0530] {override.py:1769} INFO - Created Permission View: can delete on DAG:example_bash_operator
[2025-06-17T12:43:07.147+0530] {logging_mixin.py:188} INFO - [2025-06-17T12:43:07.147+0530] {override.py:1769} INFO - Created Permission View: can read on DAG:example_bash_operator
[2025-06-17T12:43:07.147+0530] {logging_mixin.py:188} INFO - [2025-06-17T12:43:07.147+0530] {dag.py:3036} INFO - Sync 1 DAGs
[2025-06-17T12:43:07.153+0530] {logging_mixin.py:188} INFO - [2025-06-17T12:43:07.153+0530] {dag.py:3058} INFO - Creating ORM DAG for example_bash_operator
[2025-06-17T12:43:07.158+0530] {logging_mixin.py:188} INFO - [2025-06-17T12:43:07.158+0530] {dag.py:3823} INFO - Setting next_dagrun for example_bash_operator to 2025-06-16 00:00:00+00:00, run_after=2025-06-17 00:00:00+00:00
[2025-06-17T12:43:07.175+0530] {processor.py:183} INFO - Processing /home/priya/projects/snowflake_twitter_pipeline/venv/lib/python3.10/site-packages/airflow/example_dags/example_bash_operator.py took 0.197 seconds
[2025-06-17T12:44:10.866+0530] {processor.py:161} INFO - Started process (PID=558) to work on /home/priya/projects/snowflake_twitter_pipeline/venv/lib/python3.10/site-packages/airflow/example_dags/example_bash_operator.py
[2025-06-17T12:44:10.875+0530] {processor.py:830} INFO - Processing file /home/priya/projects/snowflake_twitter_pipeline/venv/lib/python3.10/site-packages/airflow/example_dags/example_bash_operator.py for tasks to queue
[2025-06-17T12:44:10.876+0530] {logging_mixin.py:188} INFO - [2025-06-17T12:44:10.876+0530] {dagbag.py:538} INFO - Filling up the DagBag from /home/priya/projects/snowflake_twitter_pipeline/venv/lib/python3.10/site-packages/airflow/example_dags/example_bash_operator.py
[2025-06-17T12:44:10.886+0530] {processor.py:840} INFO - DAG(s) 'example_bash_operator' retrieved from /home/priya/projects/snowflake_twitter_pipeline/venv/lib/python3.10/site-packages/airflow/example_dags/example_bash_operator.py
[2025-06-17T12:44:10.903+0530] {logging_mixin.py:188} INFO - [2025-06-17T12:44:10.902+0530] {dag.py:3036} INFO - Sync 1 DAGs
[2025-06-17T12:44:10.917+0530] {logging_mixin.py:188} INFO - [2025-06-17T12:44:10.917+0530] {dag.py:3823} INFO - Setting next_dagrun for example_bash_operator to 2025-06-16 00:00:00+00:00, run_after=2025-06-17 00:00:00+00:00
[2025-06-17T12:44:10.934+0530] {processor.py:183} INFO - Processing /home/priya/projects/snowflake_twitter_pipeline/venv/lib/python3.10/site-packages/airflow/example_dags/example_bash_operator.py took 0.070 seconds
[2025-06-17T12:46:30.218+0530] {processor.py:161} INFO - Started process (PID=784) to work on /home/priya/projects/snowflake_twitter_pipeline/venv/lib/python3.10/site-packages/airflow/example_dags/example_bash_operator.py
[2025-06-17T12:46:30.220+0530] {processor.py:830} INFO - Processing file /home/priya/projects/snowflake_twitter_pipeline/venv/lib/python3.10/site-packages/airflow/example_dags/example_bash_operator.py for tasks to queue
[2025-06-17T12:46:30.222+0530] {logging_mixin.py:188} INFO - [2025-06-17T12:46:30.221+0530] {dagbag.py:538} INFO - Filling up the DagBag from /home/priya/projects/snowflake_twitter_pipeline/venv/lib/python3.10/site-packages/airflow/example_dags/example_bash_operator.py
[2025-06-17T12:46:30.423+0530] {processor.py:840} INFO - DAG(s) 'example_bash_operator' retrieved from /home/priya/projects/snowflake_twitter_pipeline/venv/lib/python3.10/site-packages/airflow/example_dags/example_bash_operator.py
[2025-06-17T12:46:30.460+0530] {logging_mixin.py:188} INFO - [2025-06-17T12:46:30.459+0530] {dag.py:3036} INFO - Sync 1 DAGs
[2025-06-17T12:46:30.485+0530] {logging_mixin.py:188} INFO - [2025-06-17T12:46:30.485+0530] {dag.py:3823} INFO - Setting next_dagrun for example_bash_operator to 2025-06-16 00:00:00+00:00, run_after=2025-06-17 00:00:00+00:00
[2025-06-17T12:46:30.518+0530] {processor.py:183} INFO - Processing /home/priya/projects/snowflake_twitter_pipeline/venv/lib/python3.10/site-packages/airflow/example_dags/example_bash_operator.py took 0.304 seconds
[2025-06-17T12:47:30.710+0530] {processor.py:161} INFO - Started process (PID=1451) to work on /home/priya/projects/snowflake_twitter_pipeline/venv/lib/python3.10/site-packages/airflow/example_dags/example_bash_operator.py
[2025-06-17T12:47:30.712+0530] {processor.py:830} INFO - Processing file /home/priya/projects/snowflake_twitter_pipeline/venv/lib/python3.10/site-packages/airflow/example_dags/example_bash_operator.py for tasks to queue
[2025-06-17T12:47:30.713+0530] {logging_mixin.py:188} INFO - [2025-06-17T12:47:30.713+0530] {dagbag.py:538} INFO - Filling up the DagBag from /home/priya/projects/snowflake_twitter_pipeline/venv/lib/python3.10/site-packages/airflow/example_dags/example_bash_operator.py
[2025-06-17T12:47:30.723+0530] {processor.py:840} INFO - DAG(s) 'example_bash_operator' retrieved from /home/priya/projects/snowflake_twitter_pipeline/venv/lib/python3.10/site-packages/airflow/example_dags/example_bash_operator.py
[2025-06-17T12:47:30.739+0530] {logging_mixin.py:188} INFO - [2025-06-17T12:47:30.739+0530] {dag.py:3036} INFO - Sync 1 DAGs
[2025-06-17T12:47:30.751+0530] {logging_mixin.py:188} INFO - [2025-06-17T12:47:30.751+0530] {dag.py:3823} INFO - Setting next_dagrun for example_bash_operator to 2025-06-16 00:00:00+00:00, run_after=2025-06-17 00:00:00+00:00
[2025-06-17T12:47:30.767+0530] {processor.py:183} INFO - Processing /home/priya/projects/snowflake_twitter_pipeline/venv/lib/python3.10/site-packages/airflow/example_dags/example_bash_operator.py took 0.062 seconds
[2025-06-17T12:48:19.181+0530] {processor.py:161} INFO - Started process (PID=1662) to work on /home/priya/projects/snowflake_twitter_pipeline/venv/lib/python3.10/site-packages/airflow/example_dags/example_bash_operator.py
[2025-06-17T12:48:19.183+0530] {processor.py:830} INFO - Processing file /home/priya/projects/snowflake_twitter_pipeline/venv/lib/python3.10/site-packages/airflow/example_dags/example_bash_operator.py for tasks to queue
[2025-06-17T12:48:19.184+0530] {logging_mixin.py:188} INFO - [2025-06-17T12:48:19.183+0530] {dagbag.py:538} INFO - Filling up the DagBag from /home/priya/projects/snowflake_twitter_pipeline/venv/lib/python3.10/site-packages/airflow/example_dags/example_bash_operator.py
[2025-06-17T12:48:19.194+0530] {processor.py:840} INFO - DAG(s) 'example_bash_operator' retrieved from /home/priya/projects/snowflake_twitter_pipeline/venv/lib/python3.10/site-packages/airflow/example_dags/example_bash_operator.py
[2025-06-17T12:48:19.209+0530] {logging_mixin.py:188} INFO - [2025-06-17T12:48:19.209+0530] {dag.py:3036} INFO - Sync 1 DAGs
[2025-06-17T12:48:19.224+0530] {logging_mixin.py:188} INFO - [2025-06-17T12:48:19.224+0530] {dag.py:3823} INFO - Setting next_dagrun for example_bash_operator to 2025-06-16 00:00:00+00:00, run_after=2025-06-17 00:00:00+00:00
[2025-06-17T12:48:19.243+0530] {processor.py:183} INFO - Processing /home/priya/projects/snowflake_twitter_pipeline/venv/lib/python3.10/site-packages/airflow/example_dags/example_bash_operator.py took 0.064 seconds
[2025-06-17T12:49:10.656+0530] {processor.py:161} INFO - Started process (PID=1896) to work on /home/priya/projects/snowflake_twitter_pipeline/venv/lib/python3.10/site-packages/airflow/example_dags/example_bash_operator.py
[2025-06-17T12:49:10.657+0530] {processor.py:830} INFO - Processing file /home/priya/projects/snowflake_twitter_pipeline/venv/lib/python3.10/site-packages/airflow/example_dags/example_bash_operator.py for tasks to queue
[2025-06-17T12:49:10.659+0530] {logging_mixin.py:188} INFO - [2025-06-17T12:49:10.658+0530] {dagbag.py:538} INFO - Filling up the DagBag from /home/priya/projects/snowflake_twitter_pipeline/venv/lib/python3.10/site-packages/airflow/example_dags/example_bash_operator.py
[2025-06-17T12:49:10.672+0530] {processor.py:840} INFO - DAG(s) 'example_bash_operator' retrieved from /home/priya/projects/snowflake_twitter_pipeline/venv/lib/python3.10/site-packages/airflow/example_dags/example_bash_operator.py
[2025-06-17T12:49:10.693+0530] {logging_mixin.py:188} INFO - [2025-06-17T12:49:10.693+0530] {dag.py:3036} INFO - Sync 1 DAGs
[2025-06-17T12:49:10.711+0530] {logging_mixin.py:188} INFO - [2025-06-17T12:49:10.711+0530] {dag.py:3823} INFO - Setting next_dagrun for example_bash_operator to 2025-06-16 00:00:00+00:00, run_after=2025-06-17 00:00:00+00:00
[2025-06-17T12:49:10.733+0530] {processor.py:183} INFO - Processing /home/priya/projects/snowflake_twitter_pipeline/venv/lib/python3.10/site-packages/airflow/example_dags/example_bash_operator.py took 0.080 seconds
[2025-06-17T12:49:57.540+0530] {processor.py:161} INFO - Started process (PID=2121) to work on /home/priya/projects/snowflake_twitter_pipeline/venv/lib/python3.10/site-packages/airflow/example_dags/example_bash_operator.py
[2025-06-17T12:49:57.541+0530] {processor.py:830} INFO - Processing file /home/priya/projects/snowflake_twitter_pipeline/venv/lib/python3.10/site-packages/airflow/example_dags/example_bash_operator.py for tasks to queue
[2025-06-17T12:49:57.542+0530] {logging_mixin.py:188} INFO - [2025-06-17T12:49:57.541+0530] {dagbag.py:538} INFO - Filling up the DagBag from /home/priya/projects/snowflake_twitter_pipeline/venv/lib/python3.10/site-packages/airflow/example_dags/example_bash_operator.py
[2025-06-17T12:49:57.550+0530] {processor.py:840} INFO - DAG(s) 'example_bash_operator' retrieved from /home/priya/projects/snowflake_twitter_pipeline/venv/lib/python3.10/site-packages/airflow/example_dags/example_bash_operator.py
[2025-06-17T12:49:57.566+0530] {logging_mixin.py:188} INFO - [2025-06-17T12:49:57.566+0530] {dag.py:3036} INFO - Sync 1 DAGs
[2025-06-17T12:49:57.580+0530] {logging_mixin.py:188} INFO - [2025-06-17T12:49:57.580+0530] {dag.py:3823} INFO - Setting next_dagrun for example_bash_operator to 2025-06-16 00:00:00+00:00, run_after=2025-06-17 00:00:00+00:00
[2025-06-17T12:49:57.602+0530] {processor.py:183} INFO - Processing /home/priya/projects/snowflake_twitter_pipeline/venv/lib/python3.10/site-packages/airflow/example_dags/example_bash_operator.py took 0.065 seconds
[2025-06-17T12:50:47.645+0530] {processor.py:161} INFO - Started process (PID=2347) to work on /home/priya/projects/snowflake_twitter_pipeline/venv/lib/python3.10/site-packages/airflow/example_dags/example_bash_operator.py
[2025-06-17T12:50:47.654+0530] {processor.py:830} INFO - Processing file /home/priya/projects/snowflake_twitter_pipeline/venv/lib/python3.10/site-packages/airflow/example_dags/example_bash_operator.py for tasks to queue
[2025-06-17T12:50:47.656+0530] {logging_mixin.py:188} INFO - [2025-06-17T12:50:47.655+0530] {dagbag.py:538} INFO - Filling up the DagBag from /home/priya/projects/snowflake_twitter_pipeline/venv/lib/python3.10/site-packages/airflow/example_dags/example_bash_operator.py
[2025-06-17T12:50:47.664+0530] {processor.py:840} INFO - DAG(s) 'example_bash_operator' retrieved from /home/priya/projects/snowflake_twitter_pipeline/venv/lib/python3.10/site-packages/airflow/example_dags/example_bash_operator.py
[2025-06-17T12:50:47.677+0530] {logging_mixin.py:188} INFO - [2025-06-17T12:50:47.677+0530] {dag.py:3036} INFO - Sync 1 DAGs
[2025-06-17T12:50:47.690+0530] {logging_mixin.py:188} INFO - [2025-06-17T12:50:47.689+0530] {dag.py:3823} INFO - Setting next_dagrun for example_bash_operator to 2025-06-16 00:00:00+00:00, run_after=2025-06-17 00:00:00+00:00
[2025-06-17T12:50:47.707+0530] {processor.py:183} INFO - Processing /home/priya/projects/snowflake_twitter_pipeline/venv/lib/python3.10/site-packages/airflow/example_dags/example_bash_operator.py took 0.064 seconds
[2025-06-17T12:51:37.181+0530] {processor.py:161} INFO - Started process (PID=2581) to work on /home/priya/projects/snowflake_twitter_pipeline/venv/lib/python3.10/site-packages/airflow/example_dags/example_bash_operator.py
[2025-06-17T12:51:37.189+0530] {processor.py:830} INFO - Processing file /home/priya/projects/snowflake_twitter_pipeline/venv/lib/python3.10/site-packages/airflow/example_dags/example_bash_operator.py for tasks to queue
[2025-06-17T12:51:37.190+0530] {logging_mixin.py:188} INFO - [2025-06-17T12:51:37.190+0530] {dagbag.py:538} INFO - Filling up the DagBag from /home/priya/projects/snowflake_twitter_pipeline/venv/lib/python3.10/site-packages/airflow/example_dags/example_bash_operator.py
[2025-06-17T12:51:37.202+0530] {processor.py:840} INFO - DAG(s) 'example_bash_operator' retrieved from /home/priya/projects/snowflake_twitter_pipeline/venv/lib/python3.10/site-packages/airflow/example_dags/example_bash_operator.py
[2025-06-17T12:51:37.221+0530] {logging_mixin.py:188} INFO - [2025-06-17T12:51:37.221+0530] {dag.py:3036} INFO - Sync 1 DAGs
[2025-06-17T12:51:37.237+0530] {logging_mixin.py:188} INFO - [2025-06-17T12:51:37.237+0530] {dag.py:3823} INFO - Setting next_dagrun for example_bash_operator to 2025-06-16 00:00:00+00:00, run_after=2025-06-17 00:00:00+00:00
[2025-06-17T12:51:37.257+0530] {processor.py:183} INFO - Processing /home/priya/projects/snowflake_twitter_pipeline/venv/lib/python3.10/site-packages/airflow/example_dags/example_bash_operator.py took 0.079 seconds
[2025-06-17T12:52:28.354+0530] {processor.py:161} INFO - Started process (PID=2800) to work on /home/priya/projects/snowflake_twitter_pipeline/venv/lib/python3.10/site-packages/airflow/example_dags/example_bash_operator.py
[2025-06-17T12:52:28.356+0530] {processor.py:830} INFO - Processing file /home/priya/projects/snowflake_twitter_pipeline/venv/lib/python3.10/site-packages/airflow/example_dags/example_bash_operator.py for tasks to queue
[2025-06-17T12:52:28.357+0530] {logging_mixin.py:188} INFO - [2025-06-17T12:52:28.357+0530] {dagbag.py:538} INFO - Filling up the DagBag from /home/priya/projects/snowflake_twitter_pipeline/venv/lib/python3.10/site-packages/airflow/example_dags/example_bash_operator.py
[2025-06-17T12:52:28.368+0530] {processor.py:840} INFO - DAG(s) 'example_bash_operator' retrieved from /home/priya/projects/snowflake_twitter_pipeline/venv/lib/python3.10/site-packages/airflow/example_dags/example_bash_operator.py
[2025-06-17T12:52:28.386+0530] {logging_mixin.py:188} INFO - [2025-06-17T12:52:28.386+0530] {dag.py:3036} INFO - Sync 1 DAGs
[2025-06-17T12:52:28.399+0530] {logging_mixin.py:188} INFO - [2025-06-17T12:52:28.399+0530] {dag.py:3823} INFO - Setting next_dagrun for example_bash_operator to 2025-06-16 00:00:00+00:00, run_after=2025-06-17 00:00:00+00:00
[2025-06-17T12:52:28.418+0530] {processor.py:183} INFO - Processing /home/priya/projects/snowflake_twitter_pipeline/venv/lib/python3.10/site-packages/airflow/example_dags/example_bash_operator.py took 0.069 seconds
[2025-06-17T12:53:23.152+0530] {processor.py:161} INFO - Started process (PID=3052) to work on /home/priya/projects/snowflake_twitter_pipeline/venv/lib/python3.10/site-packages/airflow/example_dags/example_bash_operator.py
[2025-06-17T12:53:23.162+0530] {processor.py:830} INFO - Processing file /home/priya/projects/snowflake_twitter_pipeline/venv/lib/python3.10/site-packages/airflow/example_dags/example_bash_operator.py for tasks to queue
[2025-06-17T12:53:23.163+0530] {logging_mixin.py:188} INFO - [2025-06-17T12:53:23.163+0530] {dagbag.py:538} INFO - Filling up the DagBag from /home/priya/projects/snowflake_twitter_pipeline/venv/lib/python3.10/site-packages/airflow/example_dags/example_bash_operator.py
[2025-06-17T12:53:23.171+0530] {processor.py:840} INFO - DAG(s) 'example_bash_operator' retrieved from /home/priya/projects/snowflake_twitter_pipeline/venv/lib/python3.10/site-packages/airflow/example_dags/example_bash_operator.py
[2025-06-17T12:53:23.187+0530] {logging_mixin.py:188} INFO - [2025-06-17T12:53:23.187+0530] {dag.py:3036} INFO - Sync 1 DAGs
[2025-06-17T12:53:23.201+0530] {logging_mixin.py:188} INFO - [2025-06-17T12:53:23.201+0530] {dag.py:3823} INFO - Setting next_dagrun for example_bash_operator to 2025-06-16 00:00:00+00:00, run_after=2025-06-17 00:00:00+00:00
[2025-06-17T12:53:23.223+0530] {processor.py:183} INFO - Processing /home/priya/projects/snowflake_twitter_pipeline/venv/lib/python3.10/site-packages/airflow/example_dags/example_bash_operator.py took 0.073 seconds
[2025-06-17T12:54:14.728+0530] {processor.py:161} INFO - Started process (PID=3131) to work on /home/priya/projects/snowflake_twitter_pipeline/venv/lib/python3.10/site-packages/airflow/example_dags/example_bash_operator.py
[2025-06-17T12:54:14.737+0530] {processor.py:830} INFO - Processing file /home/priya/projects/snowflake_twitter_pipeline/venv/lib/python3.10/site-packages/airflow/example_dags/example_bash_operator.py for tasks to queue
[2025-06-17T12:54:14.738+0530] {logging_mixin.py:188} INFO - [2025-06-17T12:54:14.738+0530] {dagbag.py:538} INFO - Filling up the DagBag from /home/priya/projects/snowflake_twitter_pipeline/venv/lib/python3.10/site-packages/airflow/example_dags/example_bash_operator.py
[2025-06-17T12:54:14.746+0530] {processor.py:840} INFO - DAG(s) 'example_bash_operator' retrieved from /home/priya/projects/snowflake_twitter_pipeline/venv/lib/python3.10/site-packages/airflow/example_dags/example_bash_operator.py
[2025-06-17T12:54:14.759+0530] {logging_mixin.py:188} INFO - [2025-06-17T12:54:14.759+0530] {dag.py:3036} INFO - Sync 1 DAGs
[2025-06-17T12:54:14.774+0530] {logging_mixin.py:188} INFO - [2025-06-17T12:54:14.774+0530] {dag.py:3823} INFO - Setting next_dagrun for example_bash_operator to 2025-06-16 00:00:00+00:00, run_after=2025-06-17 00:00:00+00:00
[2025-06-17T12:54:14.791+0530] {processor.py:183} INFO - Processing /home/priya/projects/snowflake_twitter_pipeline/venv/lib/python3.10/site-packages/airflow/example_dags/example_bash_operator.py took 0.065 seconds
[2025-06-17T12:55:08.999+0530] {processor.py:161} INFO - Started process (PID=3349) to work on /home/priya/projects/snowflake_twitter_pipeline/venv/lib/python3.10/site-packages/airflow/example_dags/example_bash_operator.py
[2025-06-17T12:55:09.008+0530] {processor.py:830} INFO - Processing file /home/priya/projects/snowflake_twitter_pipeline/venv/lib/python3.10/site-packages/airflow/example_dags/example_bash_operator.py for tasks to queue
[2025-06-17T12:55:09.009+0530] {logging_mixin.py:188} INFO - [2025-06-17T12:55:09.009+0530] {dagbag.py:538} INFO - Filling up the DagBag from /home/priya/projects/snowflake_twitter_pipeline/venv/lib/python3.10/site-packages/airflow/example_dags/example_bash_operator.py
[2025-06-17T12:55:09.018+0530] {processor.py:840} INFO - DAG(s) 'example_bash_operator' retrieved from /home/priya/projects/snowflake_twitter_pipeline/venv/lib/python3.10/site-packages/airflow/example_dags/example_bash_operator.py
[2025-06-17T12:55:09.032+0530] {logging_mixin.py:188} INFO - [2025-06-17T12:55:09.031+0530] {dag.py:3036} INFO - Sync 1 DAGs
[2025-06-17T12:55:09.043+0530] {logging_mixin.py:188} INFO - [2025-06-17T12:55:09.043+0530] {dag.py:3823} INFO - Setting next_dagrun for example_bash_operator to 2025-06-16 00:00:00+00:00, run_after=2025-06-17 00:00:00+00:00
[2025-06-17T12:55:09.063+0530] {processor.py:183} INFO - Processing /home/priya/projects/snowflake_twitter_pipeline/venv/lib/python3.10/site-packages/airflow/example_dags/example_bash_operator.py took 0.067 seconds
