[2025-06-17T12:42:25.930+0530] {processor.py:161} INFO - Started process (PID=428) to work on /home/priya/projects/snowflake_twitter_pipeline/venv/lib/python3.10/site-packages/airflow/example_dags/example_params_ui_tutorial.py
[2025-06-17T12:42:25.930+0530] {processor.py:830} INFO - Processing file /home/priya/projects/snowflake_twitter_pipeline/venv/lib/python3.10/site-packages/airflow/example_dags/example_params_ui_tutorial.py for tasks to queue
[2025-06-17T12:42:25.931+0530] {logging_mixin.py:188} INFO - [2025-06-17T12:42:25.931+0530] {dagbag.py:538} INFO - Filling up the DagBag from /home/priya/projects/snowflake_twitter_pipeline/venv/lib/python3.10/site-packages/airflow/example_dags/example_params_ui_tutorial.py
[2025-06-17T12:42:25.941+0530] {processor.py:840} INFO - DAG(s) 'example_params_ui_tutorial' retrieved from /home/priya/projects/snowflake_twitter_pipeline/venv/lib/python3.10/site-packages/airflow/example_dags/example_params_ui_tutorial.py
[2025-06-17T12:42:26.113+0530] {logging_mixin.py:188} INFO - [2025-06-17T12:42:26.112+0530] {override.py:1769} INFO - Created Permission View: can edit on DAG:example_params_ui_tutorial
[2025-06-17T12:42:26.129+0530] {logging_mixin.py:188} INFO - [2025-06-17T12:42:26.129+0530] {override.py:1769} INFO - Created Permission View: can delete on DAG:example_params_ui_tutorial
[2025-06-17T12:42:26.141+0530] {logging_mixin.py:188} INFO - [2025-06-17T12:42:26.140+0530] {override.py:1769} INFO - Created Permission View: can read on DAG:example_params_ui_tutorial
[2025-06-17T12:42:26.141+0530] {logging_mixin.py:188} INFO - [2025-06-17T12:42:26.141+0530] {dag.py:3036} INFO - Sync 1 DAGs
[2025-06-17T12:42:26.148+0530] {logging_mixin.py:188} INFO - [2025-06-17T12:42:26.148+0530] {dag.py:3058} INFO - Creating ORM DAG for example_params_ui_tutorial
[2025-06-17T12:42:26.149+0530] {logging_mixin.py:188} INFO - [2025-06-17T12:42:26.149+0530] {dag.py:3823} INFO - Setting next_dagrun for example_params_ui_tutorial to None, run_after=None
[2025-06-17T12:42:26.169+0530] {processor.py:183} INFO - Processing /home/priya/projects/snowflake_twitter_pipeline/venv/lib/python3.10/site-packages/airflow/example_dags/example_params_ui_tutorial.py took 0.243 seconds
[2025-06-17T12:43:19.447+0530] {processor.py:161} INFO - Started process (PID=492) to work on /home/priya/projects/snowflake_twitter_pipeline/venv/lib/python3.10/site-packages/airflow/example_dags/example_params_ui_tutorial.py
[2025-06-17T12:43:19.448+0530] {processor.py:830} INFO - Processing file /home/priya/projects/snowflake_twitter_pipeline/venv/lib/python3.10/site-packages/airflow/example_dags/example_params_ui_tutorial.py for tasks to queue
[2025-06-17T12:43:19.448+0530] {logging_mixin.py:188} INFO - [2025-06-17T12:43:19.448+0530] {dagbag.py:538} INFO - Filling up the DagBag from /home/priya/projects/snowflake_twitter_pipeline/venv/lib/python3.10/site-packages/airflow/example_dags/example_params_ui_tutorial.py
[2025-06-17T12:43:19.458+0530] {processor.py:840} INFO - DAG(s) 'example_params_ui_tutorial' retrieved from /home/priya/projects/snowflake_twitter_pipeline/venv/lib/python3.10/site-packages/airflow/example_dags/example_params_ui_tutorial.py
[2025-06-17T12:43:19.487+0530] {logging_mixin.py:188} INFO - [2025-06-17T12:43:19.487+0530] {dag.py:3036} INFO - Sync 1 DAGs
[2025-06-17T12:43:19.495+0530] {logging_mixin.py:188} INFO - [2025-06-17T12:43:19.495+0530] {dag.py:3823} INFO - Setting next_dagrun for example_params_ui_tutorial to None, run_after=None
[2025-06-17T12:43:19.516+0530] {processor.py:183} INFO - Processing /home/priya/projects/snowflake_twitter_pipeline/venv/lib/python3.10/site-packages/airflow/example_dags/example_params_ui_tutorial.py took 0.071 seconds
[2025-06-17T12:44:02.341+0530] {processor.py:161} INFO - Started process (PID=550) to work on /home/priya/projects/snowflake_twitter_pipeline/venv/lib/python3.10/site-packages/airflow/example_dags/example_params_ui_tutorial.py
[2025-06-17T12:44:02.342+0530] {processor.py:830} INFO - Processing file /home/priya/projects/snowflake_twitter_pipeline/venv/lib/python3.10/site-packages/airflow/example_dags/example_params_ui_tutorial.py for tasks to queue
[2025-06-17T12:44:02.343+0530] {logging_mixin.py:188} INFO - [2025-06-17T12:44:02.342+0530] {dagbag.py:538} INFO - Filling up the DagBag from /home/priya/projects/snowflake_twitter_pipeline/venv/lib/python3.10/site-packages/airflow/example_dags/example_params_ui_tutorial.py
[2025-06-17T12:44:02.350+0530] {processor.py:840} INFO - DAG(s) 'example_params_ui_tutorial' retrieved from /home/priya/projects/snowflake_twitter_pipeline/venv/lib/python3.10/site-packages/airflow/example_dags/example_params_ui_tutorial.py
[2025-06-17T12:44:02.374+0530] {logging_mixin.py:188} INFO - [2025-06-17T12:44:02.374+0530] {dag.py:3036} INFO - Sync 1 DAGs
[2025-06-17T12:44:02.381+0530] {logging_mixin.py:188} INFO - [2025-06-17T12:44:02.381+0530] {dag.py:3823} INFO - Setting next_dagrun for example_params_ui_tutorial to None, run_after=None
[2025-06-17T12:44:02.397+0530] {processor.py:183} INFO - Processing /home/priya/projects/snowflake_twitter_pipeline/venv/lib/python3.10/site-packages/airflow/example_dags/example_params_ui_tutorial.py took 0.059 seconds
[2025-06-17T12:44:49.763+0530] {processor.py:161} INFO - Started process (PID=615) to work on /home/priya/projects/snowflake_twitter_pipeline/venv/lib/python3.10/site-packages/airflow/example_dags/example_params_ui_tutorial.py
[2025-06-17T12:44:49.764+0530] {processor.py:830} INFO - Processing file /home/priya/projects/snowflake_twitter_pipeline/venv/lib/python3.10/site-packages/airflow/example_dags/example_params_ui_tutorial.py for tasks to queue
[2025-06-17T12:44:49.765+0530] {logging_mixin.py:188} INFO - [2025-06-17T12:44:49.765+0530] {dagbag.py:538} INFO - Filling up the DagBag from /home/priya/projects/snowflake_twitter_pipeline/venv/lib/python3.10/site-packages/airflow/example_dags/example_params_ui_tutorial.py
[2025-06-17T12:44:49.772+0530] {processor.py:840} INFO - DAG(s) 'example_params_ui_tutorial' retrieved from /home/priya/projects/snowflake_twitter_pipeline/venv/lib/python3.10/site-packages/airflow/example_dags/example_params_ui_tutorial.py
[2025-06-17T12:44:49.797+0530] {logging_mixin.py:188} INFO - [2025-06-17T12:44:49.796+0530] {dag.py:3036} INFO - Sync 1 DAGs
[2025-06-17T12:44:49.803+0530] {logging_mixin.py:188} INFO - [2025-06-17T12:44:49.803+0530] {dag.py:3823} INFO - Setting next_dagrun for example_params_ui_tutorial to None, run_after=None
[2025-06-17T12:44:49.820+0530] {processor.py:183} INFO - Processing /home/priya/projects/snowflake_twitter_pipeline/venv/lib/python3.10/site-packages/airflow/example_dags/example_params_ui_tutorial.py took 0.058 seconds
[2025-06-17T12:45:52.996+0530] {processor.py:161} INFO - Started process (PID=656) to work on /home/priya/projects/snowflake_twitter_pipeline/venv/lib/python3.10/site-packages/airflow/example_dags/example_params_ui_tutorial.py
[2025-06-17T12:45:52.998+0530] {processor.py:830} INFO - Processing file /home/priya/projects/snowflake_twitter_pipeline/venv/lib/python3.10/site-packages/airflow/example_dags/example_params_ui_tutorial.py for tasks to queue
[2025-06-17T12:45:52.998+0530] {logging_mixin.py:188} INFO - [2025-06-17T12:45:52.998+0530] {dagbag.py:538} INFO - Filling up the DagBag from /home/priya/projects/snowflake_twitter_pipeline/venv/lib/python3.10/site-packages/airflow/example_dags/example_params_ui_tutorial.py
[2025-06-17T12:45:53.007+0530] {processor.py:840} INFO - DAG(s) 'example_params_ui_tutorial' retrieved from /home/priya/projects/snowflake_twitter_pipeline/venv/lib/python3.10/site-packages/airflow/example_dags/example_params_ui_tutorial.py
[2025-06-17T12:45:53.034+0530] {logging_mixin.py:188} INFO - [2025-06-17T12:45:53.034+0530] {dag.py:3036} INFO - Sync 1 DAGs
[2025-06-17T12:45:53.040+0530] {logging_mixin.py:188} INFO - [2025-06-17T12:45:53.040+0530] {dag.py:3823} INFO - Setting next_dagrun for example_params_ui_tutorial to None, run_after=None
[2025-06-17T12:45:53.064+0530] {processor.py:183} INFO - Processing /home/priya/projects/snowflake_twitter_pipeline/venv/lib/python3.10/site-packages/airflow/example_dags/example_params_ui_tutorial.py took 0.072 seconds
[2025-06-17T12:46:43.218+0530] {processor.py:161} INFO - Started process (PID=1229) to work on /home/priya/projects/snowflake_twitter_pipeline/venv/lib/python3.10/site-packages/airflow/example_dags/example_params_ui_tutorial.py
[2025-06-17T12:46:43.221+0530] {processor.py:830} INFO - Processing file /home/priya/projects/snowflake_twitter_pipeline/venv/lib/python3.10/site-packages/airflow/example_dags/example_params_ui_tutorial.py for tasks to queue
[2025-06-17T12:46:43.224+0530] {logging_mixin.py:188} INFO - [2025-06-17T12:46:43.223+0530] {dagbag.py:538} INFO - Filling up the DagBag from /home/priya/projects/snowflake_twitter_pipeline/venv/lib/python3.10/site-packages/airflow/example_dags/example_params_ui_tutorial.py
[2025-06-17T12:46:43.268+0530] {processor.py:840} INFO - DAG(s) 'example_params_ui_tutorial' retrieved from /home/priya/projects/snowflake_twitter_pipeline/venv/lib/python3.10/site-packages/airflow/example_dags/example_params_ui_tutorial.py
[2025-06-17T12:46:43.370+0530] {logging_mixin.py:188} INFO - [2025-06-17T12:46:43.370+0530] {dag.py:3036} INFO - Sync 1 DAGs
[2025-06-17T12:46:43.389+0530] {logging_mixin.py:188} INFO - [2025-06-17T12:46:43.389+0530] {dag.py:3823} INFO - Setting next_dagrun for example_params_ui_tutorial to None, run_after=None
[2025-06-17T12:46:43.433+0530] {processor.py:183} INFO - Processing /home/priya/projects/snowflake_twitter_pipeline/venv/lib/python3.10/site-packages/airflow/example_dags/example_params_ui_tutorial.py took 0.218 seconds
[2025-06-17T12:47:31.838+0530] {processor.py:161} INFO - Started process (PID=1452) to work on /home/priya/projects/snowflake_twitter_pipeline/venv/lib/python3.10/site-packages/airflow/example_dags/example_params_ui_tutorial.py
[2025-06-17T12:47:31.840+0530] {processor.py:830} INFO - Processing file /home/priya/projects/snowflake_twitter_pipeline/venv/lib/python3.10/site-packages/airflow/example_dags/example_params_ui_tutorial.py for tasks to queue
[2025-06-17T12:47:31.841+0530] {logging_mixin.py:188} INFO - [2025-06-17T12:47:31.840+0530] {dagbag.py:538} INFO - Filling up the DagBag from /home/priya/projects/snowflake_twitter_pipeline/venv/lib/python3.10/site-packages/airflow/example_dags/example_params_ui_tutorial.py
[2025-06-17T12:47:31.854+0530] {processor.py:840} INFO - DAG(s) 'example_params_ui_tutorial' retrieved from /home/priya/projects/snowflake_twitter_pipeline/venv/lib/python3.10/site-packages/airflow/example_dags/example_params_ui_tutorial.py
[2025-06-17T12:47:31.890+0530] {logging_mixin.py:188} INFO - [2025-06-17T12:47:31.890+0530] {dag.py:3036} INFO - Sync 1 DAGs
[2025-06-17T12:47:31.902+0530] {logging_mixin.py:188} INFO - [2025-06-17T12:47:31.901+0530] {dag.py:3823} INFO - Setting next_dagrun for example_params_ui_tutorial to None, run_after=None
[2025-06-17T12:47:31.926+0530] {processor.py:183} INFO - Processing /home/priya/projects/snowflake_twitter_pipeline/venv/lib/python3.10/site-packages/airflow/example_dags/example_params_ui_tutorial.py took 0.091 seconds
[2025-06-17T12:48:10.635+0530] {processor.py:161} INFO - Started process (PID=1629) to work on /home/priya/projects/snowflake_twitter_pipeline/venv/lib/python3.10/site-packages/airflow/example_dags/example_params_ui_tutorial.py
[2025-06-17T12:48:10.637+0530] {processor.py:830} INFO - Processing file /home/priya/projects/snowflake_twitter_pipeline/venv/lib/python3.10/site-packages/airflow/example_dags/example_params_ui_tutorial.py for tasks to queue
[2025-06-17T12:48:10.638+0530] {logging_mixin.py:188} INFO - [2025-06-17T12:48:10.638+0530] {dagbag.py:538} INFO - Filling up the DagBag from /home/priya/projects/snowflake_twitter_pipeline/venv/lib/python3.10/site-packages/airflow/example_dags/example_params_ui_tutorial.py
[2025-06-17T12:48:10.650+0530] {processor.py:840} INFO - DAG(s) 'example_params_ui_tutorial' retrieved from /home/priya/projects/snowflake_twitter_pipeline/venv/lib/python3.10/site-packages/airflow/example_dags/example_params_ui_tutorial.py
[2025-06-17T12:48:10.682+0530] {logging_mixin.py:188} INFO - [2025-06-17T12:48:10.682+0530] {dag.py:3036} INFO - Sync 1 DAGs
[2025-06-17T12:48:10.691+0530] {logging_mixin.py:188} INFO - [2025-06-17T12:48:10.690+0530] {dag.py:3823} INFO - Setting next_dagrun for example_params_ui_tutorial to None, run_after=None
[2025-06-17T12:48:10.716+0530] {processor.py:183} INFO - Processing /home/priya/projects/snowflake_twitter_pipeline/venv/lib/python3.10/site-packages/airflow/example_dags/example_params_ui_tutorial.py took 0.083 seconds
[2025-06-17T12:48:58.892+0530] {processor.py:161} INFO - Started process (PID=1846) to work on /home/priya/projects/snowflake_twitter_pipeline/venv/lib/python3.10/site-packages/airflow/example_dags/example_params_ui_tutorial.py
[2025-06-17T12:48:58.894+0530] {processor.py:830} INFO - Processing file /home/priya/projects/snowflake_twitter_pipeline/venv/lib/python3.10/site-packages/airflow/example_dags/example_params_ui_tutorial.py for tasks to queue
[2025-06-17T12:48:58.896+0530] {logging_mixin.py:188} INFO - [2025-06-17T12:48:58.895+0530] {dagbag.py:538} INFO - Filling up the DagBag from /home/priya/projects/snowflake_twitter_pipeline/venv/lib/python3.10/site-packages/airflow/example_dags/example_params_ui_tutorial.py
[2025-06-17T12:48:58.908+0530] {processor.py:840} INFO - DAG(s) 'example_params_ui_tutorial' retrieved from /home/priya/projects/snowflake_twitter_pipeline/venv/lib/python3.10/site-packages/airflow/example_dags/example_params_ui_tutorial.py
[2025-06-17T12:48:58.971+0530] {logging_mixin.py:188} INFO - [2025-06-17T12:48:58.971+0530] {dag.py:3036} INFO - Sync 1 DAGs
[2025-06-17T12:48:58.982+0530] {logging_mixin.py:188} INFO - [2025-06-17T12:48:58.981+0530] {dag.py:3823} INFO - Setting next_dagrun for example_params_ui_tutorial to None, run_after=None
[2025-06-17T12:48:59.003+0530] {processor.py:183} INFO - Processing /home/priya/projects/snowflake_twitter_pipeline/venv/lib/python3.10/site-packages/airflow/example_dags/example_params_ui_tutorial.py took 0.114 seconds
[2025-06-17T12:49:46.885+0530] {processor.py:161} INFO - Started process (PID=2080) to work on /home/priya/projects/snowflake_twitter_pipeline/venv/lib/python3.10/site-packages/airflow/example_dags/example_params_ui_tutorial.py
[2025-06-17T12:49:46.887+0530] {processor.py:830} INFO - Processing file /home/priya/projects/snowflake_twitter_pipeline/venv/lib/python3.10/site-packages/airflow/example_dags/example_params_ui_tutorial.py for tasks to queue
[2025-06-17T12:49:46.888+0530] {logging_mixin.py:188} INFO - [2025-06-17T12:49:46.887+0530] {dagbag.py:538} INFO - Filling up the DagBag from /home/priya/projects/snowflake_twitter_pipeline/venv/lib/python3.10/site-packages/airflow/example_dags/example_params_ui_tutorial.py
[2025-06-17T12:49:46.896+0530] {processor.py:840} INFO - DAG(s) 'example_params_ui_tutorial' retrieved from /home/priya/projects/snowflake_twitter_pipeline/venv/lib/python3.10/site-packages/airflow/example_dags/example_params_ui_tutorial.py
[2025-06-17T12:49:46.925+0530] {logging_mixin.py:188} INFO - [2025-06-17T12:49:46.925+0530] {dag.py:3036} INFO - Sync 1 DAGs
[2025-06-17T12:49:46.933+0530] {logging_mixin.py:188} INFO - [2025-06-17T12:49:46.933+0530] {dag.py:3823} INFO - Setting next_dagrun for example_params_ui_tutorial to None, run_after=None
[2025-06-17T12:49:46.951+0530] {processor.py:183} INFO - Processing /home/priya/projects/snowflake_twitter_pipeline/venv/lib/python3.10/site-packages/airflow/example_dags/example_params_ui_tutorial.py took 0.069 seconds
[2025-06-17T12:50:37.497+0530] {processor.py:161} INFO - Started process (PID=2301) to work on /home/priya/projects/snowflake_twitter_pipeline/venv/lib/python3.10/site-packages/airflow/example_dags/example_params_ui_tutorial.py
[2025-06-17T12:50:37.506+0530] {processor.py:830} INFO - Processing file /home/priya/projects/snowflake_twitter_pipeline/venv/lib/python3.10/site-packages/airflow/example_dags/example_params_ui_tutorial.py for tasks to queue
[2025-06-17T12:50:37.508+0530] {logging_mixin.py:188} INFO - [2025-06-17T12:50:37.507+0530] {dagbag.py:538} INFO - Filling up the DagBag from /home/priya/projects/snowflake_twitter_pipeline/venv/lib/python3.10/site-packages/airflow/example_dags/example_params_ui_tutorial.py
[2025-06-17T12:50:37.517+0530] {processor.py:840} INFO - DAG(s) 'example_params_ui_tutorial' retrieved from /home/priya/projects/snowflake_twitter_pipeline/venv/lib/python3.10/site-packages/airflow/example_dags/example_params_ui_tutorial.py
[2025-06-17T12:50:37.541+0530] {logging_mixin.py:188} INFO - [2025-06-17T12:50:37.541+0530] {dag.py:3036} INFO - Sync 1 DAGs
[2025-06-17T12:50:37.547+0530] {logging_mixin.py:188} INFO - [2025-06-17T12:50:37.547+0530] {dag.py:3823} INFO - Setting next_dagrun for example_params_ui_tutorial to None, run_after=None
[2025-06-17T12:50:37.565+0530] {processor.py:183} INFO - Processing /home/priya/projects/snowflake_twitter_pipeline/venv/lib/python3.10/site-packages/airflow/example_dags/example_params_ui_tutorial.py took 0.072 seconds
[2025-06-17T12:51:25.279+0530] {processor.py:161} INFO - Started process (PID=2529) to work on /home/priya/projects/snowflake_twitter_pipeline/venv/lib/python3.10/site-packages/airflow/example_dags/example_params_ui_tutorial.py
[2025-06-17T12:51:25.282+0530] {processor.py:830} INFO - Processing file /home/priya/projects/snowflake_twitter_pipeline/venv/lib/python3.10/site-packages/airflow/example_dags/example_params_ui_tutorial.py for tasks to queue
[2025-06-17T12:51:25.284+0530] {logging_mixin.py:188} INFO - [2025-06-17T12:51:25.283+0530] {dagbag.py:538} INFO - Filling up the DagBag from /home/priya/projects/snowflake_twitter_pipeline/venv/lib/python3.10/site-packages/airflow/example_dags/example_params_ui_tutorial.py
[2025-06-17T12:51:25.298+0530] {processor.py:840} INFO - DAG(s) 'example_params_ui_tutorial' retrieved from /home/priya/projects/snowflake_twitter_pipeline/venv/lib/python3.10/site-packages/airflow/example_dags/example_params_ui_tutorial.py
[2025-06-17T12:51:25.325+0530] {logging_mixin.py:188} INFO - [2025-06-17T12:51:25.325+0530] {dag.py:3036} INFO - Sync 1 DAGs
[2025-06-17T12:51:25.334+0530] {logging_mixin.py:188} INFO - [2025-06-17T12:51:25.334+0530] {dag.py:3823} INFO - Setting next_dagrun for example_params_ui_tutorial to None, run_after=None
[2025-06-17T12:51:25.354+0530] {processor.py:183} INFO - Processing /home/priya/projects/snowflake_twitter_pipeline/venv/lib/python3.10/site-packages/airflow/example_dags/example_params_ui_tutorial.py took 0.078 seconds
[2025-06-17T12:52:00.458+0530] {processor.py:161} INFO - Started process (PID=2687) to work on /home/priya/projects/snowflake_twitter_pipeline/venv/lib/python3.10/site-packages/airflow/example_dags/example_params_ui_tutorial.py
[2025-06-17T12:52:00.459+0530] {processor.py:830} INFO - Processing file /home/priya/projects/snowflake_twitter_pipeline/venv/lib/python3.10/site-packages/airflow/example_dags/example_params_ui_tutorial.py for tasks to queue
[2025-06-17T12:52:00.460+0530] {logging_mixin.py:188} INFO - [2025-06-17T12:52:00.460+0530] {dagbag.py:538} INFO - Filling up the DagBag from /home/priya/projects/snowflake_twitter_pipeline/venv/lib/python3.10/site-packages/airflow/example_dags/example_params_ui_tutorial.py
[2025-06-17T12:52:00.469+0530] {processor.py:840} INFO - DAG(s) 'example_params_ui_tutorial' retrieved from /home/priya/projects/snowflake_twitter_pipeline/venv/lib/python3.10/site-packages/airflow/example_dags/example_params_ui_tutorial.py
[2025-06-17T12:52:00.498+0530] {logging_mixin.py:188} INFO - [2025-06-17T12:52:00.498+0530] {dag.py:3036} INFO - Sync 1 DAGs
[2025-06-17T12:52:00.506+0530] {logging_mixin.py:188} INFO - [2025-06-17T12:52:00.506+0530] {dag.py:3823} INFO - Setting next_dagrun for example_params_ui_tutorial to None, run_after=None
[2025-06-17T12:52:00.524+0530] {processor.py:183} INFO - Processing /home/priya/projects/snowflake_twitter_pipeline/venv/lib/python3.10/site-packages/airflow/example_dags/example_params_ui_tutorial.py took 0.068 seconds
[2025-06-17T12:52:52.500+0530] {processor.py:161} INFO - Started process (PID=2920) to work on /home/priya/projects/snowflake_twitter_pipeline/venv/lib/python3.10/site-packages/airflow/example_dags/example_params_ui_tutorial.py
[2025-06-17T12:52:52.508+0530] {processor.py:830} INFO - Processing file /home/priya/projects/snowflake_twitter_pipeline/venv/lib/python3.10/site-packages/airflow/example_dags/example_params_ui_tutorial.py for tasks to queue
[2025-06-17T12:52:52.509+0530] {logging_mixin.py:188} INFO - [2025-06-17T12:52:52.509+0530] {dagbag.py:538} INFO - Filling up the DagBag from /home/priya/projects/snowflake_twitter_pipeline/venv/lib/python3.10/site-packages/airflow/example_dags/example_params_ui_tutorial.py
[2025-06-17T12:52:52.519+0530] {processor.py:840} INFO - DAG(s) 'example_params_ui_tutorial' retrieved from /home/priya/projects/snowflake_twitter_pipeline/venv/lib/python3.10/site-packages/airflow/example_dags/example_params_ui_tutorial.py
[2025-06-17T12:52:52.545+0530] {logging_mixin.py:188} INFO - [2025-06-17T12:52:52.545+0530] {dag.py:3036} INFO - Sync 1 DAGs
[2025-06-17T12:52:52.552+0530] {logging_mixin.py:188} INFO - [2025-06-17T12:52:52.552+0530] {dag.py:3823} INFO - Setting next_dagrun for example_params_ui_tutorial to None, run_after=None
[2025-06-17T12:52:52.570+0530] {processor.py:183} INFO - Processing /home/priya/projects/snowflake_twitter_pipeline/venv/lib/python3.10/site-packages/airflow/example_dags/example_params_ui_tutorial.py took 0.073 seconds
[2025-06-17T12:53:28.734+0530] {processor.py:161} INFO - Started process (PID=3058) to work on /home/priya/projects/snowflake_twitter_pipeline/venv/lib/python3.10/site-packages/airflow/example_dags/example_params_ui_tutorial.py
[2025-06-17T12:53:28.735+0530] {processor.py:830} INFO - Processing file /home/priya/projects/snowflake_twitter_pipeline/venv/lib/python3.10/site-packages/airflow/example_dags/example_params_ui_tutorial.py for tasks to queue
[2025-06-17T12:53:28.736+0530] {logging_mixin.py:188} INFO - [2025-06-17T12:53:28.736+0530] {dagbag.py:538} INFO - Filling up the DagBag from /home/priya/projects/snowflake_twitter_pipeline/venv/lib/python3.10/site-packages/airflow/example_dags/example_params_ui_tutorial.py
[2025-06-17T12:53:28.746+0530] {processor.py:840} INFO - DAG(s) 'example_params_ui_tutorial' retrieved from /home/priya/projects/snowflake_twitter_pipeline/venv/lib/python3.10/site-packages/airflow/example_dags/example_params_ui_tutorial.py
[2025-06-17T12:53:28.777+0530] {logging_mixin.py:188} INFO - [2025-06-17T12:53:28.777+0530] {dag.py:3036} INFO - Sync 1 DAGs
[2025-06-17T12:53:28.783+0530] {logging_mixin.py:188} INFO - [2025-06-17T12:53:28.783+0530] {dag.py:3823} INFO - Setting next_dagrun for example_params_ui_tutorial to None, run_after=None
[2025-06-17T12:53:28.801+0530] {processor.py:183} INFO - Processing /home/priya/projects/snowflake_twitter_pipeline/venv/lib/python3.10/site-packages/airflow/example_dags/example_params_ui_tutorial.py took 0.070 seconds
[2025-06-17T12:54:19.410+0530] {processor.py:161} INFO - Started process (PID=3152) to work on /home/priya/projects/snowflake_twitter_pipeline/venv/lib/python3.10/site-packages/airflow/example_dags/example_params_ui_tutorial.py
[2025-06-17T12:54:19.412+0530] {processor.py:830} INFO - Processing file /home/priya/projects/snowflake_twitter_pipeline/venv/lib/python3.10/site-packages/airflow/example_dags/example_params_ui_tutorial.py for tasks to queue
[2025-06-17T12:54:19.413+0530] {logging_mixin.py:188} INFO - [2025-06-17T12:54:19.412+0530] {dagbag.py:538} INFO - Filling up the DagBag from /home/priya/projects/snowflake_twitter_pipeline/venv/lib/python3.10/site-packages/airflow/example_dags/example_params_ui_tutorial.py
[2025-06-17T12:54:19.424+0530] {processor.py:840} INFO - DAG(s) 'example_params_ui_tutorial' retrieved from /home/priya/projects/snowflake_twitter_pipeline/venv/lib/python3.10/site-packages/airflow/example_dags/example_params_ui_tutorial.py
[2025-06-17T12:54:19.458+0530] {logging_mixin.py:188} INFO - [2025-06-17T12:54:19.458+0530] {dag.py:3036} INFO - Sync 1 DAGs
[2025-06-17T12:54:19.464+0530] {logging_mixin.py:188} INFO - [2025-06-17T12:54:19.464+0530] {dag.py:3823} INFO - Setting next_dagrun for example_params_ui_tutorial to None, run_after=None
[2025-06-17T12:54:19.485+0530] {processor.py:183} INFO - Processing /home/priya/projects/snowflake_twitter_pipeline/venv/lib/python3.10/site-packages/airflow/example_dags/example_params_ui_tutorial.py took 0.078 seconds
[2025-06-17T12:54:56.302+0530] {processor.py:161} INFO - Started process (PID=3300) to work on /home/priya/projects/snowflake_twitter_pipeline/venv/lib/python3.10/site-packages/airflow/example_dags/example_params_ui_tutorial.py
[2025-06-17T12:54:56.312+0530] {processor.py:830} INFO - Processing file /home/priya/projects/snowflake_twitter_pipeline/venv/lib/python3.10/site-packages/airflow/example_dags/example_params_ui_tutorial.py for tasks to queue
[2025-06-17T12:54:56.314+0530] {logging_mixin.py:188} INFO - [2025-06-17T12:54:56.313+0530] {dagbag.py:538} INFO - Filling up the DagBag from /home/priya/projects/snowflake_twitter_pipeline/venv/lib/python3.10/site-packages/airflow/example_dags/example_params_ui_tutorial.py
[2025-06-17T12:54:56.341+0530] {processor.py:840} INFO - DAG(s) 'example_params_ui_tutorial' retrieved from /home/priya/projects/snowflake_twitter_pipeline/venv/lib/python3.10/site-packages/airflow/example_dags/example_params_ui_tutorial.py
[2025-06-17T12:54:56.409+0530] {logging_mixin.py:188} INFO - [2025-06-17T12:54:56.409+0530] {dag.py:3036} INFO - Sync 1 DAGs
[2025-06-17T12:54:56.415+0530] {logging_mixin.py:188} INFO - [2025-06-17T12:54:56.415+0530] {dag.py:3823} INFO - Setting next_dagrun for example_params_ui_tutorial to None, run_after=None
[2025-06-17T12:54:56.447+0530] {processor.py:183} INFO - Processing /home/priya/projects/snowflake_twitter_pipeline/venv/lib/python3.10/site-packages/airflow/example_dags/example_params_ui_tutorial.py took 0.152 seconds
