[2025-06-17T12:42:23.348+0530] {processor.py:161} INFO - Started process (PID=426) to work on /home/priya/projects/snowflake_twitter_pipeline/venv/lib/python3.10/site-packages/airflow/example_dags/example_branch_operator.py
[2025-06-17T12:42:23.349+0530] {processor.py:830} INFO - Processing file /home/priya/projects/snowflake_twitter_pipeline/venv/lib/python3.10/site-packages/airflow/example_dags/example_branch_operator.py for tasks to queue
[2025-06-17T12:42:23.350+0530] {logging_mixin.py:188} INFO - [2025-06-17T12:42:23.349+0530] {dagbag.py:538} INFO - Filling up the DagBag from /home/priya/projects/snowflake_twitter_pipeline/venv/lib/python3.10/site-packages/airflow/example_dags/example_branch_operator.py
[2025-06-17T12:42:23.361+0530] {processor.py:840} INFO - DAG(s) 'example_branch_operator' retrieved from /home/priya/projects/snowflake_twitter_pipeline/venv/lib/python3.10/site-packages/airflow/example_dags/example_branch_operator.py
[2025-06-17T12:42:23.486+0530] {logging_mixin.py:188} INFO - [2025-06-17T12:42:23.485+0530] {override.py:1769} INFO - Created Permission View: can edit on DAG:example_branch_operator
[2025-06-17T12:42:23.495+0530] {logging_mixin.py:188} INFO - [2025-06-17T12:42:23.495+0530] {override.py:1769} INFO - Created Permission View: can delete on DAG:example_branch_operator
[2025-06-17T12:42:23.502+0530] {logging_mixin.py:188} INFO - [2025-06-17T12:42:23.502+0530] {override.py:1769} INFO - Created Permission View: can read on DAG:example_branch_operator
[2025-06-17T12:42:23.502+0530] {logging_mixin.py:188} INFO - [2025-06-17T12:42:23.502+0530] {dag.py:3036} INFO - Sync 1 DAGs
[2025-06-17T12:42:23.507+0530] {logging_mixin.py:188} INFO - [2025-06-17T12:42:23.507+0530] {dag.py:3058} INFO - Creating ORM DAG for example_branch_operator
[2025-06-17T12:42:23.513+0530] {logging_mixin.py:188} INFO - [2025-06-17T12:42:23.512+0530] {dag.py:3823} INFO - Setting next_dagrun for example_branch_operator to 2025-06-16 00:00:00+00:00, run_after=2025-06-17 00:00:00+00:00
[2025-06-17T12:42:23.527+0530] {processor.py:183} INFO - Processing /home/priya/projects/snowflake_twitter_pipeline/venv/lib/python3.10/site-packages/airflow/example_dags/example_branch_operator.py took 0.182 seconds
[2025-06-17T12:43:17.175+0530] {processor.py:161} INFO - Started process (PID=490) to work on /home/priya/projects/snowflake_twitter_pipeline/venv/lib/python3.10/site-packages/airflow/example_dags/example_branch_operator.py
[2025-06-17T12:43:17.176+0530] {processor.py:830} INFO - Processing file /home/priya/projects/snowflake_twitter_pipeline/venv/lib/python3.10/site-packages/airflow/example_dags/example_branch_operator.py for tasks to queue
[2025-06-17T12:43:17.177+0530] {logging_mixin.py:188} INFO - [2025-06-17T12:43:17.177+0530] {dagbag.py:538} INFO - Filling up the DagBag from /home/priya/projects/snowflake_twitter_pipeline/venv/lib/python3.10/site-packages/airflow/example_dags/example_branch_operator.py
[2025-06-17T12:43:17.194+0530] {processor.py:840} INFO - DAG(s) 'example_branch_operator' retrieved from /home/priya/projects/snowflake_twitter_pipeline/venv/lib/python3.10/site-packages/airflow/example_dags/example_branch_operator.py
[2025-06-17T12:43:17.212+0530] {logging_mixin.py:188} INFO - [2025-06-17T12:43:17.212+0530] {dag.py:3036} INFO - Sync 1 DAGs
[2025-06-17T12:43:17.229+0530] {logging_mixin.py:188} INFO - [2025-06-17T12:43:17.229+0530] {dag.py:3823} INFO - Setting next_dagrun for example_branch_operator to 2025-06-16 00:00:00+00:00, run_after=2025-06-17 00:00:00+00:00
[2025-06-17T12:43:17.252+0530] {processor.py:183} INFO - Processing /home/priya/projects/snowflake_twitter_pipeline/venv/lib/python3.10/site-packages/airflow/example_dags/example_branch_operator.py took 0.080 seconds
[2025-06-17T12:44:00.051+0530] {processor.py:161} INFO - Started process (PID=548) to work on /home/priya/projects/snowflake_twitter_pipeline/venv/lib/python3.10/site-packages/airflow/example_dags/example_branch_operator.py
[2025-06-17T12:44:00.053+0530] {processor.py:830} INFO - Processing file /home/priya/projects/snowflake_twitter_pipeline/venv/lib/python3.10/site-packages/airflow/example_dags/example_branch_operator.py for tasks to queue
[2025-06-17T12:44:00.053+0530] {logging_mixin.py:188} INFO - [2025-06-17T12:44:00.053+0530] {dagbag.py:538} INFO - Filling up the DagBag from /home/priya/projects/snowflake_twitter_pipeline/venv/lib/python3.10/site-packages/airflow/example_dags/example_branch_operator.py
[2025-06-17T12:44:00.068+0530] {processor.py:840} INFO - DAG(s) 'example_branch_operator' retrieved from /home/priya/projects/snowflake_twitter_pipeline/venv/lib/python3.10/site-packages/airflow/example_dags/example_branch_operator.py
[2025-06-17T12:44:00.081+0530] {logging_mixin.py:188} INFO - [2025-06-17T12:44:00.080+0530] {dag.py:3036} INFO - Sync 1 DAGs
[2025-06-17T12:44:00.092+0530] {logging_mixin.py:188} INFO - [2025-06-17T12:44:00.092+0530] {dag.py:3823} INFO - Setting next_dagrun for example_branch_operator to 2025-06-16 00:00:00+00:00, run_after=2025-06-17 00:00:00+00:00
[2025-06-17T12:44:00.109+0530] {processor.py:183} INFO - Processing /home/priya/projects/snowflake_twitter_pipeline/venv/lib/python3.10/site-packages/airflow/example_dags/example_branch_operator.py took 0.061 seconds
[2025-06-17T12:44:39.463+0530] {processor.py:161} INFO - Started process (PID=605) to work on /home/priya/projects/snowflake_twitter_pipeline/venv/lib/python3.10/site-packages/airflow/example_dags/example_branch_operator.py
[2025-06-17T12:44:39.471+0530] {processor.py:830} INFO - Processing file /home/priya/projects/snowflake_twitter_pipeline/venv/lib/python3.10/site-packages/airflow/example_dags/example_branch_operator.py for tasks to queue
[2025-06-17T12:44:39.472+0530] {logging_mixin.py:188} INFO - [2025-06-17T12:44:39.472+0530] {dagbag.py:538} INFO - Filling up the DagBag from /home/priya/projects/snowflake_twitter_pipeline/venv/lib/python3.10/site-packages/airflow/example_dags/example_branch_operator.py
[2025-06-17T12:44:39.482+0530] {processor.py:840} INFO - DAG(s) 'example_branch_operator' retrieved from /home/priya/projects/snowflake_twitter_pipeline/venv/lib/python3.10/site-packages/airflow/example_dags/example_branch_operator.py
[2025-06-17T12:44:39.495+0530] {logging_mixin.py:188} INFO - [2025-06-17T12:44:39.495+0530] {dag.py:3036} INFO - Sync 1 DAGs
[2025-06-17T12:44:39.509+0530] {logging_mixin.py:188} INFO - [2025-06-17T12:44:39.509+0530] {dag.py:3823} INFO - Setting next_dagrun for example_branch_operator to 2025-06-16 00:00:00+00:00, run_after=2025-06-17 00:00:00+00:00
[2025-06-17T12:44:39.526+0530] {processor.py:183} INFO - Processing /home/priya/projects/snowflake_twitter_pipeline/venv/lib/python3.10/site-packages/airflow/example_dags/example_branch_operator.py took 0.065 seconds
[2025-06-17T12:45:50.609+0530] {processor.py:161} INFO - Started process (PID=654) to work on /home/priya/projects/snowflake_twitter_pipeline/venv/lib/python3.10/site-packages/airflow/example_dags/example_branch_operator.py
[2025-06-17T12:45:50.618+0530] {processor.py:830} INFO - Processing file /home/priya/projects/snowflake_twitter_pipeline/venv/lib/python3.10/site-packages/airflow/example_dags/example_branch_operator.py for tasks to queue
[2025-06-17T12:45:50.619+0530] {logging_mixin.py:188} INFO - [2025-06-17T12:45:50.619+0530] {dagbag.py:538} INFO - Filling up the DagBag from /home/priya/projects/snowflake_twitter_pipeline/venv/lib/python3.10/site-packages/airflow/example_dags/example_branch_operator.py
[2025-06-17T12:45:50.635+0530] {processor.py:840} INFO - DAG(s) 'example_branch_operator' retrieved from /home/priya/projects/snowflake_twitter_pipeline/venv/lib/python3.10/site-packages/airflow/example_dags/example_branch_operator.py
[2025-06-17T12:45:50.756+0530] {logging_mixin.py:188} INFO - [2025-06-17T12:45:50.755+0530] {dag.py:3036} INFO - Sync 1 DAGs
[2025-06-17T12:45:50.766+0530] {logging_mixin.py:188} INFO - [2025-06-17T12:45:50.766+0530] {dag.py:3823} INFO - Setting next_dagrun for example_branch_operator to 2025-06-16 00:00:00+00:00, run_after=2025-06-17 00:00:00+00:00
[2025-06-17T12:45:50.783+0530] {processor.py:183} INFO - Processing /home/priya/projects/snowflake_twitter_pipeline/venv/lib/python3.10/site-packages/airflow/example_dags/example_branch_operator.py took 0.176 seconds
[2025-06-17T12:46:41.804+0530] {processor.py:161} INFO - Started process (PID=1218) to work on /home/priya/projects/snowflake_twitter_pipeline/venv/lib/python3.10/site-packages/airflow/example_dags/example_branch_operator.py
[2025-06-17T12:46:41.806+0530] {processor.py:830} INFO - Processing file /home/priya/projects/snowflake_twitter_pipeline/venv/lib/python3.10/site-packages/airflow/example_dags/example_branch_operator.py for tasks to queue
[2025-06-17T12:46:41.807+0530] {logging_mixin.py:188} INFO - [2025-06-17T12:46:41.807+0530] {dagbag.py:538} INFO - Filling up the DagBag from /home/priya/projects/snowflake_twitter_pipeline/venv/lib/python3.10/site-packages/airflow/example_dags/example_branch_operator.py
[2025-06-17T12:46:41.828+0530] {processor.py:840} INFO - DAG(s) 'example_branch_operator' retrieved from /home/priya/projects/snowflake_twitter_pipeline/venv/lib/python3.10/site-packages/airflow/example_dags/example_branch_operator.py
[2025-06-17T12:46:41.852+0530] {logging_mixin.py:188} INFO - [2025-06-17T12:46:41.852+0530] {dag.py:3036} INFO - Sync 1 DAGs
[2025-06-17T12:46:41.870+0530] {logging_mixin.py:188} INFO - [2025-06-17T12:46:41.870+0530] {dag.py:3823} INFO - Setting next_dagrun for example_branch_operator to 2025-06-16 00:00:00+00:00, run_after=2025-06-17 00:00:00+00:00
[2025-06-17T12:46:41.893+0530] {processor.py:183} INFO - Processing /home/priya/projects/snowflake_twitter_pipeline/venv/lib/python3.10/site-packages/airflow/example_dags/example_branch_operator.py took 0.093 seconds
[2025-06-17T12:47:23.283+0530] {processor.py:161} INFO - Started process (PID=1417) to work on /home/priya/projects/snowflake_twitter_pipeline/venv/lib/python3.10/site-packages/airflow/example_dags/example_branch_operator.py
[2025-06-17T12:47:23.285+0530] {processor.py:830} INFO - Processing file /home/priya/projects/snowflake_twitter_pipeline/venv/lib/python3.10/site-packages/airflow/example_dags/example_branch_operator.py for tasks to queue
[2025-06-17T12:47:23.286+0530] {logging_mixin.py:188} INFO - [2025-06-17T12:47:23.285+0530] {dagbag.py:538} INFO - Filling up the DagBag from /home/priya/projects/snowflake_twitter_pipeline/venv/lib/python3.10/site-packages/airflow/example_dags/example_branch_operator.py
[2025-06-17T12:47:23.298+0530] {processor.py:840} INFO - DAG(s) 'example_branch_operator' retrieved from /home/priya/projects/snowflake_twitter_pipeline/venv/lib/python3.10/site-packages/airflow/example_dags/example_branch_operator.py
[2025-06-17T12:47:23.311+0530] {logging_mixin.py:188} INFO - [2025-06-17T12:47:23.311+0530] {dag.py:3036} INFO - Sync 1 DAGs
[2025-06-17T12:47:23.323+0530] {logging_mixin.py:188} INFO - [2025-06-17T12:47:23.323+0530] {dag.py:3823} INFO - Setting next_dagrun for example_branch_operator to 2025-06-16 00:00:00+00:00, run_after=2025-06-17 00:00:00+00:00
[2025-06-17T12:47:23.339+0530] {processor.py:183} INFO - Processing /home/priya/projects/snowflake_twitter_pipeline/venv/lib/python3.10/site-packages/airflow/example_dags/example_branch_operator.py took 0.058 seconds
[2025-06-17T12:48:09.000+0530] {processor.py:161} INFO - Started process (PID=1621) to work on /home/priya/projects/snowflake_twitter_pipeline/venv/lib/python3.10/site-packages/airflow/example_dags/example_branch_operator.py
[2025-06-17T12:48:09.009+0530] {processor.py:830} INFO - Processing file /home/priya/projects/snowflake_twitter_pipeline/venv/lib/python3.10/site-packages/airflow/example_dags/example_branch_operator.py for tasks to queue
[2025-06-17T12:48:09.010+0530] {logging_mixin.py:188} INFO - [2025-06-17T12:48:09.010+0530] {dagbag.py:538} INFO - Filling up the DagBag from /home/priya/projects/snowflake_twitter_pipeline/venv/lib/python3.10/site-packages/airflow/example_dags/example_branch_operator.py
[2025-06-17T12:48:09.021+0530] {processor.py:840} INFO - DAG(s) 'example_branch_operator' retrieved from /home/priya/projects/snowflake_twitter_pipeline/venv/lib/python3.10/site-packages/airflow/example_dags/example_branch_operator.py
[2025-06-17T12:48:09.033+0530] {logging_mixin.py:188} INFO - [2025-06-17T12:48:09.033+0530] {dag.py:3036} INFO - Sync 1 DAGs
[2025-06-17T12:48:09.045+0530] {logging_mixin.py:188} INFO - [2025-06-17T12:48:09.045+0530] {dag.py:3823} INFO - Setting next_dagrun for example_branch_operator to 2025-06-16 00:00:00+00:00, run_after=2025-06-17 00:00:00+00:00
[2025-06-17T12:48:09.060+0530] {processor.py:183} INFO - Processing /home/priya/projects/snowflake_twitter_pipeline/venv/lib/python3.10/site-packages/airflow/example_dags/example_branch_operator.py took 0.062 seconds
[2025-06-17T12:48:56.986+0530] {processor.py:161} INFO - Started process (PID=1838) to work on /home/priya/projects/snowflake_twitter_pipeline/venv/lib/python3.10/site-packages/airflow/example_dags/example_branch_operator.py
[2025-06-17T12:48:56.987+0530] {processor.py:830} INFO - Processing file /home/priya/projects/snowflake_twitter_pipeline/venv/lib/python3.10/site-packages/airflow/example_dags/example_branch_operator.py for tasks to queue
[2025-06-17T12:48:56.988+0530] {logging_mixin.py:188} INFO - [2025-06-17T12:48:56.988+0530] {dagbag.py:538} INFO - Filling up the DagBag from /home/priya/projects/snowflake_twitter_pipeline/venv/lib/python3.10/site-packages/airflow/example_dags/example_branch_operator.py
[2025-06-17T12:48:57.001+0530] {processor.py:840} INFO - DAG(s) 'example_branch_operator' retrieved from /home/priya/projects/snowflake_twitter_pipeline/venv/lib/python3.10/site-packages/airflow/example_dags/example_branch_operator.py
[2025-06-17T12:48:57.016+0530] {logging_mixin.py:188} INFO - [2025-06-17T12:48:57.016+0530] {dag.py:3036} INFO - Sync 1 DAGs
[2025-06-17T12:48:57.032+0530] {logging_mixin.py:188} INFO - [2025-06-17T12:48:57.032+0530] {dag.py:3823} INFO - Setting next_dagrun for example_branch_operator to 2025-06-16 00:00:00+00:00, run_after=2025-06-17 00:00:00+00:00
[2025-06-17T12:48:57.055+0530] {processor.py:183} INFO - Processing /home/priya/projects/snowflake_twitter_pipeline/venv/lib/python3.10/site-packages/airflow/example_dags/example_branch_operator.py took 0.072 seconds
[2025-06-17T12:49:31.827+0530] {processor.py:161} INFO - Started process (PID=2006) to work on /home/priya/projects/snowflake_twitter_pipeline/venv/lib/python3.10/site-packages/airflow/example_dags/example_branch_operator.py
[2025-06-17T12:49:31.828+0530] {processor.py:830} INFO - Processing file /home/priya/projects/snowflake_twitter_pipeline/venv/lib/python3.10/site-packages/airflow/example_dags/example_branch_operator.py for tasks to queue
[2025-06-17T12:49:31.829+0530] {logging_mixin.py:188} INFO - [2025-06-17T12:49:31.829+0530] {dagbag.py:538} INFO - Filling up the DagBag from /home/priya/projects/snowflake_twitter_pipeline/venv/lib/python3.10/site-packages/airflow/example_dags/example_branch_operator.py
[2025-06-17T12:49:31.840+0530] {processor.py:840} INFO - DAG(s) 'example_branch_operator' retrieved from /home/priya/projects/snowflake_twitter_pipeline/venv/lib/python3.10/site-packages/airflow/example_dags/example_branch_operator.py
[2025-06-17T12:49:31.854+0530] {logging_mixin.py:188} INFO - [2025-06-17T12:49:31.854+0530] {dag.py:3036} INFO - Sync 1 DAGs
[2025-06-17T12:49:31.868+0530] {logging_mixin.py:188} INFO - [2025-06-17T12:49:31.868+0530] {dag.py:3823} INFO - Setting next_dagrun for example_branch_operator to 2025-06-16 00:00:00+00:00, run_after=2025-06-17 00:00:00+00:00
[2025-06-17T12:49:31.885+0530] {processor.py:183} INFO - Processing /home/priya/projects/snowflake_twitter_pipeline/venv/lib/python3.10/site-packages/airflow/example_dags/example_branch_operator.py took 0.060 seconds
[2025-06-17T12:50:20.501+0530] {processor.py:161} INFO - Started process (PID=2233) to work on /home/priya/projects/snowflake_twitter_pipeline/venv/lib/python3.10/site-packages/airflow/example_dags/example_branch_operator.py
[2025-06-17T12:50:20.502+0530] {processor.py:830} INFO - Processing file /home/priya/projects/snowflake_twitter_pipeline/venv/lib/python3.10/site-packages/airflow/example_dags/example_branch_operator.py for tasks to queue
[2025-06-17T12:50:20.504+0530] {logging_mixin.py:188} INFO - [2025-06-17T12:50:20.503+0530] {dagbag.py:538} INFO - Filling up the DagBag from /home/priya/projects/snowflake_twitter_pipeline/venv/lib/python3.10/site-packages/airflow/example_dags/example_branch_operator.py
[2025-06-17T12:50:20.519+0530] {processor.py:840} INFO - DAG(s) 'example_branch_operator' retrieved from /home/priya/projects/snowflake_twitter_pipeline/venv/lib/python3.10/site-packages/airflow/example_dags/example_branch_operator.py
[2025-06-17T12:50:20.535+0530] {logging_mixin.py:188} INFO - [2025-06-17T12:50:20.535+0530] {dag.py:3036} INFO - Sync 1 DAGs
[2025-06-17T12:50:20.554+0530] {logging_mixin.py:188} INFO - [2025-06-17T12:50:20.554+0530] {dag.py:3823} INFO - Setting next_dagrun for example_branch_operator to 2025-06-16 00:00:00+00:00, run_after=2025-06-17 00:00:00+00:00
[2025-06-17T12:50:20.579+0530] {processor.py:183} INFO - Processing /home/priya/projects/snowflake_twitter_pipeline/venv/lib/python3.10/site-packages/airflow/example_dags/example_branch_operator.py took 0.081 seconds
[2025-06-17T12:51:06.780+0530] {processor.py:161} INFO - Started process (PID=2438) to work on /home/priya/projects/snowflake_twitter_pipeline/venv/lib/python3.10/site-packages/airflow/example_dags/example_branch_operator.py
[2025-06-17T12:51:06.788+0530] {processor.py:830} INFO - Processing file /home/priya/projects/snowflake_twitter_pipeline/venv/lib/python3.10/site-packages/airflow/example_dags/example_branch_operator.py for tasks to queue
[2025-06-17T12:51:06.789+0530] {logging_mixin.py:188} INFO - [2025-06-17T12:51:06.789+0530] {dagbag.py:538} INFO - Filling up the DagBag from /home/priya/projects/snowflake_twitter_pipeline/venv/lib/python3.10/site-packages/airflow/example_dags/example_branch_operator.py
[2025-06-17T12:51:06.799+0530] {processor.py:840} INFO - DAG(s) 'example_branch_operator' retrieved from /home/priya/projects/snowflake_twitter_pipeline/venv/lib/python3.10/site-packages/airflow/example_dags/example_branch_operator.py
[2025-06-17T12:51:06.811+0530] {logging_mixin.py:188} INFO - [2025-06-17T12:51:06.811+0530] {dag.py:3036} INFO - Sync 1 DAGs
[2025-06-17T12:51:06.822+0530] {logging_mixin.py:188} INFO - [2025-06-17T12:51:06.822+0530] {dag.py:3823} INFO - Setting next_dagrun for example_branch_operator to 2025-06-16 00:00:00+00:00, run_after=2025-06-17 00:00:00+00:00
[2025-06-17T12:51:06.845+0530] {processor.py:183} INFO - Processing /home/priya/projects/snowflake_twitter_pipeline/venv/lib/python3.10/site-packages/airflow/example_dags/example_branch_operator.py took 0.067 seconds
[2025-06-17T12:51:42.042+0530] {processor.py:161} INFO - Started process (PID=2598) to work on /home/priya/projects/snowflake_twitter_pipeline/venv/lib/python3.10/site-packages/airflow/example_dags/example_branch_operator.py
[2025-06-17T12:51:42.051+0530] {processor.py:830} INFO - Processing file /home/priya/projects/snowflake_twitter_pipeline/venv/lib/python3.10/site-packages/airflow/example_dags/example_branch_operator.py for tasks to queue
[2025-06-17T12:51:42.052+0530] {logging_mixin.py:188} INFO - [2025-06-17T12:51:42.052+0530] {dagbag.py:538} INFO - Filling up the DagBag from /home/priya/projects/snowflake_twitter_pipeline/venv/lib/python3.10/site-packages/airflow/example_dags/example_branch_operator.py
[2025-06-17T12:51:42.068+0530] {processor.py:840} INFO - DAG(s) 'example_branch_operator' retrieved from /home/priya/projects/snowflake_twitter_pipeline/venv/lib/python3.10/site-packages/airflow/example_dags/example_branch_operator.py
[2025-06-17T12:51:42.080+0530] {logging_mixin.py:188} INFO - [2025-06-17T12:51:42.080+0530] {dag.py:3036} INFO - Sync 1 DAGs
[2025-06-17T12:51:42.092+0530] {logging_mixin.py:188} INFO - [2025-06-17T12:51:42.092+0530] {dag.py:3823} INFO - Setting next_dagrun for example_branch_operator to 2025-06-16 00:00:00+00:00, run_after=2025-06-17 00:00:00+00:00
[2025-06-17T12:51:42.110+0530] {processor.py:183} INFO - Processing /home/priya/projects/snowflake_twitter_pipeline/venv/lib/python3.10/site-packages/airflow/example_dags/example_branch_operator.py took 0.071 seconds
[2025-06-17T12:52:16.763+0530] {processor.py:161} INFO - Started process (PID=2751) to work on /home/priya/projects/snowflake_twitter_pipeline/venv/lib/python3.10/site-packages/airflow/example_dags/example_branch_operator.py
[2025-06-17T12:52:16.772+0530] {processor.py:830} INFO - Processing file /home/priya/projects/snowflake_twitter_pipeline/venv/lib/python3.10/site-packages/airflow/example_dags/example_branch_operator.py for tasks to queue
[2025-06-17T12:52:16.773+0530] {logging_mixin.py:188} INFO - [2025-06-17T12:52:16.772+0530] {dagbag.py:538} INFO - Filling up the DagBag from /home/priya/projects/snowflake_twitter_pipeline/venv/lib/python3.10/site-packages/airflow/example_dags/example_branch_operator.py
[2025-06-17T12:52:16.783+0530] {processor.py:840} INFO - DAG(s) 'example_branch_operator' retrieved from /home/priya/projects/snowflake_twitter_pipeline/venv/lib/python3.10/site-packages/airflow/example_dags/example_branch_operator.py
[2025-06-17T12:52:16.796+0530] {logging_mixin.py:188} INFO - [2025-06-17T12:52:16.795+0530] {dag.py:3036} INFO - Sync 1 DAGs
[2025-06-17T12:52:16.807+0530] {logging_mixin.py:188} INFO - [2025-06-17T12:52:16.807+0530] {dag.py:3823} INFO - Setting next_dagrun for example_branch_operator to 2025-06-16 00:00:00+00:00, run_after=2025-06-17 00:00:00+00:00
[2025-06-17T12:52:16.823+0530] {processor.py:183} INFO - Processing /home/priya/projects/snowflake_twitter_pipeline/venv/lib/python3.10/site-packages/airflow/example_dags/example_branch_operator.py took 0.063 seconds
[2025-06-17T12:52:51.363+0530] {processor.py:161} INFO - Started process (PID=2913) to work on /home/priya/projects/snowflake_twitter_pipeline/venv/lib/python3.10/site-packages/airflow/example_dags/example_branch_operator.py
[2025-06-17T12:52:51.365+0530] {processor.py:830} INFO - Processing file /home/priya/projects/snowflake_twitter_pipeline/venv/lib/python3.10/site-packages/airflow/example_dags/example_branch_operator.py for tasks to queue
[2025-06-17T12:52:51.366+0530] {logging_mixin.py:188} INFO - [2025-06-17T12:52:51.365+0530] {dagbag.py:538} INFO - Filling up the DagBag from /home/priya/projects/snowflake_twitter_pipeline/venv/lib/python3.10/site-packages/airflow/example_dags/example_branch_operator.py
[2025-06-17T12:52:51.380+0530] {processor.py:840} INFO - DAG(s) 'example_branch_operator' retrieved from /home/priya/projects/snowflake_twitter_pipeline/venv/lib/python3.10/site-packages/airflow/example_dags/example_branch_operator.py
[2025-06-17T12:52:51.397+0530] {logging_mixin.py:188} INFO - [2025-06-17T12:52:51.397+0530] {dag.py:3036} INFO - Sync 1 DAGs
[2025-06-17T12:52:51.412+0530] {logging_mixin.py:188} INFO - [2025-06-17T12:52:51.411+0530] {dag.py:3823} INFO - Setting next_dagrun for example_branch_operator to 2025-06-16 00:00:00+00:00, run_after=2025-06-17 00:00:00+00:00
[2025-06-17T12:52:51.431+0530] {processor.py:183} INFO - Processing /home/priya/projects/snowflake_twitter_pipeline/venv/lib/python3.10/site-packages/airflow/example_dags/example_branch_operator.py took 0.070 seconds
[2025-06-17T12:53:27.601+0530] {processor.py:161} INFO - Started process (PID=3057) to work on /home/priya/projects/snowflake_twitter_pipeline/venv/lib/python3.10/site-packages/airflow/example_dags/example_branch_operator.py
[2025-06-17T12:53:27.603+0530] {processor.py:830} INFO - Processing file /home/priya/projects/snowflake_twitter_pipeline/venv/lib/python3.10/site-packages/airflow/example_dags/example_branch_operator.py for tasks to queue
[2025-06-17T12:53:27.604+0530] {logging_mixin.py:188} INFO - [2025-06-17T12:53:27.603+0530] {dagbag.py:538} INFO - Filling up the DagBag from /home/priya/projects/snowflake_twitter_pipeline/venv/lib/python3.10/site-packages/airflow/example_dags/example_branch_operator.py
[2025-06-17T12:53:27.616+0530] {processor.py:840} INFO - DAG(s) 'example_branch_operator' retrieved from /home/priya/projects/snowflake_twitter_pipeline/venv/lib/python3.10/site-packages/airflow/example_dags/example_branch_operator.py
[2025-06-17T12:53:27.631+0530] {logging_mixin.py:188} INFO - [2025-06-17T12:53:27.631+0530] {dag.py:3036} INFO - Sync 1 DAGs
[2025-06-17T12:53:27.647+0530] {logging_mixin.py:188} INFO - [2025-06-17T12:53:27.646+0530] {dag.py:3823} INFO - Setting next_dagrun for example_branch_operator to 2025-06-16 00:00:00+00:00, run_after=2025-06-17 00:00:00+00:00
[2025-06-17T12:53:27.668+0530] {processor.py:183} INFO - Processing /home/priya/projects/snowflake_twitter_pipeline/venv/lib/python3.10/site-packages/airflow/example_dags/example_branch_operator.py took 0.069 seconds
[2025-06-17T12:54:01.975+0530] {processor.py:161} INFO - Started process (PID=3109) to work on /home/priya/projects/snowflake_twitter_pipeline/venv/lib/python3.10/site-packages/airflow/example_dags/example_branch_operator.py
[2025-06-17T12:54:01.984+0530] {processor.py:830} INFO - Processing file /home/priya/projects/snowflake_twitter_pipeline/venv/lib/python3.10/site-packages/airflow/example_dags/example_branch_operator.py for tasks to queue
[2025-06-17T12:54:01.985+0530] {logging_mixin.py:188} INFO - [2025-06-17T12:54:01.985+0530] {dagbag.py:538} INFO - Filling up the DagBag from /home/priya/projects/snowflake_twitter_pipeline/venv/lib/python3.10/site-packages/airflow/example_dags/example_branch_operator.py
[2025-06-17T12:54:01.998+0530] {processor.py:840} INFO - DAG(s) 'example_branch_operator' retrieved from /home/priya/projects/snowflake_twitter_pipeline/venv/lib/python3.10/site-packages/airflow/example_dags/example_branch_operator.py
[2025-06-17T12:54:02.014+0530] {logging_mixin.py:188} INFO - [2025-06-17T12:54:02.014+0530] {dag.py:3036} INFO - Sync 1 DAGs
[2025-06-17T12:54:02.027+0530] {logging_mixin.py:188} INFO - [2025-06-17T12:54:02.027+0530] {dag.py:3823} INFO - Setting next_dagrun for example_branch_operator to 2025-06-16 00:00:00+00:00, run_after=2025-06-17 00:00:00+00:00
[2025-06-17T12:54:02.044+0530] {processor.py:183} INFO - Processing /home/priya/projects/snowflake_twitter_pipeline/venv/lib/python3.10/site-packages/airflow/example_dags/example_branch_operator.py took 0.072 seconds
[2025-06-17T12:54:38.554+0530] {processor.py:161} INFO - Started process (PID=3206) to work on /home/priya/projects/snowflake_twitter_pipeline/venv/lib/python3.10/site-packages/airflow/example_dags/example_branch_operator.py
[2025-06-17T12:54:38.556+0530] {processor.py:830} INFO - Processing file /home/priya/projects/snowflake_twitter_pipeline/venv/lib/python3.10/site-packages/airflow/example_dags/example_branch_operator.py for tasks to queue
[2025-06-17T12:54:38.557+0530] {logging_mixin.py:188} INFO - [2025-06-17T12:54:38.556+0530] {dagbag.py:538} INFO - Filling up the DagBag from /home/priya/projects/snowflake_twitter_pipeline/venv/lib/python3.10/site-packages/airflow/example_dags/example_branch_operator.py
[2025-06-17T12:54:38.569+0530] {processor.py:840} INFO - DAG(s) 'example_branch_operator' retrieved from /home/priya/projects/snowflake_twitter_pipeline/venv/lib/python3.10/site-packages/airflow/example_dags/example_branch_operator.py
[2025-06-17T12:54:38.586+0530] {logging_mixin.py:188} INFO - [2025-06-17T12:54:38.585+0530] {dag.py:3036} INFO - Sync 1 DAGs
[2025-06-17T12:54:38.598+0530] {logging_mixin.py:188} INFO - [2025-06-17T12:54:38.598+0530] {dag.py:3823} INFO - Setting next_dagrun for example_branch_operator to 2025-06-16 00:00:00+00:00, run_after=2025-06-17 00:00:00+00:00
[2025-06-17T12:54:38.627+0530] {processor.py:183} INFO - Processing /home/priya/projects/snowflake_twitter_pipeline/venv/lib/python3.10/site-packages/airflow/example_dags/example_branch_operator.py took 0.075 seconds
