[2025-06-17T12:43:05.465+0530] {processor.py:161} INFO - Started process (PID=462) to work on /home/priya/projects/snowflake_twitter_pipeline/venv/lib/python3.10/site-packages/airflow/example_dags/example_dynamic_task_mapping.py
[2025-06-17T12:43:05.466+0530] {processor.py:830} INFO - Processing file /home/priya/projects/snowflake_twitter_pipeline/venv/lib/python3.10/site-packages/airflow/example_dags/example_dynamic_task_mapping.py for tasks to queue
[2025-06-17T12:43:05.467+0530] {logging_mixin.py:188} INFO - [2025-06-17T12:43:05.467+0530] {dagbag.py:538} INFO - Filling up the DagBag from /home/priya/projects/snowflake_twitter_pipeline/venv/lib/python3.10/site-packages/airflow/example_dags/example_dynamic_task_mapping.py
[2025-06-17T12:43:05.550+0530] {processor.py:840} INFO - DAG(s) 'example_dynamic_task_mapping' retrieved from /home/priya/projects/snowflake_twitter_pipeline/venv/lib/python3.10/site-packages/airflow/example_dags/example_dynamic_task_mapping.py
[2025-06-17T12:43:05.614+0530] {logging_mixin.py:188} INFO - [2025-06-17T12:43:05.613+0530] {override.py:1769} INFO - Created Permission View: can edit on DAG:example_dynamic_task_mapping
[2025-06-17T12:43:05.623+0530] {logging_mixin.py:188} INFO - [2025-06-17T12:43:05.622+0530] {override.py:1769} INFO - Created Permission View: can delete on DAG:example_dynamic_task_mapping
[2025-06-17T12:43:05.630+0530] {logging_mixin.py:188} INFO - [2025-06-17T12:43:05.629+0530] {override.py:1769} INFO - Created Permission View: can read on DAG:example_dynamic_task_mapping
[2025-06-17T12:43:05.630+0530] {logging_mixin.py:188} INFO - [2025-06-17T12:43:05.630+0530] {dag.py:3036} INFO - Sync 1 DAGs
[2025-06-17T12:43:05.636+0530] {logging_mixin.py:188} INFO - [2025-06-17T12:43:05.635+0530] {dag.py:3058} INFO - Creating ORM DAG for example_dynamic_task_mapping
[2025-06-17T12:43:05.641+0530] {logging_mixin.py:188} INFO - [2025-06-17T12:43:05.640+0530] {dag.py:3823} INFO - Setting next_dagrun for example_dynamic_task_mapping to 2022-03-04 00:00:00+00:00, run_after=2022-03-05 00:00:00+00:00
[2025-06-17T12:43:05.655+0530] {processor.py:183} INFO - Processing /home/priya/projects/snowflake_twitter_pipeline/venv/lib/python3.10/site-packages/airflow/example_dags/example_dynamic_task_mapping.py took 0.193 seconds
[2025-06-17T12:44:08.586+0530] {processor.py:161} INFO - Started process (PID=556) to work on /home/priya/projects/snowflake_twitter_pipeline/venv/lib/python3.10/site-packages/airflow/example_dags/example_dynamic_task_mapping.py
[2025-06-17T12:44:08.595+0530] {processor.py:830} INFO - Processing file /home/priya/projects/snowflake_twitter_pipeline/venv/lib/python3.10/site-packages/airflow/example_dags/example_dynamic_task_mapping.py for tasks to queue
[2025-06-17T12:44:08.597+0530] {logging_mixin.py:188} INFO - [2025-06-17T12:44:08.596+0530] {dagbag.py:538} INFO - Filling up the DagBag from /home/priya/projects/snowflake_twitter_pipeline/venv/lib/python3.10/site-packages/airflow/example_dags/example_dynamic_task_mapping.py
[2025-06-17T12:44:08.608+0530] {processor.py:840} INFO - DAG(s) 'example_dynamic_task_mapping' retrieved from /home/priya/projects/snowflake_twitter_pipeline/venv/lib/python3.10/site-packages/airflow/example_dags/example_dynamic_task_mapping.py
[2025-06-17T12:44:08.619+0530] {logging_mixin.py:188} INFO - [2025-06-17T12:44:08.619+0530] {dag.py:3036} INFO - Sync 1 DAGs
[2025-06-17T12:44:08.632+0530] {logging_mixin.py:188} INFO - [2025-06-17T12:44:08.632+0530] {dag.py:3823} INFO - Setting next_dagrun for example_dynamic_task_mapping to 2022-03-04 00:00:00+00:00, run_after=2022-03-05 00:00:00+00:00
[2025-06-17T12:44:08.649+0530] {processor.py:183} INFO - Processing /home/priya/projects/snowflake_twitter_pipeline/venv/lib/python3.10/site-packages/airflow/example_dags/example_dynamic_task_mapping.py took 0.065 seconds
[2025-06-17T12:46:27.752+0530] {processor.py:161} INFO - Started process (PID=751) to work on /home/priya/projects/snowflake_twitter_pipeline/venv/lib/python3.10/site-packages/airflow/example_dags/example_dynamic_task_mapping.py
[2025-06-17T12:46:27.753+0530] {processor.py:830} INFO - Processing file /home/priya/projects/snowflake_twitter_pipeline/venv/lib/python3.10/site-packages/airflow/example_dags/example_dynamic_task_mapping.py for tasks to queue
[2025-06-17T12:46:27.754+0530] {logging_mixin.py:188} INFO - [2025-06-17T12:46:27.754+0530] {dagbag.py:538} INFO - Filling up the DagBag from /home/priya/projects/snowflake_twitter_pipeline/venv/lib/python3.10/site-packages/airflow/example_dags/example_dynamic_task_mapping.py
[2025-06-17T12:46:27.852+0530] {processor.py:840} INFO - DAG(s) 'example_dynamic_task_mapping' retrieved from /home/priya/projects/snowflake_twitter_pipeline/venv/lib/python3.10/site-packages/airflow/example_dags/example_dynamic_task_mapping.py
[2025-06-17T12:46:27.860+0530] {logging_mixin.py:188} INFO - [2025-06-17T12:46:27.860+0530] {dag.py:3036} INFO - Sync 1 DAGs
[2025-06-17T12:46:27.873+0530] {logging_mixin.py:188} INFO - [2025-06-17T12:46:27.872+0530] {dag.py:3823} INFO - Setting next_dagrun for example_dynamic_task_mapping to 2022-03-04 00:00:00+00:00, run_after=2022-03-05 00:00:00+00:00
[2025-06-17T12:46:27.888+0530] {processor.py:183} INFO - Processing /home/priya/projects/snowflake_twitter_pipeline/venv/lib/python3.10/site-packages/airflow/example_dags/example_dynamic_task_mapping.py took 0.140 seconds
[2025-06-17T12:47:28.420+0530] {processor.py:161} INFO - Started process (PID=1440) to work on /home/priya/projects/snowflake_twitter_pipeline/venv/lib/python3.10/site-packages/airflow/example_dags/example_dynamic_task_mapping.py
[2025-06-17T12:47:28.421+0530] {processor.py:830} INFO - Processing file /home/priya/projects/snowflake_twitter_pipeline/venv/lib/python3.10/site-packages/airflow/example_dags/example_dynamic_task_mapping.py for tasks to queue
[2025-06-17T12:47:28.422+0530] {logging_mixin.py:188} INFO - [2025-06-17T12:47:28.422+0530] {dagbag.py:538} INFO - Filling up the DagBag from /home/priya/projects/snowflake_twitter_pipeline/venv/lib/python3.10/site-packages/airflow/example_dags/example_dynamic_task_mapping.py
[2025-06-17T12:47:28.429+0530] {processor.py:840} INFO - DAG(s) 'example_dynamic_task_mapping' retrieved from /home/priya/projects/snowflake_twitter_pipeline/venv/lib/python3.10/site-packages/airflow/example_dags/example_dynamic_task_mapping.py
[2025-06-17T12:47:28.441+0530] {logging_mixin.py:188} INFO - [2025-06-17T12:47:28.440+0530] {dag.py:3036} INFO - Sync 1 DAGs
[2025-06-17T12:47:28.455+0530] {logging_mixin.py:188} INFO - [2025-06-17T12:47:28.455+0530] {dag.py:3823} INFO - Setting next_dagrun for example_dynamic_task_mapping to 2022-03-04 00:00:00+00:00, run_after=2022-03-05 00:00:00+00:00
[2025-06-17T12:47:28.475+0530] {processor.py:183} INFO - Processing /home/priya/projects/snowflake_twitter_pipeline/venv/lib/python3.10/site-packages/airflow/example_dags/example_dynamic_task_mapping.py took 0.058 seconds
[2025-06-17T12:48:16.920+0530] {processor.py:161} INFO - Started process (PID=1654) to work on /home/priya/projects/snowflake_twitter_pipeline/venv/lib/python3.10/site-packages/airflow/example_dags/example_dynamic_task_mapping.py
[2025-06-17T12:48:16.924+0530] {processor.py:830} INFO - Processing file /home/priya/projects/snowflake_twitter_pipeline/venv/lib/python3.10/site-packages/airflow/example_dags/example_dynamic_task_mapping.py for tasks to queue
[2025-06-17T12:48:16.925+0530] {logging_mixin.py:188} INFO - [2025-06-17T12:48:16.925+0530] {dagbag.py:538} INFO - Filling up the DagBag from /home/priya/projects/snowflake_twitter_pipeline/venv/lib/python3.10/site-packages/airflow/example_dags/example_dynamic_task_mapping.py
[2025-06-17T12:48:16.930+0530] {processor.py:840} INFO - DAG(s) 'example_dynamic_task_mapping' retrieved from /home/priya/projects/snowflake_twitter_pipeline/venv/lib/python3.10/site-packages/airflow/example_dags/example_dynamic_task_mapping.py
[2025-06-17T12:48:16.940+0530] {logging_mixin.py:188} INFO - [2025-06-17T12:48:16.940+0530] {dag.py:3036} INFO - Sync 1 DAGs
[2025-06-17T12:48:16.952+0530] {logging_mixin.py:188} INFO - [2025-06-17T12:48:16.952+0530] {dag.py:3823} INFO - Setting next_dagrun for example_dynamic_task_mapping to 2022-03-04 00:00:00+00:00, run_after=2022-03-05 00:00:00+00:00
[2025-06-17T12:48:16.970+0530] {processor.py:183} INFO - Processing /home/priya/projects/snowflake_twitter_pipeline/venv/lib/python3.10/site-packages/airflow/example_dags/example_dynamic_task_mapping.py took 0.052 seconds
[2025-06-17T12:49:08.395+0530] {processor.py:161} INFO - Started process (PID=1885) to work on /home/priya/projects/snowflake_twitter_pipeline/venv/lib/python3.10/site-packages/airflow/example_dags/example_dynamic_task_mapping.py
[2025-06-17T12:49:08.396+0530] {processor.py:830} INFO - Processing file /home/priya/projects/snowflake_twitter_pipeline/venv/lib/python3.10/site-packages/airflow/example_dags/example_dynamic_task_mapping.py for tasks to queue
[2025-06-17T12:49:08.398+0530] {logging_mixin.py:188} INFO - [2025-06-17T12:49:08.398+0530] {dagbag.py:538} INFO - Filling up the DagBag from /home/priya/projects/snowflake_twitter_pipeline/venv/lib/python3.10/site-packages/airflow/example_dags/example_dynamic_task_mapping.py
[2025-06-17T12:49:08.405+0530] {processor.py:840} INFO - DAG(s) 'example_dynamic_task_mapping' retrieved from /home/priya/projects/snowflake_twitter_pipeline/venv/lib/python3.10/site-packages/airflow/example_dags/example_dynamic_task_mapping.py
[2025-06-17T12:49:08.419+0530] {logging_mixin.py:188} INFO - [2025-06-17T12:49:08.419+0530] {dag.py:3036} INFO - Sync 1 DAGs
[2025-06-17T12:49:08.438+0530] {logging_mixin.py:188} INFO - [2025-06-17T12:49:08.438+0530] {dag.py:3823} INFO - Setting next_dagrun for example_dynamic_task_mapping to 2022-03-04 00:00:00+00:00, run_after=2022-03-05 00:00:00+00:00
[2025-06-17T12:49:08.464+0530] {processor.py:183} INFO - Processing /home/priya/projects/snowflake_twitter_pipeline/venv/lib/python3.10/site-packages/airflow/example_dags/example_dynamic_task_mapping.py took 0.072 seconds
[2025-06-17T12:49:55.805+0530] {processor.py:161} INFO - Started process (PID=2119) to work on /home/priya/projects/snowflake_twitter_pipeline/venv/lib/python3.10/site-packages/airflow/example_dags/example_dynamic_task_mapping.py
[2025-06-17T12:49:55.806+0530] {processor.py:830} INFO - Processing file /home/priya/projects/snowflake_twitter_pipeline/venv/lib/python3.10/site-packages/airflow/example_dags/example_dynamic_task_mapping.py for tasks to queue
[2025-06-17T12:49:55.807+0530] {logging_mixin.py:188} INFO - [2025-06-17T12:49:55.807+0530] {dagbag.py:538} INFO - Filling up the DagBag from /home/priya/projects/snowflake_twitter_pipeline/venv/lib/python3.10/site-packages/airflow/example_dags/example_dynamic_task_mapping.py
[2025-06-17T12:49:55.813+0530] {processor.py:840} INFO - DAG(s) 'example_dynamic_task_mapping' retrieved from /home/priya/projects/snowflake_twitter_pipeline/venv/lib/python3.10/site-packages/airflow/example_dags/example_dynamic_task_mapping.py
[2025-06-17T12:49:55.825+0530] {logging_mixin.py:188} INFO - [2025-06-17T12:49:55.825+0530] {dag.py:3036} INFO - Sync 1 DAGs
[2025-06-17T12:49:55.840+0530] {logging_mixin.py:188} INFO - [2025-06-17T12:49:55.840+0530] {dag.py:3823} INFO - Setting next_dagrun for example_dynamic_task_mapping to 2022-03-04 00:00:00+00:00, run_after=2022-03-05 00:00:00+00:00
[2025-06-17T12:49:55.859+0530] {processor.py:183} INFO - Processing /home/priya/projects/snowflake_twitter_pipeline/venv/lib/python3.10/site-packages/airflow/example_dags/example_dynamic_task_mapping.py took 0.057 seconds
[2025-06-17T12:50:45.364+0530] {processor.py:161} INFO - Started process (PID=2339) to work on /home/priya/projects/snowflake_twitter_pipeline/venv/lib/python3.10/site-packages/airflow/example_dags/example_dynamic_task_mapping.py
[2025-06-17T12:50:45.366+0530] {processor.py:830} INFO - Processing file /home/priya/projects/snowflake_twitter_pipeline/venv/lib/python3.10/site-packages/airflow/example_dags/example_dynamic_task_mapping.py for tasks to queue
[2025-06-17T12:50:45.367+0530] {logging_mixin.py:188} INFO - [2025-06-17T12:50:45.366+0530] {dagbag.py:538} INFO - Filling up the DagBag from /home/priya/projects/snowflake_twitter_pipeline/venv/lib/python3.10/site-packages/airflow/example_dags/example_dynamic_task_mapping.py
[2025-06-17T12:50:45.372+0530] {processor.py:840} INFO - DAG(s) 'example_dynamic_task_mapping' retrieved from /home/priya/projects/snowflake_twitter_pipeline/venv/lib/python3.10/site-packages/airflow/example_dags/example_dynamic_task_mapping.py
[2025-06-17T12:50:45.381+0530] {logging_mixin.py:188} INFO - [2025-06-17T12:50:45.381+0530] {dag.py:3036} INFO - Sync 1 DAGs
[2025-06-17T12:50:45.392+0530] {logging_mixin.py:188} INFO - [2025-06-17T12:50:45.392+0530] {dag.py:3823} INFO - Setting next_dagrun for example_dynamic_task_mapping to 2022-03-04 00:00:00+00:00, run_after=2022-03-05 00:00:00+00:00
[2025-06-17T12:50:45.407+0530] {processor.py:183} INFO - Processing /home/priya/projects/snowflake_twitter_pipeline/venv/lib/python3.10/site-packages/airflow/example_dags/example_dynamic_task_mapping.py took 0.047 seconds
[2025-06-17T12:51:35.571+0530] {processor.py:161} INFO - Started process (PID=2570) to work on /home/priya/projects/snowflake_twitter_pipeline/venv/lib/python3.10/site-packages/airflow/example_dags/example_dynamic_task_mapping.py
[2025-06-17T12:51:35.573+0530] {processor.py:830} INFO - Processing file /home/priya/projects/snowflake_twitter_pipeline/venv/lib/python3.10/site-packages/airflow/example_dags/example_dynamic_task_mapping.py for tasks to queue
[2025-06-17T12:51:35.574+0530] {logging_mixin.py:188} INFO - [2025-06-17T12:51:35.574+0530] {dagbag.py:538} INFO - Filling up the DagBag from /home/priya/projects/snowflake_twitter_pipeline/venv/lib/python3.10/site-packages/airflow/example_dags/example_dynamic_task_mapping.py
[2025-06-17T12:51:35.581+0530] {processor.py:840} INFO - DAG(s) 'example_dynamic_task_mapping' retrieved from /home/priya/projects/snowflake_twitter_pipeline/venv/lib/python3.10/site-packages/airflow/example_dags/example_dynamic_task_mapping.py
[2025-06-17T12:51:35.591+0530] {logging_mixin.py:188} INFO - [2025-06-17T12:51:35.591+0530] {dag.py:3036} INFO - Sync 1 DAGs
[2025-06-17T12:51:35.607+0530] {logging_mixin.py:188} INFO - [2025-06-17T12:51:35.607+0530] {dag.py:3823} INFO - Setting next_dagrun for example_dynamic_task_mapping to 2022-03-04 00:00:00+00:00, run_after=2022-03-05 00:00:00+00:00
[2025-06-17T12:51:35.630+0530] {processor.py:183} INFO - Processing /home/priya/projects/snowflake_twitter_pipeline/venv/lib/python3.10/site-packages/airflow/example_dags/example_dynamic_task_mapping.py took 0.062 seconds
[2025-06-17T12:52:26.897+0530] {processor.py:161} INFO - Started process (PID=2792) to work on /home/priya/projects/snowflake_twitter_pipeline/venv/lib/python3.10/site-packages/airflow/example_dags/example_dynamic_task_mapping.py
[2025-06-17T12:52:26.899+0530] {processor.py:830} INFO - Processing file /home/priya/projects/snowflake_twitter_pipeline/venv/lib/python3.10/site-packages/airflow/example_dags/example_dynamic_task_mapping.py for tasks to queue
[2025-06-17T12:52:26.900+0530] {logging_mixin.py:188} INFO - [2025-06-17T12:52:26.900+0530] {dagbag.py:538} INFO - Filling up the DagBag from /home/priya/projects/snowflake_twitter_pipeline/venv/lib/python3.10/site-packages/airflow/example_dags/example_dynamic_task_mapping.py
[2025-06-17T12:52:26.905+0530] {processor.py:840} INFO - DAG(s) 'example_dynamic_task_mapping' retrieved from /home/priya/projects/snowflake_twitter_pipeline/venv/lib/python3.10/site-packages/airflow/example_dags/example_dynamic_task_mapping.py
[2025-06-17T12:52:26.915+0530] {logging_mixin.py:188} INFO - [2025-06-17T12:52:26.915+0530] {dag.py:3036} INFO - Sync 1 DAGs
[2025-06-17T12:52:26.927+0530] {logging_mixin.py:188} INFO - [2025-06-17T12:52:26.927+0530] {dag.py:3823} INFO - Setting next_dagrun for example_dynamic_task_mapping to 2022-03-04 00:00:00+00:00, run_after=2022-03-05 00:00:00+00:00
[2025-06-17T12:52:26.945+0530] {processor.py:183} INFO - Processing /home/priya/projects/snowflake_twitter_pipeline/venv/lib/python3.10/site-packages/airflow/example_dags/example_dynamic_task_mapping.py took 0.051 seconds
[2025-06-17T12:53:20.883+0530] {processor.py:161} INFO - Started process (PID=3046) to work on /home/priya/projects/snowflake_twitter_pipeline/venv/lib/python3.10/site-packages/airflow/example_dags/example_dynamic_task_mapping.py
[2025-06-17T12:53:20.885+0530] {processor.py:830} INFO - Processing file /home/priya/projects/snowflake_twitter_pipeline/venv/lib/python3.10/site-packages/airflow/example_dags/example_dynamic_task_mapping.py for tasks to queue
[2025-06-17T12:53:20.886+0530] {logging_mixin.py:188} INFO - [2025-06-17T12:53:20.886+0530] {dagbag.py:538} INFO - Filling up the DagBag from /home/priya/projects/snowflake_twitter_pipeline/venv/lib/python3.10/site-packages/airflow/example_dags/example_dynamic_task_mapping.py
[2025-06-17T12:53:20.893+0530] {processor.py:840} INFO - DAG(s) 'example_dynamic_task_mapping' retrieved from /home/priya/projects/snowflake_twitter_pipeline/venv/lib/python3.10/site-packages/airflow/example_dags/example_dynamic_task_mapping.py
[2025-06-17T12:53:20.905+0530] {logging_mixin.py:188} INFO - [2025-06-17T12:53:20.905+0530] {dag.py:3036} INFO - Sync 1 DAGs
[2025-06-17T12:53:20.922+0530] {logging_mixin.py:188} INFO - [2025-06-17T12:53:20.921+0530] {dag.py:3823} INFO - Setting next_dagrun for example_dynamic_task_mapping to 2022-03-04 00:00:00+00:00, run_after=2022-03-05 00:00:00+00:00
[2025-06-17T12:53:20.945+0530] {processor.py:183} INFO - Processing /home/priya/projects/snowflake_twitter_pipeline/venv/lib/python3.10/site-packages/airflow/example_dags/example_dynamic_task_mapping.py took 0.066 seconds
[2025-06-17T12:54:12.463+0530] {processor.py:161} INFO - Started process (PID=3129) to work on /home/priya/projects/snowflake_twitter_pipeline/venv/lib/python3.10/site-packages/airflow/example_dags/example_dynamic_task_mapping.py
[2025-06-17T12:54:12.471+0530] {processor.py:830} INFO - Processing file /home/priya/projects/snowflake_twitter_pipeline/venv/lib/python3.10/site-packages/airflow/example_dags/example_dynamic_task_mapping.py for tasks to queue
[2025-06-17T12:54:12.472+0530] {logging_mixin.py:188} INFO - [2025-06-17T12:54:12.472+0530] {dagbag.py:538} INFO - Filling up the DagBag from /home/priya/projects/snowflake_twitter_pipeline/venv/lib/python3.10/site-packages/airflow/example_dags/example_dynamic_task_mapping.py
[2025-06-17T12:54:12.477+0530] {processor.py:840} INFO - DAG(s) 'example_dynamic_task_mapping' retrieved from /home/priya/projects/snowflake_twitter_pipeline/venv/lib/python3.10/site-packages/airflow/example_dags/example_dynamic_task_mapping.py
[2025-06-17T12:54:12.488+0530] {logging_mixin.py:188} INFO - [2025-06-17T12:54:12.488+0530] {dag.py:3036} INFO - Sync 1 DAGs
[2025-06-17T12:54:12.502+0530] {logging_mixin.py:188} INFO - [2025-06-17T12:54:12.502+0530] {dag.py:3823} INFO - Setting next_dagrun for example_dynamic_task_mapping to 2022-03-04 00:00:00+00:00, run_after=2022-03-05 00:00:00+00:00
[2025-06-17T12:54:12.521+0530] {processor.py:183} INFO - Processing /home/priya/projects/snowflake_twitter_pipeline/venv/lib/python3.10/site-packages/airflow/example_dags/example_dynamic_task_mapping.py took 0.061 seconds
[2025-06-17T12:55:06.706+0530] {processor.py:161} INFO - Started process (PID=3341) to work on /home/priya/projects/snowflake_twitter_pipeline/venv/lib/python3.10/site-packages/airflow/example_dags/example_dynamic_task_mapping.py
[2025-06-17T12:55:06.719+0530] {processor.py:830} INFO - Processing file /home/priya/projects/snowflake_twitter_pipeline/venv/lib/python3.10/site-packages/airflow/example_dags/example_dynamic_task_mapping.py for tasks to queue
[2025-06-17T12:55:06.720+0530] {logging_mixin.py:188} INFO - [2025-06-17T12:55:06.720+0530] {dagbag.py:538} INFO - Filling up the DagBag from /home/priya/projects/snowflake_twitter_pipeline/venv/lib/python3.10/site-packages/airflow/example_dags/example_dynamic_task_mapping.py
[2025-06-17T12:55:06.727+0530] {processor.py:840} INFO - DAG(s) 'example_dynamic_task_mapping' retrieved from /home/priya/projects/snowflake_twitter_pipeline/venv/lib/python3.10/site-packages/airflow/example_dags/example_dynamic_task_mapping.py
[2025-06-17T12:55:06.738+0530] {logging_mixin.py:188} INFO - [2025-06-17T12:55:06.738+0530] {dag.py:3036} INFO - Sync 1 DAGs
[2025-06-17T12:55:06.749+0530] {logging_mixin.py:188} INFO - [2025-06-17T12:55:06.749+0530] {dag.py:3823} INFO - Setting next_dagrun for example_dynamic_task_mapping to 2022-03-04 00:00:00+00:00, run_after=2022-03-05 00:00:00+00:00
[2025-06-17T12:55:06.772+0530] {processor.py:183} INFO - Processing /home/priya/projects/snowflake_twitter_pipeline/venv/lib/python3.10/site-packages/airflow/example_dags/example_dynamic_task_mapping.py took 0.067 seconds
