[2025-06-17T12:42:59.548+0530] {processor.py:161} INFO - Started process (PID=457) to work on /home/priya/projects/snowflake_twitter_pipeline/venv/lib/python3.10/site-packages/airflow/example_dags/example_task_group.py
[2025-06-17T12:42:59.549+0530] {processor.py:830} INFO - Processing file /home/priya/projects/snowflake_twitter_pipeline/venv/lib/python3.10/site-packages/airflow/example_dags/example_task_group.py for tasks to queue
[2025-06-17T12:42:59.550+0530] {logging_mixin.py:188} INFO - [2025-06-17T12:42:59.550+0530] {dagbag.py:538} INFO - Filling up the DagBag from /home/priya/projects/snowflake_twitter_pipeline/venv/lib/python3.10/site-packages/airflow/example_dags/example_task_group.py
[2025-06-17T12:42:59.560+0530] {processor.py:840} INFO - DAG(s) 'example_task_group' retrieved from /home/priya/projects/snowflake_twitter_pipeline/venv/lib/python3.10/site-packages/airflow/example_dags/example_task_group.py
[2025-06-17T12:42:59.730+0530] {logging_mixin.py:188} INFO - [2025-06-17T12:42:59.730+0530] {override.py:1769} INFO - Created Permission View: can edit on DAG:example_task_group
[2025-06-17T12:42:59.741+0530] {logging_mixin.py:188} INFO - [2025-06-17T12:42:59.740+0530] {override.py:1769} INFO - Created Permission View: can delete on DAG:example_task_group
[2025-06-17T12:42:59.749+0530] {logging_mixin.py:188} INFO - [2025-06-17T12:42:59.749+0530] {override.py:1769} INFO - Created Permission View: can read on DAG:example_task_group
[2025-06-17T12:42:59.749+0530] {logging_mixin.py:188} INFO - [2025-06-17T12:42:59.749+0530] {dag.py:3036} INFO - Sync 1 DAGs
[2025-06-17T12:42:59.756+0530] {logging_mixin.py:188} INFO - [2025-06-17T12:42:59.755+0530] {dag.py:3058} INFO - Creating ORM DAG for example_task_group
[2025-06-17T12:42:59.762+0530] {logging_mixin.py:188} INFO - [2025-06-17T12:42:59.762+0530] {dag.py:3823} INFO - Setting next_dagrun for example_task_group to 2025-06-16 00:00:00+00:00, run_after=2025-06-17 00:00:00+00:00
[2025-06-17T12:42:59.781+0530] {processor.py:183} INFO - Processing /home/priya/projects/snowflake_twitter_pipeline/venv/lib/python3.10/site-packages/airflow/example_dags/example_task_group.py took 0.237 seconds
[2025-06-17T12:43:49.225+0530] {processor.py:161} INFO - Started process (PID=521) to work on /home/priya/projects/snowflake_twitter_pipeline/venv/lib/python3.10/site-packages/airflow/example_dags/example_task_group.py
[2025-06-17T12:43:49.235+0530] {processor.py:830} INFO - Processing file /home/priya/projects/snowflake_twitter_pipeline/venv/lib/python3.10/site-packages/airflow/example_dags/example_task_group.py for tasks to queue
[2025-06-17T12:43:49.236+0530] {logging_mixin.py:188} INFO - [2025-06-17T12:43:49.236+0530] {dagbag.py:538} INFO - Filling up the DagBag from /home/priya/projects/snowflake_twitter_pipeline/venv/lib/python3.10/site-packages/airflow/example_dags/example_task_group.py
[2025-06-17T12:43:49.243+0530] {processor.py:840} INFO - DAG(s) 'example_task_group' retrieved from /home/priya/projects/snowflake_twitter_pipeline/venv/lib/python3.10/site-packages/airflow/example_dags/example_task_group.py
[2025-06-17T12:43:49.254+0530] {logging_mixin.py:188} INFO - [2025-06-17T12:43:49.253+0530] {dag.py:3036} INFO - Sync 1 DAGs
[2025-06-17T12:43:49.268+0530] {logging_mixin.py:188} INFO - [2025-06-17T12:43:49.268+0530] {dag.py:3823} INFO - Setting next_dagrun for example_task_group to 2025-06-16 00:00:00+00:00, run_after=2025-06-17 00:00:00+00:00
[2025-06-17T12:43:49.285+0530] {processor.py:183} INFO - Processing /home/priya/projects/snowflake_twitter_pipeline/venv/lib/python3.10/site-packages/airflow/example_dags/example_task_group.py took 0.064 seconds
[2025-06-17T12:44:46.605+0530] {processor.py:161} INFO - Started process (PID=612) to work on /home/priya/projects/snowflake_twitter_pipeline/venv/lib/python3.10/site-packages/airflow/example_dags/example_task_group.py
[2025-06-17T12:44:46.613+0530] {processor.py:830} INFO - Processing file /home/priya/projects/snowflake_twitter_pipeline/venv/lib/python3.10/site-packages/airflow/example_dags/example_task_group.py for tasks to queue
[2025-06-17T12:44:46.615+0530] {logging_mixin.py:188} INFO - [2025-06-17T12:44:46.614+0530] {dagbag.py:538} INFO - Filling up the DagBag from /home/priya/projects/snowflake_twitter_pipeline/venv/lib/python3.10/site-packages/airflow/example_dags/example_task_group.py
[2025-06-17T12:44:46.623+0530] {processor.py:840} INFO - DAG(s) 'example_task_group' retrieved from /home/priya/projects/snowflake_twitter_pipeline/venv/lib/python3.10/site-packages/airflow/example_dags/example_task_group.py
[2025-06-17T12:44:46.639+0530] {logging_mixin.py:188} INFO - [2025-06-17T12:44:46.639+0530] {dag.py:3036} INFO - Sync 1 DAGs
[2025-06-17T12:44:46.658+0530] {logging_mixin.py:188} INFO - [2025-06-17T12:44:46.657+0530] {dag.py:3823} INFO - Setting next_dagrun for example_task_group to 2025-06-16 00:00:00+00:00, run_after=2025-06-17 00:00:00+00:00
[2025-06-17T12:44:46.704+0530] {processor.py:183} INFO - Processing /home/priya/projects/snowflake_twitter_pipeline/venv/lib/python3.10/site-packages/airflow/example_dags/example_task_group.py took 0.101 seconds
[2025-06-17T12:46:22.504+0530] {processor.py:161} INFO - Started process (PID=707) to work on /home/priya/projects/snowflake_twitter_pipeline/venv/lib/python3.10/site-packages/airflow/example_dags/example_task_group.py
[2025-06-17T12:46:22.506+0530] {processor.py:830} INFO - Processing file /home/priya/projects/snowflake_twitter_pipeline/venv/lib/python3.10/site-packages/airflow/example_dags/example_task_group.py for tasks to queue
[2025-06-17T12:46:22.507+0530] {logging_mixin.py:188} INFO - [2025-06-17T12:46:22.507+0530] {dagbag.py:538} INFO - Filling up the DagBag from /home/priya/projects/snowflake_twitter_pipeline/venv/lib/python3.10/site-packages/airflow/example_dags/example_task_group.py
[2025-06-17T12:46:22.516+0530] {processor.py:840} INFO - DAG(s) 'example_task_group' retrieved from /home/priya/projects/snowflake_twitter_pipeline/venv/lib/python3.10/site-packages/airflow/example_dags/example_task_group.py
[2025-06-17T12:46:22.601+0530] {logging_mixin.py:188} INFO - [2025-06-17T12:46:22.601+0530] {dag.py:3036} INFO - Sync 1 DAGs
[2025-06-17T12:46:22.611+0530] {logging_mixin.py:188} INFO - [2025-06-17T12:46:22.611+0530] {dag.py:3823} INFO - Setting next_dagrun for example_task_group to 2025-06-16 00:00:00+00:00, run_after=2025-06-17 00:00:00+00:00
[2025-06-17T12:46:22.626+0530] {processor.py:183} INFO - Processing /home/priya/projects/snowflake_twitter_pipeline/venv/lib/python3.10/site-packages/airflow/example_dags/example_task_group.py took 0.125 seconds
[2025-06-17T12:47:12.221+0530] {processor.py:161} INFO - Started process (PID=1361) to work on /home/priya/projects/snowflake_twitter_pipeline/venv/lib/python3.10/site-packages/airflow/example_dags/example_task_group.py
[2025-06-17T12:47:12.224+0530] {processor.py:830} INFO - Processing file /home/priya/projects/snowflake_twitter_pipeline/venv/lib/python3.10/site-packages/airflow/example_dags/example_task_group.py for tasks to queue
[2025-06-17T12:47:12.225+0530] {logging_mixin.py:188} INFO - [2025-06-17T12:47:12.225+0530] {dagbag.py:538} INFO - Filling up the DagBag from /home/priya/projects/snowflake_twitter_pipeline/venv/lib/python3.10/site-packages/airflow/example_dags/example_task_group.py
[2025-06-17T12:47:12.235+0530] {processor.py:840} INFO - DAG(s) 'example_task_group' retrieved from /home/priya/projects/snowflake_twitter_pipeline/venv/lib/python3.10/site-packages/airflow/example_dags/example_task_group.py
[2025-06-17T12:47:12.250+0530] {logging_mixin.py:188} INFO - [2025-06-17T12:47:12.250+0530] {dag.py:3036} INFO - Sync 1 DAGs
[2025-06-17T12:47:12.270+0530] {logging_mixin.py:188} INFO - [2025-06-17T12:47:12.270+0530] {dag.py:3823} INFO - Setting next_dagrun for example_task_group to 2025-06-16 00:00:00+00:00, run_after=2025-06-17 00:00:00+00:00
[2025-06-17T12:47:12.295+0530] {processor.py:183} INFO - Processing /home/priya/projects/snowflake_twitter_pipeline/venv/lib/python3.10/site-packages/airflow/example_dags/example_task_group.py took 0.081 seconds
[2025-06-17T12:48:04.055+0530] {processor.py:161} INFO - Started process (PID=1604) to work on /home/priya/projects/snowflake_twitter_pipeline/venv/lib/python3.10/site-packages/airflow/example_dags/example_task_group.py
[2025-06-17T12:48:04.064+0530] {processor.py:830} INFO - Processing file /home/priya/projects/snowflake_twitter_pipeline/venv/lib/python3.10/site-packages/airflow/example_dags/example_task_group.py for tasks to queue
[2025-06-17T12:48:04.064+0530] {logging_mixin.py:188} INFO - [2025-06-17T12:48:04.064+0530] {dagbag.py:538} INFO - Filling up the DagBag from /home/priya/projects/snowflake_twitter_pipeline/venv/lib/python3.10/site-packages/airflow/example_dags/example_task_group.py
[2025-06-17T12:48:04.070+0530] {processor.py:840} INFO - DAG(s) 'example_task_group' retrieved from /home/priya/projects/snowflake_twitter_pipeline/venv/lib/python3.10/site-packages/airflow/example_dags/example_task_group.py
[2025-06-17T12:48:04.081+0530] {logging_mixin.py:188} INFO - [2025-06-17T12:48:04.081+0530] {dag.py:3036} INFO - Sync 1 DAGs
[2025-06-17T12:48:04.094+0530] {logging_mixin.py:188} INFO - [2025-06-17T12:48:04.094+0530] {dag.py:3823} INFO - Setting next_dagrun for example_task_group to 2025-06-16 00:00:00+00:00, run_after=2025-06-17 00:00:00+00:00
[2025-06-17T12:48:04.112+0530] {processor.py:183} INFO - Processing /home/priya/projects/snowflake_twitter_pipeline/venv/lib/python3.10/site-packages/airflow/example_dags/example_task_group.py took 0.060 seconds
[2025-06-17T12:48:51.843+0530] {processor.py:161} INFO - Started process (PID=1808) to work on /home/priya/projects/snowflake_twitter_pipeline/venv/lib/python3.10/site-packages/airflow/example_dags/example_task_group.py
[2025-06-17T12:48:51.845+0530] {processor.py:830} INFO - Processing file /home/priya/projects/snowflake_twitter_pipeline/venv/lib/python3.10/site-packages/airflow/example_dags/example_task_group.py for tasks to queue
[2025-06-17T12:48:51.846+0530] {logging_mixin.py:188} INFO - [2025-06-17T12:48:51.846+0530] {dagbag.py:538} INFO - Filling up the DagBag from /home/priya/projects/snowflake_twitter_pipeline/venv/lib/python3.10/site-packages/airflow/example_dags/example_task_group.py
[2025-06-17T12:48:51.851+0530] {processor.py:840} INFO - DAG(s) 'example_task_group' retrieved from /home/priya/projects/snowflake_twitter_pipeline/venv/lib/python3.10/site-packages/airflow/example_dags/example_task_group.py
[2025-06-17T12:48:51.866+0530] {logging_mixin.py:188} INFO - [2025-06-17T12:48:51.866+0530] {dag.py:3036} INFO - Sync 1 DAGs
[2025-06-17T12:48:51.880+0530] {logging_mixin.py:188} INFO - [2025-06-17T12:48:51.880+0530] {dag.py:3823} INFO - Setting next_dagrun for example_task_group to 2025-06-16 00:00:00+00:00, run_after=2025-06-17 00:00:00+00:00
[2025-06-17T12:48:51.900+0530] {processor.py:183} INFO - Processing /home/priya/projects/snowflake_twitter_pipeline/venv/lib/python3.10/site-packages/airflow/example_dags/example_task_group.py took 0.060 seconds
[2025-06-17T12:49:42.123+0530] {processor.py:161} INFO - Started process (PID=2048) to work on /home/priya/projects/snowflake_twitter_pipeline/venv/lib/python3.10/site-packages/airflow/example_dags/example_task_group.py
[2025-06-17T12:49:42.125+0530] {processor.py:830} INFO - Processing file /home/priya/projects/snowflake_twitter_pipeline/venv/lib/python3.10/site-packages/airflow/example_dags/example_task_group.py for tasks to queue
[2025-06-17T12:49:42.126+0530] {logging_mixin.py:188} INFO - [2025-06-17T12:49:42.125+0530] {dagbag.py:538} INFO - Filling up the DagBag from /home/priya/projects/snowflake_twitter_pipeline/venv/lib/python3.10/site-packages/airflow/example_dags/example_task_group.py
[2025-06-17T12:49:42.133+0530] {processor.py:840} INFO - DAG(s) 'example_task_group' retrieved from /home/priya/projects/snowflake_twitter_pipeline/venv/lib/python3.10/site-packages/airflow/example_dags/example_task_group.py
[2025-06-17T12:49:42.145+0530] {logging_mixin.py:188} INFO - [2025-06-17T12:49:42.145+0530] {dag.py:3036} INFO - Sync 1 DAGs
[2025-06-17T12:49:42.159+0530] {logging_mixin.py:188} INFO - [2025-06-17T12:49:42.159+0530] {dag.py:3823} INFO - Setting next_dagrun for example_task_group to 2025-06-16 00:00:00+00:00, run_after=2025-06-17 00:00:00+00:00
[2025-06-17T12:49:42.178+0530] {processor.py:183} INFO - Processing /home/priya/projects/snowflake_twitter_pipeline/venv/lib/python3.10/site-packages/airflow/example_dags/example_task_group.py took 0.059 seconds
[2025-06-17T12:50:33.034+0530] {processor.py:161} INFO - Started process (PID=2283) to work on /home/priya/projects/snowflake_twitter_pipeline/venv/lib/python3.10/site-packages/airflow/example_dags/example_task_group.py
[2025-06-17T12:50:33.035+0530] {processor.py:830} INFO - Processing file /home/priya/projects/snowflake_twitter_pipeline/venv/lib/python3.10/site-packages/airflow/example_dags/example_task_group.py for tasks to queue
[2025-06-17T12:50:33.037+0530] {logging_mixin.py:188} INFO - [2025-06-17T12:50:33.036+0530] {dagbag.py:538} INFO - Filling up the DagBag from /home/priya/projects/snowflake_twitter_pipeline/venv/lib/python3.10/site-packages/airflow/example_dags/example_task_group.py
[2025-06-17T12:50:33.046+0530] {processor.py:840} INFO - DAG(s) 'example_task_group' retrieved from /home/priya/projects/snowflake_twitter_pipeline/venv/lib/python3.10/site-packages/airflow/example_dags/example_task_group.py
[2025-06-17T12:50:33.066+0530] {logging_mixin.py:188} INFO - [2025-06-17T12:50:33.065+0530] {dag.py:3036} INFO - Sync 1 DAGs
[2025-06-17T12:50:33.086+0530] {logging_mixin.py:188} INFO - [2025-06-17T12:50:33.086+0530] {dag.py:3823} INFO - Setting next_dagrun for example_task_group to 2025-06-16 00:00:00+00:00, run_after=2025-06-17 00:00:00+00:00
[2025-06-17T12:50:33.110+0530] {processor.py:183} INFO - Processing /home/priya/projects/snowflake_twitter_pipeline/venv/lib/python3.10/site-packages/airflow/example_dags/example_task_group.py took 0.079 seconds
[2025-06-17T12:51:19.176+0530] {processor.py:161} INFO - Started process (PID=2489) to work on /home/priya/projects/snowflake_twitter_pipeline/venv/lib/python3.10/site-packages/airflow/example_dags/example_task_group.py
[2025-06-17T12:51:19.185+0530] {processor.py:830} INFO - Processing file /home/priya/projects/snowflake_twitter_pipeline/venv/lib/python3.10/site-packages/airflow/example_dags/example_task_group.py for tasks to queue
[2025-06-17T12:51:19.186+0530] {logging_mixin.py:188} INFO - [2025-06-17T12:51:19.186+0530] {dagbag.py:538} INFO - Filling up the DagBag from /home/priya/projects/snowflake_twitter_pipeline/venv/lib/python3.10/site-packages/airflow/example_dags/example_task_group.py
[2025-06-17T12:51:19.191+0530] {processor.py:840} INFO - DAG(s) 'example_task_group' retrieved from /home/priya/projects/snowflake_twitter_pipeline/venv/lib/python3.10/site-packages/airflow/example_dags/example_task_group.py
[2025-06-17T12:51:19.201+0530] {logging_mixin.py:188} INFO - [2025-06-17T12:51:19.201+0530] {dag.py:3036} INFO - Sync 1 DAGs
[2025-06-17T12:51:19.213+0530] {logging_mixin.py:188} INFO - [2025-06-17T12:51:19.213+0530] {dag.py:3823} INFO - Setting next_dagrun for example_task_group to 2025-06-16 00:00:00+00:00, run_after=2025-06-17 00:00:00+00:00
[2025-06-17T12:51:19.229+0530] {processor.py:183} INFO - Processing /home/priya/projects/snowflake_twitter_pipeline/venv/lib/python3.10/site-packages/airflow/example_dags/example_task_group.py took 0.055 seconds
[2025-06-17T12:52:11.768+0530] {processor.py:161} INFO - Started process (PID=2734) to work on /home/priya/projects/snowflake_twitter_pipeline/venv/lib/python3.10/site-packages/airflow/example_dags/example_task_group.py
[2025-06-17T12:52:11.770+0530] {processor.py:830} INFO - Processing file /home/priya/projects/snowflake_twitter_pipeline/venv/lib/python3.10/site-packages/airflow/example_dags/example_task_group.py for tasks to queue
[2025-06-17T12:52:11.770+0530] {logging_mixin.py:188} INFO - [2025-06-17T12:52:11.770+0530] {dagbag.py:538} INFO - Filling up the DagBag from /home/priya/projects/snowflake_twitter_pipeline/venv/lib/python3.10/site-packages/airflow/example_dags/example_task_group.py
[2025-06-17T12:52:11.776+0530] {processor.py:840} INFO - DAG(s) 'example_task_group' retrieved from /home/priya/projects/snowflake_twitter_pipeline/venv/lib/python3.10/site-packages/airflow/example_dags/example_task_group.py
[2025-06-17T12:52:11.786+0530] {logging_mixin.py:188} INFO - [2025-06-17T12:52:11.786+0530] {dag.py:3036} INFO - Sync 1 DAGs
[2025-06-17T12:52:11.798+0530] {logging_mixin.py:188} INFO - [2025-06-17T12:52:11.797+0530] {dag.py:3823} INFO - Setting next_dagrun for example_task_group to 2025-06-16 00:00:00+00:00, run_after=2025-06-17 00:00:00+00:00
[2025-06-17T12:52:11.815+0530] {processor.py:183} INFO - Processing /home/priya/projects/snowflake_twitter_pipeline/venv/lib/python3.10/site-packages/airflow/example_dags/example_task_group.py took 0.052 seconds
[2025-06-17T12:53:04.434+0530] {processor.py:161} INFO - Started process (PID=2973) to work on /home/priya/projects/snowflake_twitter_pipeline/venv/lib/python3.10/site-packages/airflow/example_dags/example_task_group.py
[2025-06-17T12:53:04.436+0530] {processor.py:830} INFO - Processing file /home/priya/projects/snowflake_twitter_pipeline/venv/lib/python3.10/site-packages/airflow/example_dags/example_task_group.py for tasks to queue
[2025-06-17T12:53:04.437+0530] {logging_mixin.py:188} INFO - [2025-06-17T12:53:04.436+0530] {dagbag.py:538} INFO - Filling up the DagBag from /home/priya/projects/snowflake_twitter_pipeline/venv/lib/python3.10/site-packages/airflow/example_dags/example_task_group.py
[2025-06-17T12:53:04.445+0530] {processor.py:840} INFO - DAG(s) 'example_task_group' retrieved from /home/priya/projects/snowflake_twitter_pipeline/venv/lib/python3.10/site-packages/airflow/example_dags/example_task_group.py
[2025-06-17T12:53:04.458+0530] {logging_mixin.py:188} INFO - [2025-06-17T12:53:04.458+0530] {dag.py:3036} INFO - Sync 1 DAGs
[2025-06-17T12:53:04.478+0530] {logging_mixin.py:188} INFO - [2025-06-17T12:53:04.477+0530] {dag.py:3823} INFO - Setting next_dagrun for example_task_group to 2025-06-16 00:00:00+00:00, run_after=2025-06-17 00:00:00+00:00
[2025-06-17T12:53:04.497+0530] {processor.py:183} INFO - Processing /home/priya/projects/snowflake_twitter_pipeline/venv/lib/python3.10/site-packages/airflow/example_dags/example_task_group.py took 0.065 seconds
[2025-06-17T12:53:56.890+0530] {processor.py:161} INFO - Started process (PID=3104) to work on /home/priya/projects/snowflake_twitter_pipeline/venv/lib/python3.10/site-packages/airflow/example_dags/example_task_group.py
[2025-06-17T12:53:56.891+0530] {processor.py:830} INFO - Processing file /home/priya/projects/snowflake_twitter_pipeline/venv/lib/python3.10/site-packages/airflow/example_dags/example_task_group.py for tasks to queue
[2025-06-17T12:53:56.892+0530] {logging_mixin.py:188} INFO - [2025-06-17T12:53:56.892+0530] {dagbag.py:538} INFO - Filling up the DagBag from /home/priya/projects/snowflake_twitter_pipeline/venv/lib/python3.10/site-packages/airflow/example_dags/example_task_group.py
[2025-06-17T12:53:56.899+0530] {processor.py:840} INFO - DAG(s) 'example_task_group' retrieved from /home/priya/projects/snowflake_twitter_pipeline/venv/lib/python3.10/site-packages/airflow/example_dags/example_task_group.py
[2025-06-17T12:53:56.914+0530] {logging_mixin.py:188} INFO - [2025-06-17T12:53:56.913+0530] {dag.py:3036} INFO - Sync 1 DAGs
[2025-06-17T12:53:56.930+0530] {logging_mixin.py:188} INFO - [2025-06-17T12:53:56.930+0530] {dag.py:3823} INFO - Setting next_dagrun for example_task_group to 2025-06-16 00:00:00+00:00, run_after=2025-06-17 00:00:00+00:00
[2025-06-17T12:53:56.954+0530] {processor.py:183} INFO - Processing /home/priya/projects/snowflake_twitter_pipeline/venv/lib/python3.10/site-packages/airflow/example_dags/example_task_group.py took 0.067 seconds
[2025-06-17T12:54:51.093+0530] {processor.py:161} INFO - Started process (PID=3261) to work on /home/priya/projects/snowflake_twitter_pipeline/venv/lib/python3.10/site-packages/airflow/example_dags/example_task_group.py
[2025-06-17T12:54:51.103+0530] {processor.py:830} INFO - Processing file /home/priya/projects/snowflake_twitter_pipeline/venv/lib/python3.10/site-packages/airflow/example_dags/example_task_group.py for tasks to queue
[2025-06-17T12:54:51.104+0530] {logging_mixin.py:188} INFO - [2025-06-17T12:54:51.104+0530] {dagbag.py:538} INFO - Filling up the DagBag from /home/priya/projects/snowflake_twitter_pipeline/venv/lib/python3.10/site-packages/airflow/example_dags/example_task_group.py
[2025-06-17T12:54:51.109+0530] {processor.py:840} INFO - DAG(s) 'example_task_group' retrieved from /home/priya/projects/snowflake_twitter_pipeline/venv/lib/python3.10/site-packages/airflow/example_dags/example_task_group.py
[2025-06-17T12:54:51.122+0530] {logging_mixin.py:188} INFO - [2025-06-17T12:54:51.122+0530] {dag.py:3036} INFO - Sync 1 DAGs
[2025-06-17T12:54:51.137+0530] {logging_mixin.py:188} INFO - [2025-06-17T12:54:51.137+0530] {dag.py:3823} INFO - Setting next_dagrun for example_task_group to 2025-06-16 00:00:00+00:00, run_after=2025-06-17 00:00:00+00:00
[2025-06-17T12:54:51.168+0530] {processor.py:183} INFO - Processing /home/priya/projects/snowflake_twitter_pipeline/venv/lib/python3.10/site-packages/airflow/example_dags/example_task_group.py took 0.077 seconds
