[2025-06-17T12:42:35.293+0530] {processor.py:161} INFO - Started process (PID=437) to work on /home/priya/projects/snowflake_twitter_pipeline/venv/lib/python3.10/site-packages/airflow/example_dags/example_branch_operator_decorator.py
[2025-06-17T12:42:35.294+0530] {processor.py:830} INFO - Processing file /home/priya/projects/snowflake_twitter_pipeline/venv/lib/python3.10/site-packages/airflow/example_dags/example_branch_operator_decorator.py for tasks to queue
[2025-06-17T12:42:35.294+0530] {logging_mixin.py:188} INFO - [2025-06-17T12:42:35.294+0530] {dagbag.py:538} INFO - Filling up the DagBag from /home/priya/projects/snowflake_twitter_pipeline/venv/lib/python3.10/site-packages/airflow/example_dags/example_branch_operator_decorator.py
[2025-06-17T12:42:35.308+0530] {processor.py:840} INFO - DAG(s) 'example_branch_python_operator_decorator' retrieved from /home/priya/projects/snowflake_twitter_pipeline/venv/lib/python3.10/site-packages/airflow/example_dags/example_branch_operator_decorator.py
[2025-06-17T12:42:35.452+0530] {logging_mixin.py:188} INFO - [2025-06-17T12:42:35.452+0530] {override.py:1769} INFO - Created Permission View: can edit on DAG:example_branch_python_operator_decorator
[2025-06-17T12:42:35.462+0530] {logging_mixin.py:188} INFO - [2025-06-17T12:42:35.461+0530] {override.py:1769} INFO - Created Permission View: can delete on DAG:example_branch_python_operator_decorator
[2025-06-17T12:42:35.469+0530] {logging_mixin.py:188} INFO - [2025-06-17T12:42:35.469+0530] {override.py:1769} INFO - Created Permission View: can read on DAG:example_branch_python_operator_decorator
[2025-06-17T12:42:35.469+0530] {logging_mixin.py:188} INFO - [2025-06-17T12:42:35.469+0530] {dag.py:3036} INFO - Sync 1 DAGs
[2025-06-17T12:42:35.475+0530] {logging_mixin.py:188} INFO - [2025-06-17T12:42:35.475+0530] {dag.py:3058} INFO - Creating ORM DAG for example_branch_python_operator_decorator
[2025-06-17T12:42:35.481+0530] {logging_mixin.py:188} INFO - [2025-06-17T12:42:35.481+0530] {dag.py:3823} INFO - Setting next_dagrun for example_branch_python_operator_decorator to 2025-06-16 00:00:00+00:00, run_after=2025-06-17 00:00:00+00:00
[2025-06-17T12:42:35.498+0530] {processor.py:183} INFO - Processing /home/priya/projects/snowflake_twitter_pipeline/venv/lib/python3.10/site-packages/airflow/example_dags/example_branch_operator_decorator.py took 0.207 seconds
[2025-06-17T12:43:28.616+0530] {processor.py:161} INFO - Started process (PID=501) to work on /home/priya/projects/snowflake_twitter_pipeline/venv/lib/python3.10/site-packages/airflow/example_dags/example_branch_operator_decorator.py
[2025-06-17T12:43:28.618+0530] {processor.py:830} INFO - Processing file /home/priya/projects/snowflake_twitter_pipeline/venv/lib/python3.10/site-packages/airflow/example_dags/example_branch_operator_decorator.py for tasks to queue
[2025-06-17T12:43:28.619+0530] {logging_mixin.py:188} INFO - [2025-06-17T12:43:28.618+0530] {dagbag.py:538} INFO - Filling up the DagBag from /home/priya/projects/snowflake_twitter_pipeline/venv/lib/python3.10/site-packages/airflow/example_dags/example_branch_operator_decorator.py
[2025-06-17T12:43:28.635+0530] {processor.py:840} INFO - DAG(s) 'example_branch_python_operator_decorator' retrieved from /home/priya/projects/snowflake_twitter_pipeline/venv/lib/python3.10/site-packages/airflow/example_dags/example_branch_operator_decorator.py
[2025-06-17T12:43:28.649+0530] {logging_mixin.py:188} INFO - [2025-06-17T12:43:28.649+0530] {dag.py:3036} INFO - Sync 1 DAGs
[2025-06-17T12:43:28.664+0530] {logging_mixin.py:188} INFO - [2025-06-17T12:43:28.664+0530] {dag.py:3823} INFO - Setting next_dagrun for example_branch_python_operator_decorator to 2025-06-16 00:00:00+00:00, run_after=2025-06-17 00:00:00+00:00
[2025-06-17T12:43:28.685+0530] {processor.py:183} INFO - Processing /home/priya/projects/snowflake_twitter_pipeline/venv/lib/python3.10/site-packages/airflow/example_dags/example_branch_operator_decorator.py took 0.074 seconds
[2025-06-17T12:44:17.480+0530] {processor.py:161} INFO - Started process (PID=566) to work on /home/priya/projects/snowflake_twitter_pipeline/venv/lib/python3.10/site-packages/airflow/example_dags/example_branch_operator_decorator.py
[2025-06-17T12:44:17.481+0530] {processor.py:830} INFO - Processing file /home/priya/projects/snowflake_twitter_pipeline/venv/lib/python3.10/site-packages/airflow/example_dags/example_branch_operator_decorator.py for tasks to queue
[2025-06-17T12:44:17.482+0530] {logging_mixin.py:188} INFO - [2025-06-17T12:44:17.482+0530] {dagbag.py:538} INFO - Filling up the DagBag from /home/priya/projects/snowflake_twitter_pipeline/venv/lib/python3.10/site-packages/airflow/example_dags/example_branch_operator_decorator.py
[2025-06-17T12:44:17.496+0530] {processor.py:840} INFO - DAG(s) 'example_branch_python_operator_decorator' retrieved from /home/priya/projects/snowflake_twitter_pipeline/venv/lib/python3.10/site-packages/airflow/example_dags/example_branch_operator_decorator.py
[2025-06-17T12:44:17.511+0530] {logging_mixin.py:188} INFO - [2025-06-17T12:44:17.510+0530] {dag.py:3036} INFO - Sync 1 DAGs
[2025-06-17T12:44:17.523+0530] {logging_mixin.py:188} INFO - [2025-06-17T12:44:17.523+0530] {dag.py:3823} INFO - Setting next_dagrun for example_branch_python_operator_decorator to 2025-06-16 00:00:00+00:00, run_after=2025-06-17 00:00:00+00:00
[2025-06-17T12:44:17.540+0530] {processor.py:183} INFO - Processing /home/priya/projects/snowflake_twitter_pipeline/venv/lib/python3.10/site-packages/airflow/example_dags/example_branch_operator_decorator.py took 0.063 seconds
[2025-06-17T12:46:00.859+0530] {processor.py:161} INFO - Started process (PID=665) to work on /home/priya/projects/snowflake_twitter_pipeline/venv/lib/python3.10/site-packages/airflow/example_dags/example_branch_operator_decorator.py
[2025-06-17T12:46:00.868+0530] {processor.py:830} INFO - Processing file /home/priya/projects/snowflake_twitter_pipeline/venv/lib/python3.10/site-packages/airflow/example_dags/example_branch_operator_decorator.py for tasks to queue
[2025-06-17T12:46:00.869+0530] {logging_mixin.py:188} INFO - [2025-06-17T12:46:00.869+0530] {dagbag.py:538} INFO - Filling up the DagBag from /home/priya/projects/snowflake_twitter_pipeline/venv/lib/python3.10/site-packages/airflow/example_dags/example_branch_operator_decorator.py
[2025-06-17T12:46:00.885+0530] {processor.py:840} INFO - DAG(s) 'example_branch_python_operator_decorator' retrieved from /home/priya/projects/snowflake_twitter_pipeline/venv/lib/python3.10/site-packages/airflow/example_dags/example_branch_operator_decorator.py
[2025-06-17T12:46:01.007+0530] {logging_mixin.py:188} INFO - [2025-06-17T12:46:01.007+0530] {dag.py:3036} INFO - Sync 1 DAGs
[2025-06-17T12:46:01.017+0530] {logging_mixin.py:188} INFO - [2025-06-17T12:46:01.016+0530] {dag.py:3823} INFO - Setting next_dagrun for example_branch_python_operator_decorator to 2025-06-16 00:00:00+00:00, run_after=2025-06-17 00:00:00+00:00
[2025-06-17T12:46:01.034+0530] {processor.py:183} INFO - Processing /home/priya/projects/snowflake_twitter_pipeline/venv/lib/python3.10/site-packages/airflow/example_dags/example_branch_operator_decorator.py took 0.177 seconds
[2025-06-17T12:46:52.369+0530] {processor.py:161} INFO - Started process (PID=1281) to work on /home/priya/projects/snowflake_twitter_pipeline/venv/lib/python3.10/site-packages/airflow/example_dags/example_branch_operator_decorator.py
[2025-06-17T12:46:52.370+0530] {processor.py:830} INFO - Processing file /home/priya/projects/snowflake_twitter_pipeline/venv/lib/python3.10/site-packages/airflow/example_dags/example_branch_operator_decorator.py for tasks to queue
[2025-06-17T12:46:52.371+0530] {logging_mixin.py:188} INFO - [2025-06-17T12:46:52.371+0530] {dagbag.py:538} INFO - Filling up the DagBag from /home/priya/projects/snowflake_twitter_pipeline/venv/lib/python3.10/site-packages/airflow/example_dags/example_branch_operator_decorator.py
[2025-06-17T12:46:52.386+0530] {processor.py:840} INFO - DAG(s) 'example_branch_python_operator_decorator' retrieved from /home/priya/projects/snowflake_twitter_pipeline/venv/lib/python3.10/site-packages/airflow/example_dags/example_branch_operator_decorator.py
[2025-06-17T12:46:52.400+0530] {logging_mixin.py:188} INFO - [2025-06-17T12:46:52.400+0530] {dag.py:3036} INFO - Sync 1 DAGs
[2025-06-17T12:46:52.413+0530] {logging_mixin.py:188} INFO - [2025-06-17T12:46:52.413+0530] {dag.py:3823} INFO - Setting next_dagrun for example_branch_python_operator_decorator to 2025-06-16 00:00:00+00:00, run_after=2025-06-17 00:00:00+00:00
[2025-06-17T12:46:52.433+0530] {processor.py:183} INFO - Processing /home/priya/projects/snowflake_twitter_pipeline/venv/lib/python3.10/site-packages/airflow/example_dags/example_branch_operator_decorator.py took 0.066 seconds
[2025-06-17T12:47:40.603+0530] {processor.py:161} INFO - Started process (PID=1485) to work on /home/priya/projects/snowflake_twitter_pipeline/venv/lib/python3.10/site-packages/airflow/example_dags/example_branch_operator_decorator.py
[2025-06-17T12:47:40.608+0530] {processor.py:830} INFO - Processing file /home/priya/projects/snowflake_twitter_pipeline/venv/lib/python3.10/site-packages/airflow/example_dags/example_branch_operator_decorator.py for tasks to queue
[2025-06-17T12:47:40.609+0530] {logging_mixin.py:188} INFO - [2025-06-17T12:47:40.608+0530] {dagbag.py:538} INFO - Filling up the DagBag from /home/priya/projects/snowflake_twitter_pipeline/venv/lib/python3.10/site-packages/airflow/example_dags/example_branch_operator_decorator.py
[2025-06-17T12:47:40.625+0530] {processor.py:840} INFO - DAG(s) 'example_branch_python_operator_decorator' retrieved from /home/priya/projects/snowflake_twitter_pipeline/venv/lib/python3.10/site-packages/airflow/example_dags/example_branch_operator_decorator.py
[2025-06-17T12:47:40.642+0530] {logging_mixin.py:188} INFO - [2025-06-17T12:47:40.641+0530] {dag.py:3036} INFO - Sync 1 DAGs
[2025-06-17T12:47:40.656+0530] {logging_mixin.py:188} INFO - [2025-06-17T12:47:40.656+0530] {dag.py:3823} INFO - Setting next_dagrun for example_branch_python_operator_decorator to 2025-06-16 00:00:00+00:00, run_after=2025-06-17 00:00:00+00:00
[2025-06-17T12:47:40.680+0530] {processor.py:183} INFO - Processing /home/priya/projects/snowflake_twitter_pipeline/venv/lib/python3.10/site-packages/airflow/example_dags/example_branch_operator_decorator.py took 0.079 seconds
[2025-06-17T12:48:27.293+0530] {processor.py:161} INFO - Started process (PID=1698) to work on /home/priya/projects/snowflake_twitter_pipeline/venv/lib/python3.10/site-packages/airflow/example_dags/example_branch_operator_decorator.py
[2025-06-17T12:48:27.294+0530] {processor.py:830} INFO - Processing file /home/priya/projects/snowflake_twitter_pipeline/venv/lib/python3.10/site-packages/airflow/example_dags/example_branch_operator_decorator.py for tasks to queue
[2025-06-17T12:48:27.295+0530] {logging_mixin.py:188} INFO - [2025-06-17T12:48:27.295+0530] {dagbag.py:538} INFO - Filling up the DagBag from /home/priya/projects/snowflake_twitter_pipeline/venv/lib/python3.10/site-packages/airflow/example_dags/example_branch_operator_decorator.py
[2025-06-17T12:48:27.311+0530] {processor.py:840} INFO - DAG(s) 'example_branch_python_operator_decorator' retrieved from /home/priya/projects/snowflake_twitter_pipeline/venv/lib/python3.10/site-packages/airflow/example_dags/example_branch_operator_decorator.py
[2025-06-17T12:48:27.329+0530] {logging_mixin.py:188} INFO - [2025-06-17T12:48:27.328+0530] {dag.py:3036} INFO - Sync 1 DAGs
[2025-06-17T12:48:27.342+0530] {logging_mixin.py:188} INFO - [2025-06-17T12:48:27.341+0530] {dag.py:3823} INFO - Setting next_dagrun for example_branch_python_operator_decorator to 2025-06-16 00:00:00+00:00, run_after=2025-06-17 00:00:00+00:00
[2025-06-17T12:48:27.361+0530] {processor.py:183} INFO - Processing /home/priya/projects/snowflake_twitter_pipeline/venv/lib/python3.10/site-packages/airflow/example_dags/example_branch_operator_decorator.py took 0.070 seconds
[2025-06-17T12:49:19.812+0530] {processor.py:161} INFO - Started process (PID=1952) to work on /home/priya/projects/snowflake_twitter_pipeline/venv/lib/python3.10/site-packages/airflow/example_dags/example_branch_operator_decorator.py
[2025-06-17T12:49:19.821+0530] {processor.py:830} INFO - Processing file /home/priya/projects/snowflake_twitter_pipeline/venv/lib/python3.10/site-packages/airflow/example_dags/example_branch_operator_decorator.py for tasks to queue
[2025-06-17T12:49:19.822+0530] {logging_mixin.py:188} INFO - [2025-06-17T12:49:19.822+0530] {dagbag.py:538} INFO - Filling up the DagBag from /home/priya/projects/snowflake_twitter_pipeline/venv/lib/python3.10/site-packages/airflow/example_dags/example_branch_operator_decorator.py
[2025-06-17T12:49:19.838+0530] {processor.py:840} INFO - DAG(s) 'example_branch_python_operator_decorator' retrieved from /home/priya/projects/snowflake_twitter_pipeline/venv/lib/python3.10/site-packages/airflow/example_dags/example_branch_operator_decorator.py
[2025-06-17T12:49:19.856+0530] {logging_mixin.py:188} INFO - [2025-06-17T12:49:19.856+0530] {dag.py:3036} INFO - Sync 1 DAGs
[2025-06-17T12:49:19.872+0530] {logging_mixin.py:188} INFO - [2025-06-17T12:49:19.872+0530] {dag.py:3823} INFO - Setting next_dagrun for example_branch_python_operator_decorator to 2025-06-16 00:00:00+00:00, run_after=2025-06-17 00:00:00+00:00
[2025-06-17T12:49:19.892+0530] {processor.py:183} INFO - Processing /home/priya/projects/snowflake_twitter_pipeline/venv/lib/python3.10/site-packages/airflow/example_dags/example_branch_operator_decorator.py took 0.083 seconds
[2025-06-17T12:50:05.940+0530] {processor.py:161} INFO - Started process (PID=2157) to work on /home/priya/projects/snowflake_twitter_pipeline/venv/lib/python3.10/site-packages/airflow/example_dags/example_branch_operator_decorator.py
[2025-06-17T12:50:05.948+0530] {processor.py:830} INFO - Processing file /home/priya/projects/snowflake_twitter_pipeline/venv/lib/python3.10/site-packages/airflow/example_dags/example_branch_operator_decorator.py for tasks to queue
[2025-06-17T12:50:05.949+0530] {logging_mixin.py:188} INFO - [2025-06-17T12:50:05.949+0530] {dagbag.py:538} INFO - Filling up the DagBag from /home/priya/projects/snowflake_twitter_pipeline/venv/lib/python3.10/site-packages/airflow/example_dags/example_branch_operator_decorator.py
[2025-06-17T12:50:05.964+0530] {processor.py:840} INFO - DAG(s) 'example_branch_python_operator_decorator' retrieved from /home/priya/projects/snowflake_twitter_pipeline/venv/lib/python3.10/site-packages/airflow/example_dags/example_branch_operator_decorator.py
[2025-06-17T12:50:05.981+0530] {logging_mixin.py:188} INFO - [2025-06-17T12:50:05.981+0530] {dag.py:3036} INFO - Sync 1 DAGs
[2025-06-17T12:50:05.996+0530] {logging_mixin.py:188} INFO - [2025-06-17T12:50:05.996+0530] {dag.py:3823} INFO - Setting next_dagrun for example_branch_python_operator_decorator to 2025-06-16 00:00:00+00:00, run_after=2025-06-17 00:00:00+00:00
[2025-06-17T12:50:06.016+0530] {processor.py:183} INFO - Processing /home/priya/projects/snowflake_twitter_pipeline/venv/lib/python3.10/site-packages/airflow/example_dags/example_branch_operator_decorator.py took 0.078 seconds
[2025-06-17T12:50:54.420+0530] {processor.py:161} INFO - Started process (PID=2388) to work on /home/priya/projects/snowflake_twitter_pipeline/venv/lib/python3.10/site-packages/airflow/example_dags/example_branch_operator_decorator.py
[2025-06-17T12:50:54.422+0530] {processor.py:830} INFO - Processing file /home/priya/projects/snowflake_twitter_pipeline/venv/lib/python3.10/site-packages/airflow/example_dags/example_branch_operator_decorator.py for tasks to queue
[2025-06-17T12:50:54.423+0530] {logging_mixin.py:188} INFO - [2025-06-17T12:50:54.423+0530] {dagbag.py:538} INFO - Filling up the DagBag from /home/priya/projects/snowflake_twitter_pipeline/venv/lib/python3.10/site-packages/airflow/example_dags/example_branch_operator_decorator.py
[2025-06-17T12:50:54.436+0530] {processor.py:840} INFO - DAG(s) 'example_branch_python_operator_decorator' retrieved from /home/priya/projects/snowflake_twitter_pipeline/venv/lib/python3.10/site-packages/airflow/example_dags/example_branch_operator_decorator.py
[2025-06-17T12:50:54.450+0530] {logging_mixin.py:188} INFO - [2025-06-17T12:50:54.450+0530] {dag.py:3036} INFO - Sync 1 DAGs
[2025-06-17T12:50:54.463+0530] {logging_mixin.py:188} INFO - [2025-06-17T12:50:54.462+0530] {dag.py:3823} INFO - Setting next_dagrun for example_branch_python_operator_decorator to 2025-06-16 00:00:00+00:00, run_after=2025-06-17 00:00:00+00:00
[2025-06-17T12:50:54.481+0530] {processor.py:183} INFO - Processing /home/priya/projects/snowflake_twitter_pipeline/venv/lib/python3.10/site-packages/airflow/example_dags/example_branch_operator_decorator.py took 0.064 seconds
[2025-06-17T12:51:45.838+0530] {processor.py:161} INFO - Started process (PID=2614) to work on /home/priya/projects/snowflake_twitter_pipeline/venv/lib/python3.10/site-packages/airflow/example_dags/example_branch_operator_decorator.py
[2025-06-17T12:51:45.840+0530] {processor.py:830} INFO - Processing file /home/priya/projects/snowflake_twitter_pipeline/venv/lib/python3.10/site-packages/airflow/example_dags/example_branch_operator_decorator.py for tasks to queue
[2025-06-17T12:51:45.841+0530] {logging_mixin.py:188} INFO - [2025-06-17T12:51:45.840+0530] {dagbag.py:538} INFO - Filling up the DagBag from /home/priya/projects/snowflake_twitter_pipeline/venv/lib/python3.10/site-packages/airflow/example_dags/example_branch_operator_decorator.py
[2025-06-17T12:51:45.856+0530] {processor.py:840} INFO - DAG(s) 'example_branch_python_operator_decorator' retrieved from /home/priya/projects/snowflake_twitter_pipeline/venv/lib/python3.10/site-packages/airflow/example_dags/example_branch_operator_decorator.py
[2025-06-17T12:51:45.869+0530] {logging_mixin.py:188} INFO - [2025-06-17T12:51:45.869+0530] {dag.py:3036} INFO - Sync 1 DAGs
[2025-06-17T12:51:45.882+0530] {logging_mixin.py:188} INFO - [2025-06-17T12:51:45.881+0530] {dag.py:3823} INFO - Setting next_dagrun for example_branch_python_operator_decorator to 2025-06-16 00:00:00+00:00, run_after=2025-06-17 00:00:00+00:00
[2025-06-17T12:51:45.901+0530] {processor.py:183} INFO - Processing /home/priya/projects/snowflake_twitter_pipeline/venv/lib/python3.10/site-packages/airflow/example_dags/example_branch_operator_decorator.py took 0.066 seconds
[2025-06-17T12:52:37.547+0530] {processor.py:161} INFO - Started process (PID=2857) to work on /home/priya/projects/snowflake_twitter_pipeline/venv/lib/python3.10/site-packages/airflow/example_dags/example_branch_operator_decorator.py
[2025-06-17T12:52:37.549+0530] {processor.py:830} INFO - Processing file /home/priya/projects/snowflake_twitter_pipeline/venv/lib/python3.10/site-packages/airflow/example_dags/example_branch_operator_decorator.py for tasks to queue
[2025-06-17T12:52:37.550+0530] {logging_mixin.py:188} INFO - [2025-06-17T12:52:37.550+0530] {dagbag.py:538} INFO - Filling up the DagBag from /home/priya/projects/snowflake_twitter_pipeline/venv/lib/python3.10/site-packages/airflow/example_dags/example_branch_operator_decorator.py
[2025-06-17T12:52:37.569+0530] {processor.py:840} INFO - DAG(s) 'example_branch_python_operator_decorator' retrieved from /home/priya/projects/snowflake_twitter_pipeline/venv/lib/python3.10/site-packages/airflow/example_dags/example_branch_operator_decorator.py
[2025-06-17T12:52:37.591+0530] {logging_mixin.py:188} INFO - [2025-06-17T12:52:37.591+0530] {dag.py:3036} INFO - Sync 1 DAGs
[2025-06-17T12:52:37.610+0530] {logging_mixin.py:188} INFO - [2025-06-17T12:52:37.610+0530] {dag.py:3823} INFO - Setting next_dagrun for example_branch_python_operator_decorator to 2025-06-16 00:00:00+00:00, run_after=2025-06-17 00:00:00+00:00
[2025-06-17T12:52:37.630+0530] {processor.py:183} INFO - Processing /home/priya/projects/snowflake_twitter_pipeline/venv/lib/python3.10/site-packages/airflow/example_dags/example_branch_operator_decorator.py took 0.086 seconds
[2025-06-17T12:53:31.705+0530] {processor.py:161} INFO - Started process (PID=3062) to work on /home/priya/projects/snowflake_twitter_pipeline/venv/lib/python3.10/site-packages/airflow/example_dags/example_branch_operator_decorator.py
[2025-06-17T12:53:31.714+0530] {processor.py:830} INFO - Processing file /home/priya/projects/snowflake_twitter_pipeline/venv/lib/python3.10/site-packages/airflow/example_dags/example_branch_operator_decorator.py for tasks to queue
[2025-06-17T12:53:31.715+0530] {logging_mixin.py:188} INFO - [2025-06-17T12:53:31.715+0530] {dagbag.py:538} INFO - Filling up the DagBag from /home/priya/projects/snowflake_twitter_pipeline/venv/lib/python3.10/site-packages/airflow/example_dags/example_branch_operator_decorator.py
[2025-06-17T12:53:31.739+0530] {processor.py:840} INFO - DAG(s) 'example_branch_python_operator_decorator' retrieved from /home/priya/projects/snowflake_twitter_pipeline/venv/lib/python3.10/site-packages/airflow/example_dags/example_branch_operator_decorator.py
[2025-06-17T12:53:31.767+0530] {logging_mixin.py:188} INFO - [2025-06-17T12:53:31.767+0530] {dag.py:3036} INFO - Sync 1 DAGs
[2025-06-17T12:53:31.787+0530] {logging_mixin.py:188} INFO - [2025-06-17T12:53:31.787+0530] {dag.py:3823} INFO - Setting next_dagrun for example_branch_python_operator_decorator to 2025-06-16 00:00:00+00:00, run_after=2025-06-17 00:00:00+00:00
[2025-06-17T12:53:31.841+0530] {processor.py:183} INFO - Processing /home/priya/projects/snowflake_twitter_pipeline/venv/lib/python3.10/site-packages/airflow/example_dags/example_branch_operator_decorator.py took 0.139 seconds
[2025-06-17T12:54:23.883+0530] {processor.py:161} INFO - Started process (PID=3159) to work on /home/priya/projects/snowflake_twitter_pipeline/venv/lib/python3.10/site-packages/airflow/example_dags/example_branch_operator_decorator.py
[2025-06-17T12:54:23.885+0530] {processor.py:830} INFO - Processing file /home/priya/projects/snowflake_twitter_pipeline/venv/lib/python3.10/site-packages/airflow/example_dags/example_branch_operator_decorator.py for tasks to queue
[2025-06-17T12:54:23.886+0530] {logging_mixin.py:188} INFO - [2025-06-17T12:54:23.885+0530] {dagbag.py:538} INFO - Filling up the DagBag from /home/priya/projects/snowflake_twitter_pipeline/venv/lib/python3.10/site-packages/airflow/example_dags/example_branch_operator_decorator.py
[2025-06-17T12:54:23.901+0530] {processor.py:840} INFO - DAG(s) 'example_branch_python_operator_decorator' retrieved from /home/priya/projects/snowflake_twitter_pipeline/venv/lib/python3.10/site-packages/airflow/example_dags/example_branch_operator_decorator.py
[2025-06-17T12:54:23.919+0530] {logging_mixin.py:188} INFO - [2025-06-17T12:54:23.919+0530] {dag.py:3036} INFO - Sync 1 DAGs
[2025-06-17T12:54:23.939+0530] {logging_mixin.py:188} INFO - [2025-06-17T12:54:23.939+0530] {dag.py:3823} INFO - Setting next_dagrun for example_branch_python_operator_decorator to 2025-06-16 00:00:00+00:00, run_after=2025-06-17 00:00:00+00:00
[2025-06-17T12:54:23.961+0530] {processor.py:183} INFO - Processing /home/priya/projects/snowflake_twitter_pipeline/venv/lib/python3.10/site-packages/airflow/example_dags/example_branch_operator_decorator.py took 0.080 seconds
