[2025-06-17T12:42:33.938+0530] {processor.py:161} INFO - Started process (PID=436) to work on /home/priya/projects/snowflake_twitter_pipeline/venv/lib/python3.10/site-packages/airflow/example_dags/example_trigger_target_dag.py
[2025-06-17T12:42:33.939+0530] {processor.py:830} INFO - Processing file /home/priya/projects/snowflake_twitter_pipeline/venv/lib/python3.10/site-packages/airflow/example_dags/example_trigger_target_dag.py for tasks to queue
[2025-06-17T12:42:33.940+0530] {logging_mixin.py:188} INFO - [2025-06-17T12:42:33.940+0530] {dagbag.py:538} INFO - Filling up the DagBag from /home/priya/projects/snowflake_twitter_pipeline/venv/lib/python3.10/site-packages/airflow/example_dags/example_trigger_target_dag.py
[2025-06-17T12:42:33.951+0530] {processor.py:840} INFO - DAG(s) 'example_trigger_target_dag' retrieved from /home/priya/projects/snowflake_twitter_pipeline/venv/lib/python3.10/site-packages/airflow/example_dags/example_trigger_target_dag.py
[2025-06-17T12:42:34.109+0530] {logging_mixin.py:188} INFO - [2025-06-17T12:42:34.108+0530] {override.py:1769} INFO - Created Permission View: can edit on DAG:example_trigger_target_dag
[2025-06-17T12:42:34.118+0530] {logging_mixin.py:188} INFO - [2025-06-17T12:42:34.118+0530] {override.py:1769} INFO - Created Permission View: can delete on DAG:example_trigger_target_dag
[2025-06-17T12:42:34.126+0530] {logging_mixin.py:188} INFO - [2025-06-17T12:42:34.126+0530] {override.py:1769} INFO - Created Permission View: can read on DAG:example_trigger_target_dag
[2025-06-17T12:42:34.127+0530] {logging_mixin.py:188} INFO - [2025-06-17T12:42:34.127+0530] {dag.py:3036} INFO - Sync 1 DAGs
[2025-06-17T12:42:34.133+0530] {logging_mixin.py:188} INFO - [2025-06-17T12:42:34.132+0530] {dag.py:3058} INFO - Creating ORM DAG for example_trigger_target_dag
[2025-06-17T12:42:34.133+0530] {logging_mixin.py:188} INFO - [2025-06-17T12:42:34.133+0530] {dag.py:3823} INFO - Setting next_dagrun for example_trigger_target_dag to None, run_after=None
[2025-06-17T12:42:34.151+0530] {processor.py:183} INFO - Processing /home/priya/projects/snowflake_twitter_pipeline/venv/lib/python3.10/site-packages/airflow/example_dags/example_trigger_target_dag.py took 0.215 seconds
[2025-06-17T12:43:27.477+0530] {processor.py:161} INFO - Started process (PID=500) to work on /home/priya/projects/snowflake_twitter_pipeline/venv/lib/python3.10/site-packages/airflow/example_dags/example_trigger_target_dag.py
[2025-06-17T12:43:27.479+0530] {processor.py:830} INFO - Processing file /home/priya/projects/snowflake_twitter_pipeline/venv/lib/python3.10/site-packages/airflow/example_dags/example_trigger_target_dag.py for tasks to queue
[2025-06-17T12:43:27.479+0530] {logging_mixin.py:188} INFO - [2025-06-17T12:43:27.479+0530] {dagbag.py:538} INFO - Filling up the DagBag from /home/priya/projects/snowflake_twitter_pipeline/venv/lib/python3.10/site-packages/airflow/example_dags/example_trigger_target_dag.py
[2025-06-17T12:43:27.484+0530] {processor.py:840} INFO - DAG(s) 'example_trigger_target_dag' retrieved from /home/priya/projects/snowflake_twitter_pipeline/venv/lib/python3.10/site-packages/airflow/example_dags/example_trigger_target_dag.py
[2025-06-17T12:43:27.495+0530] {logging_mixin.py:188} INFO - [2025-06-17T12:43:27.495+0530] {dag.py:3036} INFO - Sync 1 DAGs
[2025-06-17T12:43:27.503+0530] {logging_mixin.py:188} INFO - [2025-06-17T12:43:27.503+0530] {dag.py:3823} INFO - Setting next_dagrun for example_trigger_target_dag to None, run_after=None
[2025-06-17T12:43:27.520+0530] {processor.py:183} INFO - Processing /home/priya/projects/snowflake_twitter_pipeline/venv/lib/python3.10/site-packages/airflow/example_dags/example_trigger_target_dag.py took 0.045 seconds
[2025-06-17T12:44:16.337+0530] {processor.py:161} INFO - Started process (PID=565) to work on /home/priya/projects/snowflake_twitter_pipeline/venv/lib/python3.10/site-packages/airflow/example_dags/example_trigger_target_dag.py
[2025-06-17T12:44:16.339+0530] {processor.py:830} INFO - Processing file /home/priya/projects/snowflake_twitter_pipeline/venv/lib/python3.10/site-packages/airflow/example_dags/example_trigger_target_dag.py for tasks to queue
[2025-06-17T12:44:16.339+0530] {logging_mixin.py:188} INFO - [2025-06-17T12:44:16.339+0530] {dagbag.py:538} INFO - Filling up the DagBag from /home/priya/projects/snowflake_twitter_pipeline/venv/lib/python3.10/site-packages/airflow/example_dags/example_trigger_target_dag.py
[2025-06-17T12:44:16.343+0530] {processor.py:840} INFO - DAG(s) 'example_trigger_target_dag' retrieved from /home/priya/projects/snowflake_twitter_pipeline/venv/lib/python3.10/site-packages/airflow/example_dags/example_trigger_target_dag.py
[2025-06-17T12:44:16.353+0530] {logging_mixin.py:188} INFO - [2025-06-17T12:44:16.353+0530] {dag.py:3036} INFO - Sync 1 DAGs
[2025-06-17T12:44:16.359+0530] {logging_mixin.py:188} INFO - [2025-06-17T12:44:16.359+0530] {dag.py:3823} INFO - Setting next_dagrun for example_trigger_target_dag to None, run_after=None
[2025-06-17T12:44:16.374+0530] {processor.py:183} INFO - Processing /home/priya/projects/snowflake_twitter_pipeline/venv/lib/python3.10/site-packages/airflow/example_dags/example_trigger_target_dag.py took 0.039 seconds
[2025-06-17T12:46:00.436+0530] {processor.py:161} INFO - Started process (PID=664) to work on /home/priya/projects/snowflake_twitter_pipeline/venv/lib/python3.10/site-packages/airflow/example_dags/example_trigger_target_dag.py
[2025-06-17T12:46:00.445+0530] {processor.py:830} INFO - Processing file /home/priya/projects/snowflake_twitter_pipeline/venv/lib/python3.10/site-packages/airflow/example_dags/example_trigger_target_dag.py for tasks to queue
[2025-06-17T12:46:00.446+0530] {logging_mixin.py:188} INFO - [2025-06-17T12:46:00.446+0530] {dagbag.py:538} INFO - Filling up the DagBag from /home/priya/projects/snowflake_twitter_pipeline/venv/lib/python3.10/site-packages/airflow/example_dags/example_trigger_target_dag.py
[2025-06-17T12:46:00.455+0530] {processor.py:840} INFO - DAG(s) 'example_trigger_target_dag' retrieved from /home/priya/projects/snowflake_twitter_pipeline/venv/lib/python3.10/site-packages/airflow/example_dags/example_trigger_target_dag.py
[2025-06-17T12:46:00.471+0530] {logging_mixin.py:188} INFO - [2025-06-17T12:46:00.470+0530] {dag.py:3036} INFO - Sync 1 DAGs
[2025-06-17T12:46:00.479+0530] {logging_mixin.py:188} INFO - [2025-06-17T12:46:00.479+0530] {dag.py:3823} INFO - Setting next_dagrun for example_trigger_target_dag to None, run_after=None
[2025-06-17T12:46:00.501+0530] {processor.py:183} INFO - Processing /home/priya/projects/snowflake_twitter_pipeline/venv/lib/python3.10/site-packages/airflow/example_dags/example_trigger_target_dag.py took 0.069 seconds
[2025-06-17T12:46:51.940+0530] {processor.py:161} INFO - Started process (PID=1280) to work on /home/priya/projects/snowflake_twitter_pipeline/venv/lib/python3.10/site-packages/airflow/example_dags/example_trigger_target_dag.py
[2025-06-17T12:46:51.941+0530] {processor.py:830} INFO - Processing file /home/priya/projects/snowflake_twitter_pipeline/venv/lib/python3.10/site-packages/airflow/example_dags/example_trigger_target_dag.py for tasks to queue
[2025-06-17T12:46:51.942+0530] {logging_mixin.py:188} INFO - [2025-06-17T12:46:51.942+0530] {dagbag.py:538} INFO - Filling up the DagBag from /home/priya/projects/snowflake_twitter_pipeline/venv/lib/python3.10/site-packages/airflow/example_dags/example_trigger_target_dag.py
[2025-06-17T12:46:51.946+0530] {processor.py:840} INFO - DAG(s) 'example_trigger_target_dag' retrieved from /home/priya/projects/snowflake_twitter_pipeline/venv/lib/python3.10/site-packages/airflow/example_dags/example_trigger_target_dag.py
[2025-06-17T12:46:51.957+0530] {logging_mixin.py:188} INFO - [2025-06-17T12:46:51.957+0530] {dag.py:3036} INFO - Sync 1 DAGs
[2025-06-17T12:46:51.964+0530] {logging_mixin.py:188} INFO - [2025-06-17T12:46:51.964+0530] {dag.py:3823} INFO - Setting next_dagrun for example_trigger_target_dag to None, run_after=None
[2025-06-17T12:46:51.980+0530] {processor.py:183} INFO - Processing /home/priya/projects/snowflake_twitter_pipeline/venv/lib/python3.10/site-packages/airflow/example_dags/example_trigger_target_dag.py took 0.042 seconds
[2025-06-17T12:47:39.860+0530] {processor.py:161} INFO - Started process (PID=1484) to work on /home/priya/projects/snowflake_twitter_pipeline/venv/lib/python3.10/site-packages/airflow/example_dags/example_trigger_target_dag.py
[2025-06-17T12:47:39.869+0530] {processor.py:830} INFO - Processing file /home/priya/projects/snowflake_twitter_pipeline/venv/lib/python3.10/site-packages/airflow/example_dags/example_trigger_target_dag.py for tasks to queue
[2025-06-17T12:47:39.870+0530] {logging_mixin.py:188} INFO - [2025-06-17T12:47:39.869+0530] {dagbag.py:538} INFO - Filling up the DagBag from /home/priya/projects/snowflake_twitter_pipeline/venv/lib/python3.10/site-packages/airflow/example_dags/example_trigger_target_dag.py
[2025-06-17T12:47:39.875+0530] {processor.py:840} INFO - DAG(s) 'example_trigger_target_dag' retrieved from /home/priya/projects/snowflake_twitter_pipeline/venv/lib/python3.10/site-packages/airflow/example_dags/example_trigger_target_dag.py
[2025-06-17T12:47:39.885+0530] {logging_mixin.py:188} INFO - [2025-06-17T12:47:39.884+0530] {dag.py:3036} INFO - Sync 1 DAGs
[2025-06-17T12:47:39.892+0530] {logging_mixin.py:188} INFO - [2025-06-17T12:47:39.892+0530] {dag.py:3823} INFO - Setting next_dagrun for example_trigger_target_dag to None, run_after=None
[2025-06-17T12:47:39.910+0530] {processor.py:183} INFO - Processing /home/priya/projects/snowflake_twitter_pipeline/venv/lib/python3.10/site-packages/airflow/example_dags/example_trigger_target_dag.py took 0.052 seconds
[2025-06-17T12:48:26.176+0530] {processor.py:161} INFO - Started process (PID=1695) to work on /home/priya/projects/snowflake_twitter_pipeline/venv/lib/python3.10/site-packages/airflow/example_dags/example_trigger_target_dag.py
[2025-06-17T12:48:26.177+0530] {processor.py:830} INFO - Processing file /home/priya/projects/snowflake_twitter_pipeline/venv/lib/python3.10/site-packages/airflow/example_dags/example_trigger_target_dag.py for tasks to queue
[2025-06-17T12:48:26.178+0530] {logging_mixin.py:188} INFO - [2025-06-17T12:48:26.178+0530] {dagbag.py:538} INFO - Filling up the DagBag from /home/priya/projects/snowflake_twitter_pipeline/venv/lib/python3.10/site-packages/airflow/example_dags/example_trigger_target_dag.py
[2025-06-17T12:48:26.182+0530] {processor.py:840} INFO - DAG(s) 'example_trigger_target_dag' retrieved from /home/priya/projects/snowflake_twitter_pipeline/venv/lib/python3.10/site-packages/airflow/example_dags/example_trigger_target_dag.py
[2025-06-17T12:48:26.193+0530] {logging_mixin.py:188} INFO - [2025-06-17T12:48:26.193+0530] {dag.py:3036} INFO - Sync 1 DAGs
[2025-06-17T12:48:26.201+0530] {logging_mixin.py:188} INFO - [2025-06-17T12:48:26.200+0530] {dag.py:3823} INFO - Setting next_dagrun for example_trigger_target_dag to None, run_after=None
[2025-06-17T12:48:26.236+0530] {processor.py:183} INFO - Processing /home/priya/projects/snowflake_twitter_pipeline/venv/lib/python3.10/site-packages/airflow/example_dags/example_trigger_target_dag.py took 0.072 seconds
[2025-06-17T12:49:18.683+0530] {processor.py:161} INFO - Started process (PID=1945) to work on /home/priya/projects/snowflake_twitter_pipeline/venv/lib/python3.10/site-packages/airflow/example_dags/example_trigger_target_dag.py
[2025-06-17T12:49:18.686+0530] {processor.py:830} INFO - Processing file /home/priya/projects/snowflake_twitter_pipeline/venv/lib/python3.10/site-packages/airflow/example_dags/example_trigger_target_dag.py for tasks to queue
[2025-06-17T12:49:18.687+0530] {logging_mixin.py:188} INFO - [2025-06-17T12:49:18.686+0530] {dagbag.py:538} INFO - Filling up the DagBag from /home/priya/projects/snowflake_twitter_pipeline/venv/lib/python3.10/site-packages/airflow/example_dags/example_trigger_target_dag.py
[2025-06-17T12:49:18.693+0530] {processor.py:840} INFO - DAG(s) 'example_trigger_target_dag' retrieved from /home/priya/projects/snowflake_twitter_pipeline/venv/lib/python3.10/site-packages/airflow/example_dags/example_trigger_target_dag.py
[2025-06-17T12:49:18.707+0530] {logging_mixin.py:188} INFO - [2025-06-17T12:49:18.707+0530] {dag.py:3036} INFO - Sync 1 DAGs
[2025-06-17T12:49:18.715+0530] {logging_mixin.py:188} INFO - [2025-06-17T12:49:18.715+0530] {dag.py:3823} INFO - Setting next_dagrun for example_trigger_target_dag to None, run_after=None
[2025-06-17T12:49:18.734+0530] {processor.py:183} INFO - Processing /home/priya/projects/snowflake_twitter_pipeline/venv/lib/python3.10/site-packages/airflow/example_dags/example_trigger_target_dag.py took 0.056 seconds
[2025-06-17T12:50:04.810+0530] {processor.py:161} INFO - Started process (PID=2153) to work on /home/priya/projects/snowflake_twitter_pipeline/venv/lib/python3.10/site-packages/airflow/example_dags/example_trigger_target_dag.py
[2025-06-17T12:50:04.812+0530] {processor.py:830} INFO - Processing file /home/priya/projects/snowflake_twitter_pipeline/venv/lib/python3.10/site-packages/airflow/example_dags/example_trigger_target_dag.py for tasks to queue
[2025-06-17T12:50:04.813+0530] {logging_mixin.py:188} INFO - [2025-06-17T12:50:04.813+0530] {dagbag.py:538} INFO - Filling up the DagBag from /home/priya/projects/snowflake_twitter_pipeline/venv/lib/python3.10/site-packages/airflow/example_dags/example_trigger_target_dag.py
[2025-06-17T12:50:04.818+0530] {processor.py:840} INFO - DAG(s) 'example_trigger_target_dag' retrieved from /home/priya/projects/snowflake_twitter_pipeline/venv/lib/python3.10/site-packages/airflow/example_dags/example_trigger_target_dag.py
[2025-06-17T12:50:04.828+0530] {logging_mixin.py:188} INFO - [2025-06-17T12:50:04.827+0530] {dag.py:3036} INFO - Sync 1 DAGs
[2025-06-17T12:50:04.834+0530] {logging_mixin.py:188} INFO - [2025-06-17T12:50:04.834+0530] {dag.py:3823} INFO - Setting next_dagrun for example_trigger_target_dag to None, run_after=None
[2025-06-17T12:50:04.851+0530] {processor.py:183} INFO - Processing /home/priya/projects/snowflake_twitter_pipeline/venv/lib/python3.10/site-packages/airflow/example_dags/example_trigger_target_dag.py took 0.043 seconds
[2025-06-17T12:50:53.920+0530] {processor.py:161} INFO - Started process (PID=2387) to work on /home/priya/projects/snowflake_twitter_pipeline/venv/lib/python3.10/site-packages/airflow/example_dags/example_trigger_target_dag.py
[2025-06-17T12:50:53.921+0530] {processor.py:830} INFO - Processing file /home/priya/projects/snowflake_twitter_pipeline/venv/lib/python3.10/site-packages/airflow/example_dags/example_trigger_target_dag.py for tasks to queue
[2025-06-17T12:50:53.922+0530] {logging_mixin.py:188} INFO - [2025-06-17T12:50:53.922+0530] {dagbag.py:538} INFO - Filling up the DagBag from /home/priya/projects/snowflake_twitter_pipeline/venv/lib/python3.10/site-packages/airflow/example_dags/example_trigger_target_dag.py
[2025-06-17T12:50:53.927+0530] {processor.py:840} INFO - DAG(s) 'example_trigger_target_dag' retrieved from /home/priya/projects/snowflake_twitter_pipeline/venv/lib/python3.10/site-packages/airflow/example_dags/example_trigger_target_dag.py
[2025-06-17T12:50:53.939+0530] {logging_mixin.py:188} INFO - [2025-06-17T12:50:53.939+0530] {dag.py:3036} INFO - Sync 1 DAGs
[2025-06-17T12:50:53.946+0530] {logging_mixin.py:188} INFO - [2025-06-17T12:50:53.946+0530] {dag.py:3823} INFO - Setting next_dagrun for example_trigger_target_dag to None, run_after=None
[2025-06-17T12:50:53.967+0530] {processor.py:183} INFO - Processing /home/priya/projects/snowflake_twitter_pipeline/venv/lib/python3.10/site-packages/airflow/example_dags/example_trigger_target_dag.py took 0.050 seconds
[2025-06-17T12:51:45.320+0530] {processor.py:161} INFO - Started process (PID=2613) to work on /home/priya/projects/snowflake_twitter_pipeline/venv/lib/python3.10/site-packages/airflow/example_dags/example_trigger_target_dag.py
[2025-06-17T12:51:45.321+0530] {processor.py:830} INFO - Processing file /home/priya/projects/snowflake_twitter_pipeline/venv/lib/python3.10/site-packages/airflow/example_dags/example_trigger_target_dag.py for tasks to queue
[2025-06-17T12:51:45.323+0530] {logging_mixin.py:188} INFO - [2025-06-17T12:51:45.322+0530] {dagbag.py:538} INFO - Filling up the DagBag from /home/priya/projects/snowflake_twitter_pipeline/venv/lib/python3.10/site-packages/airflow/example_dags/example_trigger_target_dag.py
[2025-06-17T12:51:45.328+0530] {processor.py:840} INFO - DAG(s) 'example_trigger_target_dag' retrieved from /home/priya/projects/snowflake_twitter_pipeline/venv/lib/python3.10/site-packages/airflow/example_dags/example_trigger_target_dag.py
[2025-06-17T12:51:45.340+0530] {logging_mixin.py:188} INFO - [2025-06-17T12:51:45.339+0530] {dag.py:3036} INFO - Sync 1 DAGs
[2025-06-17T12:51:45.348+0530] {logging_mixin.py:188} INFO - [2025-06-17T12:51:45.348+0530] {dag.py:3823} INFO - Setting next_dagrun for example_trigger_target_dag to None, run_after=None
[2025-06-17T12:51:45.372+0530] {processor.py:183} INFO - Processing /home/priya/projects/snowflake_twitter_pipeline/venv/lib/python3.10/site-packages/airflow/example_dags/example_trigger_target_dag.py took 0.055 seconds
[2025-06-17T12:52:36.924+0530] {processor.py:161} INFO - Started process (PID=2854) to work on /home/priya/projects/snowflake_twitter_pipeline/venv/lib/python3.10/site-packages/airflow/example_dags/example_trigger_target_dag.py
[2025-06-17T12:52:36.926+0530] {processor.py:830} INFO - Processing file /home/priya/projects/snowflake_twitter_pipeline/venv/lib/python3.10/site-packages/airflow/example_dags/example_trigger_target_dag.py for tasks to queue
[2025-06-17T12:52:36.927+0530] {logging_mixin.py:188} INFO - [2025-06-17T12:52:36.926+0530] {dagbag.py:538} INFO - Filling up the DagBag from /home/priya/projects/snowflake_twitter_pipeline/venv/lib/python3.10/site-packages/airflow/example_dags/example_trigger_target_dag.py
[2025-06-17T12:52:36.933+0530] {processor.py:840} INFO - DAG(s) 'example_trigger_target_dag' retrieved from /home/priya/projects/snowflake_twitter_pipeline/venv/lib/python3.10/site-packages/airflow/example_dags/example_trigger_target_dag.py
[2025-06-17T12:52:36.947+0530] {logging_mixin.py:188} INFO - [2025-06-17T12:52:36.947+0530] {dag.py:3036} INFO - Sync 1 DAGs
[2025-06-17T12:52:36.956+0530] {logging_mixin.py:188} INFO - [2025-06-17T12:52:36.956+0530] {dag.py:3823} INFO - Setting next_dagrun for example_trigger_target_dag to None, run_after=None
[2025-06-17T12:52:36.981+0530] {processor.py:183} INFO - Processing /home/priya/projects/snowflake_twitter_pipeline/venv/lib/python3.10/site-packages/airflow/example_dags/example_trigger_target_dag.py took 0.061 seconds
[2025-06-17T12:53:30.571+0530] {processor.py:161} INFO - Started process (PID=3061) to work on /home/priya/projects/snowflake_twitter_pipeline/venv/lib/python3.10/site-packages/airflow/example_dags/example_trigger_target_dag.py
[2025-06-17T12:53:30.573+0530] {processor.py:830} INFO - Processing file /home/priya/projects/snowflake_twitter_pipeline/venv/lib/python3.10/site-packages/airflow/example_dags/example_trigger_target_dag.py for tasks to queue
[2025-06-17T12:53:30.574+0530] {logging_mixin.py:188} INFO - [2025-06-17T12:53:30.573+0530] {dagbag.py:538} INFO - Filling up the DagBag from /home/priya/projects/snowflake_twitter_pipeline/venv/lib/python3.10/site-packages/airflow/example_dags/example_trigger_target_dag.py
[2025-06-17T12:53:30.579+0530] {processor.py:840} INFO - DAG(s) 'example_trigger_target_dag' retrieved from /home/priya/projects/snowflake_twitter_pipeline/venv/lib/python3.10/site-packages/airflow/example_dags/example_trigger_target_dag.py
[2025-06-17T12:53:30.590+0530] {logging_mixin.py:188} INFO - [2025-06-17T12:53:30.589+0530] {dag.py:3036} INFO - Sync 1 DAGs
[2025-06-17T12:53:30.597+0530] {logging_mixin.py:188} INFO - [2025-06-17T12:53:30.597+0530] {dag.py:3823} INFO - Setting next_dagrun for example_trigger_target_dag to None, run_after=None
[2025-06-17T12:53:30.616+0530] {processor.py:183} INFO - Processing /home/priya/projects/snowflake_twitter_pipeline/venv/lib/python3.10/site-packages/airflow/example_dags/example_trigger_target_dag.py took 0.048 seconds
[2025-06-17T12:54:22.748+0530] {processor.py:161} INFO - Started process (PID=3155) to work on /home/priya/projects/snowflake_twitter_pipeline/venv/lib/python3.10/site-packages/airflow/example_dags/example_trigger_target_dag.py
[2025-06-17T12:54:22.750+0530] {processor.py:830} INFO - Processing file /home/priya/projects/snowflake_twitter_pipeline/venv/lib/python3.10/site-packages/airflow/example_dags/example_trigger_target_dag.py for tasks to queue
[2025-06-17T12:54:22.750+0530] {logging_mixin.py:188} INFO - [2025-06-17T12:54:22.750+0530] {dagbag.py:538} INFO - Filling up the DagBag from /home/priya/projects/snowflake_twitter_pipeline/venv/lib/python3.10/site-packages/airflow/example_dags/example_trigger_target_dag.py
[2025-06-17T12:54:22.755+0530] {processor.py:840} INFO - DAG(s) 'example_trigger_target_dag' retrieved from /home/priya/projects/snowflake_twitter_pipeline/venv/lib/python3.10/site-packages/airflow/example_dags/example_trigger_target_dag.py
[2025-06-17T12:54:22.769+0530] {logging_mixin.py:188} INFO - [2025-06-17T12:54:22.769+0530] {dag.py:3036} INFO - Sync 1 DAGs
[2025-06-17T12:54:22.777+0530] {logging_mixin.py:188} INFO - [2025-06-17T12:54:22.776+0530] {dag.py:3823} INFO - Setting next_dagrun for example_trigger_target_dag to None, run_after=None
[2025-06-17T12:54:22.796+0530] {processor.py:183} INFO - Processing /home/priya/projects/snowflake_twitter_pipeline/venv/lib/python3.10/site-packages/airflow/example_dags/example_trigger_target_dag.py took 0.050 seconds
