[2025-06-17T12:42:28.586+0530] {processor.py:161} INFO - Started process (PID=431) to work on /home/priya/projects/snowflake_twitter_pipeline/venv/lib/python3.10/site-packages/airflow/example_dags/example_task_group_decorator.py
[2025-06-17T12:42:28.587+0530] {processor.py:830} INFO - Processing file /home/priya/projects/snowflake_twitter_pipeline/venv/lib/python3.10/site-packages/airflow/example_dags/example_task_group_decorator.py for tasks to queue
[2025-06-17T12:42:28.588+0530] {logging_mixin.py:188} INFO - [2025-06-17T12:42:28.588+0530] {dagbag.py:538} INFO - Filling up the DagBag from /home/priya/projects/snowflake_twitter_pipeline/venv/lib/python3.10/site-packages/airflow/example_dags/example_task_group_decorator.py
[2025-06-17T12:42:28.602+0530] {processor.py:840} INFO - DAG(s) 'example_task_group_decorator' retrieved from /home/priya/projects/snowflake_twitter_pipeline/venv/lib/python3.10/site-packages/airflow/example_dags/example_task_group_decorator.py
[2025-06-17T12:42:28.776+0530] {logging_mixin.py:188} INFO - [2025-06-17T12:42:28.776+0530] {override.py:1769} INFO - Created Permission View: can edit on DAG:example_task_group_decorator
[2025-06-17T12:42:28.788+0530] {logging_mixin.py:188} INFO - [2025-06-17T12:42:28.788+0530] {override.py:1769} INFO - Created Permission View: can delete on DAG:example_task_group_decorator
[2025-06-17T12:42:28.799+0530] {logging_mixin.py:188} INFO - [2025-06-17T12:42:28.799+0530] {override.py:1769} INFO - Created Permission View: can read on DAG:example_task_group_decorator
[2025-06-17T12:42:28.800+0530] {logging_mixin.py:188} INFO - [2025-06-17T12:42:28.799+0530] {dag.py:3036} INFO - Sync 1 DAGs
[2025-06-17T12:42:28.805+0530] {logging_mixin.py:188} INFO - [2025-06-17T12:42:28.805+0530] {dag.py:3058} INFO - Creating ORM DAG for example_task_group_decorator
[2025-06-17T12:42:28.810+0530] {logging_mixin.py:188} INFO - [2025-06-17T12:42:28.810+0530] {dag.py:3823} INFO - Setting next_dagrun for example_task_group_decorator to 2025-06-16 00:00:00+00:00, run_after=2025-06-17 00:00:00+00:00
[2025-06-17T12:42:28.830+0530] {processor.py:183} INFO - Processing /home/priya/projects/snowflake_twitter_pipeline/venv/lib/python3.10/site-packages/airflow/example_dags/example_task_group_decorator.py took 0.246 seconds
[2025-06-17T12:43:22.334+0530] {processor.py:161} INFO - Started process (PID=495) to work on /home/priya/projects/snowflake_twitter_pipeline/venv/lib/python3.10/site-packages/airflow/example_dags/example_task_group_decorator.py
[2025-06-17T12:43:22.337+0530] {processor.py:830} INFO - Processing file /home/priya/projects/snowflake_twitter_pipeline/venv/lib/python3.10/site-packages/airflow/example_dags/example_task_group_decorator.py for tasks to queue
[2025-06-17T12:43:22.338+0530] {logging_mixin.py:188} INFO - [2025-06-17T12:43:22.338+0530] {dagbag.py:538} INFO - Filling up the DagBag from /home/priya/projects/snowflake_twitter_pipeline/venv/lib/python3.10/site-packages/airflow/example_dags/example_task_group_decorator.py
[2025-06-17T12:43:22.351+0530] {processor.py:840} INFO - DAG(s) 'example_task_group_decorator' retrieved from /home/priya/projects/snowflake_twitter_pipeline/venv/lib/python3.10/site-packages/airflow/example_dags/example_task_group_decorator.py
[2025-06-17T12:43:22.364+0530] {logging_mixin.py:188} INFO - [2025-06-17T12:43:22.363+0530] {dag.py:3036} INFO - Sync 1 DAGs
[2025-06-17T12:43:22.377+0530] {logging_mixin.py:188} INFO - [2025-06-17T12:43:22.377+0530] {dag.py:3823} INFO - Setting next_dagrun for example_task_group_decorator to 2025-06-16 00:00:00+00:00, run_after=2025-06-17 00:00:00+00:00
[2025-06-17T12:43:22.398+0530] {processor.py:183} INFO - Processing /home/priya/projects/snowflake_twitter_pipeline/venv/lib/python3.10/site-packages/airflow/example_dags/example_task_group_decorator.py took 0.067 seconds
[2025-06-17T12:44:12.001+0530] {processor.py:161} INFO - Started process (PID=559) to work on /home/priya/projects/snowflake_twitter_pipeline/venv/lib/python3.10/site-packages/airflow/example_dags/example_task_group_decorator.py
[2025-06-17T12:44:12.004+0530] {processor.py:830} INFO - Processing file /home/priya/projects/snowflake_twitter_pipeline/venv/lib/python3.10/site-packages/airflow/example_dags/example_task_group_decorator.py for tasks to queue
[2025-06-17T12:44:12.005+0530] {logging_mixin.py:188} INFO - [2025-06-17T12:44:12.004+0530] {dagbag.py:538} INFO - Filling up the DagBag from /home/priya/projects/snowflake_twitter_pipeline/venv/lib/python3.10/site-packages/airflow/example_dags/example_task_group_decorator.py
[2025-06-17T12:44:12.016+0530] {processor.py:840} INFO - DAG(s) 'example_task_group_decorator' retrieved from /home/priya/projects/snowflake_twitter_pipeline/venv/lib/python3.10/site-packages/airflow/example_dags/example_task_group_decorator.py
[2025-06-17T12:44:12.027+0530] {logging_mixin.py:188} INFO - [2025-06-17T12:44:12.027+0530] {dag.py:3036} INFO - Sync 1 DAGs
[2025-06-17T12:44:12.038+0530] {logging_mixin.py:188} INFO - [2025-06-17T12:44:12.038+0530] {dag.py:3823} INFO - Setting next_dagrun for example_task_group_decorator to 2025-06-16 00:00:00+00:00, run_after=2025-06-17 00:00:00+00:00
[2025-06-17T12:44:12.055+0530] {processor.py:183} INFO - Processing /home/priya/projects/snowflake_twitter_pipeline/venv/lib/python3.10/site-packages/airflow/example_dags/example_task_group_decorator.py took 0.059 seconds
[2025-06-17T12:44:53.178+0530] {processor.py:161} INFO - Started process (PID=618) to work on /home/priya/projects/snowflake_twitter_pipeline/venv/lib/python3.10/site-packages/airflow/example_dags/example_task_group_decorator.py
[2025-06-17T12:44:53.181+0530] {processor.py:830} INFO - Processing file /home/priya/projects/snowflake_twitter_pipeline/venv/lib/python3.10/site-packages/airflow/example_dags/example_task_group_decorator.py for tasks to queue
[2025-06-17T12:44:53.181+0530] {logging_mixin.py:188} INFO - [2025-06-17T12:44:53.181+0530] {dagbag.py:538} INFO - Filling up the DagBag from /home/priya/projects/snowflake_twitter_pipeline/venv/lib/python3.10/site-packages/airflow/example_dags/example_task_group_decorator.py
[2025-06-17T12:44:53.191+0530] {processor.py:840} INFO - DAG(s) 'example_task_group_decorator' retrieved from /home/priya/projects/snowflake_twitter_pipeline/venv/lib/python3.10/site-packages/airflow/example_dags/example_task_group_decorator.py
[2025-06-17T12:44:53.204+0530] {logging_mixin.py:188} INFO - [2025-06-17T12:44:53.204+0530] {dag.py:3036} INFO - Sync 1 DAGs
[2025-06-17T12:44:53.217+0530] {logging_mixin.py:188} INFO - [2025-06-17T12:44:53.217+0530] {dag.py:3823} INFO - Setting next_dagrun for example_task_group_decorator to 2025-06-16 00:00:00+00:00, run_after=2025-06-17 00:00:00+00:00
[2025-06-17T12:44:53.232+0530] {processor.py:183} INFO - Processing /home/priya/projects/snowflake_twitter_pipeline/venv/lib/python3.10/site-packages/airflow/example_dags/example_task_group_decorator.py took 0.058 seconds
[2025-06-17T12:45:55.611+0530] {processor.py:161} INFO - Started process (PID=659) to work on /home/priya/projects/snowflake_twitter_pipeline/venv/lib/python3.10/site-packages/airflow/example_dags/example_task_group_decorator.py
[2025-06-17T12:45:55.613+0530] {processor.py:830} INFO - Processing file /home/priya/projects/snowflake_twitter_pipeline/venv/lib/python3.10/site-packages/airflow/example_dags/example_task_group_decorator.py for tasks to queue
[2025-06-17T12:45:55.616+0530] {logging_mixin.py:188} INFO - [2025-06-17T12:45:55.614+0530] {dagbag.py:538} INFO - Filling up the DagBag from /home/priya/projects/snowflake_twitter_pipeline/venv/lib/python3.10/site-packages/airflow/example_dags/example_task_group_decorator.py
[2025-06-17T12:45:55.633+0530] {processor.py:840} INFO - DAG(s) 'example_task_group_decorator' retrieved from /home/priya/projects/snowflake_twitter_pipeline/venv/lib/python3.10/site-packages/airflow/example_dags/example_task_group_decorator.py
[2025-06-17T12:45:55.651+0530] {logging_mixin.py:188} INFO - [2025-06-17T12:45:55.651+0530] {dag.py:3036} INFO - Sync 1 DAGs
[2025-06-17T12:45:55.668+0530] {logging_mixin.py:188} INFO - [2025-06-17T12:45:55.668+0530] {dag.py:3823} INFO - Setting next_dagrun for example_task_group_decorator to 2025-06-16 00:00:00+00:00, run_after=2025-06-17 00:00:00+00:00
[2025-06-17T12:45:55.693+0530] {processor.py:183} INFO - Processing /home/priya/projects/snowflake_twitter_pipeline/venv/lib/python3.10/site-packages/airflow/example_dags/example_task_group_decorator.py took 0.085 seconds
[2025-06-17T12:46:47.221+0530] {processor.py:161} INFO - Started process (PID=1257) to work on /home/priya/projects/snowflake_twitter_pipeline/venv/lib/python3.10/site-packages/airflow/example_dags/example_task_group_decorator.py
[2025-06-17T12:46:47.223+0530] {processor.py:830} INFO - Processing file /home/priya/projects/snowflake_twitter_pipeline/venv/lib/python3.10/site-packages/airflow/example_dags/example_task_group_decorator.py for tasks to queue
[2025-06-17T12:46:47.224+0530] {logging_mixin.py:188} INFO - [2025-06-17T12:46:47.223+0530] {dagbag.py:538} INFO - Filling up the DagBag from /home/priya/projects/snowflake_twitter_pipeline/venv/lib/python3.10/site-packages/airflow/example_dags/example_task_group_decorator.py
[2025-06-17T12:46:47.239+0530] {processor.py:840} INFO - DAG(s) 'example_task_group_decorator' retrieved from /home/priya/projects/snowflake_twitter_pipeline/venv/lib/python3.10/site-packages/airflow/example_dags/example_task_group_decorator.py
[2025-06-17T12:46:47.254+0530] {logging_mixin.py:188} INFO - [2025-06-17T12:46:47.254+0530] {dag.py:3036} INFO - Sync 1 DAGs
[2025-06-17T12:46:47.273+0530] {logging_mixin.py:188} INFO - [2025-06-17T12:46:47.273+0530] {dag.py:3823} INFO - Setting next_dagrun for example_task_group_decorator to 2025-06-16 00:00:00+00:00, run_after=2025-06-17 00:00:00+00:00
[2025-06-17T12:46:47.304+0530] {processor.py:183} INFO - Processing /home/priya/projects/snowflake_twitter_pipeline/venv/lib/python3.10/site-packages/airflow/example_dags/example_task_group_decorator.py took 0.086 seconds
[2025-06-17T12:47:34.726+0530] {processor.py:161} INFO - Started process (PID=1467) to work on /home/priya/projects/snowflake_twitter_pipeline/venv/lib/python3.10/site-packages/airflow/example_dags/example_task_group_decorator.py
[2025-06-17T12:47:34.728+0530] {processor.py:830} INFO - Processing file /home/priya/projects/snowflake_twitter_pipeline/venv/lib/python3.10/site-packages/airflow/example_dags/example_task_group_decorator.py for tasks to queue
[2025-06-17T12:47:34.729+0530] {logging_mixin.py:188} INFO - [2025-06-17T12:47:34.728+0530] {dagbag.py:538} INFO - Filling up the DagBag from /home/priya/projects/snowflake_twitter_pipeline/venv/lib/python3.10/site-packages/airflow/example_dags/example_task_group_decorator.py
[2025-06-17T12:47:34.741+0530] {processor.py:840} INFO - DAG(s) 'example_task_group_decorator' retrieved from /home/priya/projects/snowflake_twitter_pipeline/venv/lib/python3.10/site-packages/airflow/example_dags/example_task_group_decorator.py
[2025-06-17T12:47:34.753+0530] {logging_mixin.py:188} INFO - [2025-06-17T12:47:34.753+0530] {dag.py:3036} INFO - Sync 1 DAGs
[2025-06-17T12:47:34.766+0530] {logging_mixin.py:188} INFO - [2025-06-17T12:47:34.766+0530] {dag.py:3823} INFO - Setting next_dagrun for example_task_group_decorator to 2025-06-16 00:00:00+00:00, run_after=2025-06-17 00:00:00+00:00
[2025-06-17T12:47:34.787+0530] {processor.py:183} INFO - Processing /home/priya/projects/snowflake_twitter_pipeline/venv/lib/python3.10/site-packages/airflow/example_dags/example_task_group_decorator.py took 0.065 seconds
[2025-06-17T12:48:20.924+0530] {processor.py:161} INFO - Started process (PID=1670) to work on /home/priya/projects/snowflake_twitter_pipeline/venv/lib/python3.10/site-packages/airflow/example_dags/example_task_group_decorator.py
[2025-06-17T12:48:20.926+0530] {processor.py:830} INFO - Processing file /home/priya/projects/snowflake_twitter_pipeline/venv/lib/python3.10/site-packages/airflow/example_dags/example_task_group_decorator.py for tasks to queue
[2025-06-17T12:48:20.927+0530] {logging_mixin.py:188} INFO - [2025-06-17T12:48:20.926+0530] {dagbag.py:538} INFO - Filling up the DagBag from /home/priya/projects/snowflake_twitter_pipeline/venv/lib/python3.10/site-packages/airflow/example_dags/example_task_group_decorator.py
[2025-06-17T12:48:20.937+0530] {processor.py:840} INFO - DAG(s) 'example_task_group_decorator' retrieved from /home/priya/projects/snowflake_twitter_pipeline/venv/lib/python3.10/site-packages/airflow/example_dags/example_task_group_decorator.py
[2025-06-17T12:48:20.951+0530] {logging_mixin.py:188} INFO - [2025-06-17T12:48:20.951+0530] {dag.py:3036} INFO - Sync 1 DAGs
[2025-06-17T12:48:20.968+0530] {logging_mixin.py:188} INFO - [2025-06-17T12:48:20.967+0530] {dag.py:3823} INFO - Setting next_dagrun for example_task_group_decorator to 2025-06-16 00:00:00+00:00, run_after=2025-06-17 00:00:00+00:00
[2025-06-17T12:48:20.989+0530] {processor.py:183} INFO - Processing /home/priya/projects/snowflake_twitter_pipeline/venv/lib/python3.10/site-packages/airflow/example_dags/example_task_group_decorator.py took 0.068 seconds
[2025-06-17T12:49:02.152+0530] {processor.py:161} INFO - Started process (PID=1861) to work on /home/priya/projects/snowflake_twitter_pipeline/venv/lib/python3.10/site-packages/airflow/example_dags/example_task_group_decorator.py
[2025-06-17T12:49:02.154+0530] {processor.py:830} INFO - Processing file /home/priya/projects/snowflake_twitter_pipeline/venv/lib/python3.10/site-packages/airflow/example_dags/example_task_group_decorator.py for tasks to queue
[2025-06-17T12:49:02.154+0530] {logging_mixin.py:188} INFO - [2025-06-17T12:49:02.154+0530] {dagbag.py:538} INFO - Filling up the DagBag from /home/priya/projects/snowflake_twitter_pipeline/venv/lib/python3.10/site-packages/airflow/example_dags/example_task_group_decorator.py
[2025-06-17T12:49:02.163+0530] {processor.py:840} INFO - DAG(s) 'example_task_group_decorator' retrieved from /home/priya/projects/snowflake_twitter_pipeline/venv/lib/python3.10/site-packages/airflow/example_dags/example_task_group_decorator.py
[2025-06-17T12:49:02.174+0530] {logging_mixin.py:188} INFO - [2025-06-17T12:49:02.173+0530] {dag.py:3036} INFO - Sync 1 DAGs
[2025-06-17T12:49:02.184+0530] {logging_mixin.py:188} INFO - [2025-06-17T12:49:02.184+0530] {dag.py:3823} INFO - Setting next_dagrun for example_task_group_decorator to 2025-06-16 00:00:00+00:00, run_after=2025-06-17 00:00:00+00:00
[2025-06-17T12:49:02.201+0530] {processor.py:183} INFO - Processing /home/priya/projects/snowflake_twitter_pipeline/venv/lib/python3.10/site-packages/airflow/example_dags/example_task_group_decorator.py took 0.052 seconds
[2025-06-17T12:49:49.530+0530] {processor.py:161} INFO - Started process (PID=2092) to work on /home/priya/projects/snowflake_twitter_pipeline/venv/lib/python3.10/site-packages/airflow/example_dags/example_task_group_decorator.py
[2025-06-17T12:49:49.531+0530] {processor.py:830} INFO - Processing file /home/priya/projects/snowflake_twitter_pipeline/venv/lib/python3.10/site-packages/airflow/example_dags/example_task_group_decorator.py for tasks to queue
[2025-06-17T12:49:49.532+0530] {logging_mixin.py:188} INFO - [2025-06-17T12:49:49.531+0530] {dagbag.py:538} INFO - Filling up the DagBag from /home/priya/projects/snowflake_twitter_pipeline/venv/lib/python3.10/site-packages/airflow/example_dags/example_task_group_decorator.py
[2025-06-17T12:49:49.545+0530] {processor.py:840} INFO - DAG(s) 'example_task_group_decorator' retrieved from /home/priya/projects/snowflake_twitter_pipeline/venv/lib/python3.10/site-packages/airflow/example_dags/example_task_group_decorator.py
[2025-06-17T12:49:49.563+0530] {logging_mixin.py:188} INFO - [2025-06-17T12:49:49.563+0530] {dag.py:3036} INFO - Sync 1 DAGs
[2025-06-17T12:49:49.580+0530] {logging_mixin.py:188} INFO - [2025-06-17T12:49:49.580+0530] {dag.py:3823} INFO - Setting next_dagrun for example_task_group_decorator to 2025-06-16 00:00:00+00:00, run_after=2025-06-17 00:00:00+00:00
[2025-06-17T12:49:49.603+0530] {processor.py:183} INFO - Processing /home/priya/projects/snowflake_twitter_pipeline/venv/lib/python3.10/site-packages/airflow/example_dags/example_task_group_decorator.py took 0.076 seconds
[2025-06-17T12:50:39.915+0530] {processor.py:161} INFO - Started process (PID=2310) to work on /home/priya/projects/snowflake_twitter_pipeline/venv/lib/python3.10/site-packages/airflow/example_dags/example_task_group_decorator.py
[2025-06-17T12:50:39.924+0530] {processor.py:830} INFO - Processing file /home/priya/projects/snowflake_twitter_pipeline/venv/lib/python3.10/site-packages/airflow/example_dags/example_task_group_decorator.py for tasks to queue
[2025-06-17T12:50:39.925+0530] {logging_mixin.py:188} INFO - [2025-06-17T12:50:39.925+0530] {dagbag.py:538} INFO - Filling up the DagBag from /home/priya/projects/snowflake_twitter_pipeline/venv/lib/python3.10/site-packages/airflow/example_dags/example_task_group_decorator.py
[2025-06-17T12:50:39.933+0530] {processor.py:840} INFO - DAG(s) 'example_task_group_decorator' retrieved from /home/priya/projects/snowflake_twitter_pipeline/venv/lib/python3.10/site-packages/airflow/example_dags/example_task_group_decorator.py
[2025-06-17T12:50:39.945+0530] {logging_mixin.py:188} INFO - [2025-06-17T12:50:39.944+0530] {dag.py:3036} INFO - Sync 1 DAGs
[2025-06-17T12:50:39.956+0530] {logging_mixin.py:188} INFO - [2025-06-17T12:50:39.956+0530] {dag.py:3823} INFO - Setting next_dagrun for example_task_group_decorator to 2025-06-16 00:00:00+00:00, run_after=2025-06-17 00:00:00+00:00
[2025-06-17T12:50:39.971+0530] {processor.py:183} INFO - Processing /home/priya/projects/snowflake_twitter_pipeline/venv/lib/python3.10/site-packages/airflow/example_dags/example_task_group_decorator.py took 0.058 seconds
[2025-06-17T12:51:28.168+0530] {processor.py:161} INFO - Started process (PID=2544) to work on /home/priya/projects/snowflake_twitter_pipeline/venv/lib/python3.10/site-packages/airflow/example_dags/example_task_group_decorator.py
[2025-06-17T12:51:28.170+0530] {processor.py:830} INFO - Processing file /home/priya/projects/snowflake_twitter_pipeline/venv/lib/python3.10/site-packages/airflow/example_dags/example_task_group_decorator.py for tasks to queue
[2025-06-17T12:51:28.171+0530] {logging_mixin.py:188} INFO - [2025-06-17T12:51:28.170+0530] {dagbag.py:538} INFO - Filling up the DagBag from /home/priya/projects/snowflake_twitter_pipeline/venv/lib/python3.10/site-packages/airflow/example_dags/example_task_group_decorator.py
[2025-06-17T12:51:28.180+0530] {processor.py:840} INFO - DAG(s) 'example_task_group_decorator' retrieved from /home/priya/projects/snowflake_twitter_pipeline/venv/lib/python3.10/site-packages/airflow/example_dags/example_task_group_decorator.py
[2025-06-17T12:51:28.191+0530] {logging_mixin.py:188} INFO - [2025-06-17T12:51:28.191+0530] {dag.py:3036} INFO - Sync 1 DAGs
[2025-06-17T12:51:28.203+0530] {logging_mixin.py:188} INFO - [2025-06-17T12:51:28.203+0530] {dag.py:3823} INFO - Setting next_dagrun for example_task_group_decorator to 2025-06-16 00:00:00+00:00, run_after=2025-06-17 00:00:00+00:00
[2025-06-17T12:51:28.223+0530] {processor.py:183} INFO - Processing /home/priya/projects/snowflake_twitter_pipeline/venv/lib/python3.10/site-packages/airflow/example_dags/example_task_group_decorator.py took 0.057 seconds
[2025-06-17T12:52:19.190+0530] {processor.py:161} INFO - Started process (PID=2766) to work on /home/priya/projects/snowflake_twitter_pipeline/venv/lib/python3.10/site-packages/airflow/example_dags/example_task_group_decorator.py
[2025-06-17T12:52:19.198+0530] {processor.py:830} INFO - Processing file /home/priya/projects/snowflake_twitter_pipeline/venv/lib/python3.10/site-packages/airflow/example_dags/example_task_group_decorator.py for tasks to queue
[2025-06-17T12:52:19.199+0530] {logging_mixin.py:188} INFO - [2025-06-17T12:52:19.199+0530] {dagbag.py:538} INFO - Filling up the DagBag from /home/priya/projects/snowflake_twitter_pipeline/venv/lib/python3.10/site-packages/airflow/example_dags/example_task_group_decorator.py
[2025-06-17T12:52:19.208+0530] {processor.py:840} INFO - DAG(s) 'example_task_group_decorator' retrieved from /home/priya/projects/snowflake_twitter_pipeline/venv/lib/python3.10/site-packages/airflow/example_dags/example_task_group_decorator.py
[2025-06-17T12:52:19.219+0530] {logging_mixin.py:188} INFO - [2025-06-17T12:52:19.219+0530] {dag.py:3036} INFO - Sync 1 DAGs
[2025-06-17T12:52:19.233+0530] {logging_mixin.py:188} INFO - [2025-06-17T12:52:19.233+0530] {dag.py:3823} INFO - Setting next_dagrun for example_task_group_decorator to 2025-06-16 00:00:00+00:00, run_after=2025-06-17 00:00:00+00:00
[2025-06-17T12:52:19.252+0530] {processor.py:183} INFO - Processing /home/priya/projects/snowflake_twitter_pipeline/venv/lib/python3.10/site-packages/airflow/example_dags/example_task_group_decorator.py took 0.065 seconds
[2025-06-17T12:53:12.988+0530] {processor.py:161} INFO - Started process (PID=3021) to work on /home/priya/projects/snowflake_twitter_pipeline/venv/lib/python3.10/site-packages/airflow/example_dags/example_task_group_decorator.py
[2025-06-17T12:53:12.991+0530] {processor.py:830} INFO - Processing file /home/priya/projects/snowflake_twitter_pipeline/venv/lib/python3.10/site-packages/airflow/example_dags/example_task_group_decorator.py for tasks to queue
[2025-06-17T12:53:12.992+0530] {logging_mixin.py:188} INFO - [2025-06-17T12:53:12.992+0530] {dagbag.py:538} INFO - Filling up the DagBag from /home/priya/projects/snowflake_twitter_pipeline/venv/lib/python3.10/site-packages/airflow/example_dags/example_task_group_decorator.py
[2025-06-17T12:53:13.004+0530] {processor.py:840} INFO - DAG(s) 'example_task_group_decorator' retrieved from /home/priya/projects/snowflake_twitter_pipeline/venv/lib/python3.10/site-packages/airflow/example_dags/example_task_group_decorator.py
[2025-06-17T12:53:13.021+0530] {logging_mixin.py:188} INFO - [2025-06-17T12:53:13.021+0530] {dag.py:3036} INFO - Sync 1 DAGs
[2025-06-17T12:53:13.035+0530] {logging_mixin.py:188} INFO - [2025-06-17T12:53:13.035+0530] {dag.py:3823} INFO - Setting next_dagrun for example_task_group_decorator to 2025-06-16 00:00:00+00:00, run_after=2025-06-17 00:00:00+00:00
[2025-06-17T12:53:13.058+0530] {processor.py:183} INFO - Processing /home/priya/projects/snowflake_twitter_pipeline/venv/lib/python3.10/site-packages/airflow/example_dags/example_task_group_decorator.py took 0.073 seconds
[2025-06-17T12:54:04.245+0530] {processor.py:161} INFO - Started process (PID=3111) to work on /home/priya/projects/snowflake_twitter_pipeline/venv/lib/python3.10/site-packages/airflow/example_dags/example_task_group_decorator.py
[2025-06-17T12:54:04.246+0530] {processor.py:830} INFO - Processing file /home/priya/projects/snowflake_twitter_pipeline/venv/lib/python3.10/site-packages/airflow/example_dags/example_task_group_decorator.py for tasks to queue
[2025-06-17T12:54:04.247+0530] {logging_mixin.py:188} INFO - [2025-06-17T12:54:04.247+0530] {dagbag.py:538} INFO - Filling up the DagBag from /home/priya/projects/snowflake_twitter_pipeline/venv/lib/python3.10/site-packages/airflow/example_dags/example_task_group_decorator.py
[2025-06-17T12:54:04.256+0530] {processor.py:840} INFO - DAG(s) 'example_task_group_decorator' retrieved from /home/priya/projects/snowflake_twitter_pipeline/venv/lib/python3.10/site-packages/airflow/example_dags/example_task_group_decorator.py
[2025-06-17T12:54:04.268+0530] {logging_mixin.py:188} INFO - [2025-06-17T12:54:04.268+0530] {dag.py:3036} INFO - Sync 1 DAGs
[2025-06-17T12:54:04.281+0530] {logging_mixin.py:188} INFO - [2025-06-17T12:54:04.281+0530] {dag.py:3823} INFO - Setting next_dagrun for example_task_group_decorator to 2025-06-16 00:00:00+00:00, run_after=2025-06-17 00:00:00+00:00
[2025-06-17T12:54:04.300+0530] {processor.py:183} INFO - Processing /home/priya/projects/snowflake_twitter_pipeline/venv/lib/python3.10/site-packages/airflow/example_dags/example_task_group_decorator.py took 0.057 seconds
[2025-06-17T12:54:58.695+0530] {processor.py:161} INFO - Started process (PID=3308) to work on /home/priya/projects/snowflake_twitter_pipeline/venv/lib/python3.10/site-packages/airflow/example_dags/example_task_group_decorator.py
[2025-06-17T12:54:58.703+0530] {processor.py:830} INFO - Processing file /home/priya/projects/snowflake_twitter_pipeline/venv/lib/python3.10/site-packages/airflow/example_dags/example_task_group_decorator.py for tasks to queue
[2025-06-17T12:54:58.704+0530] {logging_mixin.py:188} INFO - [2025-06-17T12:54:58.703+0530] {dagbag.py:538} INFO - Filling up the DagBag from /home/priya/projects/snowflake_twitter_pipeline/venv/lib/python3.10/site-packages/airflow/example_dags/example_task_group_decorator.py
[2025-06-17T12:54:58.714+0530] {processor.py:840} INFO - DAG(s) 'example_task_group_decorator' retrieved from /home/priya/projects/snowflake_twitter_pipeline/venv/lib/python3.10/site-packages/airflow/example_dags/example_task_group_decorator.py
[2025-06-17T12:54:58.727+0530] {logging_mixin.py:188} INFO - [2025-06-17T12:54:58.727+0530] {dag.py:3036} INFO - Sync 1 DAGs
[2025-06-17T12:54:58.741+0530] {logging_mixin.py:188} INFO - [2025-06-17T12:54:58.740+0530] {dag.py:3823} INFO - Setting next_dagrun for example_task_group_decorator to 2025-06-16 00:00:00+00:00, run_after=2025-06-17 00:00:00+00:00
[2025-06-17T12:54:58.768+0530] {processor.py:183} INFO - Processing /home/priya/projects/snowflake_twitter_pipeline/venv/lib/python3.10/site-packages/airflow/example_dags/example_task_group_decorator.py took 0.076 seconds
