[2025-06-17T12:42:32.504+0530] {processor.py:161} INFO - Started process (PID=434) to work on /home/priya/projects/snowflake_twitter_pipeline/venv/lib/python3.10/site-packages/airflow/example_dags/example_external_task_marker_dag.py
[2025-06-17T12:42:32.504+0530] {processor.py:830} INFO - Processing file /home/priya/projects/snowflake_twitter_pipeline/venv/lib/python3.10/site-packages/airflow/example_dags/example_external_task_marker_dag.py for tasks to queue
[2025-06-17T12:42:32.505+0530] {logging_mixin.py:188} INFO - [2025-06-17T12:42:32.505+0530] {dagbag.py:538} INFO - Filling up the DagBag from /home/priya/projects/snowflake_twitter_pipeline/venv/lib/python3.10/site-packages/airflow/example_dags/example_external_task_marker_dag.py
[2025-06-17T12:42:32.511+0530] {processor.py:840} INFO - DAG(s) 'example_external_task_marker_parent', 'example_external_task_marker_child' retrieved from /home/priya/projects/snowflake_twitter_pipeline/venv/lib/python3.10/site-packages/airflow/example_dags/example_external_task_marker_dag.py
[2025-06-17T12:42:32.656+0530] {logging_mixin.py:188} INFO - [2025-06-17T12:42:32.656+0530] {override.py:1769} INFO - Created Permission View: can edit on DAG:example_external_task_marker_parent
[2025-06-17T12:42:32.666+0530] {logging_mixin.py:188} INFO - [2025-06-17T12:42:32.665+0530] {override.py:1769} INFO - Created Permission View: can delete on DAG:example_external_task_marker_parent
[2025-06-17T12:42:32.673+0530] {logging_mixin.py:188} INFO - [2025-06-17T12:42:32.673+0530] {override.py:1769} INFO - Created Permission View: can read on DAG:example_external_task_marker_parent
[2025-06-17T12:42:32.691+0530] {logging_mixin.py:188} INFO - [2025-06-17T12:42:32.691+0530] {override.py:1769} INFO - Created Permission View: can edit on DAG:example_external_task_marker_child
[2025-06-17T12:42:32.699+0530] {logging_mixin.py:188} INFO - [2025-06-17T12:42:32.699+0530] {override.py:1769} INFO - Created Permission View: can delete on DAG:example_external_task_marker_child
[2025-06-17T12:42:32.706+0530] {logging_mixin.py:188} INFO - [2025-06-17T12:42:32.706+0530] {override.py:1769} INFO - Created Permission View: can read on DAG:example_external_task_marker_child
[2025-06-17T12:42:32.706+0530] {logging_mixin.py:188} INFO - [2025-06-17T12:42:32.706+0530] {dag.py:3036} INFO - Sync 2 DAGs
[2025-06-17T12:42:32.713+0530] {logging_mixin.py:188} INFO - [2025-06-17T12:42:32.712+0530] {dag.py:3058} INFO - Creating ORM DAG for example_external_task_marker_child
[2025-06-17T12:42:32.713+0530] {logging_mixin.py:188} INFO - [2025-06-17T12:42:32.713+0530] {dag.py:3058} INFO - Creating ORM DAG for example_external_task_marker_parent
[2025-06-17T12:42:32.713+0530] {logging_mixin.py:188} INFO - [2025-06-17T12:42:32.713+0530] {dag.py:3823} INFO - Setting next_dagrun for example_external_task_marker_child to None, run_after=None
[2025-06-17T12:42:32.713+0530] {logging_mixin.py:188} INFO - [2025-06-17T12:42:32.713+0530] {dag.py:3823} INFO - Setting next_dagrun for example_external_task_marker_parent to None, run_after=None
[2025-06-17T12:42:32.731+0530] {processor.py:183} INFO - Processing /home/priya/projects/snowflake_twitter_pipeline/venv/lib/python3.10/site-packages/airflow/example_dags/example_external_task_marker_dag.py took 0.229 seconds
[2025-06-17T12:43:25.732+0530] {processor.py:161} INFO - Started process (PID=498) to work on /home/priya/projects/snowflake_twitter_pipeline/venv/lib/python3.10/site-packages/airflow/example_dags/example_external_task_marker_dag.py
[2025-06-17T12:43:25.735+0530] {processor.py:830} INFO - Processing file /home/priya/projects/snowflake_twitter_pipeline/venv/lib/python3.10/site-packages/airflow/example_dags/example_external_task_marker_dag.py for tasks to queue
[2025-06-17T12:43:25.736+0530] {logging_mixin.py:188} INFO - [2025-06-17T12:43:25.735+0530] {dagbag.py:538} INFO - Filling up the DagBag from /home/priya/projects/snowflake_twitter_pipeline/venv/lib/python3.10/site-packages/airflow/example_dags/example_external_task_marker_dag.py
[2025-06-17T12:43:25.742+0530] {processor.py:840} INFO - DAG(s) 'example_external_task_marker_child', 'example_external_task_marker_parent' retrieved from /home/priya/projects/snowflake_twitter_pipeline/venv/lib/python3.10/site-packages/airflow/example_dags/example_external_task_marker_dag.py
[2025-06-17T12:43:25.758+0530] {logging_mixin.py:188} INFO - [2025-06-17T12:43:25.757+0530] {dag.py:3036} INFO - Sync 2 DAGs
[2025-06-17T12:43:25.767+0530] {logging_mixin.py:188} INFO - [2025-06-17T12:43:25.767+0530] {dag.py:3823} INFO - Setting next_dagrun for example_external_task_marker_child to None, run_after=None
[2025-06-17T12:43:25.770+0530] {logging_mixin.py:188} INFO - [2025-06-17T12:43:25.769+0530] {dag.py:3823} INFO - Setting next_dagrun for example_external_task_marker_parent to None, run_after=None
[2025-06-17T12:43:25.786+0530] {processor.py:183} INFO - Processing /home/priya/projects/snowflake_twitter_pipeline/venv/lib/python3.10/site-packages/airflow/example_dags/example_external_task_marker_dag.py took 0.057 seconds
[2025-06-17T12:44:14.050+0530] {processor.py:161} INFO - Started process (PID=563) to work on /home/priya/projects/snowflake_twitter_pipeline/venv/lib/python3.10/site-packages/airflow/example_dags/example_external_task_marker_dag.py
[2025-06-17T12:44:14.052+0530] {processor.py:830} INFO - Processing file /home/priya/projects/snowflake_twitter_pipeline/venv/lib/python3.10/site-packages/airflow/example_dags/example_external_task_marker_dag.py for tasks to queue
[2025-06-17T12:44:14.053+0530] {logging_mixin.py:188} INFO - [2025-06-17T12:44:14.052+0530] {dagbag.py:538} INFO - Filling up the DagBag from /home/priya/projects/snowflake_twitter_pipeline/venv/lib/python3.10/site-packages/airflow/example_dags/example_external_task_marker_dag.py
[2025-06-17T12:44:14.057+0530] {processor.py:840} INFO - DAG(s) 'example_external_task_marker_child', 'example_external_task_marker_parent' retrieved from /home/priya/projects/snowflake_twitter_pipeline/venv/lib/python3.10/site-packages/airflow/example_dags/example_external_task_marker_dag.py
[2025-06-17T12:44:14.068+0530] {logging_mixin.py:188} INFO - [2025-06-17T12:44:14.068+0530] {dag.py:3036} INFO - Sync 2 DAGs
[2025-06-17T12:44:14.075+0530] {logging_mixin.py:188} INFO - [2025-06-17T12:44:14.075+0530] {dag.py:3823} INFO - Setting next_dagrun for example_external_task_marker_child to None, run_after=None
[2025-06-17T12:44:14.077+0530] {logging_mixin.py:188} INFO - [2025-06-17T12:44:14.077+0530] {dag.py:3823} INFO - Setting next_dagrun for example_external_task_marker_parent to None, run_after=None
[2025-06-17T12:44:14.093+0530] {processor.py:183} INFO - Processing /home/priya/projects/snowflake_twitter_pipeline/venv/lib/python3.10/site-packages/airflow/example_dags/example_external_task_marker_dag.py took 0.045 seconds
[2025-06-17T12:45:58.144+0530] {processor.py:161} INFO - Started process (PID=662) to work on /home/priya/projects/snowflake_twitter_pipeline/venv/lib/python3.10/site-packages/airflow/example_dags/example_external_task_marker_dag.py
[2025-06-17T12:45:58.146+0530] {processor.py:830} INFO - Processing file /home/priya/projects/snowflake_twitter_pipeline/venv/lib/python3.10/site-packages/airflow/example_dags/example_external_task_marker_dag.py for tasks to queue
[2025-06-17T12:45:58.147+0530] {logging_mixin.py:188} INFO - [2025-06-17T12:45:58.147+0530] {dagbag.py:538} INFO - Filling up the DagBag from /home/priya/projects/snowflake_twitter_pipeline/venv/lib/python3.10/site-packages/airflow/example_dags/example_external_task_marker_dag.py
[2025-06-17T12:45:58.152+0530] {processor.py:840} INFO - DAG(s) 'example_external_task_marker_child', 'example_external_task_marker_parent' retrieved from /home/priya/projects/snowflake_twitter_pipeline/venv/lib/python3.10/site-packages/airflow/example_dags/example_external_task_marker_dag.py
[2025-06-17T12:45:58.164+0530] {logging_mixin.py:188} INFO - [2025-06-17T12:45:58.164+0530] {dag.py:3036} INFO - Sync 2 DAGs
[2025-06-17T12:45:58.170+0530] {logging_mixin.py:188} INFO - [2025-06-17T12:45:58.170+0530] {dag.py:3823} INFO - Setting next_dagrun for example_external_task_marker_child to None, run_after=None
[2025-06-17T12:45:58.171+0530] {logging_mixin.py:188} INFO - [2025-06-17T12:45:58.171+0530] {dag.py:3823} INFO - Setting next_dagrun for example_external_task_marker_parent to None, run_after=None
[2025-06-17T12:45:58.187+0530] {processor.py:183} INFO - Processing /home/priya/projects/snowflake_twitter_pipeline/venv/lib/python3.10/site-packages/airflow/example_dags/example_external_task_marker_dag.py took 0.045 seconds
[2025-06-17T12:46:50.669+0530] {processor.py:161} INFO - Started process (PID=1272) to work on /home/priya/projects/snowflake_twitter_pipeline/venv/lib/python3.10/site-packages/airflow/example_dags/example_external_task_marker_dag.py
[2025-06-17T12:46:50.671+0530] {processor.py:830} INFO - Processing file /home/priya/projects/snowflake_twitter_pipeline/venv/lib/python3.10/site-packages/airflow/example_dags/example_external_task_marker_dag.py for tasks to queue
[2025-06-17T12:46:50.672+0530] {logging_mixin.py:188} INFO - [2025-06-17T12:46:50.672+0530] {dagbag.py:538} INFO - Filling up the DagBag from /home/priya/projects/snowflake_twitter_pipeline/venv/lib/python3.10/site-packages/airflow/example_dags/example_external_task_marker_dag.py
[2025-06-17T12:46:50.682+0530] {processor.py:840} INFO - DAG(s) 'example_external_task_marker_parent', 'example_external_task_marker_child' retrieved from /home/priya/projects/snowflake_twitter_pipeline/venv/lib/python3.10/site-packages/airflow/example_dags/example_external_task_marker_dag.py
[2025-06-17T12:46:50.708+0530] {logging_mixin.py:188} INFO - [2025-06-17T12:46:50.708+0530] {dag.py:3036} INFO - Sync 2 DAGs
[2025-06-17T12:46:50.717+0530] {logging_mixin.py:188} INFO - [2025-06-17T12:46:50.716+0530] {dag.py:3823} INFO - Setting next_dagrun for example_external_task_marker_child to None, run_after=None
[2025-06-17T12:46:50.719+0530] {logging_mixin.py:188} INFO - [2025-06-17T12:46:50.719+0530] {dag.py:3823} INFO - Setting next_dagrun for example_external_task_marker_parent to None, run_after=None
[2025-06-17T12:46:50.737+0530] {processor.py:183} INFO - Processing /home/priya/projects/snowflake_twitter_pipeline/venv/lib/python3.10/site-packages/airflow/example_dags/example_external_task_marker_dag.py took 0.072 seconds
[2025-06-17T12:47:38.149+0530] {processor.py:161} INFO - Started process (PID=1476) to work on /home/priya/projects/snowflake_twitter_pipeline/venv/lib/python3.10/site-packages/airflow/example_dags/example_external_task_marker_dag.py
[2025-06-17T12:47:38.158+0530] {processor.py:830} INFO - Processing file /home/priya/projects/snowflake_twitter_pipeline/venv/lib/python3.10/site-packages/airflow/example_dags/example_external_task_marker_dag.py for tasks to queue
[2025-06-17T12:47:38.159+0530] {logging_mixin.py:188} INFO - [2025-06-17T12:47:38.159+0530] {dagbag.py:538} INFO - Filling up the DagBag from /home/priya/projects/snowflake_twitter_pipeline/venv/lib/python3.10/site-packages/airflow/example_dags/example_external_task_marker_dag.py
[2025-06-17T12:47:38.164+0530] {processor.py:840} INFO - DAG(s) 'example_external_task_marker_parent', 'example_external_task_marker_child' retrieved from /home/priya/projects/snowflake_twitter_pipeline/venv/lib/python3.10/site-packages/airflow/example_dags/example_external_task_marker_dag.py
[2025-06-17T12:47:38.177+0530] {logging_mixin.py:188} INFO - [2025-06-17T12:47:38.176+0530] {dag.py:3036} INFO - Sync 2 DAGs
[2025-06-17T12:47:38.183+0530] {logging_mixin.py:188} INFO - [2025-06-17T12:47:38.183+0530] {dag.py:3823} INFO - Setting next_dagrun for example_external_task_marker_child to None, run_after=None
[2025-06-17T12:47:38.185+0530] {logging_mixin.py:188} INFO - [2025-06-17T12:47:38.185+0530] {dag.py:3823} INFO - Setting next_dagrun for example_external_task_marker_parent to None, run_after=None
[2025-06-17T12:47:38.199+0530] {processor.py:183} INFO - Processing /home/priya/projects/snowflake_twitter_pipeline/venv/lib/python3.10/site-packages/airflow/example_dags/example_external_task_marker_dag.py took 0.054 seconds
[2025-06-17T12:48:24.333+0530] {processor.py:161} INFO - Started process (PID=1685) to work on /home/priya/projects/snowflake_twitter_pipeline/venv/lib/python3.10/site-packages/airflow/example_dags/example_external_task_marker_dag.py
[2025-06-17T12:48:24.336+0530] {processor.py:830} INFO - Processing file /home/priya/projects/snowflake_twitter_pipeline/venv/lib/python3.10/site-packages/airflow/example_dags/example_external_task_marker_dag.py for tasks to queue
[2025-06-17T12:48:24.338+0530] {logging_mixin.py:188} INFO - [2025-06-17T12:48:24.337+0530] {dagbag.py:538} INFO - Filling up the DagBag from /home/priya/projects/snowflake_twitter_pipeline/venv/lib/python3.10/site-packages/airflow/example_dags/example_external_task_marker_dag.py
[2025-06-17T12:48:24.346+0530] {processor.py:840} INFO - DAG(s) 'example_external_task_marker_parent', 'example_external_task_marker_child' retrieved from /home/priya/projects/snowflake_twitter_pipeline/venv/lib/python3.10/site-packages/airflow/example_dags/example_external_task_marker_dag.py
[2025-06-17T12:48:24.360+0530] {logging_mixin.py:188} INFO - [2025-06-17T12:48:24.360+0530] {dag.py:3036} INFO - Sync 2 DAGs
[2025-06-17T12:48:24.370+0530] {logging_mixin.py:188} INFO - [2025-06-17T12:48:24.369+0530] {dag.py:3823} INFO - Setting next_dagrun for example_external_task_marker_child to None, run_after=None
[2025-06-17T12:48:24.373+0530] {logging_mixin.py:188} INFO - [2025-06-17T12:48:24.373+0530] {dag.py:3823} INFO - Setting next_dagrun for example_external_task_marker_parent to None, run_after=None
[2025-06-17T12:48:24.397+0530] {processor.py:183} INFO - Processing /home/priya/projects/snowflake_twitter_pipeline/venv/lib/python3.10/site-packages/airflow/example_dags/example_external_task_marker_dag.py took 0.067 seconds
[2025-06-17T12:49:16.403+0530] {processor.py:161} INFO - Started process (PID=1934) to work on /home/priya/projects/snowflake_twitter_pipeline/venv/lib/python3.10/site-packages/airflow/example_dags/example_external_task_marker_dag.py
[2025-06-17T12:49:16.405+0530] {processor.py:830} INFO - Processing file /home/priya/projects/snowflake_twitter_pipeline/venv/lib/python3.10/site-packages/airflow/example_dags/example_external_task_marker_dag.py for tasks to queue
[2025-06-17T12:49:16.406+0530] {logging_mixin.py:188} INFO - [2025-06-17T12:49:16.405+0530] {dagbag.py:538} INFO - Filling up the DagBag from /home/priya/projects/snowflake_twitter_pipeline/venv/lib/python3.10/site-packages/airflow/example_dags/example_external_task_marker_dag.py
[2025-06-17T12:49:16.410+0530] {processor.py:840} INFO - DAG(s) 'example_external_task_marker_child', 'example_external_task_marker_parent' retrieved from /home/priya/projects/snowflake_twitter_pipeline/venv/lib/python3.10/site-packages/airflow/example_dags/example_external_task_marker_dag.py
[2025-06-17T12:49:16.422+0530] {logging_mixin.py:188} INFO - [2025-06-17T12:49:16.422+0530] {dag.py:3036} INFO - Sync 2 DAGs
[2025-06-17T12:49:16.428+0530] {logging_mixin.py:188} INFO - [2025-06-17T12:49:16.428+0530] {dag.py:3823} INFO - Setting next_dagrun for example_external_task_marker_child to None, run_after=None
[2025-06-17T12:49:16.431+0530] {logging_mixin.py:188} INFO - [2025-06-17T12:49:16.431+0530] {dag.py:3823} INFO - Setting next_dagrun for example_external_task_marker_parent to None, run_after=None
[2025-06-17T12:49:16.447+0530] {processor.py:183} INFO - Processing /home/priya/projects/snowflake_twitter_pipeline/venv/lib/python3.10/site-packages/airflow/example_dags/example_external_task_marker_dag.py took 0.047 seconds
[2025-06-17T12:50:02.691+0530] {processor.py:161} INFO - Started process (PID=2145) to work on /home/priya/projects/snowflake_twitter_pipeline/venv/lib/python3.10/site-packages/airflow/example_dags/example_external_task_marker_dag.py
[2025-06-17T12:50:02.700+0530] {processor.py:830} INFO - Processing file /home/priya/projects/snowflake_twitter_pipeline/venv/lib/python3.10/site-packages/airflow/example_dags/example_external_task_marker_dag.py for tasks to queue
[2025-06-17T12:50:02.701+0530] {logging_mixin.py:188} INFO - [2025-06-17T12:50:02.700+0530] {dagbag.py:538} INFO - Filling up the DagBag from /home/priya/projects/snowflake_twitter_pipeline/venv/lib/python3.10/site-packages/airflow/example_dags/example_external_task_marker_dag.py
[2025-06-17T12:50:02.707+0530] {processor.py:840} INFO - DAG(s) 'example_external_task_marker_parent', 'example_external_task_marker_child' retrieved from /home/priya/projects/snowflake_twitter_pipeline/venv/lib/python3.10/site-packages/airflow/example_dags/example_external_task_marker_dag.py
[2025-06-17T12:50:02.718+0530] {logging_mixin.py:188} INFO - [2025-06-17T12:50:02.718+0530] {dag.py:3036} INFO - Sync 2 DAGs
[2025-06-17T12:50:02.725+0530] {logging_mixin.py:188} INFO - [2025-06-17T12:50:02.725+0530] {dag.py:3823} INFO - Setting next_dagrun for example_external_task_marker_child to None, run_after=None
[2025-06-17T12:50:02.727+0530] {logging_mixin.py:188} INFO - [2025-06-17T12:50:02.727+0530] {dag.py:3823} INFO - Setting next_dagrun for example_external_task_marker_parent to None, run_after=None
[2025-06-17T12:50:02.742+0530] {processor.py:183} INFO - Processing /home/priya/projects/snowflake_twitter_pipeline/venv/lib/python3.10/site-packages/airflow/example_dags/example_external_task_marker_dag.py took 0.053 seconds
[2025-06-17T12:50:42.048+0530] {processor.py:161} INFO - Started process (PID=2319) to work on /home/priya/projects/snowflake_twitter_pipeline/venv/lib/python3.10/site-packages/airflow/example_dags/example_external_task_marker_dag.py
[2025-06-17T12:50:42.050+0530] {processor.py:830} INFO - Processing file /home/priya/projects/snowflake_twitter_pipeline/venv/lib/python3.10/site-packages/airflow/example_dags/example_external_task_marker_dag.py for tasks to queue
[2025-06-17T12:50:42.050+0530] {logging_mixin.py:188} INFO - [2025-06-17T12:50:42.050+0530] {dagbag.py:538} INFO - Filling up the DagBag from /home/priya/projects/snowflake_twitter_pipeline/venv/lib/python3.10/site-packages/airflow/example_dags/example_external_task_marker_dag.py
[2025-06-17T12:50:42.056+0530] {processor.py:840} INFO - DAG(s) 'example_external_task_marker_parent', 'example_external_task_marker_child' retrieved from /home/priya/projects/snowflake_twitter_pipeline/venv/lib/python3.10/site-packages/airflow/example_dags/example_external_task_marker_dag.py
[2025-06-17T12:50:42.069+0530] {logging_mixin.py:188} INFO - [2025-06-17T12:50:42.068+0530] {dag.py:3036} INFO - Sync 2 DAGs
[2025-06-17T12:50:42.075+0530] {logging_mixin.py:188} INFO - [2025-06-17T12:50:42.075+0530] {dag.py:3823} INFO - Setting next_dagrun for example_external_task_marker_child to None, run_after=None
[2025-06-17T12:50:42.077+0530] {logging_mixin.py:188} INFO - [2025-06-17T12:50:42.077+0530] {dag.py:3823} INFO - Setting next_dagrun for example_external_task_marker_parent to None, run_after=None
[2025-06-17T12:50:42.092+0530] {processor.py:183} INFO - Processing /home/priya/projects/snowflake_twitter_pipeline/venv/lib/python3.10/site-packages/airflow/example_dags/example_external_task_marker_dag.py took 0.048 seconds
[2025-06-17T12:51:30.422+0530] {processor.py:161} INFO - Started process (PID=2553) to work on /home/priya/projects/snowflake_twitter_pipeline/venv/lib/python3.10/site-packages/airflow/example_dags/example_external_task_marker_dag.py
[2025-06-17T12:51:30.424+0530] {processor.py:830} INFO - Processing file /home/priya/projects/snowflake_twitter_pipeline/venv/lib/python3.10/site-packages/airflow/example_dags/example_external_task_marker_dag.py for tasks to queue
[2025-06-17T12:51:30.426+0530] {logging_mixin.py:188} INFO - [2025-06-17T12:51:30.426+0530] {dagbag.py:538} INFO - Filling up the DagBag from /home/priya/projects/snowflake_twitter_pipeline/venv/lib/python3.10/site-packages/airflow/example_dags/example_external_task_marker_dag.py
[2025-06-17T12:51:30.431+0530] {processor.py:840} INFO - DAG(s) 'example_external_task_marker_parent', 'example_external_task_marker_child' retrieved from /home/priya/projects/snowflake_twitter_pipeline/venv/lib/python3.10/site-packages/airflow/example_dags/example_external_task_marker_dag.py
[2025-06-17T12:51:30.442+0530] {logging_mixin.py:188} INFO - [2025-06-17T12:51:30.442+0530] {dag.py:3036} INFO - Sync 2 DAGs
[2025-06-17T12:51:30.450+0530] {logging_mixin.py:188} INFO - [2025-06-17T12:51:30.450+0530] {dag.py:3823} INFO - Setting next_dagrun for example_external_task_marker_child to None, run_after=None
[2025-06-17T12:51:30.453+0530] {logging_mixin.py:188} INFO - [2025-06-17T12:51:30.452+0530] {dag.py:3823} INFO - Setting next_dagrun for example_external_task_marker_parent to None, run_after=None
[2025-06-17T12:51:30.470+0530] {processor.py:183} INFO - Processing /home/priya/projects/snowflake_twitter_pipeline/venv/lib/python3.10/site-packages/airflow/example_dags/example_external_task_marker_dag.py took 0.051 seconds
[2025-06-17T12:52:22.046+0530] {processor.py:161} INFO - Started process (PID=2775) to work on /home/priya/projects/snowflake_twitter_pipeline/venv/lib/python3.10/site-packages/airflow/example_dags/example_external_task_marker_dag.py
[2025-06-17T12:52:22.047+0530] {processor.py:830} INFO - Processing file /home/priya/projects/snowflake_twitter_pipeline/venv/lib/python3.10/site-packages/airflow/example_dags/example_external_task_marker_dag.py for tasks to queue
[2025-06-17T12:52:22.048+0530] {logging_mixin.py:188} INFO - [2025-06-17T12:52:22.048+0530] {dagbag.py:538} INFO - Filling up the DagBag from /home/priya/projects/snowflake_twitter_pipeline/venv/lib/python3.10/site-packages/airflow/example_dags/example_external_task_marker_dag.py
[2025-06-17T12:52:22.053+0530] {processor.py:840} INFO - DAG(s) 'example_external_task_marker_parent', 'example_external_task_marker_child' retrieved from /home/priya/projects/snowflake_twitter_pipeline/venv/lib/python3.10/site-packages/airflow/example_dags/example_external_task_marker_dag.py
[2025-06-17T12:52:22.065+0530] {logging_mixin.py:188} INFO - [2025-06-17T12:52:22.065+0530] {dag.py:3036} INFO - Sync 2 DAGs
[2025-06-17T12:52:22.071+0530] {logging_mixin.py:188} INFO - [2025-06-17T12:52:22.071+0530] {dag.py:3823} INFO - Setting next_dagrun for example_external_task_marker_child to None, run_after=None
[2025-06-17T12:52:22.073+0530] {logging_mixin.py:188} INFO - [2025-06-17T12:52:22.073+0530] {dag.py:3823} INFO - Setting next_dagrun for example_external_task_marker_parent to None, run_after=None
[2025-06-17T12:52:22.093+0530] {processor.py:183} INFO - Processing /home/priya/projects/snowflake_twitter_pipeline/venv/lib/python3.10/site-packages/airflow/example_dags/example_external_task_marker_dag.py took 0.049 seconds
[2025-06-17T12:53:15.428+0530] {processor.py:161} INFO - Started process (PID=3030) to work on /home/priya/projects/snowflake_twitter_pipeline/venv/lib/python3.10/site-packages/airflow/example_dags/example_external_task_marker_dag.py
[2025-06-17T12:53:15.431+0530] {processor.py:830} INFO - Processing file /home/priya/projects/snowflake_twitter_pipeline/venv/lib/python3.10/site-packages/airflow/example_dags/example_external_task_marker_dag.py for tasks to queue
[2025-06-17T12:53:15.433+0530] {logging_mixin.py:188} INFO - [2025-06-17T12:53:15.432+0530] {dagbag.py:538} INFO - Filling up the DagBag from /home/priya/projects/snowflake_twitter_pipeline/venv/lib/python3.10/site-packages/airflow/example_dags/example_external_task_marker_dag.py
[2025-06-17T12:53:15.445+0530] {processor.py:840} INFO - DAG(s) 'example_external_task_marker_child', 'example_external_task_marker_parent' retrieved from /home/priya/projects/snowflake_twitter_pipeline/venv/lib/python3.10/site-packages/airflow/example_dags/example_external_task_marker_dag.py
[2025-06-17T12:53:15.473+0530] {logging_mixin.py:188} INFO - [2025-06-17T12:53:15.473+0530] {dag.py:3036} INFO - Sync 2 DAGs
[2025-06-17T12:53:15.487+0530] {logging_mixin.py:188} INFO - [2025-06-17T12:53:15.487+0530] {dag.py:3823} INFO - Setting next_dagrun for example_external_task_marker_child to None, run_after=None
[2025-06-17T12:53:15.491+0530] {logging_mixin.py:188} INFO - [2025-06-17T12:53:15.491+0530] {dag.py:3823} INFO - Setting next_dagrun for example_external_task_marker_parent to None, run_after=None
[2025-06-17T12:53:15.515+0530] {processor.py:183} INFO - Processing /home/priya/projects/snowflake_twitter_pipeline/venv/lib/python3.10/site-packages/airflow/example_dags/example_external_task_marker_dag.py took 0.092 seconds
[2025-06-17T12:54:07.292+0530] {processor.py:161} INFO - Started process (PID=3120) to work on /home/priya/projects/snowflake_twitter_pipeline/venv/lib/python3.10/site-packages/airflow/example_dags/example_external_task_marker_dag.py
[2025-06-17T12:54:07.294+0530] {processor.py:830} INFO - Processing file /home/priya/projects/snowflake_twitter_pipeline/venv/lib/python3.10/site-packages/airflow/example_dags/example_external_task_marker_dag.py for tasks to queue
[2025-06-17T12:54:07.295+0530] {logging_mixin.py:188} INFO - [2025-06-17T12:54:07.295+0530] {dagbag.py:538} INFO - Filling up the DagBag from /home/priya/projects/snowflake_twitter_pipeline/venv/lib/python3.10/site-packages/airflow/example_dags/example_external_task_marker_dag.py
[2025-06-17T12:54:07.300+0530] {processor.py:840} INFO - DAG(s) 'example_external_task_marker_child', 'example_external_task_marker_parent' retrieved from /home/priya/projects/snowflake_twitter_pipeline/venv/lib/python3.10/site-packages/airflow/example_dags/example_external_task_marker_dag.py
[2025-06-17T12:54:07.315+0530] {logging_mixin.py:188} INFO - [2025-06-17T12:54:07.314+0530] {dag.py:3036} INFO - Sync 2 DAGs
[2025-06-17T12:54:07.324+0530] {logging_mixin.py:188} INFO - [2025-06-17T12:54:07.324+0530] {dag.py:3823} INFO - Setting next_dagrun for example_external_task_marker_child to None, run_after=None
[2025-06-17T12:54:07.326+0530] {logging_mixin.py:188} INFO - [2025-06-17T12:54:07.326+0530] {dag.py:3823} INFO - Setting next_dagrun for example_external_task_marker_parent to None, run_after=None
[2025-06-17T12:54:07.344+0530] {processor.py:183} INFO - Processing /home/priya/projects/snowflake_twitter_pipeline/venv/lib/python3.10/site-packages/airflow/example_dags/example_external_task_marker_dag.py took 0.055 seconds
[2025-06-17T12:55:01.200+0530] {processor.py:161} INFO - Started process (PID=3317) to work on /home/priya/projects/snowflake_twitter_pipeline/venv/lib/python3.10/site-packages/airflow/example_dags/example_external_task_marker_dag.py
[2025-06-17T12:55:01.214+0530] {processor.py:830} INFO - Processing file /home/priya/projects/snowflake_twitter_pipeline/venv/lib/python3.10/site-packages/airflow/example_dags/example_external_task_marker_dag.py for tasks to queue
[2025-06-17T12:55:01.215+0530] {logging_mixin.py:188} INFO - [2025-06-17T12:55:01.215+0530] {dagbag.py:538} INFO - Filling up the DagBag from /home/priya/projects/snowflake_twitter_pipeline/venv/lib/python3.10/site-packages/airflow/example_dags/example_external_task_marker_dag.py
[2025-06-17T12:55:01.220+0530] {processor.py:840} INFO - DAG(s) 'example_external_task_marker_parent', 'example_external_task_marker_child' retrieved from /home/priya/projects/snowflake_twitter_pipeline/venv/lib/python3.10/site-packages/airflow/example_dags/example_external_task_marker_dag.py
[2025-06-17T12:55:01.233+0530] {logging_mixin.py:188} INFO - [2025-06-17T12:55:01.232+0530] {dag.py:3036} INFO - Sync 2 DAGs
[2025-06-17T12:55:01.241+0530] {logging_mixin.py:188} INFO - [2025-06-17T12:55:01.241+0530] {dag.py:3823} INFO - Setting next_dagrun for example_external_task_marker_child to None, run_after=None
[2025-06-17T12:55:01.243+0530] {logging_mixin.py:188} INFO - [2025-06-17T12:55:01.243+0530] {dag.py:3823} INFO - Setting next_dagrun for example_external_task_marker_parent to None, run_after=None
[2025-06-17T12:55:01.260+0530] {processor.py:183} INFO - Processing /home/priya/projects/snowflake_twitter_pipeline/venv/lib/python3.10/site-packages/airflow/example_dags/example_external_task_marker_dag.py took 0.064 seconds
