[2025-06-17T12:42:20.693+0530] {processor.py:161} INFO - Started process (PID=423) to work on /home/priya/projects/snowflake_twitter_pipeline/venv/lib/python3.10/site-packages/airflow/example_dags/example_trigger_controller_dag.py
[2025-06-17T12:42:20.693+0530] {processor.py:830} INFO - Processing file /home/priya/projects/snowflake_twitter_pipeline/venv/lib/python3.10/site-packages/airflow/example_dags/example_trigger_controller_dag.py for tasks to queue
[2025-06-17T12:42:20.694+0530] {logging_mixin.py:188} INFO - [2025-06-17T12:42:20.694+0530] {dagbag.py:538} INFO - Filling up the DagBag from /home/priya/projects/snowflake_twitter_pipeline/venv/lib/python3.10/site-packages/airflow/example_dags/example_trigger_controller_dag.py
[2025-06-17T12:42:20.699+0530] {processor.py:840} INFO - DAG(s) 'example_trigger_controller_dag' retrieved from /home/priya/projects/snowflake_twitter_pipeline/venv/lib/python3.10/site-packages/airflow/example_dags/example_trigger_controller_dag.py
[2025-06-17T12:42:20.761+0530] {logging_mixin.py:188} INFO - [2025-06-17T12:42:20.761+0530] {override.py:1769} INFO - Created Permission View: can edit on DAG:example_trigger_controller_dag
[2025-06-17T12:42:20.771+0530] {logging_mixin.py:188} INFO - [2025-06-17T12:42:20.770+0530] {override.py:1769} INFO - Created Permission View: can delete on DAG:example_trigger_controller_dag
[2025-06-17T12:42:20.778+0530] {logging_mixin.py:188} INFO - [2025-06-17T12:42:20.778+0530] {override.py:1769} INFO - Created Permission View: can read on DAG:example_trigger_controller_dag
[2025-06-17T12:42:20.778+0530] {logging_mixin.py:188} INFO - [2025-06-17T12:42:20.778+0530] {dag.py:3036} INFO - Sync 1 DAGs
[2025-06-17T12:42:20.852+0530] {logging_mixin.py:188} INFO - [2025-06-17T12:42:20.852+0530] {dag.py:3058} INFO - Creating ORM DAG for example_trigger_controller_dag
[2025-06-17T12:42:20.857+0530] {logging_mixin.py:188} INFO - [2025-06-17T12:42:20.857+0530] {dag.py:3823} INFO - Setting next_dagrun for example_trigger_controller_dag to 2021-01-01 00:00:00+00:00, run_after=2021-01-01 00:00:00+00:00
[2025-06-17T12:42:20.873+0530] {processor.py:183} INFO - Processing /home/priya/projects/snowflake_twitter_pipeline/venv/lib/python3.10/site-packages/airflow/example_dags/example_trigger_controller_dag.py took 0.182 seconds
[2025-06-17T12:43:14.468+0530] {processor.py:161} INFO - Started process (PID=487) to work on /home/priya/projects/snowflake_twitter_pipeline/venv/lib/python3.10/site-packages/airflow/example_dags/example_trigger_controller_dag.py
[2025-06-17T12:43:14.469+0530] {processor.py:830} INFO - Processing file /home/priya/projects/snowflake_twitter_pipeline/venv/lib/python3.10/site-packages/airflow/example_dags/example_trigger_controller_dag.py for tasks to queue
[2025-06-17T12:43:14.470+0530] {logging_mixin.py:188} INFO - [2025-06-17T12:43:14.470+0530] {dagbag.py:538} INFO - Filling up the DagBag from /home/priya/projects/snowflake_twitter_pipeline/venv/lib/python3.10/site-packages/airflow/example_dags/example_trigger_controller_dag.py
[2025-06-17T12:43:14.474+0530] {processor.py:840} INFO - DAG(s) 'example_trigger_controller_dag' retrieved from /home/priya/projects/snowflake_twitter_pipeline/venv/lib/python3.10/site-packages/airflow/example_dags/example_trigger_controller_dag.py
[2025-06-17T12:43:14.486+0530] {logging_mixin.py:188} INFO - [2025-06-17T12:43:14.486+0530] {dag.py:3036} INFO - Sync 1 DAGs
[2025-06-17T12:43:14.498+0530] {logging_mixin.py:188} INFO - [2025-06-17T12:43:14.498+0530] {dag.py:3823} INFO - Setting next_dagrun for example_trigger_controller_dag to 2021-01-01 00:00:00+00:00, run_after=2021-01-01 00:00:00+00:00
[2025-06-17T12:43:14.515+0530] {processor.py:183} INFO - Processing /home/priya/projects/snowflake_twitter_pipeline/venv/lib/python3.10/site-packages/airflow/example_dags/example_trigger_controller_dag.py took 0.049 seconds
[2025-06-17T12:43:57.236+0530] {processor.py:161} INFO - Started process (PID=545) to work on /home/priya/projects/snowflake_twitter_pipeline/venv/lib/python3.10/site-packages/airflow/example_dags/example_trigger_controller_dag.py
[2025-06-17T12:43:57.238+0530] {processor.py:830} INFO - Processing file /home/priya/projects/snowflake_twitter_pipeline/venv/lib/python3.10/site-packages/airflow/example_dags/example_trigger_controller_dag.py for tasks to queue
[2025-06-17T12:43:57.238+0530] {logging_mixin.py:188} INFO - [2025-06-17T12:43:57.238+0530] {dagbag.py:538} INFO - Filling up the DagBag from /home/priya/projects/snowflake_twitter_pipeline/venv/lib/python3.10/site-packages/airflow/example_dags/example_trigger_controller_dag.py
[2025-06-17T12:43:57.242+0530] {processor.py:840} INFO - DAG(s) 'example_trigger_controller_dag' retrieved from /home/priya/projects/snowflake_twitter_pipeline/venv/lib/python3.10/site-packages/airflow/example_dags/example_trigger_controller_dag.py
[2025-06-17T12:43:57.251+0530] {logging_mixin.py:188} INFO - [2025-06-17T12:43:57.251+0530] {dag.py:3036} INFO - Sync 1 DAGs
[2025-06-17T12:43:57.262+0530] {logging_mixin.py:188} INFO - [2025-06-17T12:43:57.262+0530] {dag.py:3823} INFO - Setting next_dagrun for example_trigger_controller_dag to 2021-01-01 00:00:00+00:00, run_after=2021-01-01 00:00:00+00:00
[2025-06-17T12:43:57.278+0530] {processor.py:183} INFO - Processing /home/priya/projects/snowflake_twitter_pipeline/venv/lib/python3.10/site-packages/airflow/example_dags/example_trigger_controller_dag.py took 0.043 seconds
[2025-06-17T12:44:36.598+0530] {processor.py:161} INFO - Started process (PID=602) to work on /home/priya/projects/snowflake_twitter_pipeline/venv/lib/python3.10/site-packages/airflow/example_dags/example_trigger_controller_dag.py
[2025-06-17T12:44:36.600+0530] {processor.py:830} INFO - Processing file /home/priya/projects/snowflake_twitter_pipeline/venv/lib/python3.10/site-packages/airflow/example_dags/example_trigger_controller_dag.py for tasks to queue
[2025-06-17T12:44:36.601+0530] {logging_mixin.py:188} INFO - [2025-06-17T12:44:36.600+0530] {dagbag.py:538} INFO - Filling up the DagBag from /home/priya/projects/snowflake_twitter_pipeline/venv/lib/python3.10/site-packages/airflow/example_dags/example_trigger_controller_dag.py
[2025-06-17T12:44:36.604+0530] {processor.py:840} INFO - DAG(s) 'example_trigger_controller_dag' retrieved from /home/priya/projects/snowflake_twitter_pipeline/venv/lib/python3.10/site-packages/airflow/example_dags/example_trigger_controller_dag.py
[2025-06-17T12:44:36.614+0530] {logging_mixin.py:188} INFO - [2025-06-17T12:44:36.613+0530] {dag.py:3036} INFO - Sync 1 DAGs
[2025-06-17T12:44:36.625+0530] {logging_mixin.py:188} INFO - [2025-06-17T12:44:36.624+0530] {dag.py:3823} INFO - Setting next_dagrun for example_trigger_controller_dag to 2021-01-01 00:00:00+00:00, run_after=2021-01-01 00:00:00+00:00
[2025-06-17T12:44:36.640+0530] {processor.py:183} INFO - Processing /home/priya/projects/snowflake_twitter_pipeline/venv/lib/python3.10/site-packages/airflow/example_dags/example_trigger_controller_dag.py took 0.044 seconds
[2025-06-17T12:45:47.806+0530] {processor.py:161} INFO - Started process (PID=651) to work on /home/priya/projects/snowflake_twitter_pipeline/venv/lib/python3.10/site-packages/airflow/example_dags/example_trigger_controller_dag.py
[2025-06-17T12:45:47.807+0530] {processor.py:830} INFO - Processing file /home/priya/projects/snowflake_twitter_pipeline/venv/lib/python3.10/site-packages/airflow/example_dags/example_trigger_controller_dag.py for tasks to queue
[2025-06-17T12:45:47.808+0530] {logging_mixin.py:188} INFO - [2025-06-17T12:45:47.808+0530] {dagbag.py:538} INFO - Filling up the DagBag from /home/priya/projects/snowflake_twitter_pipeline/venv/lib/python3.10/site-packages/airflow/example_dags/example_trigger_controller_dag.py
[2025-06-17T12:45:47.814+0530] {processor.py:840} INFO - DAG(s) 'example_trigger_controller_dag' retrieved from /home/priya/projects/snowflake_twitter_pipeline/venv/lib/python3.10/site-packages/airflow/example_dags/example_trigger_controller_dag.py
[2025-06-17T12:45:47.827+0530] {logging_mixin.py:188} INFO - [2025-06-17T12:45:47.827+0530] {dag.py:3036} INFO - Sync 1 DAGs
[2025-06-17T12:45:47.843+0530] {logging_mixin.py:188} INFO - [2025-06-17T12:45:47.842+0530] {dag.py:3823} INFO - Setting next_dagrun for example_trigger_controller_dag to 2021-01-01 00:00:00+00:00, run_after=2021-01-01 00:00:00+00:00
[2025-06-17T12:45:47.861+0530] {processor.py:183} INFO - Processing /home/priya/projects/snowflake_twitter_pipeline/venv/lib/python3.10/site-packages/airflow/example_dags/example_trigger_controller_dag.py took 0.057 seconds
[2025-06-17T12:46:39.221+0530] {processor.py:161} INFO - Started process (PID=1152) to work on /home/priya/projects/snowflake_twitter_pipeline/venv/lib/python3.10/site-packages/airflow/example_dags/example_trigger_controller_dag.py
[2025-06-17T12:46:39.222+0530] {processor.py:830} INFO - Processing file /home/priya/projects/snowflake_twitter_pipeline/venv/lib/python3.10/site-packages/airflow/example_dags/example_trigger_controller_dag.py for tasks to queue
[2025-06-17T12:46:39.224+0530] {logging_mixin.py:188} INFO - [2025-06-17T12:46:39.223+0530] {dagbag.py:538} INFO - Filling up the DagBag from /home/priya/projects/snowflake_twitter_pipeline/venv/lib/python3.10/site-packages/airflow/example_dags/example_trigger_controller_dag.py
[2025-06-17T12:46:39.231+0530] {processor.py:840} INFO - DAG(s) 'example_trigger_controller_dag' retrieved from /home/priya/projects/snowflake_twitter_pipeline/venv/lib/python3.10/site-packages/airflow/example_dags/example_trigger_controller_dag.py
[2025-06-17T12:46:39.248+0530] {logging_mixin.py:188} INFO - [2025-06-17T12:46:39.247+0530] {dag.py:3036} INFO - Sync 1 DAGs
[2025-06-17T12:46:39.270+0530] {logging_mixin.py:188} INFO - [2025-06-17T12:46:39.269+0530] {dag.py:3823} INFO - Setting next_dagrun for example_trigger_controller_dag to 2021-01-01 00:00:00+00:00, run_after=2021-01-01 00:00:00+00:00
[2025-06-17T12:46:39.294+0530] {processor.py:183} INFO - Processing /home/priya/projects/snowflake_twitter_pipeline/venv/lib/python3.10/site-packages/airflow/example_dags/example_trigger_controller_dag.py took 0.076 seconds
[2025-06-17T12:47:20.418+0530] {processor.py:161} INFO - Started process (PID=1408) to work on /home/priya/projects/snowflake_twitter_pipeline/venv/lib/python3.10/site-packages/airflow/example_dags/example_trigger_controller_dag.py
[2025-06-17T12:47:20.420+0530] {processor.py:830} INFO - Processing file /home/priya/projects/snowflake_twitter_pipeline/venv/lib/python3.10/site-packages/airflow/example_dags/example_trigger_controller_dag.py for tasks to queue
[2025-06-17T12:47:20.421+0530] {logging_mixin.py:188} INFO - [2025-06-17T12:47:20.420+0530] {dagbag.py:538} INFO - Filling up the DagBag from /home/priya/projects/snowflake_twitter_pipeline/venv/lib/python3.10/site-packages/airflow/example_dags/example_trigger_controller_dag.py
[2025-06-17T12:47:20.429+0530] {processor.py:840} INFO - DAG(s) 'example_trigger_controller_dag' retrieved from /home/priya/projects/snowflake_twitter_pipeline/venv/lib/python3.10/site-packages/airflow/example_dags/example_trigger_controller_dag.py
[2025-06-17T12:47:20.445+0530] {logging_mixin.py:188} INFO - [2025-06-17T12:47:20.444+0530] {dag.py:3036} INFO - Sync 1 DAGs
[2025-06-17T12:47:20.462+0530] {logging_mixin.py:188} INFO - [2025-06-17T12:47:20.461+0530] {dag.py:3823} INFO - Setting next_dagrun for example_trigger_controller_dag to 2021-01-01 00:00:00+00:00, run_after=2021-01-01 00:00:00+00:00
[2025-06-17T12:47:20.483+0530] {processor.py:183} INFO - Processing /home/priya/projects/snowflake_twitter_pipeline/venv/lib/python3.10/site-packages/airflow/example_dags/example_trigger_controller_dag.py took 0.067 seconds
[2025-06-17T12:48:05.484+0530] {processor.py:161} INFO - Started process (PID=1612) to work on /home/priya/projects/snowflake_twitter_pipeline/venv/lib/python3.10/site-packages/airflow/example_dags/example_trigger_controller_dag.py
[2025-06-17T12:48:05.487+0530] {processor.py:830} INFO - Processing file /home/priya/projects/snowflake_twitter_pipeline/venv/lib/python3.10/site-packages/airflow/example_dags/example_trigger_controller_dag.py for tasks to queue
[2025-06-17T12:48:05.488+0530] {logging_mixin.py:188} INFO - [2025-06-17T12:48:05.487+0530] {dagbag.py:538} INFO - Filling up the DagBag from /home/priya/projects/snowflake_twitter_pipeline/venv/lib/python3.10/site-packages/airflow/example_dags/example_trigger_controller_dag.py
[2025-06-17T12:48:05.491+0530] {processor.py:840} INFO - DAG(s) 'example_trigger_controller_dag' retrieved from /home/priya/projects/snowflake_twitter_pipeline/venv/lib/python3.10/site-packages/airflow/example_dags/example_trigger_controller_dag.py
[2025-06-17T12:48:05.501+0530] {logging_mixin.py:188} INFO - [2025-06-17T12:48:05.501+0530] {dag.py:3036} INFO - Sync 1 DAGs
[2025-06-17T12:48:05.513+0530] {logging_mixin.py:188} INFO - [2025-06-17T12:48:05.513+0530] {dag.py:3823} INFO - Setting next_dagrun for example_trigger_controller_dag to 2021-01-01 00:00:00+00:00, run_after=2021-01-01 00:00:00+00:00
[2025-06-17T12:48:05.530+0530] {processor.py:183} INFO - Processing /home/priya/projects/snowflake_twitter_pipeline/venv/lib/python3.10/site-packages/airflow/example_dags/example_trigger_controller_dag.py took 0.050 seconds
[2025-06-17T12:48:53.610+0530] {processor.py:161} INFO - Started process (PID=1821) to work on /home/priya/projects/snowflake_twitter_pipeline/venv/lib/python3.10/site-packages/airflow/example_dags/example_trigger_controller_dag.py
[2025-06-17T12:48:53.613+0530] {processor.py:830} INFO - Processing file /home/priya/projects/snowflake_twitter_pipeline/venv/lib/python3.10/site-packages/airflow/example_dags/example_trigger_controller_dag.py for tasks to queue
[2025-06-17T12:48:53.615+0530] {logging_mixin.py:188} INFO - [2025-06-17T12:48:53.614+0530] {dagbag.py:538} INFO - Filling up the DagBag from /home/priya/projects/snowflake_twitter_pipeline/venv/lib/python3.10/site-packages/airflow/example_dags/example_trigger_controller_dag.py
[2025-06-17T12:48:53.627+0530] {processor.py:840} INFO - DAG(s) 'example_trigger_controller_dag' retrieved from /home/priya/projects/snowflake_twitter_pipeline/venv/lib/python3.10/site-packages/airflow/example_dags/example_trigger_controller_dag.py
[2025-06-17T12:48:53.653+0530] {logging_mixin.py:188} INFO - [2025-06-17T12:48:53.652+0530] {dag.py:3036} INFO - Sync 1 DAGs
[2025-06-17T12:48:53.685+0530] {logging_mixin.py:188} INFO - [2025-06-17T12:48:53.685+0530] {dag.py:3823} INFO - Setting next_dagrun for example_trigger_controller_dag to 2021-01-01 00:00:00+00:00, run_after=2021-01-01 00:00:00+00:00
[2025-06-17T12:48:53.708+0530] {processor.py:183} INFO - Processing /home/priya/projects/snowflake_twitter_pipeline/venv/lib/python3.10/site-packages/airflow/example_dags/example_trigger_controller_dag.py took 0.106 seconds
[2025-06-17T12:49:29.180+0530] {processor.py:161} INFO - Started process (PID=1997) to work on /home/priya/projects/snowflake_twitter_pipeline/venv/lib/python3.10/site-packages/airflow/example_dags/example_trigger_controller_dag.py
[2025-06-17T12:49:29.182+0530] {processor.py:830} INFO - Processing file /home/priya/projects/snowflake_twitter_pipeline/venv/lib/python3.10/site-packages/airflow/example_dags/example_trigger_controller_dag.py for tasks to queue
[2025-06-17T12:49:29.183+0530] {logging_mixin.py:188} INFO - [2025-06-17T12:49:29.183+0530] {dagbag.py:538} INFO - Filling up the DagBag from /home/priya/projects/snowflake_twitter_pipeline/venv/lib/python3.10/site-packages/airflow/example_dags/example_trigger_controller_dag.py
[2025-06-17T12:49:29.187+0530] {processor.py:840} INFO - DAG(s) 'example_trigger_controller_dag' retrieved from /home/priya/projects/snowflake_twitter_pipeline/venv/lib/python3.10/site-packages/airflow/example_dags/example_trigger_controller_dag.py
[2025-06-17T12:49:29.199+0530] {logging_mixin.py:188} INFO - [2025-06-17T12:49:29.199+0530] {dag.py:3036} INFO - Sync 1 DAGs
[2025-06-17T12:49:29.212+0530] {logging_mixin.py:188} INFO - [2025-06-17T12:49:29.212+0530] {dag.py:3823} INFO - Setting next_dagrun for example_trigger_controller_dag to 2021-01-01 00:00:00+00:00, run_after=2021-01-01 00:00:00+00:00
[2025-06-17T12:49:29.228+0530] {processor.py:183} INFO - Processing /home/priya/projects/snowflake_twitter_pipeline/venv/lib/python3.10/site-packages/airflow/example_dags/example_trigger_controller_dag.py took 0.052 seconds
[2025-06-17T12:50:17.537+0530] {processor.py:161} INFO - Started process (PID=2218) to work on /home/priya/projects/snowflake_twitter_pipeline/venv/lib/python3.10/site-packages/airflow/example_dags/example_trigger_controller_dag.py
[2025-06-17T12:50:17.548+0530] {processor.py:830} INFO - Processing file /home/priya/projects/snowflake_twitter_pipeline/venv/lib/python3.10/site-packages/airflow/example_dags/example_trigger_controller_dag.py for tasks to queue
[2025-06-17T12:50:17.548+0530] {logging_mixin.py:188} INFO - [2025-06-17T12:50:17.548+0530] {dagbag.py:538} INFO - Filling up the DagBag from /home/priya/projects/snowflake_twitter_pipeline/venv/lib/python3.10/site-packages/airflow/example_dags/example_trigger_controller_dag.py
[2025-06-17T12:50:17.554+0530] {processor.py:840} INFO - DAG(s) 'example_trigger_controller_dag' retrieved from /home/priya/projects/snowflake_twitter_pipeline/venv/lib/python3.10/site-packages/airflow/example_dags/example_trigger_controller_dag.py
[2025-06-17T12:50:17.564+0530] {logging_mixin.py:188} INFO - [2025-06-17T12:50:17.564+0530] {dag.py:3036} INFO - Sync 1 DAGs
[2025-06-17T12:50:17.577+0530] {logging_mixin.py:188} INFO - [2025-06-17T12:50:17.577+0530] {dag.py:3823} INFO - Setting next_dagrun for example_trigger_controller_dag to 2021-01-01 00:00:00+00:00, run_after=2021-01-01 00:00:00+00:00
[2025-06-17T12:50:17.597+0530] {processor.py:183} INFO - Processing /home/priya/projects/snowflake_twitter_pipeline/venv/lib/python3.10/site-packages/airflow/example_dags/example_trigger_controller_dag.py took 0.069 seconds
[2025-06-17T12:50:50.419+0530] {processor.py:161} INFO - Started process (PID=2372) to work on /home/priya/projects/snowflake_twitter_pipeline/venv/lib/python3.10/site-packages/airflow/example_dags/example_trigger_controller_dag.py
[2025-06-17T12:50:50.428+0530] {processor.py:830} INFO - Processing file /home/priya/projects/snowflake_twitter_pipeline/venv/lib/python3.10/site-packages/airflow/example_dags/example_trigger_controller_dag.py for tasks to queue
[2025-06-17T12:50:50.430+0530] {logging_mixin.py:188} INFO - [2025-06-17T12:50:50.429+0530] {dagbag.py:538} INFO - Filling up the DagBag from /home/priya/projects/snowflake_twitter_pipeline/venv/lib/python3.10/site-packages/airflow/example_dags/example_trigger_controller_dag.py
[2025-06-17T12:50:50.437+0530] {processor.py:840} INFO - DAG(s) 'example_trigger_controller_dag' retrieved from /home/priya/projects/snowflake_twitter_pipeline/venv/lib/python3.10/site-packages/airflow/example_dags/example_trigger_controller_dag.py
[2025-06-17T12:50:50.449+0530] {logging_mixin.py:188} INFO - [2025-06-17T12:50:50.449+0530] {dag.py:3036} INFO - Sync 1 DAGs
[2025-06-17T12:50:50.461+0530] {logging_mixin.py:188} INFO - [2025-06-17T12:50:50.461+0530] {dag.py:3823} INFO - Setting next_dagrun for example_trigger_controller_dag to 2021-01-01 00:00:00+00:00, run_after=2021-01-01 00:00:00+00:00
[2025-06-17T12:50:50.479+0530] {processor.py:183} INFO - Processing /home/priya/projects/snowflake_twitter_pipeline/venv/lib/python3.10/site-packages/airflow/example_dags/example_trigger_controller_dag.py took 0.063 seconds
[2025-06-17T12:51:39.449+0530] {processor.py:161} INFO - Started process (PID=2589) to work on /home/priya/projects/snowflake_twitter_pipeline/venv/lib/python3.10/site-packages/airflow/example_dags/example_trigger_controller_dag.py
[2025-06-17T12:51:39.459+0530] {processor.py:830} INFO - Processing file /home/priya/projects/snowflake_twitter_pipeline/venv/lib/python3.10/site-packages/airflow/example_dags/example_trigger_controller_dag.py for tasks to queue
[2025-06-17T12:51:39.460+0530] {logging_mixin.py:188} INFO - [2025-06-17T12:51:39.459+0530] {dagbag.py:538} INFO - Filling up the DagBag from /home/priya/projects/snowflake_twitter_pipeline/venv/lib/python3.10/site-packages/airflow/example_dags/example_trigger_controller_dag.py
[2025-06-17T12:51:39.463+0530] {processor.py:840} INFO - DAG(s) 'example_trigger_controller_dag' retrieved from /home/priya/projects/snowflake_twitter_pipeline/venv/lib/python3.10/site-packages/airflow/example_dags/example_trigger_controller_dag.py
[2025-06-17T12:51:39.475+0530] {logging_mixin.py:188} INFO - [2025-06-17T12:51:39.475+0530] {dag.py:3036} INFO - Sync 1 DAGs
[2025-06-17T12:51:39.489+0530] {logging_mixin.py:188} INFO - [2025-06-17T12:51:39.488+0530] {dag.py:3823} INFO - Setting next_dagrun for example_trigger_controller_dag to 2021-01-01 00:00:00+00:00, run_after=2021-01-01 00:00:00+00:00
[2025-06-17T12:51:39.509+0530] {processor.py:183} INFO - Processing /home/priya/projects/snowflake_twitter_pipeline/venv/lib/python3.10/site-packages/airflow/example_dags/example_trigger_controller_dag.py took 0.064 seconds
[2025-06-17T12:52:14.044+0530] {processor.py:161} INFO - Started process (PID=2742) to work on /home/priya/projects/snowflake_twitter_pipeline/venv/lib/python3.10/site-packages/airflow/example_dags/example_trigger_controller_dag.py
[2025-06-17T12:52:14.046+0530] {processor.py:830} INFO - Processing file /home/priya/projects/snowflake_twitter_pipeline/venv/lib/python3.10/site-packages/airflow/example_dags/example_trigger_controller_dag.py for tasks to queue
[2025-06-17T12:52:14.047+0530] {logging_mixin.py:188} INFO - [2025-06-17T12:52:14.046+0530] {dagbag.py:538} INFO - Filling up the DagBag from /home/priya/projects/snowflake_twitter_pipeline/venv/lib/python3.10/site-packages/airflow/example_dags/example_trigger_controller_dag.py
[2025-06-17T12:52:14.051+0530] {processor.py:840} INFO - DAG(s) 'example_trigger_controller_dag' retrieved from /home/priya/projects/snowflake_twitter_pipeline/venv/lib/python3.10/site-packages/airflow/example_dags/example_trigger_controller_dag.py
[2025-06-17T12:52:14.061+0530] {logging_mixin.py:188} INFO - [2025-06-17T12:52:14.061+0530] {dag.py:3036} INFO - Sync 1 DAGs
[2025-06-17T12:52:14.073+0530] {logging_mixin.py:188} INFO - [2025-06-17T12:52:14.073+0530] {dag.py:3823} INFO - Setting next_dagrun for example_trigger_controller_dag to 2021-01-01 00:00:00+00:00, run_after=2021-01-01 00:00:00+00:00
[2025-06-17T12:52:14.091+0530] {processor.py:183} INFO - Processing /home/priya/projects/snowflake_twitter_pipeline/venv/lib/python3.10/site-packages/airflow/example_dags/example_trigger_controller_dag.py took 0.049 seconds
[2025-06-17T12:52:47.835+0530] {processor.py:161} INFO - Started process (PID=2901) to work on /home/priya/projects/snowflake_twitter_pipeline/venv/lib/python3.10/site-packages/airflow/example_dags/example_trigger_controller_dag.py
[2025-06-17T12:52:47.837+0530] {processor.py:830} INFO - Processing file /home/priya/projects/snowflake_twitter_pipeline/venv/lib/python3.10/site-packages/airflow/example_dags/example_trigger_controller_dag.py for tasks to queue
[2025-06-17T12:52:47.837+0530] {logging_mixin.py:188} INFO - [2025-06-17T12:52:47.837+0530] {dagbag.py:538} INFO - Filling up the DagBag from /home/priya/projects/snowflake_twitter_pipeline/venv/lib/python3.10/site-packages/airflow/example_dags/example_trigger_controller_dag.py
[2025-06-17T12:52:47.841+0530] {processor.py:840} INFO - DAG(s) 'example_trigger_controller_dag' retrieved from /home/priya/projects/snowflake_twitter_pipeline/venv/lib/python3.10/site-packages/airflow/example_dags/example_trigger_controller_dag.py
[2025-06-17T12:52:47.852+0530] {logging_mixin.py:188} INFO - [2025-06-17T12:52:47.852+0530] {dag.py:3036} INFO - Sync 1 DAGs
[2025-06-17T12:52:47.864+0530] {logging_mixin.py:188} INFO - [2025-06-17T12:52:47.864+0530] {dag.py:3823} INFO - Setting next_dagrun for example_trigger_controller_dag to 2021-01-01 00:00:00+00:00, run_after=2021-01-01 00:00:00+00:00
[2025-06-17T12:52:47.882+0530] {processor.py:183} INFO - Processing /home/priya/projects/snowflake_twitter_pipeline/venv/lib/python3.10/site-packages/airflow/example_dags/example_trigger_controller_dag.py took 0.049 seconds
[2025-06-17T12:53:24.896+0530] {processor.py:161} INFO - Started process (PID=3054) to work on /home/priya/projects/snowflake_twitter_pipeline/venv/lib/python3.10/site-packages/airflow/example_dags/example_trigger_controller_dag.py
[2025-06-17T12:53:24.898+0530] {processor.py:830} INFO - Processing file /home/priya/projects/snowflake_twitter_pipeline/venv/lib/python3.10/site-packages/airflow/example_dags/example_trigger_controller_dag.py for tasks to queue
[2025-06-17T12:53:24.899+0530] {logging_mixin.py:188} INFO - [2025-06-17T12:53:24.899+0530] {dagbag.py:538} INFO - Filling up the DagBag from /home/priya/projects/snowflake_twitter_pipeline/venv/lib/python3.10/site-packages/airflow/example_dags/example_trigger_controller_dag.py
[2025-06-17T12:53:24.904+0530] {processor.py:840} INFO - DAG(s) 'example_trigger_controller_dag' retrieved from /home/priya/projects/snowflake_twitter_pipeline/venv/lib/python3.10/site-packages/airflow/example_dags/example_trigger_controller_dag.py
[2025-06-17T12:53:24.916+0530] {logging_mixin.py:188} INFO - [2025-06-17T12:53:24.915+0530] {dag.py:3036} INFO - Sync 1 DAGs
[2025-06-17T12:53:24.929+0530] {logging_mixin.py:188} INFO - [2025-06-17T12:53:24.928+0530] {dag.py:3823} INFO - Setting next_dagrun for example_trigger_controller_dag to 2021-01-01 00:00:00+00:00, run_after=2021-01-01 00:00:00+00:00
[2025-06-17T12:53:24.948+0530] {processor.py:183} INFO - Processing /home/priya/projects/snowflake_twitter_pipeline/venv/lib/python3.10/site-packages/airflow/example_dags/example_trigger_controller_dag.py took 0.054 seconds
[2025-06-17T12:53:59.133+0530] {processor.py:161} INFO - Started process (PID=3106) to work on /home/priya/projects/snowflake_twitter_pipeline/venv/lib/python3.10/site-packages/airflow/example_dags/example_trigger_controller_dag.py
[2025-06-17T12:53:59.135+0530] {processor.py:830} INFO - Processing file /home/priya/projects/snowflake_twitter_pipeline/venv/lib/python3.10/site-packages/airflow/example_dags/example_trigger_controller_dag.py for tasks to queue
[2025-06-17T12:53:59.136+0530] {logging_mixin.py:188} INFO - [2025-06-17T12:53:59.136+0530] {dagbag.py:538} INFO - Filling up the DagBag from /home/priya/projects/snowflake_twitter_pipeline/venv/lib/python3.10/site-packages/airflow/example_dags/example_trigger_controller_dag.py
[2025-06-17T12:53:59.140+0530] {processor.py:840} INFO - DAG(s) 'example_trigger_controller_dag' retrieved from /home/priya/projects/snowflake_twitter_pipeline/venv/lib/python3.10/site-packages/airflow/example_dags/example_trigger_controller_dag.py
[2025-06-17T12:53:59.158+0530] {logging_mixin.py:188} INFO - [2025-06-17T12:53:59.158+0530] {dag.py:3036} INFO - Sync 1 DAGs
[2025-06-17T12:53:59.173+0530] {logging_mixin.py:188} INFO - [2025-06-17T12:53:59.173+0530] {dag.py:3823} INFO - Setting next_dagrun for example_trigger_controller_dag to 2021-01-01 00:00:00+00:00, run_after=2021-01-01 00:00:00+00:00
[2025-06-17T12:53:59.194+0530] {processor.py:183} INFO - Processing /home/priya/projects/snowflake_twitter_pipeline/venv/lib/python3.10/site-packages/airflow/example_dags/example_trigger_controller_dag.py took 0.063 seconds
[2025-06-17T12:54:35.843+0530] {processor.py:161} INFO - Started process (PID=3197) to work on /home/priya/projects/snowflake_twitter_pipeline/venv/lib/python3.10/site-packages/airflow/example_dags/example_trigger_controller_dag.py
[2025-06-17T12:54:35.854+0530] {processor.py:830} INFO - Processing file /home/priya/projects/snowflake_twitter_pipeline/venv/lib/python3.10/site-packages/airflow/example_dags/example_trigger_controller_dag.py for tasks to queue
[2025-06-17T12:54:35.855+0530] {logging_mixin.py:188} INFO - [2025-06-17T12:54:35.854+0530] {dagbag.py:538} INFO - Filling up the DagBag from /home/priya/projects/snowflake_twitter_pipeline/venv/lib/python3.10/site-packages/airflow/example_dags/example_trigger_controller_dag.py
[2025-06-17T12:54:35.858+0530] {processor.py:840} INFO - DAG(s) 'example_trigger_controller_dag' retrieved from /home/priya/projects/snowflake_twitter_pipeline/venv/lib/python3.10/site-packages/airflow/example_dags/example_trigger_controller_dag.py
[2025-06-17T12:54:35.868+0530] {logging_mixin.py:188} INFO - [2025-06-17T12:54:35.868+0530] {dag.py:3036} INFO - Sync 1 DAGs
[2025-06-17T12:54:35.882+0530] {logging_mixin.py:188} INFO - [2025-06-17T12:54:35.882+0530] {dag.py:3823} INFO - Setting next_dagrun for example_trigger_controller_dag to 2021-01-01 00:00:00+00:00, run_after=2021-01-01 00:00:00+00:00
[2025-06-17T12:54:35.909+0530] {processor.py:183} INFO - Processing /home/priya/projects/snowflake_twitter_pipeline/venv/lib/python3.10/site-packages/airflow/example_dags/example_trigger_controller_dag.py took 0.068 seconds
[2025-06-17T12:55:11.866+0530] {processor.py:161} INFO - Started process (PID=3358) to work on /home/priya/projects/snowflake_twitter_pipeline/venv/lib/python3.10/site-packages/airflow/example_dags/example_trigger_controller_dag.py
[2025-06-17T12:55:11.874+0530] {processor.py:830} INFO - Processing file /home/priya/projects/snowflake_twitter_pipeline/venv/lib/python3.10/site-packages/airflow/example_dags/example_trigger_controller_dag.py for tasks to queue
[2025-06-17T12:55:11.876+0530] {logging_mixin.py:188} INFO - [2025-06-17T12:55:11.875+0530] {dagbag.py:538} INFO - Filling up the DagBag from /home/priya/projects/snowflake_twitter_pipeline/venv/lib/python3.10/site-packages/airflow/example_dags/example_trigger_controller_dag.py
[2025-06-17T12:55:11.880+0530] {processor.py:840} INFO - DAG(s) 'example_trigger_controller_dag' retrieved from /home/priya/projects/snowflake_twitter_pipeline/venv/lib/python3.10/site-packages/airflow/example_dags/example_trigger_controller_dag.py
[2025-06-17T12:55:11.890+0530] {logging_mixin.py:188} INFO - [2025-06-17T12:55:11.890+0530] {dag.py:3036} INFO - Sync 1 DAGs
[2025-06-17T12:55:11.902+0530] {logging_mixin.py:188} INFO - [2025-06-17T12:55:11.902+0530] {dag.py:3823} INFO - Setting next_dagrun for example_trigger_controller_dag to 2021-01-01 00:00:00+00:00, run_after=2021-01-01 00:00:00+00:00
[2025-06-17T12:55:11.925+0530] {processor.py:183} INFO - Processing /home/priya/projects/snowflake_twitter_pipeline/venv/lib/python3.10/site-packages/airflow/example_dags/example_trigger_controller_dag.py took 0.063 seconds
