[2025-06-17T12:42:28.094+0530] {processor.py:161} INFO - Started process (PID=430) to work on /home/priya/projects/snowflake_twitter_pipeline/venv/lib/python3.10/site-packages/airflow/example_dags/example_python_operator.py
[2025-06-17T12:42:28.095+0530] {processor.py:830} INFO - Processing file /home/priya/projects/snowflake_twitter_pipeline/venv/lib/python3.10/site-packages/airflow/example_dags/example_python_operator.py for tasks to queue
[2025-06-17T12:42:28.096+0530] {logging_mixin.py:188} INFO - [2025-06-17T12:42:28.096+0530] {dagbag.py:538} INFO - Filling up the DagBag from /home/priya/projects/snowflake_twitter_pipeline/venv/lib/python3.10/site-packages/airflow/example_dags/example_python_operator.py
[2025-06-17T12:42:28.105+0530] {processor.py:840} INFO - DAG(s) 'example_python_operator' retrieved from /home/priya/projects/snowflake_twitter_pipeline/venv/lib/python3.10/site-packages/airflow/example_dags/example_python_operator.py
[2025-06-17T12:42:28.233+0530] {logging_mixin.py:188} INFO - [2025-06-17T12:42:28.232+0530] {override.py:1769} INFO - Created Permission View: can edit on DAG:example_python_operator
[2025-06-17T12:42:28.243+0530] {logging_mixin.py:188} INFO - [2025-06-17T12:42:28.242+0530] {override.py:1769} INFO - Created Permission View: can delete on DAG:example_python_operator
[2025-06-17T12:42:28.250+0530] {logging_mixin.py:188} INFO - [2025-06-17T12:42:28.250+0530] {override.py:1769} INFO - Created Permission View: can read on DAG:example_python_operator
[2025-06-17T12:42:28.250+0530] {logging_mixin.py:188} INFO - [2025-06-17T12:42:28.250+0530] {dag.py:3036} INFO - Sync 1 DAGs
[2025-06-17T12:42:28.255+0530] {logging_mixin.py:188} INFO - [2025-06-17T12:42:28.255+0530] {dag.py:3058} INFO - Creating ORM DAG for example_python_operator
[2025-06-17T12:42:28.255+0530] {logging_mixin.py:188} INFO - [2025-06-17T12:42:28.255+0530] {dag.py:3823} INFO - Setting next_dagrun for example_python_operator to None, run_after=None
[2025-06-17T12:42:28.274+0530] {processor.py:183} INFO - Processing /home/priya/projects/snowflake_twitter_pipeline/venv/lib/python3.10/site-packages/airflow/example_dags/example_python_operator.py took 0.184 seconds
[2025-06-17T12:43:21.175+0530] {processor.py:161} INFO - Started process (PID=494) to work on /home/priya/projects/snowflake_twitter_pipeline/venv/lib/python3.10/site-packages/airflow/example_dags/example_python_operator.py
[2025-06-17T12:43:21.177+0530] {processor.py:830} INFO - Processing file /home/priya/projects/snowflake_twitter_pipeline/venv/lib/python3.10/site-packages/airflow/example_dags/example_python_operator.py for tasks to queue
[2025-06-17T12:43:21.178+0530] {logging_mixin.py:188} INFO - [2025-06-17T12:43:21.178+0530] {dagbag.py:538} INFO - Filling up the DagBag from /home/priya/projects/snowflake_twitter_pipeline/venv/lib/python3.10/site-packages/airflow/example_dags/example_python_operator.py
[2025-06-17T12:43:21.188+0530] {processor.py:840} INFO - DAG(s) 'example_python_operator' retrieved from /home/priya/projects/snowflake_twitter_pipeline/venv/lib/python3.10/site-packages/airflow/example_dags/example_python_operator.py
[2025-06-17T12:43:21.202+0530] {logging_mixin.py:188} INFO - [2025-06-17T12:43:21.201+0530] {dag.py:3036} INFO - Sync 1 DAGs
[2025-06-17T12:43:21.209+0530] {logging_mixin.py:188} INFO - [2025-06-17T12:43:21.209+0530] {dag.py:3823} INFO - Setting next_dagrun for example_python_operator to None, run_after=None
[2025-06-17T12:43:21.230+0530] {processor.py:183} INFO - Processing /home/priya/projects/snowflake_twitter_pipeline/venv/lib/python3.10/site-packages/airflow/example_dags/example_python_operator.py took 0.059 seconds
[2025-06-17T12:44:04.629+0530] {processor.py:161} INFO - Started process (PID=552) to work on /home/priya/projects/snowflake_twitter_pipeline/venv/lib/python3.10/site-packages/airflow/example_dags/example_python_operator.py
[2025-06-17T12:44:04.639+0530] {processor.py:830} INFO - Processing file /home/priya/projects/snowflake_twitter_pipeline/venv/lib/python3.10/site-packages/airflow/example_dags/example_python_operator.py for tasks to queue
[2025-06-17T12:44:04.640+0530] {logging_mixin.py:188} INFO - [2025-06-17T12:44:04.640+0530] {dagbag.py:538} INFO - Filling up the DagBag from /home/priya/projects/snowflake_twitter_pipeline/venv/lib/python3.10/site-packages/airflow/example_dags/example_python_operator.py
[2025-06-17T12:44:04.650+0530] {processor.py:840} INFO - DAG(s) 'example_python_operator' retrieved from /home/priya/projects/snowflake_twitter_pipeline/venv/lib/python3.10/site-packages/airflow/example_dags/example_python_operator.py
[2025-06-17T12:44:04.660+0530] {logging_mixin.py:188} INFO - [2025-06-17T12:44:04.660+0530] {dag.py:3036} INFO - Sync 1 DAGs
[2025-06-17T12:44:04.667+0530] {logging_mixin.py:188} INFO - [2025-06-17T12:44:04.667+0530] {dag.py:3823} INFO - Setting next_dagrun for example_python_operator to None, run_after=None
[2025-06-17T12:44:04.683+0530] {processor.py:183} INFO - Processing /home/priya/projects/snowflake_twitter_pipeline/venv/lib/python3.10/site-packages/airflow/example_dags/example_python_operator.py took 0.056 seconds
[2025-06-17T12:44:52.039+0530] {processor.py:161} INFO - Started process (PID=617) to work on /home/priya/projects/snowflake_twitter_pipeline/venv/lib/python3.10/site-packages/airflow/example_dags/example_python_operator.py
[2025-06-17T12:44:52.047+0530] {processor.py:830} INFO - Processing file /home/priya/projects/snowflake_twitter_pipeline/venv/lib/python3.10/site-packages/airflow/example_dags/example_python_operator.py for tasks to queue
[2025-06-17T12:44:52.048+0530] {logging_mixin.py:188} INFO - [2025-06-17T12:44:52.048+0530] {dagbag.py:538} INFO - Filling up the DagBag from /home/priya/projects/snowflake_twitter_pipeline/venv/lib/python3.10/site-packages/airflow/example_dags/example_python_operator.py
[2025-06-17T12:44:52.059+0530] {processor.py:840} INFO - DAG(s) 'example_python_operator' retrieved from /home/priya/projects/snowflake_twitter_pipeline/venv/lib/python3.10/site-packages/airflow/example_dags/example_python_operator.py
[2025-06-17T12:44:52.074+0530] {logging_mixin.py:188} INFO - [2025-06-17T12:44:52.074+0530] {dag.py:3036} INFO - Sync 1 DAGs
[2025-06-17T12:44:52.082+0530] {logging_mixin.py:188} INFO - [2025-06-17T12:44:52.082+0530] {dag.py:3823} INFO - Setting next_dagrun for example_python_operator to None, run_after=None
[2025-06-17T12:44:52.104+0530] {processor.py:183} INFO - Processing /home/priya/projects/snowflake_twitter_pipeline/venv/lib/python3.10/site-packages/airflow/example_dags/example_python_operator.py took 0.067 seconds
[2025-06-17T12:45:55.255+0530] {processor.py:161} INFO - Started process (PID=658) to work on /home/priya/projects/snowflake_twitter_pipeline/venv/lib/python3.10/site-packages/airflow/example_dags/example_python_operator.py
[2025-06-17T12:45:55.257+0530] {processor.py:830} INFO - Processing file /home/priya/projects/snowflake_twitter_pipeline/venv/lib/python3.10/site-packages/airflow/example_dags/example_python_operator.py for tasks to queue
[2025-06-17T12:45:55.258+0530] {logging_mixin.py:188} INFO - [2025-06-17T12:45:55.257+0530] {dagbag.py:538} INFO - Filling up the DagBag from /home/priya/projects/snowflake_twitter_pipeline/venv/lib/python3.10/site-packages/airflow/example_dags/example_python_operator.py
[2025-06-17T12:45:55.268+0530] {processor.py:840} INFO - DAG(s) 'example_python_operator' retrieved from /home/priya/projects/snowflake_twitter_pipeline/venv/lib/python3.10/site-packages/airflow/example_dags/example_python_operator.py
[2025-06-17T12:45:55.410+0530] {logging_mixin.py:188} INFO - [2025-06-17T12:45:55.410+0530] {dag.py:3036} INFO - Sync 1 DAGs
[2025-06-17T12:45:55.416+0530] {logging_mixin.py:188} INFO - [2025-06-17T12:45:55.416+0530] {dag.py:3823} INFO - Setting next_dagrun for example_python_operator to None, run_after=None
[2025-06-17T12:45:55.437+0530] {processor.py:183} INFO - Processing /home/priya/projects/snowflake_twitter_pipeline/venv/lib/python3.10/site-packages/airflow/example_dags/example_python_operator.py took 0.184 seconds
[2025-06-17T12:46:45.975+0530] {processor.py:161} INFO - Started process (PID=1254) to work on /home/priya/projects/snowflake_twitter_pipeline/venv/lib/python3.10/site-packages/airflow/example_dags/example_python_operator.py
[2025-06-17T12:46:45.978+0530] {processor.py:830} INFO - Processing file /home/priya/projects/snowflake_twitter_pipeline/venv/lib/python3.10/site-packages/airflow/example_dags/example_python_operator.py for tasks to queue
[2025-06-17T12:46:45.980+0530] {logging_mixin.py:188} INFO - [2025-06-17T12:46:45.980+0530] {dagbag.py:538} INFO - Filling up the DagBag from /home/priya/projects/snowflake_twitter_pipeline/venv/lib/python3.10/site-packages/airflow/example_dags/example_python_operator.py
[2025-06-17T12:46:46.007+0530] {processor.py:840} INFO - DAG(s) 'example_python_operator' retrieved from /home/priya/projects/snowflake_twitter_pipeline/venv/lib/python3.10/site-packages/airflow/example_dags/example_python_operator.py
[2025-06-17T12:46:46.036+0530] {logging_mixin.py:188} INFO - [2025-06-17T12:46:46.035+0530] {dag.py:3036} INFO - Sync 1 DAGs
[2025-06-17T12:46:46.052+0530] {logging_mixin.py:188} INFO - [2025-06-17T12:46:46.052+0530] {dag.py:3823} INFO - Setting next_dagrun for example_python_operator to None, run_after=None
[2025-06-17T12:46:46.100+0530] {processor.py:183} INFO - Processing /home/priya/projects/snowflake_twitter_pipeline/venv/lib/python3.10/site-packages/airflow/example_dags/example_python_operator.py took 0.132 seconds
[2025-06-17T12:47:33.572+0530] {processor.py:161} INFO - Started process (PID=1460) to work on /home/priya/projects/snowflake_twitter_pipeline/venv/lib/python3.10/site-packages/airflow/example_dags/example_python_operator.py
[2025-06-17T12:47:33.574+0530] {processor.py:830} INFO - Processing file /home/priya/projects/snowflake_twitter_pipeline/venv/lib/python3.10/site-packages/airflow/example_dags/example_python_operator.py for tasks to queue
[2025-06-17T12:47:33.575+0530] {logging_mixin.py:188} INFO - [2025-06-17T12:47:33.574+0530] {dagbag.py:538} INFO - Filling up the DagBag from /home/priya/projects/snowflake_twitter_pipeline/venv/lib/python3.10/site-packages/airflow/example_dags/example_python_operator.py
[2025-06-17T12:47:33.586+0530] {processor.py:840} INFO - DAG(s) 'example_python_operator' retrieved from /home/priya/projects/snowflake_twitter_pipeline/venv/lib/python3.10/site-packages/airflow/example_dags/example_python_operator.py
[2025-06-17T12:47:33.602+0530] {logging_mixin.py:188} INFO - [2025-06-17T12:47:33.602+0530] {dag.py:3036} INFO - Sync 1 DAGs
[2025-06-17T12:47:33.612+0530] {logging_mixin.py:188} INFO - [2025-06-17T12:47:33.612+0530] {dag.py:3823} INFO - Setting next_dagrun for example_python_operator to None, run_after=None
[2025-06-17T12:47:33.638+0530] {processor.py:183} INFO - Processing /home/priya/projects/snowflake_twitter_pipeline/venv/lib/python3.10/site-packages/airflow/example_dags/example_python_operator.py took 0.070 seconds
[2025-06-17T12:48:12.336+0530] {processor.py:161} INFO - Started process (PID=1637) to work on /home/priya/projects/snowflake_twitter_pipeline/venv/lib/python3.10/site-packages/airflow/example_dags/example_python_operator.py
[2025-06-17T12:48:12.337+0530] {processor.py:830} INFO - Processing file /home/priya/projects/snowflake_twitter_pipeline/venv/lib/python3.10/site-packages/airflow/example_dags/example_python_operator.py for tasks to queue
[2025-06-17T12:48:12.338+0530] {logging_mixin.py:188} INFO - [2025-06-17T12:48:12.337+0530] {dagbag.py:538} INFO - Filling up the DagBag from /home/priya/projects/snowflake_twitter_pipeline/venv/lib/python3.10/site-packages/airflow/example_dags/example_python_operator.py
[2025-06-17T12:48:12.345+0530] {processor.py:840} INFO - DAG(s) 'example_python_operator' retrieved from /home/priya/projects/snowflake_twitter_pipeline/venv/lib/python3.10/site-packages/airflow/example_dags/example_python_operator.py
[2025-06-17T12:48:12.355+0530] {logging_mixin.py:188} INFO - [2025-06-17T12:48:12.355+0530] {dag.py:3036} INFO - Sync 1 DAGs
[2025-06-17T12:48:12.362+0530] {logging_mixin.py:188} INFO - [2025-06-17T12:48:12.362+0530] {dag.py:3823} INFO - Setting next_dagrun for example_python_operator to None, run_after=None
[2025-06-17T12:48:12.379+0530] {processor.py:183} INFO - Processing /home/priya/projects/snowflake_twitter_pipeline/venv/lib/python3.10/site-packages/airflow/example_dags/example_python_operator.py took 0.046 seconds
[2025-06-17T12:49:00.992+0530] {processor.py:161} INFO - Started process (PID=1860) to work on /home/priya/projects/snowflake_twitter_pipeline/venv/lib/python3.10/site-packages/airflow/example_dags/example_python_operator.py
[2025-06-17T12:49:00.994+0530] {processor.py:830} INFO - Processing file /home/priya/projects/snowflake_twitter_pipeline/venv/lib/python3.10/site-packages/airflow/example_dags/example_python_operator.py for tasks to queue
[2025-06-17T12:49:00.995+0530] {logging_mixin.py:188} INFO - [2025-06-17T12:49:00.995+0530] {dagbag.py:538} INFO - Filling up the DagBag from /home/priya/projects/snowflake_twitter_pipeline/venv/lib/python3.10/site-packages/airflow/example_dags/example_python_operator.py
[2025-06-17T12:49:01.003+0530] {processor.py:840} INFO - DAG(s) 'example_python_operator' retrieved from /home/priya/projects/snowflake_twitter_pipeline/venv/lib/python3.10/site-packages/airflow/example_dags/example_python_operator.py
[2025-06-17T12:49:01.015+0530] {logging_mixin.py:188} INFO - [2025-06-17T12:49:01.015+0530] {dag.py:3036} INFO - Sync 1 DAGs
[2025-06-17T12:49:01.022+0530] {logging_mixin.py:188} INFO - [2025-06-17T12:49:01.022+0530] {dag.py:3823} INFO - Setting next_dagrun for example_python_operator to None, run_after=None
[2025-06-17T12:49:01.044+0530] {processor.py:183} INFO - Processing /home/priya/projects/snowflake_twitter_pipeline/venv/lib/python3.10/site-packages/airflow/example_dags/example_python_operator.py took 0.057 seconds
[2025-06-17T12:49:48.398+0530] {processor.py:161} INFO - Started process (PID=2088) to work on /home/priya/projects/snowflake_twitter_pipeline/venv/lib/python3.10/site-packages/airflow/example_dags/example_python_operator.py
[2025-06-17T12:49:48.400+0530] {processor.py:830} INFO - Processing file /home/priya/projects/snowflake_twitter_pipeline/venv/lib/python3.10/site-packages/airflow/example_dags/example_python_operator.py for tasks to queue
[2025-06-17T12:49:48.401+0530] {logging_mixin.py:188} INFO - [2025-06-17T12:49:48.401+0530] {dagbag.py:538} INFO - Filling up the DagBag from /home/priya/projects/snowflake_twitter_pipeline/venv/lib/python3.10/site-packages/airflow/example_dags/example_python_operator.py
[2025-06-17T12:49:48.409+0530] {processor.py:840} INFO - DAG(s) 'example_python_operator' retrieved from /home/priya/projects/snowflake_twitter_pipeline/venv/lib/python3.10/site-packages/airflow/example_dags/example_python_operator.py
[2025-06-17T12:49:48.420+0530] {logging_mixin.py:188} INFO - [2025-06-17T12:49:48.420+0530] {dag.py:3036} INFO - Sync 1 DAGs
[2025-06-17T12:49:48.427+0530] {logging_mixin.py:188} INFO - [2025-06-17T12:49:48.427+0530] {dag.py:3823} INFO - Setting next_dagrun for example_python_operator to None, run_after=None
[2025-06-17T12:49:48.446+0530] {processor.py:183} INFO - Processing /home/priya/projects/snowflake_twitter_pipeline/venv/lib/python3.10/site-packages/airflow/example_dags/example_python_operator.py took 0.050 seconds
[2025-06-17T12:50:38.772+0530] {processor.py:161} INFO - Started process (PID=2303) to work on /home/priya/projects/snowflake_twitter_pipeline/venv/lib/python3.10/site-packages/airflow/example_dags/example_python_operator.py
[2025-06-17T12:50:38.774+0530] {processor.py:830} INFO - Processing file /home/priya/projects/snowflake_twitter_pipeline/venv/lib/python3.10/site-packages/airflow/example_dags/example_python_operator.py for tasks to queue
[2025-06-17T12:50:38.774+0530] {logging_mixin.py:188} INFO - [2025-06-17T12:50:38.774+0530] {dagbag.py:538} INFO - Filling up the DagBag from /home/priya/projects/snowflake_twitter_pipeline/venv/lib/python3.10/site-packages/airflow/example_dags/example_python_operator.py
[2025-06-17T12:50:38.781+0530] {processor.py:840} INFO - DAG(s) 'example_python_operator' retrieved from /home/priya/projects/snowflake_twitter_pipeline/venv/lib/python3.10/site-packages/airflow/example_dags/example_python_operator.py
[2025-06-17T12:50:38.792+0530] {logging_mixin.py:188} INFO - [2025-06-17T12:50:38.792+0530] {dag.py:3036} INFO - Sync 1 DAGs
[2025-06-17T12:50:38.798+0530] {logging_mixin.py:188} INFO - [2025-06-17T12:50:38.798+0530] {dag.py:3823} INFO - Setting next_dagrun for example_python_operator to None, run_after=None
[2025-06-17T12:50:38.814+0530] {processor.py:183} INFO - Processing /home/priya/projects/snowflake_twitter_pipeline/venv/lib/python3.10/site-packages/airflow/example_dags/example_python_operator.py took 0.045 seconds
[2025-06-17T12:51:27.039+0530] {processor.py:161} INFO - Started process (PID=2537) to work on /home/priya/projects/snowflake_twitter_pipeline/venv/lib/python3.10/site-packages/airflow/example_dags/example_python_operator.py
[2025-06-17T12:51:27.040+0530] {processor.py:830} INFO - Processing file /home/priya/projects/snowflake_twitter_pipeline/venv/lib/python3.10/site-packages/airflow/example_dags/example_python_operator.py for tasks to queue
[2025-06-17T12:51:27.041+0530] {logging_mixin.py:188} INFO - [2025-06-17T12:51:27.040+0530] {dagbag.py:538} INFO - Filling up the DagBag from /home/priya/projects/snowflake_twitter_pipeline/venv/lib/python3.10/site-packages/airflow/example_dags/example_python_operator.py
[2025-06-17T12:51:27.049+0530] {processor.py:840} INFO - DAG(s) 'example_python_operator' retrieved from /home/priya/projects/snowflake_twitter_pipeline/venv/lib/python3.10/site-packages/airflow/example_dags/example_python_operator.py
[2025-06-17T12:51:27.062+0530] {logging_mixin.py:188} INFO - [2025-06-17T12:51:27.062+0530] {dag.py:3036} INFO - Sync 1 DAGs
[2025-06-17T12:51:27.070+0530] {logging_mixin.py:188} INFO - [2025-06-17T12:51:27.070+0530] {dag.py:3823} INFO - Setting next_dagrun for example_python_operator to None, run_after=None
[2025-06-17T12:51:27.090+0530] {processor.py:183} INFO - Processing /home/priya/projects/snowflake_twitter_pipeline/venv/lib/python3.10/site-packages/airflow/example_dags/example_python_operator.py took 0.054 seconds
[2025-06-17T12:52:18.058+0530] {processor.py:161} INFO - Started process (PID=2759) to work on /home/priya/projects/snowflake_twitter_pipeline/venv/lib/python3.10/site-packages/airflow/example_dags/example_python_operator.py
[2025-06-17T12:52:18.060+0530] {processor.py:830} INFO - Processing file /home/priya/projects/snowflake_twitter_pipeline/venv/lib/python3.10/site-packages/airflow/example_dags/example_python_operator.py for tasks to queue
[2025-06-17T12:52:18.061+0530] {logging_mixin.py:188} INFO - [2025-06-17T12:52:18.061+0530] {dagbag.py:538} INFO - Filling up the DagBag from /home/priya/projects/snowflake_twitter_pipeline/venv/lib/python3.10/site-packages/airflow/example_dags/example_python_operator.py
[2025-06-17T12:52:18.070+0530] {processor.py:840} INFO - DAG(s) 'example_python_operator' retrieved from /home/priya/projects/snowflake_twitter_pipeline/venv/lib/python3.10/site-packages/airflow/example_dags/example_python_operator.py
[2025-06-17T12:52:18.081+0530] {logging_mixin.py:188} INFO - [2025-06-17T12:52:18.080+0530] {dag.py:3036} INFO - Sync 1 DAGs
[2025-06-17T12:52:18.087+0530] {logging_mixin.py:188} INFO - [2025-06-17T12:52:18.087+0530] {dag.py:3823} INFO - Setting next_dagrun for example_python_operator to None, run_after=None
[2025-06-17T12:52:18.106+0530] {processor.py:183} INFO - Processing /home/priya/projects/snowflake_twitter_pipeline/venv/lib/python3.10/site-packages/airflow/example_dags/example_python_operator.py took 0.051 seconds
[2025-06-17T12:53:11.858+0530] {processor.py:161} INFO - Started process (PID=3014) to work on /home/priya/projects/snowflake_twitter_pipeline/venv/lib/python3.10/site-packages/airflow/example_dags/example_python_operator.py
[2025-06-17T12:53:11.859+0530] {processor.py:830} INFO - Processing file /home/priya/projects/snowflake_twitter_pipeline/venv/lib/python3.10/site-packages/airflow/example_dags/example_python_operator.py for tasks to queue
[2025-06-17T12:53:11.860+0530] {logging_mixin.py:188} INFO - [2025-06-17T12:53:11.860+0530] {dagbag.py:538} INFO - Filling up the DagBag from /home/priya/projects/snowflake_twitter_pipeline/venv/lib/python3.10/site-packages/airflow/example_dags/example_python_operator.py
[2025-06-17T12:53:11.870+0530] {processor.py:840} INFO - DAG(s) 'example_python_operator' retrieved from /home/priya/projects/snowflake_twitter_pipeline/venv/lib/python3.10/site-packages/airflow/example_dags/example_python_operator.py
[2025-06-17T12:53:11.883+0530] {logging_mixin.py:188} INFO - [2025-06-17T12:53:11.883+0530] {dag.py:3036} INFO - Sync 1 DAGs
[2025-06-17T12:53:11.892+0530] {logging_mixin.py:188} INFO - [2025-06-17T12:53:11.891+0530] {dag.py:3823} INFO - Setting next_dagrun for example_python_operator to None, run_after=None
[2025-06-17T12:53:11.911+0530] {processor.py:183} INFO - Processing /home/priya/projects/snowflake_twitter_pipeline/venv/lib/python3.10/site-packages/airflow/example_dags/example_python_operator.py took 0.056 seconds
[2025-06-17T12:54:03.117+0530] {processor.py:161} INFO - Started process (PID=3110) to work on /home/priya/projects/snowflake_twitter_pipeline/venv/lib/python3.10/site-packages/airflow/example_dags/example_python_operator.py
[2025-06-17T12:54:03.118+0530] {processor.py:830} INFO - Processing file /home/priya/projects/snowflake_twitter_pipeline/venv/lib/python3.10/site-packages/airflow/example_dags/example_python_operator.py for tasks to queue
[2025-06-17T12:54:03.119+0530] {logging_mixin.py:188} INFO - [2025-06-17T12:54:03.118+0530] {dagbag.py:538} INFO - Filling up the DagBag from /home/priya/projects/snowflake_twitter_pipeline/venv/lib/python3.10/site-packages/airflow/example_dags/example_python_operator.py
[2025-06-17T12:54:03.128+0530] {processor.py:840} INFO - DAG(s) 'example_python_operator' retrieved from /home/priya/projects/snowflake_twitter_pipeline/venv/lib/python3.10/site-packages/airflow/example_dags/example_python_operator.py
[2025-06-17T12:54:03.141+0530] {logging_mixin.py:188} INFO - [2025-06-17T12:54:03.141+0530] {dag.py:3036} INFO - Sync 1 DAGs
[2025-06-17T12:54:03.149+0530] {logging_mixin.py:188} INFO - [2025-06-17T12:54:03.149+0530] {dag.py:3823} INFO - Setting next_dagrun for example_python_operator to None, run_after=None
[2025-06-17T12:54:03.167+0530] {processor.py:183} INFO - Processing /home/priya/projects/snowflake_twitter_pipeline/venv/lib/python3.10/site-packages/airflow/example_dags/example_python_operator.py took 0.053 seconds
[2025-06-17T12:54:40.826+0530] {processor.py:161} INFO - Started process (PID=3214) to work on /home/priya/projects/snowflake_twitter_pipeline/venv/lib/python3.10/site-packages/airflow/example_dags/example_python_operator.py
[2025-06-17T12:54:40.835+0530] {processor.py:830} INFO - Processing file /home/priya/projects/snowflake_twitter_pipeline/venv/lib/python3.10/site-packages/airflow/example_dags/example_python_operator.py for tasks to queue
[2025-06-17T12:54:40.837+0530] {logging_mixin.py:188} INFO - [2025-06-17T12:54:40.836+0530] {dagbag.py:538} INFO - Filling up the DagBag from /home/priya/projects/snowflake_twitter_pipeline/venv/lib/python3.10/site-packages/airflow/example_dags/example_python_operator.py
[2025-06-17T12:54:40.846+0530] {processor.py:840} INFO - DAG(s) 'example_python_operator' retrieved from /home/priya/projects/snowflake_twitter_pipeline/venv/lib/python3.10/site-packages/airflow/example_dags/example_python_operator.py
[2025-06-17T12:54:40.857+0530] {logging_mixin.py:188} INFO - [2025-06-17T12:54:40.857+0530] {dag.py:3036} INFO - Sync 1 DAGs
[2025-06-17T12:54:40.866+0530] {logging_mixin.py:188} INFO - [2025-06-17T12:54:40.866+0530] {dag.py:3823} INFO - Setting next_dagrun for example_python_operator to None, run_after=None
[2025-06-17T12:54:40.929+0530] {processor.py:183} INFO - Processing /home/priya/projects/snowflake_twitter_pipeline/venv/lib/python3.10/site-packages/airflow/example_dags/example_python_operator.py took 0.106 seconds
