[2025-06-17T12:42:58.411+0530] {processor.py:161} INFO - Started process (PID=456) to work on /home/priya/projects/snowflake_twitter_pipeline/venv/lib/python3.10/site-packages/airflow/example_dags/example_kubernetes_executor.py
[2025-06-17T12:42:58.412+0530] {processor.py:830} INFO - Processing file /home/priya/projects/snowflake_twitter_pipeline/venv/lib/python3.10/site-packages/airflow/example_dags/example_kubernetes_executor.py for tasks to queue
[2025-06-17T12:42:58.413+0530] {logging_mixin.py:188} INFO - [2025-06-17T12:42:58.412+0530] {dagbag.py:538} INFO - Filling up the DagBag from /home/priya/projects/snowflake_twitter_pipeline/venv/lib/python3.10/site-packages/airflow/example_dags/example_kubernetes_executor.py
[2025-06-17T12:42:58.415+0530] {logging_mixin.py:188} INFO - [2025-06-17T12:42:58.415+0530] {example_kubernetes_executor.py:38} WARNING - The example_kubernetes_executor example DAG requires the kubernetes provider. Please install it with: pip install apache-airflow[cncf.kubernetes]
[2025-06-17T12:42:58.416+0530] {processor.py:842} WARNING - No viable dags retrieved from /home/priya/projects/snowflake_twitter_pipeline/venv/lib/python3.10/site-packages/airflow/example_dags/example_kubernetes_executor.py
[2025-06-17T12:42:58.423+0530] {processor.py:183} INFO - Processing /home/priya/projects/snowflake_twitter_pipeline/venv/lib/python3.10/site-packages/airflow/example_dags/example_kubernetes_executor.py took 0.014 seconds
[2025-06-17T12:43:48.081+0530] {processor.py:161} INFO - Started process (PID=520) to work on /home/priya/projects/snowflake_twitter_pipeline/venv/lib/python3.10/site-packages/airflow/example_dags/example_kubernetes_executor.py
[2025-06-17T12:43:48.090+0530] {processor.py:830} INFO - Processing file /home/priya/projects/snowflake_twitter_pipeline/venv/lib/python3.10/site-packages/airflow/example_dags/example_kubernetes_executor.py for tasks to queue
[2025-06-17T12:43:48.091+0530] {logging_mixin.py:188} INFO - [2025-06-17T12:43:48.091+0530] {dagbag.py:538} INFO - Filling up the DagBag from /home/priya/projects/snowflake_twitter_pipeline/venv/lib/python3.10/site-packages/airflow/example_dags/example_kubernetes_executor.py
[2025-06-17T12:43:48.094+0530] {logging_mixin.py:188} INFO - [2025-06-17T12:43:48.093+0530] {example_kubernetes_executor.py:38} WARNING - The example_kubernetes_executor example DAG requires the kubernetes provider. Please install it with: pip install apache-airflow[cncf.kubernetes]
[2025-06-17T12:43:48.094+0530] {processor.py:842} WARNING - No viable dags retrieved from /home/priya/projects/snowflake_twitter_pipeline/venv/lib/python3.10/site-packages/airflow/example_dags/example_kubernetes_executor.py
[2025-06-17T12:43:48.103+0530] {processor.py:183} INFO - Processing /home/priya/projects/snowflake_twitter_pipeline/venv/lib/python3.10/site-packages/airflow/example_dags/example_kubernetes_executor.py took 0.024 seconds
[2025-06-17T12:44:45.464+0530] {processor.py:161} INFO - Started process (PID=611) to work on /home/priya/projects/snowflake_twitter_pipeline/venv/lib/python3.10/site-packages/airflow/example_dags/example_kubernetes_executor.py
[2025-06-17T12:44:45.466+0530] {processor.py:830} INFO - Processing file /home/priya/projects/snowflake_twitter_pipeline/venv/lib/python3.10/site-packages/airflow/example_dags/example_kubernetes_executor.py for tasks to queue
[2025-06-17T12:44:45.466+0530] {logging_mixin.py:188} INFO - [2025-06-17T12:44:45.466+0530] {dagbag.py:538} INFO - Filling up the DagBag from /home/priya/projects/snowflake_twitter_pipeline/venv/lib/python3.10/site-packages/airflow/example_dags/example_kubernetes_executor.py
[2025-06-17T12:44:45.470+0530] {logging_mixin.py:188} INFO - [2025-06-17T12:44:45.469+0530] {example_kubernetes_executor.py:38} WARNING - The example_kubernetes_executor example DAG requires the kubernetes provider. Please install it with: pip install apache-airflow[cncf.kubernetes]
[2025-06-17T12:44:45.470+0530] {processor.py:842} WARNING - No viable dags retrieved from /home/priya/projects/snowflake_twitter_pipeline/venv/lib/python3.10/site-packages/airflow/example_dags/example_kubernetes_executor.py
[2025-06-17T12:44:45.480+0530] {processor.py:183} INFO - Processing /home/priya/projects/snowflake_twitter_pipeline/venv/lib/python3.10/site-packages/airflow/example_dags/example_kubernetes_executor.py took 0.018 seconds
[2025-06-17T12:46:21.362+0530] {processor.py:161} INFO - Started process (PID=706) to work on /home/priya/projects/snowflake_twitter_pipeline/venv/lib/python3.10/site-packages/airflow/example_dags/example_kubernetes_executor.py
[2025-06-17T12:46:21.371+0530] {processor.py:830} INFO - Processing file /home/priya/projects/snowflake_twitter_pipeline/venv/lib/python3.10/site-packages/airflow/example_dags/example_kubernetes_executor.py for tasks to queue
[2025-06-17T12:46:21.372+0530] {logging_mixin.py:188} INFO - [2025-06-17T12:46:21.372+0530] {dagbag.py:538} INFO - Filling up the DagBag from /home/priya/projects/snowflake_twitter_pipeline/venv/lib/python3.10/site-packages/airflow/example_dags/example_kubernetes_executor.py
[2025-06-17T12:46:21.374+0530] {logging_mixin.py:188} INFO - [2025-06-17T12:46:21.374+0530] {example_kubernetes_executor.py:38} WARNING - The example_kubernetes_executor example DAG requires the kubernetes provider. Please install it with: pip install apache-airflow[cncf.kubernetes]
[2025-06-17T12:46:21.374+0530] {processor.py:842} WARNING - No viable dags retrieved from /home/priya/projects/snowflake_twitter_pipeline/venv/lib/python3.10/site-packages/airflow/example_dags/example_kubernetes_executor.py
[2025-06-17T12:46:21.380+0530] {processor.py:183} INFO - Processing /home/priya/projects/snowflake_twitter_pipeline/venv/lib/python3.10/site-packages/airflow/example_dags/example_kubernetes_executor.py took 0.020 seconds
[2025-06-17T12:47:11.788+0530] {processor.py:161} INFO - Started process (PID=1354) to work on /home/priya/projects/snowflake_twitter_pipeline/venv/lib/python3.10/site-packages/airflow/example_dags/example_kubernetes_executor.py
[2025-06-17T12:47:11.792+0530] {processor.py:830} INFO - Processing file /home/priya/projects/snowflake_twitter_pipeline/venv/lib/python3.10/site-packages/airflow/example_dags/example_kubernetes_executor.py for tasks to queue
[2025-06-17T12:47:11.794+0530] {logging_mixin.py:188} INFO - [2025-06-17T12:47:11.793+0530] {dagbag.py:538} INFO - Filling up the DagBag from /home/priya/projects/snowflake_twitter_pipeline/venv/lib/python3.10/site-packages/airflow/example_dags/example_kubernetes_executor.py
[2025-06-17T12:47:11.805+0530] {logging_mixin.py:188} INFO - [2025-06-17T12:47:11.805+0530] {example_kubernetes_executor.py:38} WARNING - The example_kubernetes_executor example DAG requires the kubernetes provider. Please install it with: pip install apache-airflow[cncf.kubernetes]
[2025-06-17T12:47:11.806+0530] {processor.py:842} WARNING - No viable dags retrieved from /home/priya/projects/snowflake_twitter_pipeline/venv/lib/python3.10/site-packages/airflow/example_dags/example_kubernetes_executor.py
[2025-06-17T12:47:11.819+0530] {processor.py:183} INFO - Processing /home/priya/projects/snowflake_twitter_pipeline/venv/lib/python3.10/site-packages/airflow/example_dags/example_kubernetes_executor.py took 0.041 seconds
[2025-06-17T12:48:02.915+0530] {processor.py:161} INFO - Started process (PID=1597) to work on /home/priya/projects/snowflake_twitter_pipeline/venv/lib/python3.10/site-packages/airflow/example_dags/example_kubernetes_executor.py
[2025-06-17T12:48:02.918+0530] {processor.py:830} INFO - Processing file /home/priya/projects/snowflake_twitter_pipeline/venv/lib/python3.10/site-packages/airflow/example_dags/example_kubernetes_executor.py for tasks to queue
[2025-06-17T12:48:02.919+0530] {logging_mixin.py:188} INFO - [2025-06-17T12:48:02.918+0530] {dagbag.py:538} INFO - Filling up the DagBag from /home/priya/projects/snowflake_twitter_pipeline/venv/lib/python3.10/site-packages/airflow/example_dags/example_kubernetes_executor.py
[2025-06-17T12:48:02.922+0530] {logging_mixin.py:188} INFO - [2025-06-17T12:48:02.922+0530] {example_kubernetes_executor.py:38} WARNING - The example_kubernetes_executor example DAG requires the kubernetes provider. Please install it with: pip install apache-airflow[cncf.kubernetes]
[2025-06-17T12:48:02.923+0530] {processor.py:842} WARNING - No viable dags retrieved from /home/priya/projects/snowflake_twitter_pipeline/venv/lib/python3.10/site-packages/airflow/example_dags/example_kubernetes_executor.py
[2025-06-17T12:48:02.929+0530] {processor.py:183} INFO - Processing /home/priya/projects/snowflake_twitter_pipeline/venv/lib/python3.10/site-packages/airflow/example_dags/example_kubernetes_executor.py took 0.017 seconds
[2025-06-17T12:48:50.697+0530] {processor.py:161} INFO - Started process (PID=1807) to work on /home/priya/projects/snowflake_twitter_pipeline/venv/lib/python3.10/site-packages/airflow/example_dags/example_kubernetes_executor.py
[2025-06-17T12:48:50.699+0530] {processor.py:830} INFO - Processing file /home/priya/projects/snowflake_twitter_pipeline/venv/lib/python3.10/site-packages/airflow/example_dags/example_kubernetes_executor.py for tasks to queue
[2025-06-17T12:48:50.700+0530] {logging_mixin.py:188} INFO - [2025-06-17T12:48:50.699+0530] {dagbag.py:538} INFO - Filling up the DagBag from /home/priya/projects/snowflake_twitter_pipeline/venv/lib/python3.10/site-packages/airflow/example_dags/example_kubernetes_executor.py
[2025-06-17T12:48:50.702+0530] {logging_mixin.py:188} INFO - [2025-06-17T12:48:50.701+0530] {example_kubernetes_executor.py:38} WARNING - The example_kubernetes_executor example DAG requires the kubernetes provider. Please install it with: pip install apache-airflow[cncf.kubernetes]
[2025-06-17T12:48:50.702+0530] {processor.py:842} WARNING - No viable dags retrieved from /home/priya/projects/snowflake_twitter_pipeline/venv/lib/python3.10/site-packages/airflow/example_dags/example_kubernetes_executor.py
[2025-06-17T12:48:50.709+0530] {processor.py:183} INFO - Processing /home/priya/projects/snowflake_twitter_pipeline/venv/lib/python3.10/site-packages/airflow/example_dags/example_kubernetes_executor.py took 0.014 seconds
[2025-06-17T12:49:41.893+0530] {processor.py:161} INFO - Started process (PID=2047) to work on /home/priya/projects/snowflake_twitter_pipeline/venv/lib/python3.10/site-packages/airflow/example_dags/example_kubernetes_executor.py
[2025-06-17T12:49:41.895+0530] {processor.py:830} INFO - Processing file /home/priya/projects/snowflake_twitter_pipeline/venv/lib/python3.10/site-packages/airflow/example_dags/example_kubernetes_executor.py for tasks to queue
[2025-06-17T12:49:41.896+0530] {logging_mixin.py:188} INFO - [2025-06-17T12:49:41.895+0530] {dagbag.py:538} INFO - Filling up the DagBag from /home/priya/projects/snowflake_twitter_pipeline/venv/lib/python3.10/site-packages/airflow/example_dags/example_kubernetes_executor.py
[2025-06-17T12:49:41.898+0530] {logging_mixin.py:188} INFO - [2025-06-17T12:49:41.898+0530] {example_kubernetes_executor.py:38} WARNING - The example_kubernetes_executor example DAG requires the kubernetes provider. Please install it with: pip install apache-airflow[cncf.kubernetes]
[2025-06-17T12:49:41.898+0530] {processor.py:842} WARNING - No viable dags retrieved from /home/priya/projects/snowflake_twitter_pipeline/venv/lib/python3.10/site-packages/airflow/example_dags/example_kubernetes_executor.py
[2025-06-17T12:49:41.906+0530] {processor.py:183} INFO - Processing /home/priya/projects/snowflake_twitter_pipeline/venv/lib/python3.10/site-packages/airflow/example_dags/example_kubernetes_executor.py took 0.015 seconds
[2025-06-17T12:50:31.905+0530] {processor.py:161} INFO - Started process (PID=2276) to work on /home/priya/projects/snowflake_twitter_pipeline/venv/lib/python3.10/site-packages/airflow/example_dags/example_kubernetes_executor.py
[2025-06-17T12:50:31.906+0530] {processor.py:830} INFO - Processing file /home/priya/projects/snowflake_twitter_pipeline/venv/lib/python3.10/site-packages/airflow/example_dags/example_kubernetes_executor.py for tasks to queue
[2025-06-17T12:50:31.907+0530] {logging_mixin.py:188} INFO - [2025-06-17T12:50:31.907+0530] {dagbag.py:538} INFO - Filling up the DagBag from /home/priya/projects/snowflake_twitter_pipeline/venv/lib/python3.10/site-packages/airflow/example_dags/example_kubernetes_executor.py
[2025-06-17T12:50:31.910+0530] {logging_mixin.py:188} INFO - [2025-06-17T12:50:31.910+0530] {example_kubernetes_executor.py:38} WARNING - The example_kubernetes_executor example DAG requires the kubernetes provider. Please install it with: pip install apache-airflow[cncf.kubernetes]
[2025-06-17T12:50:31.910+0530] {processor.py:842} WARNING - No viable dags retrieved from /home/priya/projects/snowflake_twitter_pipeline/venv/lib/python3.10/site-packages/airflow/example_dags/example_kubernetes_executor.py
[2025-06-17T12:50:31.917+0530] {processor.py:183} INFO - Processing /home/priya/projects/snowflake_twitter_pipeline/venv/lib/python3.10/site-packages/airflow/example_dags/example_kubernetes_executor.py took 0.015 seconds
[2025-06-17T12:51:18.038+0530] {processor.py:161} INFO - Started process (PID=2488) to work on /home/priya/projects/snowflake_twitter_pipeline/venv/lib/python3.10/site-packages/airflow/example_dags/example_kubernetes_executor.py
[2025-06-17T12:51:18.047+0530] {processor.py:830} INFO - Processing file /home/priya/projects/snowflake_twitter_pipeline/venv/lib/python3.10/site-packages/airflow/example_dags/example_kubernetes_executor.py for tasks to queue
[2025-06-17T12:51:18.047+0530] {logging_mixin.py:188} INFO - [2025-06-17T12:51:18.047+0530] {dagbag.py:538} INFO - Filling up the DagBag from /home/priya/projects/snowflake_twitter_pipeline/venv/lib/python3.10/site-packages/airflow/example_dags/example_kubernetes_executor.py
[2025-06-17T12:51:18.049+0530] {logging_mixin.py:188} INFO - [2025-06-17T12:51:18.049+0530] {example_kubernetes_executor.py:38} WARNING - The example_kubernetes_executor example DAG requires the kubernetes provider. Please install it with: pip install apache-airflow[cncf.kubernetes]
[2025-06-17T12:51:18.049+0530] {processor.py:842} WARNING - No viable dags retrieved from /home/priya/projects/snowflake_twitter_pipeline/venv/lib/python3.10/site-packages/airflow/example_dags/example_kubernetes_executor.py
[2025-06-17T12:51:18.056+0530] {processor.py:183} INFO - Processing /home/priya/projects/snowflake_twitter_pipeline/venv/lib/python3.10/site-packages/airflow/example_dags/example_kubernetes_executor.py took 0.020 seconds
[2025-06-17T12:52:11.169+0530] {processor.py:161} INFO - Started process (PID=2733) to work on /home/priya/projects/snowflake_twitter_pipeline/venv/lib/python3.10/site-packages/airflow/example_dags/example_kubernetes_executor.py
[2025-06-17T12:52:11.171+0530] {processor.py:830} INFO - Processing file /home/priya/projects/snowflake_twitter_pipeline/venv/lib/python3.10/site-packages/airflow/example_dags/example_kubernetes_executor.py for tasks to queue
[2025-06-17T12:52:11.172+0530] {logging_mixin.py:188} INFO - [2025-06-17T12:52:11.171+0530] {dagbag.py:538} INFO - Filling up the DagBag from /home/priya/projects/snowflake_twitter_pipeline/venv/lib/python3.10/site-packages/airflow/example_dags/example_kubernetes_executor.py
[2025-06-17T12:52:11.174+0530] {logging_mixin.py:188} INFO - [2025-06-17T12:52:11.173+0530] {example_kubernetes_executor.py:38} WARNING - The example_kubernetes_executor example DAG requires the kubernetes provider. Please install it with: pip install apache-airflow[cncf.kubernetes]
[2025-06-17T12:52:11.174+0530] {processor.py:842} WARNING - No viable dags retrieved from /home/priya/projects/snowflake_twitter_pipeline/venv/lib/python3.10/site-packages/airflow/example_dags/example_kubernetes_executor.py
[2025-06-17T12:52:11.180+0530] {processor.py:183} INFO - Processing /home/priya/projects/snowflake_twitter_pipeline/venv/lib/python3.10/site-packages/airflow/example_dags/example_kubernetes_executor.py took 0.013 seconds
[2025-06-17T12:53:03.290+0530] {processor.py:161} INFO - Started process (PID=2966) to work on /home/priya/projects/snowflake_twitter_pipeline/venv/lib/python3.10/site-packages/airflow/example_dags/example_kubernetes_executor.py
[2025-06-17T12:53:03.291+0530] {processor.py:830} INFO - Processing file /home/priya/projects/snowflake_twitter_pipeline/venv/lib/python3.10/site-packages/airflow/example_dags/example_kubernetes_executor.py for tasks to queue
[2025-06-17T12:53:03.292+0530] {logging_mixin.py:188} INFO - [2025-06-17T12:53:03.291+0530] {dagbag.py:538} INFO - Filling up the DagBag from /home/priya/projects/snowflake_twitter_pipeline/venv/lib/python3.10/site-packages/airflow/example_dags/example_kubernetes_executor.py
[2025-06-17T12:53:03.294+0530] {logging_mixin.py:188} INFO - [2025-06-17T12:53:03.294+0530] {example_kubernetes_executor.py:38} WARNING - The example_kubernetes_executor example DAG requires the kubernetes provider. Please install it with: pip install apache-airflow[cncf.kubernetes]
[2025-06-17T12:53:03.294+0530] {processor.py:842} WARNING - No viable dags retrieved from /home/priya/projects/snowflake_twitter_pipeline/venv/lib/python3.10/site-packages/airflow/example_dags/example_kubernetes_executor.py
[2025-06-17T12:53:03.303+0530] {processor.py:183} INFO - Processing /home/priya/projects/snowflake_twitter_pipeline/venv/lib/python3.10/site-packages/airflow/example_dags/example_kubernetes_executor.py took 0.015 seconds
[2025-06-17T12:53:55.762+0530] {processor.py:161} INFO - Started process (PID=3103) to work on /home/priya/projects/snowflake_twitter_pipeline/venv/lib/python3.10/site-packages/airflow/example_dags/example_kubernetes_executor.py
[2025-06-17T12:53:55.771+0530] {processor.py:830} INFO - Processing file /home/priya/projects/snowflake_twitter_pipeline/venv/lib/python3.10/site-packages/airflow/example_dags/example_kubernetes_executor.py for tasks to queue
[2025-06-17T12:53:55.772+0530] {logging_mixin.py:188} INFO - [2025-06-17T12:53:55.772+0530] {dagbag.py:538} INFO - Filling up the DagBag from /home/priya/projects/snowflake_twitter_pipeline/venv/lib/python3.10/site-packages/airflow/example_dags/example_kubernetes_executor.py
[2025-06-17T12:53:55.774+0530] {logging_mixin.py:188} INFO - [2025-06-17T12:53:55.774+0530] {example_kubernetes_executor.py:38} WARNING - The example_kubernetes_executor example DAG requires the kubernetes provider. Please install it with: pip install apache-airflow[cncf.kubernetes]
[2025-06-17T12:53:55.774+0530] {processor.py:842} WARNING - No viable dags retrieved from /home/priya/projects/snowflake_twitter_pipeline/venv/lib/python3.10/site-packages/airflow/example_dags/example_kubernetes_executor.py
[2025-06-17T12:53:55.781+0530] {processor.py:183} INFO - Processing /home/priya/projects/snowflake_twitter_pipeline/venv/lib/python3.10/site-packages/airflow/example_dags/example_kubernetes_executor.py took 0.022 seconds
[2025-06-17T12:54:49.944+0530] {processor.py:161} INFO - Started process (PID=3260) to work on /home/priya/projects/snowflake_twitter_pipeline/venv/lib/python3.10/site-packages/airflow/example_dags/example_kubernetes_executor.py
[2025-06-17T12:54:49.946+0530] {processor.py:830} INFO - Processing file /home/priya/projects/snowflake_twitter_pipeline/venv/lib/python3.10/site-packages/airflow/example_dags/example_kubernetes_executor.py for tasks to queue
[2025-06-17T12:54:49.947+0530] {logging_mixin.py:188} INFO - [2025-06-17T12:54:49.946+0530] {dagbag.py:538} INFO - Filling up the DagBag from /home/priya/projects/snowflake_twitter_pipeline/venv/lib/python3.10/site-packages/airflow/example_dags/example_kubernetes_executor.py
[2025-06-17T12:54:49.951+0530] {logging_mixin.py:188} INFO - [2025-06-17T12:54:49.951+0530] {example_kubernetes_executor.py:38} WARNING - The example_kubernetes_executor example DAG requires the kubernetes provider. Please install it with: pip install apache-airflow[cncf.kubernetes]
[2025-06-17T12:54:49.952+0530] {processor.py:842} WARNING - No viable dags retrieved from /home/priya/projects/snowflake_twitter_pipeline/venv/lib/python3.10/site-packages/airflow/example_dags/example_kubernetes_executor.py
[2025-06-17T12:54:49.963+0530] {processor.py:183} INFO - Processing /home/priya/projects/snowflake_twitter_pipeline/venv/lib/python3.10/site-packages/airflow/example_dags/example_kubernetes_executor.py took 0.022 seconds
