[2025-06-17T12:42:57.708+0530] {processor.py:161} INFO - Started process (PID=455) to work on /home/priya/projects/snowflake_twitter_pipeline/venv/lib/python3.10/site-packages/airflow/example_dags/example_setup_teardown_taskflow.py
[2025-06-17T12:42:57.709+0530] {processor.py:830} INFO - Processing file /home/priya/projects/snowflake_twitter_pipeline/venv/lib/python3.10/site-packages/airflow/example_dags/example_setup_teardown_taskflow.py for tasks to queue
[2025-06-17T12:42:57.710+0530] {logging_mixin.py:188} INFO - [2025-06-17T12:42:57.709+0530] {dagbag.py:538} INFO - Filling up the DagBag from /home/priya/projects/snowflake_twitter_pipeline/venv/lib/python3.10/site-packages/airflow/example_dags/example_setup_teardown_taskflow.py
[2025-06-17T12:42:57.718+0530] {processor.py:840} INFO - DAG(s) 'example_setup_teardown_taskflow' retrieved from /home/priya/projects/snowflake_twitter_pipeline/venv/lib/python3.10/site-packages/airflow/example_dags/example_setup_teardown_taskflow.py
[2025-06-17T12:42:57.900+0530] {logging_mixin.py:188} INFO - [2025-06-17T12:42:57.900+0530] {override.py:1769} INFO - Created Permission View: can edit on DAG:example_setup_teardown_taskflow
[2025-06-17T12:42:57.921+0530] {logging_mixin.py:188} INFO - [2025-06-17T12:42:57.920+0530] {override.py:1769} INFO - Created Permission View: can delete on DAG:example_setup_teardown_taskflow
[2025-06-17T12:42:57.933+0530] {logging_mixin.py:188} INFO - [2025-06-17T12:42:57.933+0530] {override.py:1769} INFO - Created Permission View: can read on DAG:example_setup_teardown_taskflow
[2025-06-17T12:42:57.933+0530] {logging_mixin.py:188} INFO - [2025-06-17T12:42:57.933+0530] {dag.py:3036} INFO - Sync 1 DAGs
[2025-06-17T12:42:57.940+0530] {logging_mixin.py:188} INFO - [2025-06-17T12:42:57.940+0530] {dag.py:3058} INFO - Creating ORM DAG for example_setup_teardown_taskflow
[2025-06-17T12:42:57.947+0530] {logging_mixin.py:188} INFO - [2025-06-17T12:42:57.947+0530] {dag.py:3823} INFO - Setting next_dagrun for example_setup_teardown_taskflow to 2025-06-16 00:00:00+00:00, run_after=2025-06-17 00:00:00+00:00
[2025-06-17T12:42:57.965+0530] {processor.py:183} INFO - Processing /home/priya/projects/snowflake_twitter_pipeline/venv/lib/python3.10/site-packages/airflow/example_dags/example_setup_teardown_taskflow.py took 0.259 seconds
[2025-06-17T12:43:46.928+0530] {processor.py:161} INFO - Started process (PID=519) to work on /home/priya/projects/snowflake_twitter_pipeline/venv/lib/python3.10/site-packages/airflow/example_dags/example_setup_teardown_taskflow.py
[2025-06-17T12:43:46.937+0530] {processor.py:830} INFO - Processing file /home/priya/projects/snowflake_twitter_pipeline/venv/lib/python3.10/site-packages/airflow/example_dags/example_setup_teardown_taskflow.py for tasks to queue
[2025-06-17T12:43:46.938+0530] {logging_mixin.py:188} INFO - [2025-06-17T12:43:46.938+0530] {dagbag.py:538} INFO - Filling up the DagBag from /home/priya/projects/snowflake_twitter_pipeline/venv/lib/python3.10/site-packages/airflow/example_dags/example_setup_teardown_taskflow.py
[2025-06-17T12:43:46.946+0530] {processor.py:840} INFO - DAG(s) 'example_setup_teardown_taskflow' retrieved from /home/priya/projects/snowflake_twitter_pipeline/venv/lib/python3.10/site-packages/airflow/example_dags/example_setup_teardown_taskflow.py
[2025-06-17T12:43:46.956+0530] {logging_mixin.py:188} INFO - [2025-06-17T12:43:46.956+0530] {dag.py:3036} INFO - Sync 1 DAGs
[2025-06-17T12:43:46.968+0530] {logging_mixin.py:188} INFO - [2025-06-17T12:43:46.968+0530] {dag.py:3823} INFO - Setting next_dagrun for example_setup_teardown_taskflow to 2025-06-16 00:00:00+00:00, run_after=2025-06-17 00:00:00+00:00
[2025-06-17T12:43:46.983+0530] {processor.py:183} INFO - Processing /home/priya/projects/snowflake_twitter_pipeline/venv/lib/python3.10/site-packages/airflow/example_dags/example_setup_teardown_taskflow.py took 0.057 seconds
[2025-06-17T12:44:44.329+0530] {processor.py:161} INFO - Started process (PID=610) to work on /home/priya/projects/snowflake_twitter_pipeline/venv/lib/python3.10/site-packages/airflow/example_dags/example_setup_teardown_taskflow.py
[2025-06-17T12:44:44.330+0530] {processor.py:830} INFO - Processing file /home/priya/projects/snowflake_twitter_pipeline/venv/lib/python3.10/site-packages/airflow/example_dags/example_setup_teardown_taskflow.py for tasks to queue
[2025-06-17T12:44:44.331+0530] {logging_mixin.py:188} INFO - [2025-06-17T12:44:44.330+0530] {dagbag.py:538} INFO - Filling up the DagBag from /home/priya/projects/snowflake_twitter_pipeline/venv/lib/python3.10/site-packages/airflow/example_dags/example_setup_teardown_taskflow.py
[2025-06-17T12:44:44.337+0530] {processor.py:840} INFO - DAG(s) 'example_setup_teardown_taskflow' retrieved from /home/priya/projects/snowflake_twitter_pipeline/venv/lib/python3.10/site-packages/airflow/example_dags/example_setup_teardown_taskflow.py
[2025-06-17T12:44:44.348+0530] {logging_mixin.py:188} INFO - [2025-06-17T12:44:44.348+0530] {dag.py:3036} INFO - Sync 1 DAGs
[2025-06-17T12:44:44.361+0530] {logging_mixin.py:188} INFO - [2025-06-17T12:44:44.361+0530] {dag.py:3823} INFO - Setting next_dagrun for example_setup_teardown_taskflow to 2025-06-16 00:00:00+00:00, run_after=2025-06-17 00:00:00+00:00
[2025-06-17T12:44:44.380+0530] {processor.py:183} INFO - Processing /home/priya/projects/snowflake_twitter_pipeline/venv/lib/python3.10/site-packages/airflow/example_dags/example_setup_teardown_taskflow.py took 0.054 seconds
[2025-06-17T12:46:21.018+0530] {processor.py:161} INFO - Started process (PID=705) to work on /home/priya/projects/snowflake_twitter_pipeline/venv/lib/python3.10/site-packages/airflow/example_dags/example_setup_teardown_taskflow.py
[2025-06-17T12:46:21.020+0530] {processor.py:830} INFO - Processing file /home/priya/projects/snowflake_twitter_pipeline/venv/lib/python3.10/site-packages/airflow/example_dags/example_setup_teardown_taskflow.py for tasks to queue
[2025-06-17T12:46:21.022+0530] {logging_mixin.py:188} INFO - [2025-06-17T12:46:21.021+0530] {dagbag.py:538} INFO - Filling up the DagBag from /home/priya/projects/snowflake_twitter_pipeline/venv/lib/python3.10/site-packages/airflow/example_dags/example_setup_teardown_taskflow.py
[2025-06-17T12:46:21.030+0530] {processor.py:840} INFO - DAG(s) 'example_setup_teardown_taskflow' retrieved from /home/priya/projects/snowflake_twitter_pipeline/venv/lib/python3.10/site-packages/airflow/example_dags/example_setup_teardown_taskflow.py
[2025-06-17T12:46:21.103+0530] {logging_mixin.py:188} INFO - [2025-06-17T12:46:21.103+0530] {dag.py:3036} INFO - Sync 1 DAGs
[2025-06-17T12:46:21.112+0530] {logging_mixin.py:188} INFO - [2025-06-17T12:46:21.112+0530] {dag.py:3823} INFO - Setting next_dagrun for example_setup_teardown_taskflow to 2025-06-16 00:00:00+00:00, run_after=2025-06-17 00:00:00+00:00
[2025-06-17T12:46:21.131+0530] {processor.py:183} INFO - Processing /home/priya/projects/snowflake_twitter_pipeline/venv/lib/python3.10/site-packages/airflow/example_dags/example_setup_teardown_taskflow.py took 0.116 seconds
[2025-06-17T12:47:11.254+0530] {processor.py:161} INFO - Started process (PID=1353) to work on /home/priya/projects/snowflake_twitter_pipeline/venv/lib/python3.10/site-packages/airflow/example_dags/example_setup_teardown_taskflow.py
[2025-06-17T12:47:11.257+0530] {processor.py:830} INFO - Processing file /home/priya/projects/snowflake_twitter_pipeline/venv/lib/python3.10/site-packages/airflow/example_dags/example_setup_teardown_taskflow.py for tasks to queue
[2025-06-17T12:47:11.258+0530] {logging_mixin.py:188} INFO - [2025-06-17T12:47:11.257+0530] {dagbag.py:538} INFO - Filling up the DagBag from /home/priya/projects/snowflake_twitter_pipeline/venv/lib/python3.10/site-packages/airflow/example_dags/example_setup_teardown_taskflow.py
[2025-06-17T12:47:11.265+0530] {processor.py:840} INFO - DAG(s) 'example_setup_teardown_taskflow' retrieved from /home/priya/projects/snowflake_twitter_pipeline/venv/lib/python3.10/site-packages/airflow/example_dags/example_setup_teardown_taskflow.py
[2025-06-17T12:47:11.278+0530] {logging_mixin.py:188} INFO - [2025-06-17T12:47:11.278+0530] {dag.py:3036} INFO - Sync 1 DAGs
[2025-06-17T12:47:11.291+0530] {logging_mixin.py:188} INFO - [2025-06-17T12:47:11.291+0530] {dag.py:3823} INFO - Setting next_dagrun for example_setup_teardown_taskflow to 2025-06-16 00:00:00+00:00, run_after=2025-06-17 00:00:00+00:00
[2025-06-17T12:47:11.309+0530] {processor.py:183} INFO - Processing /home/priya/projects/snowflake_twitter_pipeline/venv/lib/python3.10/site-packages/airflow/example_dags/example_setup_teardown_taskflow.py took 0.059 seconds
[2025-06-17T12:48:02.598+0530] {processor.py:161} INFO - Started process (PID=1596) to work on /home/priya/projects/snowflake_twitter_pipeline/venv/lib/python3.10/site-packages/airflow/example_dags/example_setup_teardown_taskflow.py
[2025-06-17T12:48:02.600+0530] {processor.py:830} INFO - Processing file /home/priya/projects/snowflake_twitter_pipeline/venv/lib/python3.10/site-packages/airflow/example_dags/example_setup_teardown_taskflow.py for tasks to queue
[2025-06-17T12:48:02.601+0530] {logging_mixin.py:188} INFO - [2025-06-17T12:48:02.601+0530] {dagbag.py:538} INFO - Filling up the DagBag from /home/priya/projects/snowflake_twitter_pipeline/venv/lib/python3.10/site-packages/airflow/example_dags/example_setup_teardown_taskflow.py
[2025-06-17T12:48:02.608+0530] {processor.py:840} INFO - DAG(s) 'example_setup_teardown_taskflow' retrieved from /home/priya/projects/snowflake_twitter_pipeline/venv/lib/python3.10/site-packages/airflow/example_dags/example_setup_teardown_taskflow.py
[2025-06-17T12:48:02.620+0530] {logging_mixin.py:188} INFO - [2025-06-17T12:48:02.620+0530] {dag.py:3036} INFO - Sync 1 DAGs
[2025-06-17T12:48:02.633+0530] {logging_mixin.py:188} INFO - [2025-06-17T12:48:02.633+0530] {dag.py:3823} INFO - Setting next_dagrun for example_setup_teardown_taskflow to 2025-06-16 00:00:00+00:00, run_after=2025-06-17 00:00:00+00:00
[2025-06-17T12:48:02.652+0530] {processor.py:183} INFO - Processing /home/priya/projects/snowflake_twitter_pipeline/venv/lib/python3.10/site-packages/airflow/example_dags/example_setup_teardown_taskflow.py took 0.056 seconds
[2025-06-17T12:48:50.100+0530] {processor.py:161} INFO - Started process (PID=1806) to work on /home/priya/projects/snowflake_twitter_pipeline/venv/lib/python3.10/site-packages/airflow/example_dags/example_setup_teardown_taskflow.py
[2025-06-17T12:48:50.101+0530] {processor.py:830} INFO - Processing file /home/priya/projects/snowflake_twitter_pipeline/venv/lib/python3.10/site-packages/airflow/example_dags/example_setup_teardown_taskflow.py for tasks to queue
[2025-06-17T12:48:50.102+0530] {logging_mixin.py:188} INFO - [2025-06-17T12:48:50.102+0530] {dagbag.py:538} INFO - Filling up the DagBag from /home/priya/projects/snowflake_twitter_pipeline/venv/lib/python3.10/site-packages/airflow/example_dags/example_setup_teardown_taskflow.py
[2025-06-17T12:48:50.108+0530] {processor.py:840} INFO - DAG(s) 'example_setup_teardown_taskflow' retrieved from /home/priya/projects/snowflake_twitter_pipeline/venv/lib/python3.10/site-packages/airflow/example_dags/example_setup_teardown_taskflow.py
[2025-06-17T12:48:50.118+0530] {logging_mixin.py:188} INFO - [2025-06-17T12:48:50.118+0530] {dag.py:3036} INFO - Sync 1 DAGs
[2025-06-17T12:48:50.129+0530] {logging_mixin.py:188} INFO - [2025-06-17T12:48:50.129+0530] {dag.py:3823} INFO - Setting next_dagrun for example_setup_teardown_taskflow to 2025-06-16 00:00:00+00:00, run_after=2025-06-17 00:00:00+00:00
[2025-06-17T12:48:50.145+0530] {processor.py:183} INFO - Processing /home/priya/projects/snowflake_twitter_pipeline/venv/lib/python3.10/site-packages/airflow/example_dags/example_setup_teardown_taskflow.py took 0.048 seconds
[2025-06-17T12:49:40.750+0530] {processor.py:161} INFO - Started process (PID=2040) to work on /home/priya/projects/snowflake_twitter_pipeline/venv/lib/python3.10/site-packages/airflow/example_dags/example_setup_teardown_taskflow.py
[2025-06-17T12:49:40.759+0530] {processor.py:830} INFO - Processing file /home/priya/projects/snowflake_twitter_pipeline/venv/lib/python3.10/site-packages/airflow/example_dags/example_setup_teardown_taskflow.py for tasks to queue
[2025-06-17T12:49:40.761+0530] {logging_mixin.py:188} INFO - [2025-06-17T12:49:40.760+0530] {dagbag.py:538} INFO - Filling up the DagBag from /home/priya/projects/snowflake_twitter_pipeline/venv/lib/python3.10/site-packages/airflow/example_dags/example_setup_teardown_taskflow.py
[2025-06-17T12:49:40.773+0530] {processor.py:840} INFO - DAG(s) 'example_setup_teardown_taskflow' retrieved from /home/priya/projects/snowflake_twitter_pipeline/venv/lib/python3.10/site-packages/airflow/example_dags/example_setup_teardown_taskflow.py
[2025-06-17T12:49:40.785+0530] {logging_mixin.py:188} INFO - [2025-06-17T12:49:40.785+0530] {dag.py:3036} INFO - Sync 1 DAGs
[2025-06-17T12:49:40.798+0530] {logging_mixin.py:188} INFO - [2025-06-17T12:49:40.798+0530] {dag.py:3823} INFO - Setting next_dagrun for example_setup_teardown_taskflow to 2025-06-16 00:00:00+00:00, run_after=2025-06-17 00:00:00+00:00
[2025-06-17T12:49:40.821+0530] {processor.py:183} INFO - Processing /home/priya/projects/snowflake_twitter_pipeline/venv/lib/python3.10/site-packages/airflow/example_dags/example_setup_teardown_taskflow.py took 0.074 seconds
[2025-06-17T12:50:30.768+0530] {processor.py:161} INFO - Started process (PID=2275) to work on /home/priya/projects/snowflake_twitter_pipeline/venv/lib/python3.10/site-packages/airflow/example_dags/example_setup_teardown_taskflow.py
[2025-06-17T12:50:30.770+0530] {processor.py:830} INFO - Processing file /home/priya/projects/snowflake_twitter_pipeline/venv/lib/python3.10/site-packages/airflow/example_dags/example_setup_teardown_taskflow.py for tasks to queue
[2025-06-17T12:50:30.770+0530] {logging_mixin.py:188} INFO - [2025-06-17T12:50:30.770+0530] {dagbag.py:538} INFO - Filling up the DagBag from /home/priya/projects/snowflake_twitter_pipeline/venv/lib/python3.10/site-packages/airflow/example_dags/example_setup_teardown_taskflow.py
[2025-06-17T12:50:30.777+0530] {processor.py:840} INFO - DAG(s) 'example_setup_teardown_taskflow' retrieved from /home/priya/projects/snowflake_twitter_pipeline/venv/lib/python3.10/site-packages/airflow/example_dags/example_setup_teardown_taskflow.py
[2025-06-17T12:50:30.787+0530] {logging_mixin.py:188} INFO - [2025-06-17T12:50:30.787+0530] {dag.py:3036} INFO - Sync 1 DAGs
[2025-06-17T12:50:30.800+0530] {logging_mixin.py:188} INFO - [2025-06-17T12:50:30.799+0530] {dag.py:3823} INFO - Setting next_dagrun for example_setup_teardown_taskflow to 2025-06-16 00:00:00+00:00, run_after=2025-06-17 00:00:00+00:00
[2025-06-17T12:50:30.820+0530] {processor.py:183} INFO - Processing /home/priya/projects/snowflake_twitter_pipeline/venv/lib/python3.10/site-packages/airflow/example_dags/example_setup_teardown_taskflow.py took 0.056 seconds
[2025-06-17T12:51:16.908+0530] {processor.py:161} INFO - Started process (PID=2481) to work on /home/priya/projects/snowflake_twitter_pipeline/venv/lib/python3.10/site-packages/airflow/example_dags/example_setup_teardown_taskflow.py
[2025-06-17T12:51:16.917+0530] {processor.py:830} INFO - Processing file /home/priya/projects/snowflake_twitter_pipeline/venv/lib/python3.10/site-packages/airflow/example_dags/example_setup_teardown_taskflow.py for tasks to queue
[2025-06-17T12:51:16.917+0530] {logging_mixin.py:188} INFO - [2025-06-17T12:51:16.917+0530] {dagbag.py:538} INFO - Filling up the DagBag from /home/priya/projects/snowflake_twitter_pipeline/venv/lib/python3.10/site-packages/airflow/example_dags/example_setup_teardown_taskflow.py
[2025-06-17T12:51:16.923+0530] {processor.py:840} INFO - DAG(s) 'example_setup_teardown_taskflow' retrieved from /home/priya/projects/snowflake_twitter_pipeline/venv/lib/python3.10/site-packages/airflow/example_dags/example_setup_teardown_taskflow.py
[2025-06-17T12:51:16.933+0530] {logging_mixin.py:188} INFO - [2025-06-17T12:51:16.933+0530] {dag.py:3036} INFO - Sync 1 DAGs
[2025-06-17T12:51:16.945+0530] {logging_mixin.py:188} INFO - [2025-06-17T12:51:16.945+0530] {dag.py:3823} INFO - Setting next_dagrun for example_setup_teardown_taskflow to 2025-06-16 00:00:00+00:00, run_after=2025-06-17 00:00:00+00:00
[2025-06-17T12:51:16.968+0530] {processor.py:183} INFO - Processing /home/priya/projects/snowflake_twitter_pipeline/venv/lib/python3.10/site-packages/airflow/example_dags/example_setup_teardown_taskflow.py took 0.062 seconds
[2025-06-17T12:52:10.031+0530] {processor.py:161} INFO - Started process (PID=2726) to work on /home/priya/projects/snowflake_twitter_pipeline/venv/lib/python3.10/site-packages/airflow/example_dags/example_setup_teardown_taskflow.py
[2025-06-17T12:52:10.040+0530] {processor.py:830} INFO - Processing file /home/priya/projects/snowflake_twitter_pipeline/venv/lib/python3.10/site-packages/airflow/example_dags/example_setup_teardown_taskflow.py for tasks to queue
[2025-06-17T12:52:10.041+0530] {logging_mixin.py:188} INFO - [2025-06-17T12:52:10.041+0530] {dagbag.py:538} INFO - Filling up the DagBag from /home/priya/projects/snowflake_twitter_pipeline/venv/lib/python3.10/site-packages/airflow/example_dags/example_setup_teardown_taskflow.py
[2025-06-17T12:52:10.049+0530] {processor.py:840} INFO - DAG(s) 'example_setup_teardown_taskflow' retrieved from /home/priya/projects/snowflake_twitter_pipeline/venv/lib/python3.10/site-packages/airflow/example_dags/example_setup_teardown_taskflow.py
[2025-06-17T12:52:10.059+0530] {logging_mixin.py:188} INFO - [2025-06-17T12:52:10.059+0530] {dag.py:3036} INFO - Sync 1 DAGs
[2025-06-17T12:52:10.071+0530] {logging_mixin.py:188} INFO - [2025-06-17T12:52:10.071+0530] {dag.py:3823} INFO - Setting next_dagrun for example_setup_teardown_taskflow to 2025-06-16 00:00:00+00:00, run_after=2025-06-17 00:00:00+00:00
[2025-06-17T12:52:10.089+0530] {processor.py:183} INFO - Processing /home/priya/projects/snowflake_twitter_pipeline/venv/lib/python3.10/site-packages/airflow/example_dags/example_setup_teardown_taskflow.py took 0.060 seconds
[2025-06-17T12:53:02.560+0530] {processor.py:161} INFO - Started process (PID=2965) to work on /home/priya/projects/snowflake_twitter_pipeline/venv/lib/python3.10/site-packages/airflow/example_dags/example_setup_teardown_taskflow.py
[2025-06-17T12:53:02.561+0530] {processor.py:830} INFO - Processing file /home/priya/projects/snowflake_twitter_pipeline/venv/lib/python3.10/site-packages/airflow/example_dags/example_setup_teardown_taskflow.py for tasks to queue
[2025-06-17T12:53:02.562+0530] {logging_mixin.py:188} INFO - [2025-06-17T12:53:02.562+0530] {dagbag.py:538} INFO - Filling up the DagBag from /home/priya/projects/snowflake_twitter_pipeline/venv/lib/python3.10/site-packages/airflow/example_dags/example_setup_teardown_taskflow.py
[2025-06-17T12:53:02.569+0530] {processor.py:840} INFO - DAG(s) 'example_setup_teardown_taskflow' retrieved from /home/priya/projects/snowflake_twitter_pipeline/venv/lib/python3.10/site-packages/airflow/example_dags/example_setup_teardown_taskflow.py
[2025-06-17T12:53:02.581+0530] {logging_mixin.py:188} INFO - [2025-06-17T12:53:02.581+0530] {dag.py:3036} INFO - Sync 1 DAGs
[2025-06-17T12:53:02.593+0530] {logging_mixin.py:188} INFO - [2025-06-17T12:53:02.593+0530] {dag.py:3823} INFO - Setting next_dagrun for example_setup_teardown_taskflow to 2025-06-16 00:00:00+00:00, run_after=2025-06-17 00:00:00+00:00
[2025-06-17T12:53:02.613+0530] {processor.py:183} INFO - Processing /home/priya/projects/snowflake_twitter_pipeline/venv/lib/python3.10/site-packages/airflow/example_dags/example_setup_teardown_taskflow.py took 0.056 seconds
[2025-06-17T12:53:54.621+0530] {processor.py:161} INFO - Started process (PID=3102) to work on /home/priya/projects/snowflake_twitter_pipeline/venv/lib/python3.10/site-packages/airflow/example_dags/example_setup_teardown_taskflow.py
[2025-06-17T12:53:54.624+0530] {processor.py:830} INFO - Processing file /home/priya/projects/snowflake_twitter_pipeline/venv/lib/python3.10/site-packages/airflow/example_dags/example_setup_teardown_taskflow.py for tasks to queue
[2025-06-17T12:53:54.625+0530] {logging_mixin.py:188} INFO - [2025-06-17T12:53:54.624+0530] {dagbag.py:538} INFO - Filling up the DagBag from /home/priya/projects/snowflake_twitter_pipeline/venv/lib/python3.10/site-packages/airflow/example_dags/example_setup_teardown_taskflow.py
[2025-06-17T12:53:54.637+0530] {processor.py:840} INFO - DAG(s) 'example_setup_teardown_taskflow' retrieved from /home/priya/projects/snowflake_twitter_pipeline/venv/lib/python3.10/site-packages/airflow/example_dags/example_setup_teardown_taskflow.py
[2025-06-17T12:53:54.652+0530] {logging_mixin.py:188} INFO - [2025-06-17T12:53:54.652+0530] {dag.py:3036} INFO - Sync 1 DAGs
[2025-06-17T12:53:54.668+0530] {logging_mixin.py:188} INFO - [2025-06-17T12:53:54.668+0530] {dag.py:3823} INFO - Setting next_dagrun for example_setup_teardown_taskflow to 2025-06-16 00:00:00+00:00, run_after=2025-06-17 00:00:00+00:00
[2025-06-17T12:53:54.690+0530] {processor.py:183} INFO - Processing /home/priya/projects/snowflake_twitter_pipeline/venv/lib/python3.10/site-packages/airflow/example_dags/example_setup_teardown_taskflow.py took 0.073 seconds
[2025-06-17T12:54:48.700+0530] {processor.py:161} INFO - Started process (PID=3251) to work on /home/priya/projects/snowflake_twitter_pipeline/venv/lib/python3.10/site-packages/airflow/example_dags/example_setup_teardown_taskflow.py
[2025-06-17T12:54:48.715+0530] {processor.py:830} INFO - Processing file /home/priya/projects/snowflake_twitter_pipeline/venv/lib/python3.10/site-packages/airflow/example_dags/example_setup_teardown_taskflow.py for tasks to queue
[2025-06-17T12:54:48.716+0530] {logging_mixin.py:188} INFO - [2025-06-17T12:54:48.715+0530] {dagbag.py:538} INFO - Filling up the DagBag from /home/priya/projects/snowflake_twitter_pipeline/venv/lib/python3.10/site-packages/airflow/example_dags/example_setup_teardown_taskflow.py
[2025-06-17T12:54:48.726+0530] {processor.py:840} INFO - DAG(s) 'example_setup_teardown_taskflow' retrieved from /home/priya/projects/snowflake_twitter_pipeline/venv/lib/python3.10/site-packages/airflow/example_dags/example_setup_teardown_taskflow.py
[2025-06-17T12:54:48.824+0530] {logging_mixin.py:188} INFO - [2025-06-17T12:54:48.823+0530] {dag.py:3036} INFO - Sync 1 DAGs
[2025-06-17T12:54:48.863+0530] {logging_mixin.py:188} INFO - [2025-06-17T12:54:48.863+0530] {dag.py:3823} INFO - Setting next_dagrun for example_setup_teardown_taskflow to 2025-06-16 00:00:00+00:00, run_after=2025-06-17 00:00:00+00:00
[2025-06-17T12:54:48.885+0530] {processor.py:183} INFO - Processing /home/priya/projects/snowflake_twitter_pipeline/venv/lib/python3.10/site-packages/airflow/example_dags/example_setup_teardown_taskflow.py took 0.188 seconds
