[2025-06-17T12:42:51.320+0530] {processor.py:161} INFO - Started process (PID=450) to work on /home/priya/projects/snowflake_twitter_pipeline/venv/lib/python3.10/site-packages/airflow/example_dags/tutorial_dag.py
[2025-06-17T12:42:51.321+0530] {processor.py:830} INFO - Processing file /home/priya/projects/snowflake_twitter_pipeline/venv/lib/python3.10/site-packages/airflow/example_dags/tutorial_dag.py for tasks to queue
[2025-06-17T12:42:51.322+0530] {logging_mixin.py:188} INFO - [2025-06-17T12:42:51.321+0530] {dagbag.py:538} INFO - Filling up the DagBag from /home/priya/projects/snowflake_twitter_pipeline/venv/lib/python3.10/site-packages/airflow/example_dags/tutorial_dag.py
[2025-06-17T12:42:51.327+0530] {processor.py:840} INFO - DAG(s) 'tutorial_dag' retrieved from /home/priya/projects/snowflake_twitter_pipeline/venv/lib/python3.10/site-packages/airflow/example_dags/tutorial_dag.py
[2025-06-17T12:42:51.470+0530] {logging_mixin.py:188} INFO - [2025-06-17T12:42:51.470+0530] {override.py:1769} INFO - Created Permission View: can edit on DAG:tutorial_dag
[2025-06-17T12:42:51.483+0530] {logging_mixin.py:188} INFO - [2025-06-17T12:42:51.482+0530] {override.py:1769} INFO - Created Permission View: can delete on DAG:tutorial_dag
[2025-06-17T12:42:51.494+0530] {logging_mixin.py:188} INFO - [2025-06-17T12:42:51.494+0530] {override.py:1769} INFO - Created Permission View: can read on DAG:tutorial_dag
[2025-06-17T12:42:51.494+0530] {logging_mixin.py:188} INFO - [2025-06-17T12:42:51.494+0530] {dag.py:3036} INFO - Sync 1 DAGs
[2025-06-17T12:42:51.501+0530] {logging_mixin.py:188} INFO - [2025-06-17T12:42:51.501+0530] {dag.py:3058} INFO - Creating ORM DAG for tutorial_dag
[2025-06-17T12:42:51.501+0530] {logging_mixin.py:188} INFO - [2025-06-17T12:42:51.501+0530] {dag.py:3823} INFO - Setting next_dagrun for tutorial_dag to None, run_after=None
[2025-06-17T12:42:51.522+0530] {processor.py:183} INFO - Processing /home/priya/projects/snowflake_twitter_pipeline/venv/lib/python3.10/site-packages/airflow/example_dags/tutorial_dag.py took 0.204 seconds
[2025-06-17T12:43:41.774+0530] {processor.py:161} INFO - Started process (PID=514) to work on /home/priya/projects/snowflake_twitter_pipeline/venv/lib/python3.10/site-packages/airflow/example_dags/tutorial_dag.py
[2025-06-17T12:43:41.776+0530] {processor.py:830} INFO - Processing file /home/priya/projects/snowflake_twitter_pipeline/venv/lib/python3.10/site-packages/airflow/example_dags/tutorial_dag.py for tasks to queue
[2025-06-17T12:43:41.777+0530] {logging_mixin.py:188} INFO - [2025-06-17T12:43:41.776+0530] {dagbag.py:538} INFO - Filling up the DagBag from /home/priya/projects/snowflake_twitter_pipeline/venv/lib/python3.10/site-packages/airflow/example_dags/tutorial_dag.py
[2025-06-17T12:43:41.781+0530] {processor.py:840} INFO - DAG(s) 'tutorial_dag' retrieved from /home/priya/projects/snowflake_twitter_pipeline/venv/lib/python3.10/site-packages/airflow/example_dags/tutorial_dag.py
[2025-06-17T12:43:41.792+0530] {logging_mixin.py:188} INFO - [2025-06-17T12:43:41.791+0530] {dag.py:3036} INFO - Sync 1 DAGs
[2025-06-17T12:43:41.799+0530] {logging_mixin.py:188} INFO - [2025-06-17T12:43:41.798+0530] {dag.py:3823} INFO - Setting next_dagrun for tutorial_dag to None, run_after=None
[2025-06-17T12:43:41.815+0530] {processor.py:183} INFO - Processing /home/priya/projects/snowflake_twitter_pipeline/venv/lib/python3.10/site-packages/airflow/example_dags/tutorial_dag.py took 0.043 seconds
[2025-06-17T12:44:29.186+0530] {processor.py:161} INFO - Started process (PID=579) to work on /home/priya/projects/snowflake_twitter_pipeline/venv/lib/python3.10/site-packages/airflow/example_dags/tutorial_dag.py
[2025-06-17T12:44:29.196+0530] {processor.py:830} INFO - Processing file /home/priya/projects/snowflake_twitter_pipeline/venv/lib/python3.10/site-packages/airflow/example_dags/tutorial_dag.py for tasks to queue
[2025-06-17T12:44:29.197+0530] {logging_mixin.py:188} INFO - [2025-06-17T12:44:29.197+0530] {dagbag.py:538} INFO - Filling up the DagBag from /home/priya/projects/snowflake_twitter_pipeline/venv/lib/python3.10/site-packages/airflow/example_dags/tutorial_dag.py
[2025-06-17T12:44:29.201+0530] {processor.py:840} INFO - DAG(s) 'tutorial_dag' retrieved from /home/priya/projects/snowflake_twitter_pipeline/venv/lib/python3.10/site-packages/airflow/example_dags/tutorial_dag.py
[2025-06-17T12:44:29.210+0530] {logging_mixin.py:188} INFO - [2025-06-17T12:44:29.210+0530] {dag.py:3036} INFO - Sync 1 DAGs
[2025-06-17T12:44:29.217+0530] {logging_mixin.py:188} INFO - [2025-06-17T12:44:29.216+0530] {dag.py:3823} INFO - Setting next_dagrun for tutorial_dag to None, run_after=None
[2025-06-17T12:44:29.232+0530] {processor.py:183} INFO - Processing /home/priya/projects/snowflake_twitter_pipeline/venv/lib/python3.10/site-packages/airflow/example_dags/tutorial_dag.py took 0.050 seconds
[2025-06-17T12:46:14.851+0530] {processor.py:161} INFO - Started process (PID=698) to work on /home/priya/projects/snowflake_twitter_pipeline/venv/lib/python3.10/site-packages/airflow/example_dags/tutorial_dag.py
[2025-06-17T12:46:14.860+0530] {processor.py:830} INFO - Processing file /home/priya/projects/snowflake_twitter_pipeline/venv/lib/python3.10/site-packages/airflow/example_dags/tutorial_dag.py for tasks to queue
[2025-06-17T12:46:14.862+0530] {logging_mixin.py:188} INFO - [2025-06-17T12:46:14.861+0530] {dagbag.py:538} INFO - Filling up the DagBag from /home/priya/projects/snowflake_twitter_pipeline/venv/lib/python3.10/site-packages/airflow/example_dags/tutorial_dag.py
[2025-06-17T12:46:14.871+0530] {processor.py:840} INFO - DAG(s) 'tutorial_dag' retrieved from /home/priya/projects/snowflake_twitter_pipeline/venv/lib/python3.10/site-packages/airflow/example_dags/tutorial_dag.py
[2025-06-17T12:46:14.885+0530] {logging_mixin.py:188} INFO - [2025-06-17T12:46:14.885+0530] {dag.py:3036} INFO - Sync 1 DAGs
[2025-06-17T12:46:14.969+0530] {logging_mixin.py:188} INFO - [2025-06-17T12:46:14.969+0530] {dag.py:3823} INFO - Setting next_dagrun for tutorial_dag to None, run_after=None
[2025-06-17T12:46:14.989+0530] {processor.py:183} INFO - Processing /home/priya/projects/snowflake_twitter_pipeline/venv/lib/python3.10/site-packages/airflow/example_dags/tutorial_dag.py took 0.141 seconds
[2025-06-17T12:47:06.101+0530] {processor.py:161} INFO - Started process (PID=1336) to work on /home/priya/projects/snowflake_twitter_pipeline/venv/lib/python3.10/site-packages/airflow/example_dags/tutorial_dag.py
[2025-06-17T12:47:06.103+0530] {processor.py:830} INFO - Processing file /home/priya/projects/snowflake_twitter_pipeline/venv/lib/python3.10/site-packages/airflow/example_dags/tutorial_dag.py for tasks to queue
[2025-06-17T12:47:06.104+0530] {logging_mixin.py:188} INFO - [2025-06-17T12:47:06.104+0530] {dagbag.py:538} INFO - Filling up the DagBag from /home/priya/projects/snowflake_twitter_pipeline/venv/lib/python3.10/site-packages/airflow/example_dags/tutorial_dag.py
[2025-06-17T12:47:06.109+0530] {processor.py:840} INFO - DAG(s) 'tutorial_dag' retrieved from /home/priya/projects/snowflake_twitter_pipeline/venv/lib/python3.10/site-packages/airflow/example_dags/tutorial_dag.py
[2025-06-17T12:47:06.119+0530] {logging_mixin.py:188} INFO - [2025-06-17T12:47:06.119+0530] {dag.py:3036} INFO - Sync 1 DAGs
[2025-06-17T12:47:06.125+0530] {logging_mixin.py:188} INFO - [2025-06-17T12:47:06.125+0530] {dag.py:3823} INFO - Setting next_dagrun for tutorial_dag to None, run_after=None
[2025-06-17T12:47:06.143+0530] {processor.py:183} INFO - Processing /home/priya/projects/snowflake_twitter_pipeline/venv/lib/python3.10/site-packages/airflow/example_dags/tutorial_dag.py took 0.044 seconds
[2025-06-17T12:47:57.202+0530] {processor.py:161} INFO - Started process (PID=1579) to work on /home/priya/projects/snowflake_twitter_pipeline/venv/lib/python3.10/site-packages/airflow/example_dags/tutorial_dag.py
[2025-06-17T12:47:57.204+0530] {processor.py:830} INFO - Processing file /home/priya/projects/snowflake_twitter_pipeline/venv/lib/python3.10/site-packages/airflow/example_dags/tutorial_dag.py for tasks to queue
[2025-06-17T12:47:57.205+0530] {logging_mixin.py:188} INFO - [2025-06-17T12:47:57.204+0530] {dagbag.py:538} INFO - Filling up the DagBag from /home/priya/projects/snowflake_twitter_pipeline/venv/lib/python3.10/site-packages/airflow/example_dags/tutorial_dag.py
[2025-06-17T12:47:57.209+0530] {processor.py:840} INFO - DAG(s) 'tutorial_dag' retrieved from /home/priya/projects/snowflake_twitter_pipeline/venv/lib/python3.10/site-packages/airflow/example_dags/tutorial_dag.py
[2025-06-17T12:47:57.221+0530] {logging_mixin.py:188} INFO - [2025-06-17T12:47:57.221+0530] {dag.py:3036} INFO - Sync 1 DAGs
[2025-06-17T12:47:57.228+0530] {logging_mixin.py:188} INFO - [2025-06-17T12:47:57.228+0530] {dag.py:3823} INFO - Setting next_dagrun for tutorial_dag to None, run_after=None
[2025-06-17T12:47:57.245+0530] {processor.py:183} INFO - Processing /home/priya/projects/snowflake_twitter_pipeline/venv/lib/python3.10/site-packages/airflow/example_dags/tutorial_dag.py took 0.046 seconds
[2025-06-17T12:48:44.602+0530] {processor.py:161} INFO - Started process (PID=1780) to work on /home/priya/projects/snowflake_twitter_pipeline/venv/lib/python3.10/site-packages/airflow/example_dags/tutorial_dag.py
[2025-06-17T12:48:44.604+0530] {processor.py:830} INFO - Processing file /home/priya/projects/snowflake_twitter_pipeline/venv/lib/python3.10/site-packages/airflow/example_dags/tutorial_dag.py for tasks to queue
[2025-06-17T12:48:44.606+0530] {logging_mixin.py:188} INFO - [2025-06-17T12:48:44.605+0530] {dagbag.py:538} INFO - Filling up the DagBag from /home/priya/projects/snowflake_twitter_pipeline/venv/lib/python3.10/site-packages/airflow/example_dags/tutorial_dag.py
[2025-06-17T12:48:44.612+0530] {processor.py:840} INFO - DAG(s) 'tutorial_dag' retrieved from /home/priya/projects/snowflake_twitter_pipeline/venv/lib/python3.10/site-packages/airflow/example_dags/tutorial_dag.py
[2025-06-17T12:48:44.626+0530] {logging_mixin.py:188} INFO - [2025-06-17T12:48:44.626+0530] {dag.py:3036} INFO - Sync 1 DAGs
[2025-06-17T12:48:44.634+0530] {logging_mixin.py:188} INFO - [2025-06-17T12:48:44.634+0530] {dag.py:3823} INFO - Setting next_dagrun for tutorial_dag to None, run_after=None
[2025-06-17T12:48:44.653+0530] {processor.py:183} INFO - Processing /home/priya/projects/snowflake_twitter_pipeline/venv/lib/python3.10/site-packages/airflow/example_dags/tutorial_dag.py took 0.055 seconds
[2025-06-17T12:49:36.547+0530] {processor.py:161} INFO - Started process (PID=2023) to work on /home/priya/projects/snowflake_twitter_pipeline/venv/lib/python3.10/site-packages/airflow/example_dags/tutorial_dag.py
[2025-06-17T12:49:36.548+0530] {processor.py:830} INFO - Processing file /home/priya/projects/snowflake_twitter_pipeline/venv/lib/python3.10/site-packages/airflow/example_dags/tutorial_dag.py for tasks to queue
[2025-06-17T12:49:36.549+0530] {logging_mixin.py:188} INFO - [2025-06-17T12:49:36.549+0530] {dagbag.py:538} INFO - Filling up the DagBag from /home/priya/projects/snowflake_twitter_pipeline/venv/lib/python3.10/site-packages/airflow/example_dags/tutorial_dag.py
[2025-06-17T12:49:36.553+0530] {processor.py:840} INFO - DAG(s) 'tutorial_dag' retrieved from /home/priya/projects/snowflake_twitter_pipeline/venv/lib/python3.10/site-packages/airflow/example_dags/tutorial_dag.py
[2025-06-17T12:49:36.566+0530] {logging_mixin.py:188} INFO - [2025-06-17T12:49:36.566+0530] {dag.py:3036} INFO - Sync 1 DAGs
[2025-06-17T12:49:36.576+0530] {logging_mixin.py:188} INFO - [2025-06-17T12:49:36.575+0530] {dag.py:3823} INFO - Setting next_dagrun for tutorial_dag to None, run_after=None
[2025-06-17T12:49:36.597+0530] {processor.py:183} INFO - Processing /home/priya/projects/snowflake_twitter_pipeline/venv/lib/python3.10/site-packages/airflow/example_dags/tutorial_dag.py took 0.053 seconds
[2025-06-17T12:50:25.088+0530] {processor.py:161} INFO - Started process (PID=2250) to work on /home/priya/projects/snowflake_twitter_pipeline/venv/lib/python3.10/site-packages/airflow/example_dags/tutorial_dag.py
[2025-06-17T12:50:25.090+0530] {processor.py:830} INFO - Processing file /home/priya/projects/snowflake_twitter_pipeline/venv/lib/python3.10/site-packages/airflow/example_dags/tutorial_dag.py for tasks to queue
[2025-06-17T12:50:25.091+0530] {logging_mixin.py:188} INFO - [2025-06-17T12:50:25.091+0530] {dagbag.py:538} INFO - Filling up the DagBag from /home/priya/projects/snowflake_twitter_pipeline/venv/lib/python3.10/site-packages/airflow/example_dags/tutorial_dag.py
[2025-06-17T12:50:25.096+0530] {processor.py:840} INFO - DAG(s) 'tutorial_dag' retrieved from /home/priya/projects/snowflake_twitter_pipeline/venv/lib/python3.10/site-packages/airflow/example_dags/tutorial_dag.py
[2025-06-17T12:50:25.105+0530] {logging_mixin.py:188} INFO - [2025-06-17T12:50:25.105+0530] {dag.py:3036} INFO - Sync 1 DAGs
[2025-06-17T12:50:25.112+0530] {logging_mixin.py:188} INFO - [2025-06-17T12:50:25.112+0530] {dag.py:3823} INFO - Setting next_dagrun for tutorial_dag to None, run_after=None
[2025-06-17T12:50:25.130+0530] {processor.py:183} INFO - Processing /home/priya/projects/snowflake_twitter_pipeline/venv/lib/python3.10/site-packages/airflow/example_dags/tutorial_dag.py took 0.047 seconds
[2025-06-17T12:51:12.123+0530] {processor.py:161} INFO - Started process (PID=2461) to work on /home/priya/projects/snowflake_twitter_pipeline/venv/lib/python3.10/site-packages/airflow/example_dags/tutorial_dag.py
[2025-06-17T12:51:12.124+0530] {processor.py:830} INFO - Processing file /home/priya/projects/snowflake_twitter_pipeline/venv/lib/python3.10/site-packages/airflow/example_dags/tutorial_dag.py for tasks to queue
[2025-06-17T12:51:12.125+0530] {logging_mixin.py:188} INFO - [2025-06-17T12:51:12.125+0530] {dagbag.py:538} INFO - Filling up the DagBag from /home/priya/projects/snowflake_twitter_pipeline/venv/lib/python3.10/site-packages/airflow/example_dags/tutorial_dag.py
[2025-06-17T12:51:12.129+0530] {processor.py:840} INFO - DAG(s) 'tutorial_dag' retrieved from /home/priya/projects/snowflake_twitter_pipeline/venv/lib/python3.10/site-packages/airflow/example_dags/tutorial_dag.py
[2025-06-17T12:51:12.138+0530] {logging_mixin.py:188} INFO - [2025-06-17T12:51:12.138+0530] {dag.py:3036} INFO - Sync 1 DAGs
[2025-06-17T12:51:12.147+0530] {logging_mixin.py:188} INFO - [2025-06-17T12:51:12.147+0530] {dag.py:3823} INFO - Setting next_dagrun for tutorial_dag to None, run_after=None
[2025-06-17T12:51:12.165+0530] {processor.py:183} INFO - Processing /home/priya/projects/snowflake_twitter_pipeline/venv/lib/python3.10/site-packages/airflow/example_dags/tutorial_dag.py took 0.044 seconds
[2025-06-17T12:52:05.006+0530] {processor.py:161} INFO - Started process (PID=2709) to work on /home/priya/projects/snowflake_twitter_pipeline/venv/lib/python3.10/site-packages/airflow/example_dags/tutorial_dag.py
[2025-06-17T12:52:05.008+0530] {processor.py:830} INFO - Processing file /home/priya/projects/snowflake_twitter_pipeline/venv/lib/python3.10/site-packages/airflow/example_dags/tutorial_dag.py for tasks to queue
[2025-06-17T12:52:05.008+0530] {logging_mixin.py:188} INFO - [2025-06-17T12:52:05.008+0530] {dagbag.py:538} INFO - Filling up the DagBag from /home/priya/projects/snowflake_twitter_pipeline/venv/lib/python3.10/site-packages/airflow/example_dags/tutorial_dag.py
[2025-06-17T12:52:05.012+0530] {processor.py:840} INFO - DAG(s) 'tutorial_dag' retrieved from /home/priya/projects/snowflake_twitter_pipeline/venv/lib/python3.10/site-packages/airflow/example_dags/tutorial_dag.py
[2025-06-17T12:52:05.022+0530] {logging_mixin.py:188} INFO - [2025-06-17T12:52:05.022+0530] {dag.py:3036} INFO - Sync 1 DAGs
[2025-06-17T12:52:05.029+0530] {logging_mixin.py:188} INFO - [2025-06-17T12:52:05.028+0530] {dag.py:3823} INFO - Setting next_dagrun for tutorial_dag to None, run_after=None
[2025-06-17T12:52:05.046+0530] {processor.py:183} INFO - Processing /home/priya/projects/snowflake_twitter_pipeline/venv/lib/python3.10/site-packages/airflow/example_dags/tutorial_dag.py took 0.042 seconds
[2025-06-17T12:52:57.193+0530] {processor.py:161} INFO - Started process (PID=2937) to work on /home/priya/projects/snowflake_twitter_pipeline/venv/lib/python3.10/site-packages/airflow/example_dags/tutorial_dag.py
[2025-06-17T12:52:57.202+0530] {processor.py:830} INFO - Processing file /home/priya/projects/snowflake_twitter_pipeline/venv/lib/python3.10/site-packages/airflow/example_dags/tutorial_dag.py for tasks to queue
[2025-06-17T12:52:57.203+0530] {logging_mixin.py:188} INFO - [2025-06-17T12:52:57.202+0530] {dagbag.py:538} INFO - Filling up the DagBag from /home/priya/projects/snowflake_twitter_pipeline/venv/lib/python3.10/site-packages/airflow/example_dags/tutorial_dag.py
[2025-06-17T12:52:57.206+0530] {processor.py:840} INFO - DAG(s) 'tutorial_dag' retrieved from /home/priya/projects/snowflake_twitter_pipeline/venv/lib/python3.10/site-packages/airflow/example_dags/tutorial_dag.py
[2025-06-17T12:52:57.216+0530] {logging_mixin.py:188} INFO - [2025-06-17T12:52:57.216+0530] {dag.py:3036} INFO - Sync 1 DAGs
[2025-06-17T12:52:57.224+0530] {logging_mixin.py:188} INFO - [2025-06-17T12:52:57.223+0530] {dag.py:3823} INFO - Setting next_dagrun for tutorial_dag to None, run_after=None
[2025-06-17T12:52:57.244+0530] {processor.py:183} INFO - Processing /home/priya/projects/snowflake_twitter_pipeline/venv/lib/python3.10/site-packages/airflow/example_dags/tutorial_dag.py took 0.054 seconds
[2025-06-17T12:53:49.473+0530] {processor.py:161} INFO - Started process (PID=3097) to work on /home/priya/projects/snowflake_twitter_pipeline/venv/lib/python3.10/site-packages/airflow/example_dags/tutorial_dag.py
[2025-06-17T12:53:49.475+0530] {processor.py:830} INFO - Processing file /home/priya/projects/snowflake_twitter_pipeline/venv/lib/python3.10/site-packages/airflow/example_dags/tutorial_dag.py for tasks to queue
[2025-06-17T12:53:49.475+0530] {logging_mixin.py:188} INFO - [2025-06-17T12:53:49.475+0530] {dagbag.py:538} INFO - Filling up the DagBag from /home/priya/projects/snowflake_twitter_pipeline/venv/lib/python3.10/site-packages/airflow/example_dags/tutorial_dag.py
[2025-06-17T12:53:49.479+0530] {processor.py:840} INFO - DAG(s) 'tutorial_dag' retrieved from /home/priya/projects/snowflake_twitter_pipeline/venv/lib/python3.10/site-packages/airflow/example_dags/tutorial_dag.py
[2025-06-17T12:53:49.492+0530] {logging_mixin.py:188} INFO - [2025-06-17T12:53:49.491+0530] {dag.py:3036} INFO - Sync 1 DAGs
[2025-06-17T12:53:49.499+0530] {logging_mixin.py:188} INFO - [2025-06-17T12:53:49.499+0530] {dag.py:3823} INFO - Setting next_dagrun for tutorial_dag to None, run_after=None
[2025-06-17T12:53:49.521+0530] {processor.py:183} INFO - Processing /home/priya/projects/snowflake_twitter_pipeline/venv/lib/python3.10/site-packages/airflow/example_dags/tutorial_dag.py took 0.051 seconds
[2025-06-17T12:54:44.584+0530] {processor.py:161} INFO - Started process (PID=3230) to work on /home/priya/projects/snowflake_twitter_pipeline/venv/lib/python3.10/site-packages/airflow/example_dags/tutorial_dag.py
[2025-06-17T12:54:44.594+0530] {processor.py:830} INFO - Processing file /home/priya/projects/snowflake_twitter_pipeline/venv/lib/python3.10/site-packages/airflow/example_dags/tutorial_dag.py for tasks to queue
[2025-06-17T12:54:44.594+0530] {logging_mixin.py:188} INFO - [2025-06-17T12:54:44.594+0530] {dagbag.py:538} INFO - Filling up the DagBag from /home/priya/projects/snowflake_twitter_pipeline/venv/lib/python3.10/site-packages/airflow/example_dags/tutorial_dag.py
[2025-06-17T12:54:44.599+0530] {processor.py:840} INFO - DAG(s) 'tutorial_dag' retrieved from /home/priya/projects/snowflake_twitter_pipeline/venv/lib/python3.10/site-packages/airflow/example_dags/tutorial_dag.py
[2025-06-17T12:54:44.612+0530] {logging_mixin.py:188} INFO - [2025-06-17T12:54:44.612+0530] {dag.py:3036} INFO - Sync 1 DAGs
[2025-06-17T12:54:44.621+0530] {logging_mixin.py:188} INFO - [2025-06-17T12:54:44.621+0530] {dag.py:3823} INFO - Setting next_dagrun for tutorial_dag to None, run_after=None
[2025-06-17T12:54:44.650+0530] {processor.py:183} INFO - Processing /home/priya/projects/snowflake_twitter_pipeline/venv/lib/python3.10/site-packages/airflow/example_dags/tutorial_dag.py took 0.068 seconds
