[2025-06-17T12:42:24.585+0530] {processor.py:161} INFO - Started process (PID=427) to work on /home/priya/projects/snowflake_twitter_pipeline/venv/lib/python3.10/site-packages/airflow/example_dags/tutorial_taskflow_api.py
[2025-06-17T12:42:24.586+0530] {processor.py:830} INFO - Processing file /home/priya/projects/snowflake_twitter_pipeline/venv/lib/python3.10/site-packages/airflow/example_dags/tutorial_taskflow_api.py for tasks to queue
[2025-06-17T12:42:24.587+0530] {logging_mixin.py:188} INFO - [2025-06-17T12:42:24.587+0530] {dagbag.py:538} INFO - Filling up the DagBag from /home/priya/projects/snowflake_twitter_pipeline/venv/lib/python3.10/site-packages/airflow/example_dags/tutorial_taskflow_api.py
[2025-06-17T12:42:24.594+0530] {processor.py:840} INFO - DAG(s) 'tutorial_taskflow_api' retrieved from /home/priya/projects/snowflake_twitter_pipeline/venv/lib/python3.10/site-packages/airflow/example_dags/tutorial_taskflow_api.py
[2025-06-17T12:42:24.675+0530] {logging_mixin.py:188} INFO - [2025-06-17T12:42:24.674+0530] {override.py:1769} INFO - Created Permission View: can edit on DAG:tutorial_taskflow_api
[2025-06-17T12:42:24.765+0530] {logging_mixin.py:188} INFO - [2025-06-17T12:42:24.765+0530] {override.py:1769} INFO - Created Permission View: can delete on DAG:tutorial_taskflow_api
[2025-06-17T12:42:24.774+0530] {logging_mixin.py:188} INFO - [2025-06-17T12:42:24.773+0530] {override.py:1769} INFO - Created Permission View: can read on DAG:tutorial_taskflow_api
[2025-06-17T12:42:24.774+0530] {logging_mixin.py:188} INFO - [2025-06-17T12:42:24.774+0530] {dag.py:3036} INFO - Sync 1 DAGs
[2025-06-17T12:42:24.781+0530] {logging_mixin.py:188} INFO - [2025-06-17T12:42:24.780+0530] {dag.py:3058} INFO - Creating ORM DAG for tutorial_taskflow_api
[2025-06-17T12:42:24.781+0530] {logging_mixin.py:188} INFO - [2025-06-17T12:42:24.781+0530] {dag.py:3823} INFO - Setting next_dagrun for tutorial_taskflow_api to None, run_after=None
[2025-06-17T12:42:24.799+0530] {processor.py:183} INFO - Processing /home/priya/projects/snowflake_twitter_pipeline/venv/lib/python3.10/site-packages/airflow/example_dags/tutorial_taskflow_api.py took 0.216 seconds
[2025-06-17T12:43:18.309+0530] {processor.py:161} INFO - Started process (PID=491) to work on /home/priya/projects/snowflake_twitter_pipeline/venv/lib/python3.10/site-packages/airflow/example_dags/tutorial_taskflow_api.py
[2025-06-17T12:43:18.310+0530] {processor.py:830} INFO - Processing file /home/priya/projects/snowflake_twitter_pipeline/venv/lib/python3.10/site-packages/airflow/example_dags/tutorial_taskflow_api.py for tasks to queue
[2025-06-17T12:43:18.310+0530] {logging_mixin.py:188} INFO - [2025-06-17T12:43:18.310+0530] {dagbag.py:538} INFO - Filling up the DagBag from /home/priya/projects/snowflake_twitter_pipeline/venv/lib/python3.10/site-packages/airflow/example_dags/tutorial_taskflow_api.py
[2025-06-17T12:43:18.315+0530] {processor.py:840} INFO - DAG(s) 'tutorial_taskflow_api' retrieved from /home/priya/projects/snowflake_twitter_pipeline/venv/lib/python3.10/site-packages/airflow/example_dags/tutorial_taskflow_api.py
[2025-06-17T12:43:18.324+0530] {logging_mixin.py:188} INFO - [2025-06-17T12:43:18.324+0530] {dag.py:3036} INFO - Sync 1 DAGs
[2025-06-17T12:43:18.330+0530] {logging_mixin.py:188} INFO - [2025-06-17T12:43:18.330+0530] {dag.py:3823} INFO - Setting next_dagrun for tutorial_taskflow_api to None, run_after=None
[2025-06-17T12:43:18.346+0530] {processor.py:183} INFO - Processing /home/priya/projects/snowflake_twitter_pipeline/venv/lib/python3.10/site-packages/airflow/example_dags/tutorial_taskflow_api.py took 0.039 seconds
[2025-06-17T12:44:01.195+0530] {processor.py:161} INFO - Started process (PID=549) to work on /home/priya/projects/snowflake_twitter_pipeline/venv/lib/python3.10/site-packages/airflow/example_dags/tutorial_taskflow_api.py
[2025-06-17T12:44:01.198+0530] {processor.py:830} INFO - Processing file /home/priya/projects/snowflake_twitter_pipeline/venv/lib/python3.10/site-packages/airflow/example_dags/tutorial_taskflow_api.py for tasks to queue
[2025-06-17T12:44:01.198+0530] {logging_mixin.py:188} INFO - [2025-06-17T12:44:01.198+0530] {dagbag.py:538} INFO - Filling up the DagBag from /home/priya/projects/snowflake_twitter_pipeline/venv/lib/python3.10/site-packages/airflow/example_dags/tutorial_taskflow_api.py
[2025-06-17T12:44:01.205+0530] {processor.py:840} INFO - DAG(s) 'tutorial_taskflow_api' retrieved from /home/priya/projects/snowflake_twitter_pipeline/venv/lib/python3.10/site-packages/airflow/example_dags/tutorial_taskflow_api.py
[2025-06-17T12:44:01.216+0530] {logging_mixin.py:188} INFO - [2025-06-17T12:44:01.216+0530] {dag.py:3036} INFO - Sync 1 DAGs
[2025-06-17T12:44:01.224+0530] {logging_mixin.py:188} INFO - [2025-06-17T12:44:01.224+0530] {dag.py:3823} INFO - Setting next_dagrun for tutorial_taskflow_api to None, run_after=None
[2025-06-17T12:44:01.240+0530] {processor.py:183} INFO - Processing /home/priya/projects/snowflake_twitter_pipeline/venv/lib/python3.10/site-packages/airflow/example_dags/tutorial_taskflow_api.py took 0.048 seconds
[2025-06-17T12:44:48.614+0530] {processor.py:161} INFO - Started process (PID=614) to work on /home/priya/projects/snowflake_twitter_pipeline/venv/lib/python3.10/site-packages/airflow/example_dags/tutorial_taskflow_api.py
[2025-06-17T12:44:48.623+0530] {processor.py:830} INFO - Processing file /home/priya/projects/snowflake_twitter_pipeline/venv/lib/python3.10/site-packages/airflow/example_dags/tutorial_taskflow_api.py for tasks to queue
[2025-06-17T12:44:48.624+0530] {logging_mixin.py:188} INFO - [2025-06-17T12:44:48.624+0530] {dagbag.py:538} INFO - Filling up the DagBag from /home/priya/projects/snowflake_twitter_pipeline/venv/lib/python3.10/site-packages/airflow/example_dags/tutorial_taskflow_api.py
[2025-06-17T12:44:48.631+0530] {processor.py:840} INFO - DAG(s) 'tutorial_taskflow_api' retrieved from /home/priya/projects/snowflake_twitter_pipeline/venv/lib/python3.10/site-packages/airflow/example_dags/tutorial_taskflow_api.py
[2025-06-17T12:44:48.641+0530] {logging_mixin.py:188} INFO - [2025-06-17T12:44:48.641+0530] {dag.py:3036} INFO - Sync 1 DAGs
[2025-06-17T12:44:48.648+0530] {logging_mixin.py:188} INFO - [2025-06-17T12:44:48.648+0530] {dag.py:3823} INFO - Setting next_dagrun for tutorial_taskflow_api to None, run_after=None
[2025-06-17T12:44:48.664+0530] {processor.py:183} INFO - Processing /home/priya/projects/snowflake_twitter_pipeline/venv/lib/python3.10/site-packages/airflow/example_dags/tutorial_taskflow_api.py took 0.055 seconds
[2025-06-17T12:45:51.860+0530] {processor.py:161} INFO - Started process (PID=655) to work on /home/priya/projects/snowflake_twitter_pipeline/venv/lib/python3.10/site-packages/airflow/example_dags/tutorial_taskflow_api.py
[2025-06-17T12:45:51.862+0530] {processor.py:830} INFO - Processing file /home/priya/projects/snowflake_twitter_pipeline/venv/lib/python3.10/site-packages/airflow/example_dags/tutorial_taskflow_api.py for tasks to queue
[2025-06-17T12:45:51.862+0530] {logging_mixin.py:188} INFO - [2025-06-17T12:45:51.862+0530] {dagbag.py:538} INFO - Filling up the DagBag from /home/priya/projects/snowflake_twitter_pipeline/venv/lib/python3.10/site-packages/airflow/example_dags/tutorial_taskflow_api.py
[2025-06-17T12:45:51.869+0530] {processor.py:840} INFO - DAG(s) 'tutorial_taskflow_api' retrieved from /home/priya/projects/snowflake_twitter_pipeline/venv/lib/python3.10/site-packages/airflow/example_dags/tutorial_taskflow_api.py
[2025-06-17T12:45:51.882+0530] {logging_mixin.py:188} INFO - [2025-06-17T12:45:51.882+0530] {dag.py:3036} INFO - Sync 1 DAGs
[2025-06-17T12:45:51.890+0530] {logging_mixin.py:188} INFO - [2025-06-17T12:45:51.890+0530] {dag.py:3823} INFO - Setting next_dagrun for tutorial_taskflow_api to None, run_after=None
[2025-06-17T12:45:51.907+0530] {processor.py:183} INFO - Processing /home/priya/projects/snowflake_twitter_pipeline/venv/lib/python3.10/site-packages/airflow/example_dags/tutorial_taskflow_api.py took 0.050 seconds
[2025-06-17T12:46:42.065+0530] {processor.py:161} INFO - Started process (PID=1219) to work on /home/priya/projects/snowflake_twitter_pipeline/venv/lib/python3.10/site-packages/airflow/example_dags/tutorial_taskflow_api.py
[2025-06-17T12:46:42.068+0530] {processor.py:830} INFO - Processing file /home/priya/projects/snowflake_twitter_pipeline/venv/lib/python3.10/site-packages/airflow/example_dags/tutorial_taskflow_api.py for tasks to queue
[2025-06-17T12:46:42.069+0530] {logging_mixin.py:188} INFO - [2025-06-17T12:46:42.068+0530] {dagbag.py:538} INFO - Filling up the DagBag from /home/priya/projects/snowflake_twitter_pipeline/venv/lib/python3.10/site-packages/airflow/example_dags/tutorial_taskflow_api.py
[2025-06-17T12:46:42.076+0530] {processor.py:840} INFO - DAG(s) 'tutorial_taskflow_api' retrieved from /home/priya/projects/snowflake_twitter_pipeline/venv/lib/python3.10/site-packages/airflow/example_dags/tutorial_taskflow_api.py
[2025-06-17T12:46:42.092+0530] {logging_mixin.py:188} INFO - [2025-06-17T12:46:42.092+0530] {dag.py:3036} INFO - Sync 1 DAGs
[2025-06-17T12:46:42.102+0530] {logging_mixin.py:188} INFO - [2025-06-17T12:46:42.102+0530] {dag.py:3823} INFO - Setting next_dagrun for tutorial_taskflow_api to None, run_after=None
[2025-06-17T12:46:42.135+0530] {processor.py:183} INFO - Processing /home/priya/projects/snowflake_twitter_pipeline/venv/lib/python3.10/site-packages/airflow/example_dags/tutorial_taskflow_api.py took 0.074 seconds
[2025-06-17T12:47:24.429+0530] {processor.py:161} INFO - Started process (PID=1424) to work on /home/priya/projects/snowflake_twitter_pipeline/venv/lib/python3.10/site-packages/airflow/example_dags/tutorial_taskflow_api.py
[2025-06-17T12:47:24.431+0530] {processor.py:830} INFO - Processing file /home/priya/projects/snowflake_twitter_pipeline/venv/lib/python3.10/site-packages/airflow/example_dags/tutorial_taskflow_api.py for tasks to queue
[2025-06-17T12:47:24.432+0530] {logging_mixin.py:188} INFO - [2025-06-17T12:47:24.431+0530] {dagbag.py:538} INFO - Filling up the DagBag from /home/priya/projects/snowflake_twitter_pipeline/venv/lib/python3.10/site-packages/airflow/example_dags/tutorial_taskflow_api.py
[2025-06-17T12:47:24.437+0530] {processor.py:840} INFO - DAG(s) 'tutorial_taskflow_api' retrieved from /home/priya/projects/snowflake_twitter_pipeline/venv/lib/python3.10/site-packages/airflow/example_dags/tutorial_taskflow_api.py
[2025-06-17T12:47:24.449+0530] {logging_mixin.py:188} INFO - [2025-06-17T12:47:24.449+0530] {dag.py:3036} INFO - Sync 1 DAGs
[2025-06-17T12:47:24.458+0530] {logging_mixin.py:188} INFO - [2025-06-17T12:47:24.458+0530] {dag.py:3823} INFO - Setting next_dagrun for tutorial_taskflow_api to None, run_after=None
[2025-06-17T12:47:24.475+0530] {processor.py:183} INFO - Processing /home/priya/projects/snowflake_twitter_pipeline/venv/lib/python3.10/site-packages/airflow/example_dags/tutorial_taskflow_api.py took 0.050 seconds
[2025-06-17T12:48:09.481+0530] {processor.py:161} INFO - Started process (PID=1628) to work on /home/priya/projects/snowflake_twitter_pipeline/venv/lib/python3.10/site-packages/airflow/example_dags/tutorial_taskflow_api.py
[2025-06-17T12:48:09.483+0530] {processor.py:830} INFO - Processing file /home/priya/projects/snowflake_twitter_pipeline/venv/lib/python3.10/site-packages/airflow/example_dags/tutorial_taskflow_api.py for tasks to queue
[2025-06-17T12:48:09.484+0530] {logging_mixin.py:188} INFO - [2025-06-17T12:48:09.484+0530] {dagbag.py:538} INFO - Filling up the DagBag from /home/priya/projects/snowflake_twitter_pipeline/venv/lib/python3.10/site-packages/airflow/example_dags/tutorial_taskflow_api.py
[2025-06-17T12:48:09.488+0530] {processor.py:840} INFO - DAG(s) 'tutorial_taskflow_api' retrieved from /home/priya/projects/snowflake_twitter_pipeline/venv/lib/python3.10/site-packages/airflow/example_dags/tutorial_taskflow_api.py
[2025-06-17T12:48:09.498+0530] {logging_mixin.py:188} INFO - [2025-06-17T12:48:09.498+0530] {dag.py:3036} INFO - Sync 1 DAGs
[2025-06-17T12:48:09.504+0530] {logging_mixin.py:188} INFO - [2025-06-17T12:48:09.504+0530] {dag.py:3823} INFO - Setting next_dagrun for tutorial_taskflow_api to None, run_after=None
[2025-06-17T12:48:09.521+0530] {processor.py:183} INFO - Processing /home/priya/projects/snowflake_twitter_pipeline/venv/lib/python3.10/site-packages/airflow/example_dags/tutorial_taskflow_api.py took 0.041 seconds
[2025-06-17T12:48:57.746+0530] {processor.py:161} INFO - Started process (PID=1839) to work on /home/priya/projects/snowflake_twitter_pipeline/venv/lib/python3.10/site-packages/airflow/example_dags/tutorial_taskflow_api.py
[2025-06-17T12:48:57.748+0530] {processor.py:830} INFO - Processing file /home/priya/projects/snowflake_twitter_pipeline/venv/lib/python3.10/site-packages/airflow/example_dags/tutorial_taskflow_api.py for tasks to queue
[2025-06-17T12:48:57.748+0530] {logging_mixin.py:188} INFO - [2025-06-17T12:48:57.748+0530] {dagbag.py:538} INFO - Filling up the DagBag from /home/priya/projects/snowflake_twitter_pipeline/venv/lib/python3.10/site-packages/airflow/example_dags/tutorial_taskflow_api.py
[2025-06-17T12:48:57.754+0530] {processor.py:840} INFO - DAG(s) 'tutorial_taskflow_api' retrieved from /home/priya/projects/snowflake_twitter_pipeline/venv/lib/python3.10/site-packages/airflow/example_dags/tutorial_taskflow_api.py
[2025-06-17T12:48:57.765+0530] {logging_mixin.py:188} INFO - [2025-06-17T12:48:57.764+0530] {dag.py:3036} INFO - Sync 1 DAGs
[2025-06-17T12:48:57.772+0530] {logging_mixin.py:188} INFO - [2025-06-17T12:48:57.772+0530] {dag.py:3823} INFO - Setting next_dagrun for tutorial_taskflow_api to None, run_after=None
[2025-06-17T12:48:57.793+0530] {processor.py:183} INFO - Processing /home/priya/projects/snowflake_twitter_pipeline/venv/lib/python3.10/site-packages/airflow/example_dags/tutorial_taskflow_api.py took 0.050 seconds
[2025-06-17T12:49:32.980+0530] {processor.py:161} INFO - Started process (PID=2007) to work on /home/priya/projects/snowflake_twitter_pipeline/venv/lib/python3.10/site-packages/airflow/example_dags/tutorial_taskflow_api.py
[2025-06-17T12:49:32.981+0530] {processor.py:830} INFO - Processing file /home/priya/projects/snowflake_twitter_pipeline/venv/lib/python3.10/site-packages/airflow/example_dags/tutorial_taskflow_api.py for tasks to queue
[2025-06-17T12:49:32.982+0530] {logging_mixin.py:188} INFO - [2025-06-17T12:49:32.982+0530] {dagbag.py:538} INFO - Filling up the DagBag from /home/priya/projects/snowflake_twitter_pipeline/venv/lib/python3.10/site-packages/airflow/example_dags/tutorial_taskflow_api.py
[2025-06-17T12:49:32.987+0530] {processor.py:840} INFO - DAG(s) 'tutorial_taskflow_api' retrieved from /home/priya/projects/snowflake_twitter_pipeline/venv/lib/python3.10/site-packages/airflow/example_dags/tutorial_taskflow_api.py
[2025-06-17T12:49:32.997+0530] {logging_mixin.py:188} INFO - [2025-06-17T12:49:32.997+0530] {dag.py:3036} INFO - Sync 1 DAGs
[2025-06-17T12:49:33.005+0530] {logging_mixin.py:188} INFO - [2025-06-17T12:49:33.005+0530] {dag.py:3823} INFO - Setting next_dagrun for tutorial_taskflow_api to None, run_after=None
[2025-06-17T12:49:33.021+0530] {processor.py:183} INFO - Processing /home/priya/projects/snowflake_twitter_pipeline/venv/lib/python3.10/site-packages/airflow/example_dags/tutorial_taskflow_api.py took 0.044 seconds
[2025-06-17T12:50:21.640+0530] {processor.py:161} INFO - Started process (PID=2234) to work on /home/priya/projects/snowflake_twitter_pipeline/venv/lib/python3.10/site-packages/airflow/example_dags/tutorial_taskflow_api.py
[2025-06-17T12:50:21.642+0530] {processor.py:830} INFO - Processing file /home/priya/projects/snowflake_twitter_pipeline/venv/lib/python3.10/site-packages/airflow/example_dags/tutorial_taskflow_api.py for tasks to queue
[2025-06-17T12:50:21.643+0530] {logging_mixin.py:188} INFO - [2025-06-17T12:50:21.643+0530] {dagbag.py:538} INFO - Filling up the DagBag from /home/priya/projects/snowflake_twitter_pipeline/venv/lib/python3.10/site-packages/airflow/example_dags/tutorial_taskflow_api.py
[2025-06-17T12:50:21.648+0530] {processor.py:840} INFO - DAG(s) 'tutorial_taskflow_api' retrieved from /home/priya/projects/snowflake_twitter_pipeline/venv/lib/python3.10/site-packages/airflow/example_dags/tutorial_taskflow_api.py
[2025-06-17T12:50:21.659+0530] {logging_mixin.py:188} INFO - [2025-06-17T12:50:21.659+0530] {dag.py:3036} INFO - Sync 1 DAGs
[2025-06-17T12:50:21.668+0530] {logging_mixin.py:188} INFO - [2025-06-17T12:50:21.668+0530] {dag.py:3823} INFO - Setting next_dagrun for tutorial_taskflow_api to None, run_after=None
[2025-06-17T12:50:21.685+0530] {processor.py:183} INFO - Processing /home/priya/projects/snowflake_twitter_pipeline/venv/lib/python3.10/site-packages/airflow/example_dags/tutorial_taskflow_api.py took 0.049 seconds
[2025-06-17T12:51:07.912+0530] {processor.py:161} INFO - Started process (PID=2445) to work on /home/priya/projects/snowflake_twitter_pipeline/venv/lib/python3.10/site-packages/airflow/example_dags/tutorial_taskflow_api.py
[2025-06-17T12:51:07.922+0530] {processor.py:830} INFO - Processing file /home/priya/projects/snowflake_twitter_pipeline/venv/lib/python3.10/site-packages/airflow/example_dags/tutorial_taskflow_api.py for tasks to queue
[2025-06-17T12:51:07.923+0530] {logging_mixin.py:188} INFO - [2025-06-17T12:51:07.922+0530] {dagbag.py:538} INFO - Filling up the DagBag from /home/priya/projects/snowflake_twitter_pipeline/venv/lib/python3.10/site-packages/airflow/example_dags/tutorial_taskflow_api.py
[2025-06-17T12:51:07.929+0530] {processor.py:840} INFO - DAG(s) 'tutorial_taskflow_api' retrieved from /home/priya/projects/snowflake_twitter_pipeline/venv/lib/python3.10/site-packages/airflow/example_dags/tutorial_taskflow_api.py
[2025-06-17T12:51:07.939+0530] {logging_mixin.py:188} INFO - [2025-06-17T12:51:07.939+0530] {dag.py:3036} INFO - Sync 1 DAGs
[2025-06-17T12:51:07.946+0530] {logging_mixin.py:188} INFO - [2025-06-17T12:51:07.946+0530] {dag.py:3823} INFO - Setting next_dagrun for tutorial_taskflow_api to None, run_after=None
[2025-06-17T12:51:07.963+0530] {processor.py:183} INFO - Processing /home/priya/projects/snowflake_twitter_pipeline/venv/lib/python3.10/site-packages/airflow/example_dags/tutorial_taskflow_api.py took 0.055 seconds
[2025-06-17T12:51:43.178+0530] {processor.py:161} INFO - Started process (PID=2605) to work on /home/priya/projects/snowflake_twitter_pipeline/venv/lib/python3.10/site-packages/airflow/example_dags/tutorial_taskflow_api.py
[2025-06-17T12:51:43.179+0530] {processor.py:830} INFO - Processing file /home/priya/projects/snowflake_twitter_pipeline/venv/lib/python3.10/site-packages/airflow/example_dags/tutorial_taskflow_api.py for tasks to queue
[2025-06-17T12:51:43.180+0530] {logging_mixin.py:188} INFO - [2025-06-17T12:51:43.180+0530] {dagbag.py:538} INFO - Filling up the DagBag from /home/priya/projects/snowflake_twitter_pipeline/venv/lib/python3.10/site-packages/airflow/example_dags/tutorial_taskflow_api.py
[2025-06-17T12:51:43.184+0530] {processor.py:840} INFO - DAG(s) 'tutorial_taskflow_api' retrieved from /home/priya/projects/snowflake_twitter_pipeline/venv/lib/python3.10/site-packages/airflow/example_dags/tutorial_taskflow_api.py
[2025-06-17T12:51:43.194+0530] {logging_mixin.py:188} INFO - [2025-06-17T12:51:43.193+0530] {dag.py:3036} INFO - Sync 1 DAGs
[2025-06-17T12:51:43.201+0530] {logging_mixin.py:188} INFO - [2025-06-17T12:51:43.201+0530] {dag.py:3823} INFO - Setting next_dagrun for tutorial_taskflow_api to None, run_after=None
[2025-06-17T12:51:43.219+0530] {processor.py:183} INFO - Processing /home/priya/projects/snowflake_twitter_pipeline/venv/lib/python3.10/site-packages/airflow/example_dags/tutorial_taskflow_api.py took 0.043 seconds
[2025-06-17T12:52:34.669+0530] {processor.py:161} INFO - Started process (PID=2844) to work on /home/priya/projects/snowflake_twitter_pipeline/venv/lib/python3.10/site-packages/airflow/example_dags/tutorial_taskflow_api.py
[2025-06-17T12:52:34.678+0530] {processor.py:830} INFO - Processing file /home/priya/projects/snowflake_twitter_pipeline/venv/lib/python3.10/site-packages/airflow/example_dags/tutorial_taskflow_api.py for tasks to queue
[2025-06-17T12:52:34.679+0530] {logging_mixin.py:188} INFO - [2025-06-17T12:52:34.679+0530] {dagbag.py:538} INFO - Filling up the DagBag from /home/priya/projects/snowflake_twitter_pipeline/venv/lib/python3.10/site-packages/airflow/example_dags/tutorial_taskflow_api.py
[2025-06-17T12:52:34.686+0530] {processor.py:840} INFO - DAG(s) 'tutorial_taskflow_api' retrieved from /home/priya/projects/snowflake_twitter_pipeline/venv/lib/python3.10/site-packages/airflow/example_dags/tutorial_taskflow_api.py
[2025-06-17T12:52:34.700+0530] {logging_mixin.py:188} INFO - [2025-06-17T12:52:34.700+0530] {dag.py:3036} INFO - Sync 1 DAGs
[2025-06-17T12:52:34.709+0530] {logging_mixin.py:188} INFO - [2025-06-17T12:52:34.709+0530] {dag.py:3823} INFO - Setting next_dagrun for tutorial_taskflow_api to None, run_after=None
[2025-06-17T12:52:34.728+0530] {processor.py:183} INFO - Processing /home/priya/projects/snowflake_twitter_pipeline/venv/lib/python3.10/site-packages/airflow/example_dags/tutorial_taskflow_api.py took 0.062 seconds
[2025-06-17T12:53:10.723+0530] {processor.py:161} INFO - Started process (PID=3013) to work on /home/priya/projects/snowflake_twitter_pipeline/venv/lib/python3.10/site-packages/airflow/example_dags/tutorial_taskflow_api.py
[2025-06-17T12:53:10.725+0530] {processor.py:830} INFO - Processing file /home/priya/projects/snowflake_twitter_pipeline/venv/lib/python3.10/site-packages/airflow/example_dags/tutorial_taskflow_api.py for tasks to queue
[2025-06-17T12:53:10.726+0530] {logging_mixin.py:188} INFO - [2025-06-17T12:53:10.725+0530] {dagbag.py:538} INFO - Filling up the DagBag from /home/priya/projects/snowflake_twitter_pipeline/venv/lib/python3.10/site-packages/airflow/example_dags/tutorial_taskflow_api.py
[2025-06-17T12:53:10.730+0530] {processor.py:840} INFO - DAG(s) 'tutorial_taskflow_api' retrieved from /home/priya/projects/snowflake_twitter_pipeline/venv/lib/python3.10/site-packages/airflow/example_dags/tutorial_taskflow_api.py
[2025-06-17T12:53:10.744+0530] {logging_mixin.py:188} INFO - [2025-06-17T12:53:10.744+0530] {dag.py:3036} INFO - Sync 1 DAGs
[2025-06-17T12:53:10.753+0530] {logging_mixin.py:188} INFO - [2025-06-17T12:53:10.752+0530] {dag.py:3823} INFO - Setting next_dagrun for tutorial_taskflow_api to None, run_after=None
[2025-06-17T12:53:10.772+0530] {processor.py:183} INFO - Processing /home/priya/projects/snowflake_twitter_pipeline/venv/lib/python3.10/site-packages/airflow/example_dags/tutorial_taskflow_api.py took 0.051 seconds
[2025-06-17T12:53:45.699+0530] {processor.py:161} INFO - Started process (PID=3093) to work on /home/priya/projects/snowflake_twitter_pipeline/venv/lib/python3.10/site-packages/airflow/example_dags/tutorial_taskflow_api.py
[2025-06-17T12:53:45.701+0530] {processor.py:830} INFO - Processing file /home/priya/projects/snowflake_twitter_pipeline/venv/lib/python3.10/site-packages/airflow/example_dags/tutorial_taskflow_api.py for tasks to queue
[2025-06-17T12:53:45.703+0530] {logging_mixin.py:188} INFO - [2025-06-17T12:53:45.702+0530] {dagbag.py:538} INFO - Filling up the DagBag from /home/priya/projects/snowflake_twitter_pipeline/venv/lib/python3.10/site-packages/airflow/example_dags/tutorial_taskflow_api.py
[2025-06-17T12:53:45.709+0530] {processor.py:840} INFO - DAG(s) 'tutorial_taskflow_api' retrieved from /home/priya/projects/snowflake_twitter_pipeline/venv/lib/python3.10/site-packages/airflow/example_dags/tutorial_taskflow_api.py
[2025-06-17T12:53:45.722+0530] {logging_mixin.py:188} INFO - [2025-06-17T12:53:45.721+0530] {dag.py:3036} INFO - Sync 1 DAGs
[2025-06-17T12:53:45.730+0530] {logging_mixin.py:188} INFO - [2025-06-17T12:53:45.730+0530] {dag.py:3823} INFO - Setting next_dagrun for tutorial_taskflow_api to None, run_after=None
[2025-06-17T12:53:45.749+0530] {processor.py:183} INFO - Processing /home/priya/projects/snowflake_twitter_pipeline/venv/lib/python3.10/site-packages/airflow/example_dags/tutorial_taskflow_api.py took 0.052 seconds
[2025-06-17T12:54:39.692+0530] {processor.py:161} INFO - Started process (PID=3213) to work on /home/priya/projects/snowflake_twitter_pipeline/venv/lib/python3.10/site-packages/airflow/example_dags/tutorial_taskflow_api.py
[2025-06-17T12:54:39.707+0530] {processor.py:830} INFO - Processing file /home/priya/projects/snowflake_twitter_pipeline/venv/lib/python3.10/site-packages/airflow/example_dags/tutorial_taskflow_api.py for tasks to queue
[2025-06-17T12:54:39.708+0530] {logging_mixin.py:188} INFO - [2025-06-17T12:54:39.708+0530] {dagbag.py:538} INFO - Filling up the DagBag from /home/priya/projects/snowflake_twitter_pipeline/venv/lib/python3.10/site-packages/airflow/example_dags/tutorial_taskflow_api.py
[2025-06-17T12:54:39.713+0530] {processor.py:840} INFO - DAG(s) 'tutorial_taskflow_api' retrieved from /home/priya/projects/snowflake_twitter_pipeline/venv/lib/python3.10/site-packages/airflow/example_dags/tutorial_taskflow_api.py
[2025-06-17T12:54:39.726+0530] {logging_mixin.py:188} INFO - [2025-06-17T12:54:39.726+0530] {dag.py:3036} INFO - Sync 1 DAGs
[2025-06-17T12:54:39.737+0530] {logging_mixin.py:188} INFO - [2025-06-17T12:54:39.737+0530] {dag.py:3823} INFO - Setting next_dagrun for tutorial_taskflow_api to None, run_after=None
[2025-06-17T12:54:39.768+0530] {processor.py:183} INFO - Processing /home/priya/projects/snowflake_twitter_pipeline/venv/lib/python3.10/site-packages/airflow/example_dags/tutorial_taskflow_api.py took 0.078 seconds
