[2025-06-17T12:42:37.965+0530] {processor.py:161} INFO - Started process (PID=439) to work on /home/priya/projects/snowflake_twitter_pipeline/venv/lib/python3.10/site-packages/airflow/example_dags/tutorial.py
[2025-06-17T12:42:37.965+0530] {processor.py:830} INFO - Processing file /home/priya/projects/snowflake_twitter_pipeline/venv/lib/python3.10/site-packages/airflow/example_dags/tutorial.py for tasks to queue
[2025-06-17T12:42:37.966+0530] {logging_mixin.py:188} INFO - [2025-06-17T12:42:37.966+0530] {dagbag.py:538} INFO - Filling up the DagBag from /home/priya/projects/snowflake_twitter_pipeline/venv/lib/python3.10/site-packages/airflow/example_dags/tutorial.py
[2025-06-17T12:42:37.972+0530] {processor.py:840} INFO - DAG(s) 'tutorial' retrieved from /home/priya/projects/snowflake_twitter_pipeline/venv/lib/python3.10/site-packages/airflow/example_dags/tutorial.py
[2025-06-17T12:42:38.111+0530] {logging_mixin.py:188} INFO - [2025-06-17T12:42:38.111+0530] {override.py:1769} INFO - Created Permission View: can edit on DAG:tutorial
[2025-06-17T12:42:38.123+0530] {logging_mixin.py:188} INFO - [2025-06-17T12:42:38.122+0530] {override.py:1769} INFO - Created Permission View: can delete on DAG:tutorial
[2025-06-17T12:42:38.131+0530] {logging_mixin.py:188} INFO - [2025-06-17T12:42:38.130+0530] {override.py:1769} INFO - Created Permission View: can read on DAG:tutorial
[2025-06-17T12:42:38.131+0530] {logging_mixin.py:188} INFO - [2025-06-17T12:42:38.131+0530] {dag.py:3036} INFO - Sync 1 DAGs
[2025-06-17T12:42:38.137+0530] {logging_mixin.py:188} INFO - [2025-06-17T12:42:38.137+0530] {dag.py:3058} INFO - Creating ORM DAG for tutorial
[2025-06-17T12:42:38.142+0530] {logging_mixin.py:188} INFO - [2025-06-17T12:42:38.142+0530] {dag.py:3823} INFO - Setting next_dagrun for tutorial to 2025-06-16 00:00:00+00:00, run_after=2025-06-17 00:00:00+00:00
[2025-06-17T12:42:38.161+0530] {processor.py:183} INFO - Processing /home/priya/projects/snowflake_twitter_pipeline/venv/lib/python3.10/site-packages/airflow/example_dags/tutorial.py took 0.199 seconds
[2025-06-17T12:43:30.899+0530] {processor.py:161} INFO - Started process (PID=503) to work on /home/priya/projects/snowflake_twitter_pipeline/venv/lib/python3.10/site-packages/airflow/example_dags/tutorial.py
[2025-06-17T12:43:30.908+0530] {processor.py:830} INFO - Processing file /home/priya/projects/snowflake_twitter_pipeline/venv/lib/python3.10/site-packages/airflow/example_dags/tutorial.py for tasks to queue
[2025-06-17T12:43:30.909+0530] {logging_mixin.py:188} INFO - [2025-06-17T12:43:30.909+0530] {dagbag.py:538} INFO - Filling up the DagBag from /home/priya/projects/snowflake_twitter_pipeline/venv/lib/python3.10/site-packages/airflow/example_dags/tutorial.py
[2025-06-17T12:43:30.914+0530] {processor.py:840} INFO - DAG(s) 'tutorial' retrieved from /home/priya/projects/snowflake_twitter_pipeline/venv/lib/python3.10/site-packages/airflow/example_dags/tutorial.py
[2025-06-17T12:43:30.923+0530] {logging_mixin.py:188} INFO - [2025-06-17T12:43:30.923+0530] {dag.py:3036} INFO - Sync 1 DAGs
[2025-06-17T12:43:30.935+0530] {logging_mixin.py:188} INFO - [2025-06-17T12:43:30.935+0530] {dag.py:3823} INFO - Setting next_dagrun for tutorial to 2025-06-16 00:00:00+00:00, run_after=2025-06-17 00:00:00+00:00
[2025-06-17T12:43:30.953+0530] {processor.py:183} INFO - Processing /home/priya/projects/snowflake_twitter_pipeline/venv/lib/python3.10/site-packages/airflow/example_dags/tutorial.py took 0.057 seconds
[2025-06-17T12:44:18.890+0530] {processor.py:161} INFO - Started process (PID=568) to work on /home/priya/projects/snowflake_twitter_pipeline/venv/lib/python3.10/site-packages/airflow/example_dags/tutorial.py
[2025-06-17T12:44:18.892+0530] {processor.py:830} INFO - Processing file /home/priya/projects/snowflake_twitter_pipeline/venv/lib/python3.10/site-packages/airflow/example_dags/tutorial.py for tasks to queue
[2025-06-17T12:44:18.893+0530] {logging_mixin.py:188} INFO - [2025-06-17T12:44:18.893+0530] {dagbag.py:538} INFO - Filling up the DagBag from /home/priya/projects/snowflake_twitter_pipeline/venv/lib/python3.10/site-packages/airflow/example_dags/tutorial.py
[2025-06-17T12:44:18.897+0530] {processor.py:840} INFO - DAG(s) 'tutorial' retrieved from /home/priya/projects/snowflake_twitter_pipeline/venv/lib/python3.10/site-packages/airflow/example_dags/tutorial.py
[2025-06-17T12:44:18.906+0530] {logging_mixin.py:188} INFO - [2025-06-17T12:44:18.906+0530] {dag.py:3036} INFO - Sync 1 DAGs
[2025-06-17T12:44:18.917+0530] {logging_mixin.py:188} INFO - [2025-06-17T12:44:18.917+0530] {dag.py:3823} INFO - Setting next_dagrun for tutorial to 2025-06-16 00:00:00+00:00, run_after=2025-06-17 00:00:00+00:00
[2025-06-17T12:44:18.934+0530] {processor.py:183} INFO - Processing /home/priya/projects/snowflake_twitter_pipeline/venv/lib/python3.10/site-packages/airflow/example_dags/tutorial.py took 0.046 seconds
[2025-06-17T12:46:03.244+0530] {processor.py:161} INFO - Started process (PID=667) to work on /home/priya/projects/snowflake_twitter_pipeline/venv/lib/python3.10/site-packages/airflow/example_dags/tutorial.py
[2025-06-17T12:46:03.252+0530] {processor.py:830} INFO - Processing file /home/priya/projects/snowflake_twitter_pipeline/venv/lib/python3.10/site-packages/airflow/example_dags/tutorial.py for tasks to queue
[2025-06-17T12:46:03.253+0530] {logging_mixin.py:188} INFO - [2025-06-17T12:46:03.252+0530] {dagbag.py:538} INFO - Filling up the DagBag from /home/priya/projects/snowflake_twitter_pipeline/venv/lib/python3.10/site-packages/airflow/example_dags/tutorial.py
[2025-06-17T12:46:03.259+0530] {processor.py:840} INFO - DAG(s) 'tutorial' retrieved from /home/priya/projects/snowflake_twitter_pipeline/venv/lib/python3.10/site-packages/airflow/example_dags/tutorial.py
[2025-06-17T12:46:03.270+0530] {logging_mixin.py:188} INFO - [2025-06-17T12:46:03.270+0530] {dag.py:3036} INFO - Sync 1 DAGs
[2025-06-17T12:46:03.284+0530] {logging_mixin.py:188} INFO - [2025-06-17T12:46:03.283+0530] {dag.py:3823} INFO - Setting next_dagrun for tutorial to 2025-06-16 00:00:00+00:00, run_after=2025-06-17 00:00:00+00:00
[2025-06-17T12:46:03.301+0530] {processor.py:183} INFO - Processing /home/priya/projects/snowflake_twitter_pipeline/venv/lib/python3.10/site-packages/airflow/example_dags/tutorial.py took 0.060 seconds
[2025-06-17T12:46:54.649+0530] {processor.py:161} INFO - Started process (PID=1289) to work on /home/priya/projects/snowflake_twitter_pipeline/venv/lib/python3.10/site-packages/airflow/example_dags/tutorial.py
[2025-06-17T12:46:54.650+0530] {processor.py:830} INFO - Processing file /home/priya/projects/snowflake_twitter_pipeline/venv/lib/python3.10/site-packages/airflow/example_dags/tutorial.py for tasks to queue
[2025-06-17T12:46:54.651+0530] {logging_mixin.py:188} INFO - [2025-06-17T12:46:54.650+0530] {dagbag.py:538} INFO - Filling up the DagBag from /home/priya/projects/snowflake_twitter_pipeline/venv/lib/python3.10/site-packages/airflow/example_dags/tutorial.py
[2025-06-17T12:46:54.657+0530] {processor.py:840} INFO - DAG(s) 'tutorial' retrieved from /home/priya/projects/snowflake_twitter_pipeline/venv/lib/python3.10/site-packages/airflow/example_dags/tutorial.py
[2025-06-17T12:46:54.672+0530] {logging_mixin.py:188} INFO - [2025-06-17T12:46:54.671+0530] {dag.py:3036} INFO - Sync 1 DAGs
[2025-06-17T12:46:54.687+0530] {logging_mixin.py:188} INFO - [2025-06-17T12:46:54.687+0530] {dag.py:3823} INFO - Setting next_dagrun for tutorial to 2025-06-16 00:00:00+00:00, run_after=2025-06-17 00:00:00+00:00
[2025-06-17T12:46:54.708+0530] {processor.py:183} INFO - Processing /home/priya/projects/snowflake_twitter_pipeline/venv/lib/python3.10/site-packages/airflow/example_dags/tutorial.py took 0.062 seconds
[2025-06-17T12:47:42.062+0530] {processor.py:161} INFO - Started process (PID=1493) to work on /home/priya/projects/snowflake_twitter_pipeline/venv/lib/python3.10/site-packages/airflow/example_dags/tutorial.py
[2025-06-17T12:47:42.063+0530] {processor.py:830} INFO - Processing file /home/priya/projects/snowflake_twitter_pipeline/venv/lib/python3.10/site-packages/airflow/example_dags/tutorial.py for tasks to queue
[2025-06-17T12:47:42.064+0530] {logging_mixin.py:188} INFO - [2025-06-17T12:47:42.063+0530] {dagbag.py:538} INFO - Filling up the DagBag from /home/priya/projects/snowflake_twitter_pipeline/venv/lib/python3.10/site-packages/airflow/example_dags/tutorial.py
[2025-06-17T12:47:42.069+0530] {processor.py:840} INFO - DAG(s) 'tutorial' retrieved from /home/priya/projects/snowflake_twitter_pipeline/venv/lib/python3.10/site-packages/airflow/example_dags/tutorial.py
[2025-06-17T12:47:42.078+0530] {logging_mixin.py:188} INFO - [2025-06-17T12:47:42.078+0530] {dag.py:3036} INFO - Sync 1 DAGs
[2025-06-17T12:47:42.090+0530] {logging_mixin.py:188} INFO - [2025-06-17T12:47:42.090+0530] {dag.py:3823} INFO - Setting next_dagrun for tutorial to 2025-06-16 00:00:00+00:00, run_after=2025-06-17 00:00:00+00:00
[2025-06-17T12:47:42.105+0530] {processor.py:183} INFO - Processing /home/priya/projects/snowflake_twitter_pipeline/venv/lib/python3.10/site-packages/airflow/example_dags/tutorial.py took 0.046 seconds
[2025-06-17T12:48:28.603+0530] {processor.py:161} INFO - Started process (PID=1702) to work on /home/priya/projects/snowflake_twitter_pipeline/venv/lib/python3.10/site-packages/airflow/example_dags/tutorial.py
[2025-06-17T12:48:28.605+0530] {processor.py:830} INFO - Processing file /home/priya/projects/snowflake_twitter_pipeline/venv/lib/python3.10/site-packages/airflow/example_dags/tutorial.py for tasks to queue
[2025-06-17T12:48:28.606+0530] {logging_mixin.py:188} INFO - [2025-06-17T12:48:28.605+0530] {dagbag.py:538} INFO - Filling up the DagBag from /home/priya/projects/snowflake_twitter_pipeline/venv/lib/python3.10/site-packages/airflow/example_dags/tutorial.py
[2025-06-17T12:48:28.612+0530] {processor.py:840} INFO - DAG(s) 'tutorial' retrieved from /home/priya/projects/snowflake_twitter_pipeline/venv/lib/python3.10/site-packages/airflow/example_dags/tutorial.py
[2025-06-17T12:48:28.628+0530] {logging_mixin.py:188} INFO - [2025-06-17T12:48:28.628+0530] {dag.py:3036} INFO - Sync 1 DAGs
[2025-06-17T12:48:28.645+0530] {logging_mixin.py:188} INFO - [2025-06-17T12:48:28.645+0530] {dag.py:3823} INFO - Setting next_dagrun for tutorial to 2025-06-16 00:00:00+00:00, run_after=2025-06-17 00:00:00+00:00
[2025-06-17T12:48:28.668+0530] {processor.py:183} INFO - Processing /home/priya/projects/snowflake_twitter_pipeline/venv/lib/python3.10/site-packages/airflow/example_dags/tutorial.py took 0.070 seconds
[2025-06-17T12:49:21.545+0530] {processor.py:161} INFO - Started process (PID=1960) to work on /home/priya/projects/snowflake_twitter_pipeline/venv/lib/python3.10/site-packages/airflow/example_dags/tutorial.py
[2025-06-17T12:49:21.546+0530] {processor.py:830} INFO - Processing file /home/priya/projects/snowflake_twitter_pipeline/venv/lib/python3.10/site-packages/airflow/example_dags/tutorial.py for tasks to queue
[2025-06-17T12:49:21.547+0530] {logging_mixin.py:188} INFO - [2025-06-17T12:49:21.547+0530] {dagbag.py:538} INFO - Filling up the DagBag from /home/priya/projects/snowflake_twitter_pipeline/venv/lib/python3.10/site-packages/airflow/example_dags/tutorial.py
[2025-06-17T12:49:21.552+0530] {processor.py:840} INFO - DAG(s) 'tutorial' retrieved from /home/priya/projects/snowflake_twitter_pipeline/venv/lib/python3.10/site-packages/airflow/example_dags/tutorial.py
[2025-06-17T12:49:21.561+0530] {logging_mixin.py:188} INFO - [2025-06-17T12:49:21.561+0530] {dag.py:3036} INFO - Sync 1 DAGs
[2025-06-17T12:49:21.573+0530] {logging_mixin.py:188} INFO - [2025-06-17T12:49:21.573+0530] {dag.py:3823} INFO - Setting next_dagrun for tutorial to 2025-06-16 00:00:00+00:00, run_after=2025-06-17 00:00:00+00:00
[2025-06-17T12:49:21.590+0530] {processor.py:183} INFO - Processing /home/priya/projects/snowflake_twitter_pipeline/venv/lib/python3.10/site-packages/airflow/example_dags/tutorial.py took 0.049 seconds
[2025-06-17T12:50:07.835+0530] {processor.py:161} INFO - Started process (PID=2162) to work on /home/priya/projects/snowflake_twitter_pipeline/venv/lib/python3.10/site-packages/airflow/example_dags/tutorial.py
[2025-06-17T12:50:07.836+0530] {processor.py:830} INFO - Processing file /home/priya/projects/snowflake_twitter_pipeline/venv/lib/python3.10/site-packages/airflow/example_dags/tutorial.py for tasks to queue
[2025-06-17T12:50:07.837+0530] {logging_mixin.py:188} INFO - [2025-06-17T12:50:07.837+0530] {dagbag.py:538} INFO - Filling up the DagBag from /home/priya/projects/snowflake_twitter_pipeline/venv/lib/python3.10/site-packages/airflow/example_dags/tutorial.py
[2025-06-17T12:50:07.843+0530] {processor.py:840} INFO - DAG(s) 'tutorial' retrieved from /home/priya/projects/snowflake_twitter_pipeline/venv/lib/python3.10/site-packages/airflow/example_dags/tutorial.py
[2025-06-17T12:50:07.853+0530] {logging_mixin.py:188} INFO - [2025-06-17T12:50:07.853+0530] {dag.py:3036} INFO - Sync 1 DAGs
[2025-06-17T12:50:07.867+0530] {logging_mixin.py:188} INFO - [2025-06-17T12:50:07.867+0530] {dag.py:3823} INFO - Setting next_dagrun for tutorial to 2025-06-16 00:00:00+00:00, run_after=2025-06-17 00:00:00+00:00
[2025-06-17T12:50:07.886+0530] {processor.py:183} INFO - Processing /home/priya/projects/snowflake_twitter_pipeline/venv/lib/python3.10/site-packages/airflow/example_dags/tutorial.py took 0.054 seconds
[2025-06-17T12:50:56.639+0530] {processor.py:161} INFO - Started process (PID=2396) to work on /home/priya/projects/snowflake_twitter_pipeline/venv/lib/python3.10/site-packages/airflow/example_dags/tutorial.py
[2025-06-17T12:50:56.641+0530] {processor.py:830} INFO - Processing file /home/priya/projects/snowflake_twitter_pipeline/venv/lib/python3.10/site-packages/airflow/example_dags/tutorial.py for tasks to queue
[2025-06-17T12:50:56.641+0530] {logging_mixin.py:188} INFO - [2025-06-17T12:50:56.641+0530] {dagbag.py:538} INFO - Filling up the DagBag from /home/priya/projects/snowflake_twitter_pipeline/venv/lib/python3.10/site-packages/airflow/example_dags/tutorial.py
[2025-06-17T12:50:56.648+0530] {processor.py:840} INFO - DAG(s) 'tutorial' retrieved from /home/priya/projects/snowflake_twitter_pipeline/venv/lib/python3.10/site-packages/airflow/example_dags/tutorial.py
[2025-06-17T12:50:56.660+0530] {logging_mixin.py:188} INFO - [2025-06-17T12:50:56.660+0530] {dag.py:3036} INFO - Sync 1 DAGs
[2025-06-17T12:50:56.677+0530] {logging_mixin.py:188} INFO - [2025-06-17T12:50:56.677+0530] {dag.py:3823} INFO - Setting next_dagrun for tutorial to 2025-06-16 00:00:00+00:00, run_after=2025-06-17 00:00:00+00:00
[2025-06-17T12:50:56.700+0530] {processor.py:183} INFO - Processing /home/priya/projects/snowflake_twitter_pipeline/venv/lib/python3.10/site-packages/airflow/example_dags/tutorial.py took 0.064 seconds
[2025-06-17T12:51:47.318+0530] {processor.py:161} INFO - Started process (PID=2622) to work on /home/priya/projects/snowflake_twitter_pipeline/venv/lib/python3.10/site-packages/airflow/example_dags/tutorial.py
[2025-06-17T12:51:47.320+0530] {processor.py:830} INFO - Processing file /home/priya/projects/snowflake_twitter_pipeline/venv/lib/python3.10/site-packages/airflow/example_dags/tutorial.py for tasks to queue
[2025-06-17T12:51:47.321+0530] {logging_mixin.py:188} INFO - [2025-06-17T12:51:47.320+0530] {dagbag.py:538} INFO - Filling up the DagBag from /home/priya/projects/snowflake_twitter_pipeline/venv/lib/python3.10/site-packages/airflow/example_dags/tutorial.py
[2025-06-17T12:51:47.326+0530] {processor.py:840} INFO - DAG(s) 'tutorial' retrieved from /home/priya/projects/snowflake_twitter_pipeline/venv/lib/python3.10/site-packages/airflow/example_dags/tutorial.py
[2025-06-17T12:51:47.335+0530] {logging_mixin.py:188} INFO - [2025-06-17T12:51:47.335+0530] {dag.py:3036} INFO - Sync 1 DAGs
[2025-06-17T12:51:47.348+0530] {logging_mixin.py:188} INFO - [2025-06-17T12:51:47.348+0530] {dag.py:3823} INFO - Setting next_dagrun for tutorial to 2025-06-16 00:00:00+00:00, run_after=2025-06-17 00:00:00+00:00
[2025-06-17T12:51:47.364+0530] {processor.py:183} INFO - Processing /home/priya/projects/snowflake_twitter_pipeline/venv/lib/python3.10/site-packages/airflow/example_dags/tutorial.py took 0.048 seconds
[2025-06-17T12:52:39.828+0530] {processor.py:161} INFO - Started process (PID=2871) to work on /home/priya/projects/snowflake_twitter_pipeline/venv/lib/python3.10/site-packages/airflow/example_dags/tutorial.py
[2025-06-17T12:52:39.831+0530] {processor.py:830} INFO - Processing file /home/priya/projects/snowflake_twitter_pipeline/venv/lib/python3.10/site-packages/airflow/example_dags/tutorial.py for tasks to queue
[2025-06-17T12:52:39.831+0530] {logging_mixin.py:188} INFO - [2025-06-17T12:52:39.831+0530] {dagbag.py:538} INFO - Filling up the DagBag from /home/priya/projects/snowflake_twitter_pipeline/venv/lib/python3.10/site-packages/airflow/example_dags/tutorial.py
[2025-06-17T12:52:39.839+0530] {processor.py:840} INFO - DAG(s) 'tutorial' retrieved from /home/priya/projects/snowflake_twitter_pipeline/venv/lib/python3.10/site-packages/airflow/example_dags/tutorial.py
[2025-06-17T12:52:39.853+0530] {logging_mixin.py:188} INFO - [2025-06-17T12:52:39.853+0530] {dag.py:3036} INFO - Sync 1 DAGs
[2025-06-17T12:52:39.877+0530] {logging_mixin.py:188} INFO - [2025-06-17T12:52:39.877+0530] {dag.py:3823} INFO - Setting next_dagrun for tutorial to 2025-06-16 00:00:00+00:00, run_after=2025-06-17 00:00:00+00:00
[2025-06-17T12:52:39.899+0530] {processor.py:183} INFO - Processing /home/priya/projects/snowflake_twitter_pipeline/venv/lib/python3.10/site-packages/airflow/example_dags/tutorial.py took 0.075 seconds
[2025-06-17T12:53:34.044+0530] {processor.py:161} INFO - Started process (PID=3064) to work on /home/priya/projects/snowflake_twitter_pipeline/venv/lib/python3.10/site-packages/airflow/example_dags/tutorial.py
[2025-06-17T12:53:34.046+0530] {processor.py:830} INFO - Processing file /home/priya/projects/snowflake_twitter_pipeline/venv/lib/python3.10/site-packages/airflow/example_dags/tutorial.py for tasks to queue
[2025-06-17T12:53:34.047+0530] {logging_mixin.py:188} INFO - [2025-06-17T12:53:34.046+0530] {dagbag.py:538} INFO - Filling up the DagBag from /home/priya/projects/snowflake_twitter_pipeline/venv/lib/python3.10/site-packages/airflow/example_dags/tutorial.py
[2025-06-17T12:53:34.052+0530] {processor.py:840} INFO - DAG(s) 'tutorial' retrieved from /home/priya/projects/snowflake_twitter_pipeline/venv/lib/python3.10/site-packages/airflow/example_dags/tutorial.py
[2025-06-17T12:53:34.067+0530] {logging_mixin.py:188} INFO - [2025-06-17T12:53:34.067+0530] {dag.py:3036} INFO - Sync 1 DAGs
[2025-06-17T12:53:34.085+0530] {logging_mixin.py:188} INFO - [2025-06-17T12:53:34.085+0530] {dag.py:3823} INFO - Setting next_dagrun for tutorial to 2025-06-16 00:00:00+00:00, run_after=2025-06-17 00:00:00+00:00
[2025-06-17T12:53:34.105+0530] {processor.py:183} INFO - Processing /home/priya/projects/snowflake_twitter_pipeline/venv/lib/python3.10/site-packages/airflow/example_dags/tutorial.py took 0.063 seconds
[2025-06-17T12:54:25.611+0530] {processor.py:161} INFO - Started process (PID=3163) to work on /home/priya/projects/snowflake_twitter_pipeline/venv/lib/python3.10/site-packages/airflow/example_dags/tutorial.py
[2025-06-17T12:54:25.615+0530] {processor.py:830} INFO - Processing file /home/priya/projects/snowflake_twitter_pipeline/venv/lib/python3.10/site-packages/airflow/example_dags/tutorial.py for tasks to queue
[2025-06-17T12:54:25.617+0530] {logging_mixin.py:188} INFO - [2025-06-17T12:54:25.617+0530] {dagbag.py:538} INFO - Filling up the DagBag from /home/priya/projects/snowflake_twitter_pipeline/venv/lib/python3.10/site-packages/airflow/example_dags/tutorial.py
[2025-06-17T12:54:25.633+0530] {processor.py:840} INFO - DAG(s) 'tutorial' retrieved from /home/priya/projects/snowflake_twitter_pipeline/venv/lib/python3.10/site-packages/airflow/example_dags/tutorial.py
[2025-06-17T12:54:25.651+0530] {logging_mixin.py:188} INFO - [2025-06-17T12:54:25.651+0530] {dag.py:3036} INFO - Sync 1 DAGs
[2025-06-17T12:54:25.673+0530] {logging_mixin.py:188} INFO - [2025-06-17T12:54:25.673+0530] {dag.py:3823} INFO - Setting next_dagrun for tutorial to 2025-06-16 00:00:00+00:00, run_after=2025-06-17 00:00:00+00:00
[2025-06-17T12:54:25.693+0530] {processor.py:183} INFO - Processing /home/priya/projects/snowflake_twitter_pipeline/venv/lib/python3.10/site-packages/airflow/example_dags/tutorial.py took 0.085 seconds
