[2025-06-17T12:42:13.179+0530] {processor.py:161} INFO - Started process (PID=401) to work on /home/priya/projects/snowflake_twitter_pipeline/venv/lib/python3.10/site-packages/airflow/example_dags/plugins/event_listener.py
[2025-06-17T12:42:13.180+0530] {processor.py:830} INFO - Processing file /home/priya/projects/snowflake_twitter_pipeline/venv/lib/python3.10/site-packages/airflow/example_dags/plugins/event_listener.py for tasks to queue
[2025-06-17T12:42:13.181+0530] {logging_mixin.py:188} INFO - [2025-06-17T12:42:13.181+0530] {dagbag.py:538} INFO - Filling up the DagBag from /home/priya/projects/snowflake_twitter_pipeline/venv/lib/python3.10/site-packages/airflow/example_dags/plugins/event_listener.py
[2025-06-17T12:42:13.183+0530] {processor.py:842} WARNING - No viable dags retrieved from /home/priya/projects/snowflake_twitter_pipeline/venv/lib/python3.10/site-packages/airflow/example_dags/plugins/event_listener.py
[2025-06-17T12:42:13.192+0530] {processor.py:183} INFO - Processing /home/priya/projects/snowflake_twitter_pipeline/venv/lib/python3.10/site-packages/airflow/example_dags/plugins/event_listener.py took 0.016 seconds
[2025-06-17T12:43:08.289+0530] {processor.py:161} INFO - Started process (PID=465) to work on /home/priya/projects/snowflake_twitter_pipeline/venv/lib/python3.10/site-packages/airflow/example_dags/plugins/event_listener.py
[2025-06-17T12:43:08.291+0530] {processor.py:830} INFO - Processing file /home/priya/projects/snowflake_twitter_pipeline/venv/lib/python3.10/site-packages/airflow/example_dags/plugins/event_listener.py for tasks to queue
[2025-06-17T12:43:08.292+0530] {logging_mixin.py:188} INFO - [2025-06-17T12:43:08.292+0530] {dagbag.py:538} INFO - Filling up the DagBag from /home/priya/projects/snowflake_twitter_pipeline/venv/lib/python3.10/site-packages/airflow/example_dags/plugins/event_listener.py
[2025-06-17T12:43:08.294+0530] {processor.py:842} WARNING - No viable dags retrieved from /home/priya/projects/snowflake_twitter_pipeline/venv/lib/python3.10/site-packages/airflow/example_dags/plugins/event_listener.py
[2025-06-17T12:43:08.301+0530] {processor.py:183} INFO - Processing /home/priya/projects/snowflake_twitter_pipeline/venv/lib/python3.10/site-packages/airflow/example_dags/plugins/event_listener.py took 0.014 seconds
[2025-06-17T12:43:51.506+0530] {processor.py:161} INFO - Started process (PID=523) to work on /home/priya/projects/snowflake_twitter_pipeline/venv/lib/python3.10/site-packages/airflow/example_dags/plugins/event_listener.py
[2025-06-17T12:43:51.515+0530] {processor.py:830} INFO - Processing file /home/priya/projects/snowflake_twitter_pipeline/venv/lib/python3.10/site-packages/airflow/example_dags/plugins/event_listener.py for tasks to queue
[2025-06-17T12:43:51.516+0530] {logging_mixin.py:188} INFO - [2025-06-17T12:43:51.515+0530] {dagbag.py:538} INFO - Filling up the DagBag from /home/priya/projects/snowflake_twitter_pipeline/venv/lib/python3.10/site-packages/airflow/example_dags/plugins/event_listener.py
[2025-06-17T12:43:51.517+0530] {processor.py:842} WARNING - No viable dags retrieved from /home/priya/projects/snowflake_twitter_pipeline/venv/lib/python3.10/site-packages/airflow/example_dags/plugins/event_listener.py
[2025-06-17T12:43:51.524+0530] {processor.py:183} INFO - Processing /home/priya/projects/snowflake_twitter_pipeline/venv/lib/python3.10/site-packages/airflow/example_dags/plugins/event_listener.py took 0.019 seconds
[2025-06-17T12:44:30.329+0530] {processor.py:161} INFO - Started process (PID=580) to work on /home/priya/projects/snowflake_twitter_pipeline/venv/lib/python3.10/site-packages/airflow/example_dags/plugins/event_listener.py
[2025-06-17T12:44:30.338+0530] {processor.py:830} INFO - Processing file /home/priya/projects/snowflake_twitter_pipeline/venv/lib/python3.10/site-packages/airflow/example_dags/plugins/event_listener.py for tasks to queue
[2025-06-17T12:44:30.339+0530] {logging_mixin.py:188} INFO - [2025-06-17T12:44:30.339+0530] {dagbag.py:538} INFO - Filling up the DagBag from /home/priya/projects/snowflake_twitter_pipeline/venv/lib/python3.10/site-packages/airflow/example_dags/plugins/event_listener.py
[2025-06-17T12:44:30.341+0530] {processor.py:842} WARNING - No viable dags retrieved from /home/priya/projects/snowflake_twitter_pipeline/venv/lib/python3.10/site-packages/airflow/example_dags/plugins/event_listener.py
[2025-06-17T12:44:30.350+0530] {processor.py:183} INFO - Processing /home/priya/projects/snowflake_twitter_pipeline/venv/lib/python3.10/site-packages/airflow/example_dags/plugins/event_listener.py took 0.023 seconds
[2025-06-17T12:45:40.623+0530] {processor.py:161} INFO - Started process (PID=628) to work on /home/priya/projects/snowflake_twitter_pipeline/venv/lib/python3.10/site-packages/airflow/example_dags/plugins/event_listener.py
[2025-06-17T12:45:40.625+0530] {processor.py:830} INFO - Processing file /home/priya/projects/snowflake_twitter_pipeline/venv/lib/python3.10/site-packages/airflow/example_dags/plugins/event_listener.py for tasks to queue
[2025-06-17T12:45:40.625+0530] {logging_mixin.py:188} INFO - [2025-06-17T12:45:40.625+0530] {dagbag.py:538} INFO - Filling up the DagBag from /home/priya/projects/snowflake_twitter_pipeline/venv/lib/python3.10/site-packages/airflow/example_dags/plugins/event_listener.py
[2025-06-17T12:45:40.627+0530] {processor.py:842} WARNING - No viable dags retrieved from /home/priya/projects/snowflake_twitter_pipeline/venv/lib/python3.10/site-packages/airflow/example_dags/plugins/event_listener.py
[2025-06-17T12:45:40.636+0530] {processor.py:183} INFO - Processing /home/priya/projects/snowflake_twitter_pipeline/venv/lib/python3.10/site-packages/airflow/example_dags/plugins/event_listener.py took 0.016 seconds
[2025-06-17T12:46:31.645+0530] {processor.py:161} INFO - Started process (PID=847) to work on /home/priya/projects/snowflake_twitter_pipeline/venv/lib/python3.10/site-packages/airflow/example_dags/plugins/event_listener.py
[2025-06-17T12:46:31.647+0530] {processor.py:830} INFO - Processing file /home/priya/projects/snowflake_twitter_pipeline/venv/lib/python3.10/site-packages/airflow/example_dags/plugins/event_listener.py for tasks to queue
[2025-06-17T12:46:31.648+0530] {logging_mixin.py:188} INFO - [2025-06-17T12:46:31.647+0530] {dagbag.py:538} INFO - Filling up the DagBag from /home/priya/projects/snowflake_twitter_pipeline/venv/lib/python3.10/site-packages/airflow/example_dags/plugins/event_listener.py
[2025-06-17T12:46:31.651+0530] {processor.py:842} WARNING - No viable dags retrieved from /home/priya/projects/snowflake_twitter_pipeline/venv/lib/python3.10/site-packages/airflow/example_dags/plugins/event_listener.py
[2025-06-17T12:46:31.667+0530] {processor.py:183} INFO - Processing /home/priya/projects/snowflake_twitter_pipeline/venv/lib/python3.10/site-packages/airflow/example_dags/plugins/event_listener.py took 0.026 seconds
[2025-06-17T12:47:12.983+0530] {processor.py:161} INFO - Started process (PID=1362) to work on /home/priya/projects/snowflake_twitter_pipeline/venv/lib/python3.10/site-packages/airflow/example_dags/plugins/event_listener.py
[2025-06-17T12:47:12.985+0530] {processor.py:830} INFO - Processing file /home/priya/projects/snowflake_twitter_pipeline/venv/lib/python3.10/site-packages/airflow/example_dags/plugins/event_listener.py for tasks to queue
[2025-06-17T12:47:12.986+0530] {logging_mixin.py:188} INFO - [2025-06-17T12:47:12.986+0530] {dagbag.py:538} INFO - Filling up the DagBag from /home/priya/projects/snowflake_twitter_pipeline/venv/lib/python3.10/site-packages/airflow/example_dags/plugins/event_listener.py
[2025-06-17T12:47:12.989+0530] {processor.py:842} WARNING - No viable dags retrieved from /home/priya/projects/snowflake_twitter_pipeline/venv/lib/python3.10/site-packages/airflow/example_dags/plugins/event_listener.py
[2025-06-17T12:47:12.997+0530] {processor.py:183} INFO - Processing /home/priya/projects/snowflake_twitter_pipeline/venv/lib/python3.10/site-packages/airflow/example_dags/plugins/event_listener.py took 0.018 seconds
[2025-06-17T12:47:48.910+0530] {processor.py:161} INFO - Started process (PID=1525) to work on /home/priya/projects/snowflake_twitter_pipeline/venv/lib/python3.10/site-packages/airflow/example_dags/plugins/event_listener.py
[2025-06-17T12:47:48.911+0530] {processor.py:830} INFO - Processing file /home/priya/projects/snowflake_twitter_pipeline/venv/lib/python3.10/site-packages/airflow/example_dags/plugins/event_listener.py for tasks to queue
[2025-06-17T12:47:48.912+0530] {logging_mixin.py:188} INFO - [2025-06-17T12:47:48.912+0530] {dagbag.py:538} INFO - Filling up the DagBag from /home/priya/projects/snowflake_twitter_pipeline/venv/lib/python3.10/site-packages/airflow/example_dags/plugins/event_listener.py
[2025-06-17T12:47:48.914+0530] {processor.py:842} WARNING - No viable dags retrieved from /home/priya/projects/snowflake_twitter_pipeline/venv/lib/python3.10/site-packages/airflow/example_dags/plugins/event_listener.py
[2025-06-17T12:47:48.922+0530] {processor.py:183} INFO - Processing /home/priya/projects/snowflake_twitter_pipeline/venv/lib/python3.10/site-packages/airflow/example_dags/plugins/event_listener.py took 0.015 seconds
[2025-06-17T12:48:19.784+0530] {processor.py:161} INFO - Started process (PID=1669) to work on /home/priya/projects/snowflake_twitter_pipeline/venv/lib/python3.10/site-packages/airflow/example_dags/plugins/event_listener.py
[2025-06-17T12:48:19.785+0530] {processor.py:830} INFO - Processing file /home/priya/projects/snowflake_twitter_pipeline/venv/lib/python3.10/site-packages/airflow/example_dags/plugins/event_listener.py for tasks to queue
[2025-06-17T12:48:19.786+0530] {logging_mixin.py:188} INFO - [2025-06-17T12:48:19.786+0530] {dagbag.py:538} INFO - Filling up the DagBag from /home/priya/projects/snowflake_twitter_pipeline/venv/lib/python3.10/site-packages/airflow/example_dags/plugins/event_listener.py
[2025-06-17T12:48:19.788+0530] {processor.py:842} WARNING - No viable dags retrieved from /home/priya/projects/snowflake_twitter_pipeline/venv/lib/python3.10/site-packages/airflow/example_dags/plugins/event_listener.py
[2025-06-17T12:48:19.796+0530] {processor.py:183} INFO - Processing /home/priya/projects/snowflake_twitter_pipeline/venv/lib/python3.10/site-packages/airflow/example_dags/plugins/event_listener.py took 0.015 seconds
[2025-06-17T12:48:52.981+0530] {processor.py:161} INFO - Started process (PID=1817) to work on /home/priya/projects/snowflake_twitter_pipeline/venv/lib/python3.10/site-packages/airflow/example_dags/plugins/event_listener.py
[2025-06-17T12:48:52.983+0530] {processor.py:830} INFO - Processing file /home/priya/projects/snowflake_twitter_pipeline/venv/lib/python3.10/site-packages/airflow/example_dags/plugins/event_listener.py for tasks to queue
[2025-06-17T12:48:52.984+0530] {logging_mixin.py:188} INFO - [2025-06-17T12:48:52.983+0530] {dagbag.py:538} INFO - Filling up the DagBag from /home/priya/projects/snowflake_twitter_pipeline/venv/lib/python3.10/site-packages/airflow/example_dags/plugins/event_listener.py
[2025-06-17T12:48:52.986+0530] {processor.py:842} WARNING - No viable dags retrieved from /home/priya/projects/snowflake_twitter_pipeline/venv/lib/python3.10/site-packages/airflow/example_dags/plugins/event_listener.py
[2025-06-17T12:48:52.997+0530] {processor.py:183} INFO - Processing /home/priya/projects/snowflake_twitter_pipeline/venv/lib/python3.10/site-packages/airflow/example_dags/plugins/event_listener.py took 0.019 seconds
[2025-06-17T12:49:28.027+0530] {processor.py:161} INFO - Started process (PID=1990) to work on /home/priya/projects/snowflake_twitter_pipeline/venv/lib/python3.10/site-packages/airflow/example_dags/plugins/event_listener.py
[2025-06-17T12:49:28.029+0530] {processor.py:830} INFO - Processing file /home/priya/projects/snowflake_twitter_pipeline/venv/lib/python3.10/site-packages/airflow/example_dags/plugins/event_listener.py for tasks to queue
[2025-06-17T12:49:28.030+0530] {logging_mixin.py:188} INFO - [2025-06-17T12:49:28.029+0530] {dagbag.py:538} INFO - Filling up the DagBag from /home/priya/projects/snowflake_twitter_pipeline/venv/lib/python3.10/site-packages/airflow/example_dags/plugins/event_listener.py
[2025-06-17T12:49:28.031+0530] {processor.py:842} WARNING - No viable dags retrieved from /home/priya/projects/snowflake_twitter_pipeline/venv/lib/python3.10/site-packages/airflow/example_dags/plugins/event_listener.py
[2025-06-17T12:49:28.037+0530] {processor.py:183} INFO - Processing /home/priya/projects/snowflake_twitter_pipeline/venv/lib/python3.10/site-packages/airflow/example_dags/plugins/event_listener.py took 0.012 seconds
[2025-06-17T12:49:58.313+0530] {processor.py:161} INFO - Started process (PID=2128) to work on /home/priya/projects/snowflake_twitter_pipeline/venv/lib/python3.10/site-packages/airflow/example_dags/plugins/event_listener.py
[2025-06-17T12:49:58.314+0530] {processor.py:830} INFO - Processing file /home/priya/projects/snowflake_twitter_pipeline/venv/lib/python3.10/site-packages/airflow/example_dags/plugins/event_listener.py for tasks to queue
[2025-06-17T12:49:58.315+0530] {logging_mixin.py:188} INFO - [2025-06-17T12:49:58.315+0530] {dagbag.py:538} INFO - Filling up the DagBag from /home/priya/projects/snowflake_twitter_pipeline/venv/lib/python3.10/site-packages/airflow/example_dags/plugins/event_listener.py
[2025-06-17T12:49:58.318+0530] {processor.py:842} WARNING - No viable dags retrieved from /home/priya/projects/snowflake_twitter_pipeline/venv/lib/python3.10/site-packages/airflow/example_dags/plugins/event_listener.py
[2025-06-17T12:49:58.326+0530] {processor.py:183} INFO - Processing /home/priya/projects/snowflake_twitter_pipeline/venv/lib/python3.10/site-packages/airflow/example_dags/plugins/event_listener.py took 0.016 seconds
[2025-06-17T12:50:33.626+0530] {processor.py:161} INFO - Started process (PID=2285) to work on /home/priya/projects/snowflake_twitter_pipeline/venv/lib/python3.10/site-packages/airflow/example_dags/plugins/event_listener.py
[2025-06-17T12:50:33.627+0530] {processor.py:830} INFO - Processing file /home/priya/projects/snowflake_twitter_pipeline/venv/lib/python3.10/site-packages/airflow/example_dags/plugins/event_listener.py for tasks to queue
[2025-06-17T12:50:33.628+0530] {logging_mixin.py:188} INFO - [2025-06-17T12:50:33.628+0530] {dagbag.py:538} INFO - Filling up the DagBag from /home/priya/projects/snowflake_twitter_pipeline/venv/lib/python3.10/site-packages/airflow/example_dags/plugins/event_listener.py
[2025-06-17T12:50:33.630+0530] {processor.py:842} WARNING - No viable dags retrieved from /home/priya/projects/snowflake_twitter_pipeline/venv/lib/python3.10/site-packages/airflow/example_dags/plugins/event_listener.py
[2025-06-17T12:50:33.637+0530] {processor.py:183} INFO - Processing /home/priya/projects/snowflake_twitter_pipeline/venv/lib/python3.10/site-packages/airflow/example_dags/plugins/event_listener.py took 0.013 seconds
[2025-06-17T12:51:04.708+0530] {processor.py:161} INFO - Started process (PID=2430) to work on /home/priya/projects/snowflake_twitter_pipeline/venv/lib/python3.10/site-packages/airflow/example_dags/plugins/event_listener.py
[2025-06-17T12:51:04.709+0530] {processor.py:830} INFO - Processing file /home/priya/projects/snowflake_twitter_pipeline/venv/lib/python3.10/site-packages/airflow/example_dags/plugins/event_listener.py for tasks to queue
[2025-06-17T12:51:04.710+0530] {logging_mixin.py:188} INFO - [2025-06-17T12:51:04.709+0530] {dagbag.py:538} INFO - Filling up the DagBag from /home/priya/projects/snowflake_twitter_pipeline/venv/lib/python3.10/site-packages/airflow/example_dags/plugins/event_listener.py
[2025-06-17T12:51:04.711+0530] {processor.py:842} WARNING - No viable dags retrieved from /home/priya/projects/snowflake_twitter_pipeline/venv/lib/python3.10/site-packages/airflow/example_dags/plugins/event_listener.py
[2025-06-17T12:51:04.718+0530] {processor.py:183} INFO - Processing /home/priya/projects/snowflake_twitter_pipeline/venv/lib/python3.10/site-packages/airflow/example_dags/plugins/event_listener.py took 0.013 seconds
[2025-06-17T12:51:38.308+0530] {processor.py:161} INFO - Started process (PID=2588) to work on /home/priya/projects/snowflake_twitter_pipeline/venv/lib/python3.10/site-packages/airflow/example_dags/plugins/event_listener.py
[2025-06-17T12:51:38.309+0530] {processor.py:830} INFO - Processing file /home/priya/projects/snowflake_twitter_pipeline/venv/lib/python3.10/site-packages/airflow/example_dags/plugins/event_listener.py for tasks to queue
[2025-06-17T12:51:38.310+0530] {logging_mixin.py:188} INFO - [2025-06-17T12:51:38.310+0530] {dagbag.py:538} INFO - Filling up the DagBag from /home/priya/projects/snowflake_twitter_pipeline/venv/lib/python3.10/site-packages/airflow/example_dags/plugins/event_listener.py
[2025-06-17T12:51:38.312+0530] {processor.py:842} WARNING - No viable dags retrieved from /home/priya/projects/snowflake_twitter_pipeline/venv/lib/python3.10/site-packages/airflow/example_dags/plugins/event_listener.py
[2025-06-17T12:51:38.318+0530] {processor.py:183} INFO - Processing /home/priya/projects/snowflake_twitter_pipeline/venv/lib/python3.10/site-packages/airflow/example_dags/plugins/event_listener.py took 0.013 seconds
[2025-06-17T12:52:12.913+0530] {processor.py:161} INFO - Started process (PID=2735) to work on /home/priya/projects/snowflake_twitter_pipeline/venv/lib/python3.10/site-packages/airflow/example_dags/plugins/event_listener.py
[2025-06-17T12:52:12.915+0530] {processor.py:830} INFO - Processing file /home/priya/projects/snowflake_twitter_pipeline/venv/lib/python3.10/site-packages/airflow/example_dags/plugins/event_listener.py for tasks to queue
[2025-06-17T12:52:12.915+0530] {logging_mixin.py:188} INFO - [2025-06-17T12:52:12.915+0530] {dagbag.py:538} INFO - Filling up the DagBag from /home/priya/projects/snowflake_twitter_pipeline/venv/lib/python3.10/site-packages/airflow/example_dags/plugins/event_listener.py
[2025-06-17T12:52:12.918+0530] {processor.py:842} WARNING - No viable dags retrieved from /home/priya/projects/snowflake_twitter_pipeline/venv/lib/python3.10/site-packages/airflow/example_dags/plugins/event_listener.py
[2025-06-17T12:52:12.925+0530] {processor.py:183} INFO - Processing /home/priya/projects/snowflake_twitter_pipeline/venv/lib/python3.10/site-packages/airflow/example_dags/plugins/event_listener.py took 0.017 seconds
[2025-06-17T12:52:47.055+0530] {processor.py:161} INFO - Started process (PID=2897) to work on /home/priya/projects/snowflake_twitter_pipeline/venv/lib/python3.10/site-packages/airflow/example_dags/plugins/event_listener.py
[2025-06-17T12:52:47.057+0530] {processor.py:830} INFO - Processing file /home/priya/projects/snowflake_twitter_pipeline/venv/lib/python3.10/site-packages/airflow/example_dags/plugins/event_listener.py for tasks to queue
[2025-06-17T12:52:47.058+0530] {logging_mixin.py:188} INFO - [2025-06-17T12:52:47.057+0530] {dagbag.py:538} INFO - Filling up the DagBag from /home/priya/projects/snowflake_twitter_pipeline/venv/lib/python3.10/site-packages/airflow/example_dags/plugins/event_listener.py
[2025-06-17T12:52:47.059+0530] {processor.py:842} WARNING - No viable dags retrieved from /home/priya/projects/snowflake_twitter_pipeline/venv/lib/python3.10/site-packages/airflow/example_dags/plugins/event_listener.py
[2025-06-17T12:52:47.066+0530] {processor.py:183} INFO - Processing /home/priya/projects/snowflake_twitter_pipeline/venv/lib/python3.10/site-packages/airflow/example_dags/plugins/event_listener.py took 0.012 seconds
[2025-06-17T12:53:23.753+0530] {processor.py:161} INFO - Started process (PID=3053) to work on /home/priya/projects/snowflake_twitter_pipeline/venv/lib/python3.10/site-packages/airflow/example_dags/plugins/event_listener.py
[2025-06-17T12:53:23.754+0530] {processor.py:830} INFO - Processing file /home/priya/projects/snowflake_twitter_pipeline/venv/lib/python3.10/site-packages/airflow/example_dags/plugins/event_listener.py for tasks to queue
[2025-06-17T12:53:23.755+0530] {logging_mixin.py:188} INFO - [2025-06-17T12:53:23.754+0530] {dagbag.py:538} INFO - Filling up the DagBag from /home/priya/projects/snowflake_twitter_pipeline/venv/lib/python3.10/site-packages/airflow/example_dags/plugins/event_listener.py
[2025-06-17T12:53:23.756+0530] {processor.py:842} WARNING - No viable dags retrieved from /home/priya/projects/snowflake_twitter_pipeline/venv/lib/python3.10/site-packages/airflow/example_dags/plugins/event_listener.py
[2025-06-17T12:53:23.765+0530] {processor.py:183} INFO - Processing /home/priya/projects/snowflake_twitter_pipeline/venv/lib/python3.10/site-packages/airflow/example_dags/plugins/event_listener.py took 0.015 seconds
[2025-06-17T12:53:58.003+0530] {processor.py:161} INFO - Started process (PID=3105) to work on /home/priya/projects/snowflake_twitter_pipeline/venv/lib/python3.10/site-packages/airflow/example_dags/plugins/event_listener.py
[2025-06-17T12:53:58.005+0530] {processor.py:830} INFO - Processing file /home/priya/projects/snowflake_twitter_pipeline/venv/lib/python3.10/site-packages/airflow/example_dags/plugins/event_listener.py for tasks to queue
[2025-06-17T12:53:58.005+0530] {logging_mixin.py:188} INFO - [2025-06-17T12:53:58.005+0530] {dagbag.py:538} INFO - Filling up the DagBag from /home/priya/projects/snowflake_twitter_pipeline/venv/lib/python3.10/site-packages/airflow/example_dags/plugins/event_listener.py
[2025-06-17T12:53:58.008+0530] {processor.py:842} WARNING - No viable dags retrieved from /home/priya/projects/snowflake_twitter_pipeline/venv/lib/python3.10/site-packages/airflow/example_dags/plugins/event_listener.py
[2025-06-17T12:53:58.016+0530] {processor.py:183} INFO - Processing /home/priya/projects/snowflake_twitter_pipeline/venv/lib/python3.10/site-packages/airflow/example_dags/plugins/event_listener.py took 0.017 seconds
[2025-06-17T12:54:33.690+0530] {processor.py:161} INFO - Started process (PID=3189) to work on /home/priya/projects/snowflake_twitter_pipeline/venv/lib/python3.10/site-packages/airflow/example_dags/plugins/event_listener.py
[2025-06-17T12:54:33.699+0530] {processor.py:830} INFO - Processing file /home/priya/projects/snowflake_twitter_pipeline/venv/lib/python3.10/site-packages/airflow/example_dags/plugins/event_listener.py for tasks to queue
[2025-06-17T12:54:33.700+0530] {logging_mixin.py:188} INFO - [2025-06-17T12:54:33.699+0530] {dagbag.py:538} INFO - Filling up the DagBag from /home/priya/projects/snowflake_twitter_pipeline/venv/lib/python3.10/site-packages/airflow/example_dags/plugins/event_listener.py
[2025-06-17T12:54:33.701+0530] {processor.py:842} WARNING - No viable dags retrieved from /home/priya/projects/snowflake_twitter_pipeline/venv/lib/python3.10/site-packages/airflow/example_dags/plugins/event_listener.py
[2025-06-17T12:54:33.707+0530] {processor.py:183} INFO - Processing /home/priya/projects/snowflake_twitter_pipeline/venv/lib/python3.10/site-packages/airflow/example_dags/plugins/event_listener.py took 0.019 seconds
[2025-06-17T12:55:10.133+0530] {processor.py:161} INFO - Started process (PID=3350) to work on /home/priya/projects/snowflake_twitter_pipeline/venv/lib/python3.10/site-packages/airflow/example_dags/plugins/event_listener.py
[2025-06-17T12:55:10.135+0530] {processor.py:830} INFO - Processing file /home/priya/projects/snowflake_twitter_pipeline/venv/lib/python3.10/site-packages/airflow/example_dags/plugins/event_listener.py for tasks to queue
[2025-06-17T12:55:10.136+0530] {logging_mixin.py:188} INFO - [2025-06-17T12:55:10.135+0530] {dagbag.py:538} INFO - Filling up the DagBag from /home/priya/projects/snowflake_twitter_pipeline/venv/lib/python3.10/site-packages/airflow/example_dags/plugins/event_listener.py
[2025-06-17T12:55:10.137+0530] {processor.py:842} WARNING - No viable dags retrieved from /home/priya/projects/snowflake_twitter_pipeline/venv/lib/python3.10/site-packages/airflow/example_dags/plugins/event_listener.py
[2025-06-17T12:55:10.144+0530] {processor.py:183} INFO - Processing /home/priya/projects/snowflake_twitter_pipeline/venv/lib/python3.10/site-packages/airflow/example_dags/plugins/event_listener.py took 0.013 seconds
