[2025-06-17T12:42:14.330+0530] {processor.py:161} INFO - Started process (PID=402) to work on /home/priya/projects/snowflake_twitter_pipeline/venv/lib/python3.10/site-packages/airflow/example_dags/plugins/listener_plugin.py
[2025-06-17T12:42:14.331+0530] {processor.py:830} INFO - Processing file /home/priya/projects/snowflake_twitter_pipeline/venv/lib/python3.10/site-packages/airflow/example_dags/plugins/listener_plugin.py for tasks to queue
[2025-06-17T12:42:14.332+0530] {logging_mixin.py:188} INFO - [2025-06-17T12:42:14.331+0530] {dagbag.py:538} INFO - Filling up the DagBag from /home/priya/projects/snowflake_twitter_pipeline/venv/lib/python3.10/site-packages/airflow/example_dags/plugins/listener_plugin.py
[2025-06-17T12:42:14.333+0530] {processor.py:842} WARNING - No viable dags retrieved from /home/priya/projects/snowflake_twitter_pipeline/venv/lib/python3.10/site-packages/airflow/example_dags/plugins/listener_plugin.py
[2025-06-17T12:42:14.341+0530] {processor.py:183} INFO - Processing /home/priya/projects/snowflake_twitter_pipeline/venv/lib/python3.10/site-packages/airflow/example_dags/plugins/listener_plugin.py took 0.012 seconds
[2025-06-17T12:43:09.424+0530] {processor.py:161} INFO - Started process (PID=466) to work on /home/priya/projects/snowflake_twitter_pipeline/venv/lib/python3.10/site-packages/airflow/example_dags/plugins/listener_plugin.py
[2025-06-17T12:43:09.434+0530] {processor.py:830} INFO - Processing file /home/priya/projects/snowflake_twitter_pipeline/venv/lib/python3.10/site-packages/airflow/example_dags/plugins/listener_plugin.py for tasks to queue
[2025-06-17T12:43:09.435+0530] {logging_mixin.py:188} INFO - [2025-06-17T12:43:09.434+0530] {dagbag.py:538} INFO - Filling up the DagBag from /home/priya/projects/snowflake_twitter_pipeline/venv/lib/python3.10/site-packages/airflow/example_dags/plugins/listener_plugin.py
[2025-06-17T12:43:09.438+0530] {processor.py:842} WARNING - No viable dags retrieved from /home/priya/projects/snowflake_twitter_pipeline/venv/lib/python3.10/site-packages/airflow/example_dags/plugins/listener_plugin.py
[2025-06-17T12:43:09.446+0530] {processor.py:183} INFO - Processing /home/priya/projects/snowflake_twitter_pipeline/venv/lib/python3.10/site-packages/airflow/example_dags/plugins/listener_plugin.py took 0.023 seconds
[2025-06-17T12:43:52.081+0530] {processor.py:161} INFO - Started process (PID=524) to work on /home/priya/projects/snowflake_twitter_pipeline/venv/lib/python3.10/site-packages/airflow/example_dags/plugins/listener_plugin.py
[2025-06-17T12:43:52.082+0530] {processor.py:830} INFO - Processing file /home/priya/projects/snowflake_twitter_pipeline/venv/lib/python3.10/site-packages/airflow/example_dags/plugins/listener_plugin.py for tasks to queue
[2025-06-17T12:43:52.083+0530] {logging_mixin.py:188} INFO - [2025-06-17T12:43:52.082+0530] {dagbag.py:538} INFO - Filling up the DagBag from /home/priya/projects/snowflake_twitter_pipeline/venv/lib/python3.10/site-packages/airflow/example_dags/plugins/listener_plugin.py
[2025-06-17T12:43:52.085+0530] {processor.py:842} WARNING - No viable dags retrieved from /home/priya/projects/snowflake_twitter_pipeline/venv/lib/python3.10/site-packages/airflow/example_dags/plugins/listener_plugin.py
[2025-06-17T12:43:52.091+0530] {processor.py:183} INFO - Processing /home/priya/projects/snowflake_twitter_pipeline/venv/lib/python3.10/site-packages/airflow/example_dags/plugins/listener_plugin.py took 0.013 seconds
[2025-06-17T12:44:31.470+0530] {processor.py:161} INFO - Started process (PID=581) to work on /home/priya/projects/snowflake_twitter_pipeline/venv/lib/python3.10/site-packages/airflow/example_dags/plugins/listener_plugin.py
[2025-06-17T12:44:31.478+0530] {processor.py:830} INFO - Processing file /home/priya/projects/snowflake_twitter_pipeline/venv/lib/python3.10/site-packages/airflow/example_dags/plugins/listener_plugin.py for tasks to queue
[2025-06-17T12:44:31.479+0530] {logging_mixin.py:188} INFO - [2025-06-17T12:44:31.479+0530] {dagbag.py:538} INFO - Filling up the DagBag from /home/priya/projects/snowflake_twitter_pipeline/venv/lib/python3.10/site-packages/airflow/example_dags/plugins/listener_plugin.py
[2025-06-17T12:44:31.481+0530] {processor.py:842} WARNING - No viable dags retrieved from /home/priya/projects/snowflake_twitter_pipeline/venv/lib/python3.10/site-packages/airflow/example_dags/plugins/listener_plugin.py
[2025-06-17T12:44:31.488+0530] {processor.py:183} INFO - Processing /home/priya/projects/snowflake_twitter_pipeline/venv/lib/python3.10/site-packages/airflow/example_dags/plugins/listener_plugin.py took 0.021 seconds
[2025-06-17T12:45:41.787+0530] {processor.py:161} INFO - Started process (PID=630) to work on /home/priya/projects/snowflake_twitter_pipeline/venv/lib/python3.10/site-packages/airflow/example_dags/plugins/listener_plugin.py
[2025-06-17T12:45:41.789+0530] {processor.py:830} INFO - Processing file /home/priya/projects/snowflake_twitter_pipeline/venv/lib/python3.10/site-packages/airflow/example_dags/plugins/listener_plugin.py for tasks to queue
[2025-06-17T12:45:41.790+0530] {logging_mixin.py:188} INFO - [2025-06-17T12:45:41.789+0530] {dagbag.py:538} INFO - Filling up the DagBag from /home/priya/projects/snowflake_twitter_pipeline/venv/lib/python3.10/site-packages/airflow/example_dags/plugins/listener_plugin.py
[2025-06-17T12:45:41.792+0530] {processor.py:842} WARNING - No viable dags retrieved from /home/priya/projects/snowflake_twitter_pipeline/venv/lib/python3.10/site-packages/airflow/example_dags/plugins/listener_plugin.py
[2025-06-17T12:45:41.801+0530] {processor.py:183} INFO - Processing /home/priya/projects/snowflake_twitter_pipeline/venv/lib/python3.10/site-packages/airflow/example_dags/plugins/listener_plugin.py took 0.017 seconds
[2025-06-17T12:46:32.874+0530] {processor.py:161} INFO - Started process (PID=991) to work on /home/priya/projects/snowflake_twitter_pipeline/venv/lib/python3.10/site-packages/airflow/example_dags/plugins/listener_plugin.py
[2025-06-17T12:46:32.879+0530] {processor.py:830} INFO - Processing file /home/priya/projects/snowflake_twitter_pipeline/venv/lib/python3.10/site-packages/airflow/example_dags/plugins/listener_plugin.py for tasks to queue
[2025-06-17T12:46:32.886+0530] {logging_mixin.py:188} INFO - [2025-06-17T12:46:32.883+0530] {dagbag.py:538} INFO - Filling up the DagBag from /home/priya/projects/snowflake_twitter_pipeline/venv/lib/python3.10/site-packages/airflow/example_dags/plugins/listener_plugin.py
[2025-06-17T12:46:32.899+0530] {processor.py:842} WARNING - No viable dags retrieved from /home/priya/projects/snowflake_twitter_pipeline/venv/lib/python3.10/site-packages/airflow/example_dags/plugins/listener_plugin.py
[2025-06-17T12:46:32.937+0530] {processor.py:183} INFO - Processing /home/priya/projects/snowflake_twitter_pipeline/venv/lib/python3.10/site-packages/airflow/example_dags/plugins/listener_plugin.py took 0.079 seconds
[2025-06-17T12:47:14.135+0530] {processor.py:161} INFO - Started process (PID=1369) to work on /home/priya/projects/snowflake_twitter_pipeline/venv/lib/python3.10/site-packages/airflow/example_dags/plugins/listener_plugin.py
[2025-06-17T12:47:14.137+0530] {processor.py:830} INFO - Processing file /home/priya/projects/snowflake_twitter_pipeline/venv/lib/python3.10/site-packages/airflow/example_dags/plugins/listener_plugin.py for tasks to queue
[2025-06-17T12:47:14.138+0530] {logging_mixin.py:188} INFO - [2025-06-17T12:47:14.137+0530] {dagbag.py:538} INFO - Filling up the DagBag from /home/priya/projects/snowflake_twitter_pipeline/venv/lib/python3.10/site-packages/airflow/example_dags/plugins/listener_plugin.py
[2025-06-17T12:47:14.141+0530] {processor.py:842} WARNING - No viable dags retrieved from /home/priya/projects/snowflake_twitter_pipeline/venv/lib/python3.10/site-packages/airflow/example_dags/plugins/listener_plugin.py
[2025-06-17T12:47:14.151+0530] {processor.py:183} INFO - Processing /home/priya/projects/snowflake_twitter_pipeline/venv/lib/python3.10/site-packages/airflow/example_dags/plugins/listener_plugin.py took 0.020 seconds
[2025-06-17T12:47:50.049+0530] {processor.py:161} INFO - Started process (PID=1528) to work on /home/priya/projects/snowflake_twitter_pipeline/venv/lib/python3.10/site-packages/airflow/example_dags/plugins/listener_plugin.py
[2025-06-17T12:47:50.051+0530] {processor.py:830} INFO - Processing file /home/priya/projects/snowflake_twitter_pipeline/venv/lib/python3.10/site-packages/airflow/example_dags/plugins/listener_plugin.py for tasks to queue
[2025-06-17T12:47:50.052+0530] {logging_mixin.py:188} INFO - [2025-06-17T12:47:50.052+0530] {dagbag.py:538} INFO - Filling up the DagBag from /home/priya/projects/snowflake_twitter_pipeline/venv/lib/python3.10/site-packages/airflow/example_dags/plugins/listener_plugin.py
[2025-06-17T12:47:50.057+0530] {processor.py:842} WARNING - No viable dags retrieved from /home/priya/projects/snowflake_twitter_pipeline/venv/lib/python3.10/site-packages/airflow/example_dags/plugins/listener_plugin.py
[2025-06-17T12:47:50.066+0530] {processor.py:183} INFO - Processing /home/priya/projects/snowflake_twitter_pipeline/venv/lib/python3.10/site-packages/airflow/example_dags/plugins/listener_plugin.py took 0.022 seconds
[2025-06-17T12:48:35.320+0530] {processor.py:161} INFO - Started process (PID=1719) to work on /home/priya/projects/snowflake_twitter_pipeline/venv/lib/python3.10/site-packages/airflow/example_dags/plugins/listener_plugin.py
[2025-06-17T12:48:35.322+0530] {processor.py:830} INFO - Processing file /home/priya/projects/snowflake_twitter_pipeline/venv/lib/python3.10/site-packages/airflow/example_dags/plugins/listener_plugin.py for tasks to queue
[2025-06-17T12:48:35.323+0530] {logging_mixin.py:188} INFO - [2025-06-17T12:48:35.323+0530] {dagbag.py:538} INFO - Filling up the DagBag from /home/priya/projects/snowflake_twitter_pipeline/venv/lib/python3.10/site-packages/airflow/example_dags/plugins/listener_plugin.py
[2025-06-17T12:48:35.326+0530] {processor.py:842} WARNING - No viable dags retrieved from /home/priya/projects/snowflake_twitter_pipeline/venv/lib/python3.10/site-packages/airflow/example_dags/plugins/listener_plugin.py
[2025-06-17T12:48:35.332+0530] {processor.py:183} INFO - Processing /home/priya/projects/snowflake_twitter_pipeline/venv/lib/python3.10/site-packages/airflow/example_dags/plugins/listener_plugin.py took 0.014 seconds
[2025-06-17T12:49:11.261+0530] {processor.py:161} INFO - Started process (PID=1900) to work on /home/priya/projects/snowflake_twitter_pipeline/venv/lib/python3.10/site-packages/airflow/example_dags/plugins/listener_plugin.py
[2025-06-17T12:49:11.263+0530] {processor.py:830} INFO - Processing file /home/priya/projects/snowflake_twitter_pipeline/venv/lib/python3.10/site-packages/airflow/example_dags/plugins/listener_plugin.py for tasks to queue
[2025-06-17T12:49:11.264+0530] {logging_mixin.py:188} INFO - [2025-06-17T12:49:11.264+0530] {dagbag.py:538} INFO - Filling up the DagBag from /home/priya/projects/snowflake_twitter_pipeline/venv/lib/python3.10/site-packages/airflow/example_dags/plugins/listener_plugin.py
[2025-06-17T12:49:11.268+0530] {processor.py:842} WARNING - No viable dags retrieved from /home/priya/projects/snowflake_twitter_pipeline/venv/lib/python3.10/site-packages/airflow/example_dags/plugins/listener_plugin.py
[2025-06-17T12:49:11.278+0530] {processor.py:183} INFO - Processing /home/priya/projects/snowflake_twitter_pipeline/venv/lib/python3.10/site-packages/airflow/example_dags/plugins/listener_plugin.py took 0.021 seconds
[2025-06-17T12:49:43.169+0530] {processor.py:161} INFO - Started process (PID=2049) to work on /home/priya/projects/snowflake_twitter_pipeline/venv/lib/python3.10/site-packages/airflow/example_dags/plugins/listener_plugin.py
[2025-06-17T12:49:43.171+0530] {processor.py:830} INFO - Processing file /home/priya/projects/snowflake_twitter_pipeline/venv/lib/python3.10/site-packages/airflow/example_dags/plugins/listener_plugin.py for tasks to queue
[2025-06-17T12:49:43.172+0530] {logging_mixin.py:188} INFO - [2025-06-17T12:49:43.172+0530] {dagbag.py:538} INFO - Filling up the DagBag from /home/priya/projects/snowflake_twitter_pipeline/venv/lib/python3.10/site-packages/airflow/example_dags/plugins/listener_plugin.py
[2025-06-17T12:49:43.175+0530] {processor.py:842} WARNING - No viable dags retrieved from /home/priya/projects/snowflake_twitter_pipeline/venv/lib/python3.10/site-packages/airflow/example_dags/plugins/listener_plugin.py
[2025-06-17T12:49:43.182+0530] {processor.py:183} INFO - Processing /home/priya/projects/snowflake_twitter_pipeline/venv/lib/python3.10/site-packages/airflow/example_dags/plugins/listener_plugin.py took 0.015 seconds
[2025-06-17T12:50:14.939+0530] {processor.py:161} INFO - Started process (PID=2194) to work on /home/priya/projects/snowflake_twitter_pipeline/venv/lib/python3.10/site-packages/airflow/example_dags/plugins/listener_plugin.py
[2025-06-17T12:50:14.941+0530] {processor.py:830} INFO - Processing file /home/priya/projects/snowflake_twitter_pipeline/venv/lib/python3.10/site-packages/airflow/example_dags/plugins/listener_plugin.py for tasks to queue
[2025-06-17T12:50:14.941+0530] {logging_mixin.py:188} INFO - [2025-06-17T12:50:14.941+0530] {dagbag.py:538} INFO - Filling up the DagBag from /home/priya/projects/snowflake_twitter_pipeline/venv/lib/python3.10/site-packages/airflow/example_dags/plugins/listener_plugin.py
[2025-06-17T12:50:14.944+0530] {processor.py:842} WARNING - No viable dags retrieved from /home/priya/projects/snowflake_twitter_pipeline/venv/lib/python3.10/site-packages/airflow/example_dags/plugins/listener_plugin.py
[2025-06-17T12:50:14.951+0530] {processor.py:183} INFO - Processing /home/priya/projects/snowflake_twitter_pipeline/venv/lib/python3.10/site-packages/airflow/example_dags/plugins/listener_plugin.py took 0.015 seconds
[2025-06-17T12:50:48.775+0530] {processor.py:161} INFO - Started process (PID=2348) to work on /home/priya/projects/snowflake_twitter_pipeline/venv/lib/python3.10/site-packages/airflow/example_dags/plugins/listener_plugin.py
[2025-06-17T12:50:48.785+0530] {processor.py:830} INFO - Processing file /home/priya/projects/snowflake_twitter_pipeline/venv/lib/python3.10/site-packages/airflow/example_dags/plugins/listener_plugin.py for tasks to queue
[2025-06-17T12:50:48.786+0530] {logging_mixin.py:188} INFO - [2025-06-17T12:50:48.785+0530] {dagbag.py:538} INFO - Filling up the DagBag from /home/priya/projects/snowflake_twitter_pipeline/venv/lib/python3.10/site-packages/airflow/example_dags/plugins/listener_plugin.py
[2025-06-17T12:50:48.788+0530] {processor.py:842} WARNING - No viable dags retrieved from /home/priya/projects/snowflake_twitter_pipeline/venv/lib/python3.10/site-packages/airflow/example_dags/plugins/listener_plugin.py
[2025-06-17T12:50:48.795+0530] {processor.py:183} INFO - Processing /home/priya/projects/snowflake_twitter_pipeline/venv/lib/python3.10/site-packages/airflow/example_dags/plugins/listener_plugin.py took 0.024 seconds
[2025-06-17T12:51:20.138+0530] {processor.py:161} INFO - Started process (PID=2496) to work on /home/priya/projects/snowflake_twitter_pipeline/venv/lib/python3.10/site-packages/airflow/example_dags/plugins/listener_plugin.py
[2025-06-17T12:51:20.140+0530] {processor.py:830} INFO - Processing file /home/priya/projects/snowflake_twitter_pipeline/venv/lib/python3.10/site-packages/airflow/example_dags/plugins/listener_plugin.py for tasks to queue
[2025-06-17T12:51:20.141+0530] {logging_mixin.py:188} INFO - [2025-06-17T12:51:20.140+0530] {dagbag.py:538} INFO - Filling up the DagBag from /home/priya/projects/snowflake_twitter_pipeline/venv/lib/python3.10/site-packages/airflow/example_dags/plugins/listener_plugin.py
[2025-06-17T12:51:20.143+0530] {processor.py:842} WARNING - No viable dags retrieved from /home/priya/projects/snowflake_twitter_pipeline/venv/lib/python3.10/site-packages/airflow/example_dags/plugins/listener_plugin.py
[2025-06-17T12:51:20.151+0530] {processor.py:183} INFO - Processing /home/priya/projects/snowflake_twitter_pipeline/venv/lib/python3.10/site-packages/airflow/example_dags/plugins/listener_plugin.py took 0.016 seconds
[2025-06-17T12:51:55.536+0530] {processor.py:161} INFO - Started process (PID=2654) to work on /home/priya/projects/snowflake_twitter_pipeline/venv/lib/python3.10/site-packages/airflow/example_dags/plugins/listener_plugin.py
[2025-06-17T12:51:55.542+0530] {processor.py:830} INFO - Processing file /home/priya/projects/snowflake_twitter_pipeline/venv/lib/python3.10/site-packages/airflow/example_dags/plugins/listener_plugin.py for tasks to queue
[2025-06-17T12:51:55.544+0530] {logging_mixin.py:188} INFO - [2025-06-17T12:51:55.543+0530] {dagbag.py:538} INFO - Filling up the DagBag from /home/priya/projects/snowflake_twitter_pipeline/venv/lib/python3.10/site-packages/airflow/example_dags/plugins/listener_plugin.py
[2025-06-17T12:51:55.548+0530] {processor.py:842} WARNING - No viable dags retrieved from /home/priya/projects/snowflake_twitter_pipeline/venv/lib/python3.10/site-packages/airflow/example_dags/plugins/listener_plugin.py
[2025-06-17T12:51:55.557+0530] {processor.py:183} INFO - Processing /home/priya/projects/snowflake_twitter_pipeline/venv/lib/python3.10/site-packages/airflow/example_dags/plugins/listener_plugin.py took 0.025 seconds
[2025-06-17T12:52:29.491+0530] {processor.py:161} INFO - Started process (PID=2807) to work on /home/priya/projects/snowflake_twitter_pipeline/venv/lib/python3.10/site-packages/airflow/example_dags/plugins/listener_plugin.py
[2025-06-17T12:52:29.493+0530] {processor.py:830} INFO - Processing file /home/priya/projects/snowflake_twitter_pipeline/venv/lib/python3.10/site-packages/airflow/example_dags/plugins/listener_plugin.py for tasks to queue
[2025-06-17T12:52:29.494+0530] {logging_mixin.py:188} INFO - [2025-06-17T12:52:29.494+0530] {dagbag.py:538} INFO - Filling up the DagBag from /home/priya/projects/snowflake_twitter_pipeline/venv/lib/python3.10/site-packages/airflow/example_dags/plugins/listener_plugin.py
[2025-06-17T12:52:29.496+0530] {processor.py:842} WARNING - No viable dags retrieved from /home/priya/projects/snowflake_twitter_pipeline/venv/lib/python3.10/site-packages/airflow/example_dags/plugins/listener_plugin.py
[2025-06-17T12:52:29.503+0530] {processor.py:183} INFO - Processing /home/priya/projects/snowflake_twitter_pipeline/venv/lib/python3.10/site-packages/airflow/example_dags/plugins/listener_plugin.py took 0.015 seconds
[2025-06-17T12:53:05.572+0530] {processor.py:161} INFO - Started process (PID=2974) to work on /home/priya/projects/snowflake_twitter_pipeline/venv/lib/python3.10/site-packages/airflow/example_dags/plugins/listener_plugin.py
[2025-06-17T12:53:05.574+0530] {processor.py:830} INFO - Processing file /home/priya/projects/snowflake_twitter_pipeline/venv/lib/python3.10/site-packages/airflow/example_dags/plugins/listener_plugin.py for tasks to queue
[2025-06-17T12:53:05.575+0530] {logging_mixin.py:188} INFO - [2025-06-17T12:53:05.575+0530] {dagbag.py:538} INFO - Filling up the DagBag from /home/priya/projects/snowflake_twitter_pipeline/venv/lib/python3.10/site-packages/airflow/example_dags/plugins/listener_plugin.py
[2025-06-17T12:53:05.577+0530] {processor.py:842} WARNING - No viable dags retrieved from /home/priya/projects/snowflake_twitter_pipeline/venv/lib/python3.10/site-packages/airflow/example_dags/plugins/listener_plugin.py
[2025-06-17T12:53:05.585+0530] {processor.py:183} INFO - Processing /home/priya/projects/snowflake_twitter_pipeline/venv/lib/python3.10/site-packages/airflow/example_dags/plugins/listener_plugin.py took 0.016 seconds
[2025-06-17T12:53:41.033+0530] {processor.py:161} INFO - Started process (PID=3072) to work on /home/priya/projects/snowflake_twitter_pipeline/venv/lib/python3.10/site-packages/airflow/example_dags/plugins/listener_plugin.py
[2025-06-17T12:53:41.034+0530] {processor.py:830} INFO - Processing file /home/priya/projects/snowflake_twitter_pipeline/venv/lib/python3.10/site-packages/airflow/example_dags/plugins/listener_plugin.py for tasks to queue
[2025-06-17T12:53:41.035+0530] {logging_mixin.py:188} INFO - [2025-06-17T12:53:41.034+0530] {dagbag.py:538} INFO - Filling up the DagBag from /home/priya/projects/snowflake_twitter_pipeline/venv/lib/python3.10/site-packages/airflow/example_dags/plugins/listener_plugin.py
[2025-06-17T12:53:41.037+0530] {processor.py:842} WARNING - No viable dags retrieved from /home/priya/projects/snowflake_twitter_pipeline/venv/lib/python3.10/site-packages/airflow/example_dags/plugins/listener_plugin.py
[2025-06-17T12:53:41.043+0530] {processor.py:183} INFO - Processing /home/priya/projects/snowflake_twitter_pipeline/venv/lib/python3.10/site-packages/airflow/example_dags/plugins/listener_plugin.py took 0.012 seconds
[2025-06-17T12:54:15.315+0530] {processor.py:161} INFO - Started process (PID=3132) to work on /home/priya/projects/snowflake_twitter_pipeline/venv/lib/python3.10/site-packages/airflow/example_dags/plugins/listener_plugin.py
[2025-06-17T12:54:15.317+0530] {processor.py:830} INFO - Processing file /home/priya/projects/snowflake_twitter_pipeline/venv/lib/python3.10/site-packages/airflow/example_dags/plugins/listener_plugin.py for tasks to queue
[2025-06-17T12:54:15.317+0530] {logging_mixin.py:188} INFO - [2025-06-17T12:54:15.317+0530] {dagbag.py:538} INFO - Filling up the DagBag from /home/priya/projects/snowflake_twitter_pipeline/venv/lib/python3.10/site-packages/airflow/example_dags/plugins/listener_plugin.py
[2025-06-17T12:54:15.319+0530] {processor.py:842} WARNING - No viable dags retrieved from /home/priya/projects/snowflake_twitter_pipeline/venv/lib/python3.10/site-packages/airflow/example_dags/plugins/listener_plugin.py
[2025-06-17T12:54:15.326+0530] {processor.py:183} INFO - Processing /home/priya/projects/snowflake_twitter_pipeline/venv/lib/python3.10/site-packages/airflow/example_dags/plugins/listener_plugin.py took 0.014 seconds
[2025-06-17T12:54:52.284+0530] {processor.py:161} INFO - Started process (PID=3268) to work on /home/priya/projects/snowflake_twitter_pipeline/venv/lib/python3.10/site-packages/airflow/example_dags/plugins/listener_plugin.py
[2025-06-17T12:54:52.286+0530] {processor.py:830} INFO - Processing file /home/priya/projects/snowflake_twitter_pipeline/venv/lib/python3.10/site-packages/airflow/example_dags/plugins/listener_plugin.py for tasks to queue
[2025-06-17T12:54:52.287+0530] {logging_mixin.py:188} INFO - [2025-06-17T12:54:52.286+0530] {dagbag.py:538} INFO - Filling up the DagBag from /home/priya/projects/snowflake_twitter_pipeline/venv/lib/python3.10/site-packages/airflow/example_dags/plugins/listener_plugin.py
[2025-06-17T12:54:52.289+0530] {processor.py:842} WARNING - No viable dags retrieved from /home/priya/projects/snowflake_twitter_pipeline/venv/lib/python3.10/site-packages/airflow/example_dags/plugins/listener_plugin.py
[2025-06-17T12:54:52.297+0530] {processor.py:183} INFO - Processing /home/priya/projects/snowflake_twitter_pipeline/venv/lib/python3.10/site-packages/airflow/example_dags/plugins/listener_plugin.py took 0.016 seconds
