[2025-06-17T12:42:15.472+0530] {processor.py:161} INFO - Started process (PID=403) to work on /home/priya/projects/snowflake_twitter_pipeline/venv/lib/python3.10/site-packages/airflow/example_dags/plugins/workday.py
[2025-06-17T12:42:15.473+0530] {processor.py:830} INFO - Processing file /home/priya/projects/snowflake_twitter_pipeline/venv/lib/python3.10/site-packages/airflow/example_dags/plugins/workday.py for tasks to queue
[2025-06-17T12:42:15.473+0530] {logging_mixin.py:188} INFO - [2025-06-17T12:42:15.473+0530] {dagbag.py:538} INFO - Filling up the DagBag from /home/priya/projects/snowflake_twitter_pipeline/venv/lib/python3.10/site-packages/airflow/example_dags/plugins/workday.py
[2025-06-17T12:42:16.308+0530] {processor.py:842} WARNING - No viable dags retrieved from /home/priya/projects/snowflake_twitter_pipeline/venv/lib/python3.10/site-packages/airflow/example_dags/plugins/workday.py
[2025-06-17T12:42:16.312+0530] {processor.py:183} INFO - Processing /home/priya/projects/snowflake_twitter_pipeline/venv/lib/python3.10/site-packages/airflow/example_dags/plugins/workday.py took 0.843 seconds
[2025-06-17T12:43:10.567+0530] {processor.py:161} INFO - Started process (PID=467) to work on /home/priya/projects/snowflake_twitter_pipeline/venv/lib/python3.10/site-packages/airflow/example_dags/plugins/workday.py
[2025-06-17T12:43:10.569+0530] {processor.py:830} INFO - Processing file /home/priya/projects/snowflake_twitter_pipeline/venv/lib/python3.10/site-packages/airflow/example_dags/plugins/workday.py for tasks to queue
[2025-06-17T12:43:10.570+0530] {logging_mixin.py:188} INFO - [2025-06-17T12:43:10.569+0530] {dagbag.py:538} INFO - Filling up the DagBag from /home/priya/projects/snowflake_twitter_pipeline/venv/lib/python3.10/site-packages/airflow/example_dags/plugins/workday.py
[2025-06-17T12:43:10.904+0530] {processor.py:842} WARNING - No viable dags retrieved from /home/priya/projects/snowflake_twitter_pipeline/venv/lib/python3.10/site-packages/airflow/example_dags/plugins/workday.py
[2025-06-17T12:43:10.913+0530] {processor.py:183} INFO - Processing /home/priya/projects/snowflake_twitter_pipeline/venv/lib/python3.10/site-packages/airflow/example_dags/plugins/workday.py took 0.348 seconds
[2025-06-17T12:43:53.235+0530] {processor.py:161} INFO - Started process (PID=525) to work on /home/priya/projects/snowflake_twitter_pipeline/venv/lib/python3.10/site-packages/airflow/example_dags/plugins/workday.py
[2025-06-17T12:43:53.244+0530] {processor.py:830} INFO - Processing file /home/priya/projects/snowflake_twitter_pipeline/venv/lib/python3.10/site-packages/airflow/example_dags/plugins/workday.py for tasks to queue
[2025-06-17T12:43:53.246+0530] {logging_mixin.py:188} INFO - [2025-06-17T12:43:53.245+0530] {dagbag.py:538} INFO - Filling up the DagBag from /home/priya/projects/snowflake_twitter_pipeline/venv/lib/python3.10/site-packages/airflow/example_dags/plugins/workday.py
[2025-06-17T12:43:53.555+0530] {processor.py:842} WARNING - No viable dags retrieved from /home/priya/projects/snowflake_twitter_pipeline/venv/lib/python3.10/site-packages/airflow/example_dags/plugins/workday.py
[2025-06-17T12:43:53.563+0530] {processor.py:183} INFO - Processing /home/priya/projects/snowflake_twitter_pipeline/venv/lib/python3.10/site-packages/airflow/example_dags/plugins/workday.py took 0.332 seconds
[2025-06-17T12:44:32.605+0530] {processor.py:161} INFO - Started process (PID=582) to work on /home/priya/projects/snowflake_twitter_pipeline/venv/lib/python3.10/site-packages/airflow/example_dags/plugins/workday.py
[2025-06-17T12:44:32.607+0530] {processor.py:830} INFO - Processing file /home/priya/projects/snowflake_twitter_pipeline/venv/lib/python3.10/site-packages/airflow/example_dags/plugins/workday.py for tasks to queue
[2025-06-17T12:44:32.607+0530] {logging_mixin.py:188} INFO - [2025-06-17T12:44:32.607+0530] {dagbag.py:538} INFO - Filling up the DagBag from /home/priya/projects/snowflake_twitter_pipeline/venv/lib/python3.10/site-packages/airflow/example_dags/plugins/workday.py
[2025-06-17T12:44:32.897+0530] {processor.py:842} WARNING - No viable dags retrieved from /home/priya/projects/snowflake_twitter_pipeline/venv/lib/python3.10/site-packages/airflow/example_dags/plugins/workday.py
[2025-06-17T12:44:32.906+0530] {processor.py:183} INFO - Processing /home/priya/projects/snowflake_twitter_pipeline/venv/lib/python3.10/site-packages/airflow/example_dags/plugins/workday.py took 0.302 seconds
[2025-06-17T12:45:42.932+0530] {processor.py:161} INFO - Started process (PID=631) to work on /home/priya/projects/snowflake_twitter_pipeline/venv/lib/python3.10/site-packages/airflow/example_dags/plugins/workday.py
[2025-06-17T12:45:42.941+0530] {processor.py:830} INFO - Processing file /home/priya/projects/snowflake_twitter_pipeline/venv/lib/python3.10/site-packages/airflow/example_dags/plugins/workday.py for tasks to queue
[2025-06-17T12:45:42.942+0530] {logging_mixin.py:188} INFO - [2025-06-17T12:45:42.941+0530] {dagbag.py:538} INFO - Filling up the DagBag from /home/priya/projects/snowflake_twitter_pipeline/venv/lib/python3.10/site-packages/airflow/example_dags/plugins/workday.py
[2025-06-17T12:45:43.317+0530] {processor.py:842} WARNING - No viable dags retrieved from /home/priya/projects/snowflake_twitter_pipeline/venv/lib/python3.10/site-packages/airflow/example_dags/plugins/workday.py
[2025-06-17T12:45:43.322+0530] {processor.py:183} INFO - Processing /home/priya/projects/snowflake_twitter_pipeline/venv/lib/python3.10/site-packages/airflow/example_dags/plugins/workday.py took 0.393 seconds
[2025-06-17T12:46:34.035+0530] {processor.py:161} INFO - Started process (PID=1040) to work on /home/priya/projects/snowflake_twitter_pipeline/venv/lib/python3.10/site-packages/airflow/example_dags/plugins/workday.py
[2025-06-17T12:46:34.036+0530] {processor.py:830} INFO - Processing file /home/priya/projects/snowflake_twitter_pipeline/venv/lib/python3.10/site-packages/airflow/example_dags/plugins/workday.py for tasks to queue
[2025-06-17T12:46:34.038+0530] {logging_mixin.py:188} INFO - [2025-06-17T12:46:34.037+0530] {dagbag.py:538} INFO - Filling up the DagBag from /home/priya/projects/snowflake_twitter_pipeline/venv/lib/python3.10/site-packages/airflow/example_dags/plugins/workday.py
[2025-06-17T12:46:34.712+0530] {processor.py:842} WARNING - No viable dags retrieved from /home/priya/projects/snowflake_twitter_pipeline/venv/lib/python3.10/site-packages/airflow/example_dags/plugins/workday.py
[2025-06-17T12:46:34.738+0530] {processor.py:183} INFO - Processing /home/priya/projects/snowflake_twitter_pipeline/venv/lib/python3.10/site-packages/airflow/example_dags/plugins/workday.py took 0.707 seconds
[2025-06-17T12:47:15.268+0530] {processor.py:161} INFO - Started process (PID=1370) to work on /home/priya/projects/snowflake_twitter_pipeline/venv/lib/python3.10/site-packages/airflow/example_dags/plugins/workday.py
[2025-06-17T12:47:15.270+0530] {processor.py:830} INFO - Processing file /home/priya/projects/snowflake_twitter_pipeline/venv/lib/python3.10/site-packages/airflow/example_dags/plugins/workday.py for tasks to queue
[2025-06-17T12:47:15.270+0530] {logging_mixin.py:188} INFO - [2025-06-17T12:47:15.270+0530] {dagbag.py:538} INFO - Filling up the DagBag from /home/priya/projects/snowflake_twitter_pipeline/venv/lib/python3.10/site-packages/airflow/example_dags/plugins/workday.py
[2025-06-17T12:47:15.861+0530] {processor.py:842} WARNING - No viable dags retrieved from /home/priya/projects/snowflake_twitter_pipeline/venv/lib/python3.10/site-packages/airflow/example_dags/plugins/workday.py
[2025-06-17T12:47:15.875+0530] {processor.py:183} INFO - Processing /home/priya/projects/snowflake_twitter_pipeline/venv/lib/python3.10/site-packages/airflow/example_dags/plugins/workday.py took 0.609 seconds
[2025-06-17T12:47:51.181+0530] {processor.py:161} INFO - Started process (PID=1537) to work on /home/priya/projects/snowflake_twitter_pipeline/venv/lib/python3.10/site-packages/airflow/example_dags/plugins/workday.py
[2025-06-17T12:47:51.184+0530] {processor.py:830} INFO - Processing file /home/priya/projects/snowflake_twitter_pipeline/venv/lib/python3.10/site-packages/airflow/example_dags/plugins/workday.py for tasks to queue
[2025-06-17T12:47:51.185+0530] {logging_mixin.py:188} INFO - [2025-06-17T12:47:51.185+0530] {dagbag.py:538} INFO - Filling up the DagBag from /home/priya/projects/snowflake_twitter_pipeline/venv/lib/python3.10/site-packages/airflow/example_dags/plugins/workday.py
[2025-06-17T12:47:51.553+0530] {processor.py:842} WARNING - No viable dags retrieved from /home/priya/projects/snowflake_twitter_pipeline/venv/lib/python3.10/site-packages/airflow/example_dags/plugins/workday.py
[2025-06-17T12:47:51.567+0530] {processor.py:183} INFO - Processing /home/priya/projects/snowflake_twitter_pipeline/venv/lib/python3.10/site-packages/airflow/example_dags/plugins/workday.py took 0.391 seconds
[2025-06-17T12:48:36.468+0530] {processor.py:161} INFO - Started process (PID=1726) to work on /home/priya/projects/snowflake_twitter_pipeline/venv/lib/python3.10/site-packages/airflow/example_dags/plugins/workday.py
[2025-06-17T12:48:36.474+0530] {processor.py:830} INFO - Processing file /home/priya/projects/snowflake_twitter_pipeline/venv/lib/python3.10/site-packages/airflow/example_dags/plugins/workday.py for tasks to queue
[2025-06-17T12:48:36.475+0530] {logging_mixin.py:188} INFO - [2025-06-17T12:48:36.475+0530] {dagbag.py:538} INFO - Filling up the DagBag from /home/priya/projects/snowflake_twitter_pipeline/venv/lib/python3.10/site-packages/airflow/example_dags/plugins/workday.py
[2025-06-17T12:48:36.989+0530] {processor.py:842} WARNING - No viable dags retrieved from /home/priya/projects/snowflake_twitter_pipeline/venv/lib/python3.10/site-packages/airflow/example_dags/plugins/workday.py
[2025-06-17T12:48:37.002+0530] {processor.py:183} INFO - Processing /home/priya/projects/snowflake_twitter_pipeline/venv/lib/python3.10/site-packages/airflow/example_dags/plugins/workday.py took 0.536 seconds
[2025-06-17T12:49:12.409+0530] {processor.py:161} INFO - Started process (PID=1901) to work on /home/priya/projects/snowflake_twitter_pipeline/venv/lib/python3.10/site-packages/airflow/example_dags/plugins/workday.py
[2025-06-17T12:49:12.411+0530] {processor.py:830} INFO - Processing file /home/priya/projects/snowflake_twitter_pipeline/venv/lib/python3.10/site-packages/airflow/example_dags/plugins/workday.py for tasks to queue
[2025-06-17T12:49:12.411+0530] {logging_mixin.py:188} INFO - [2025-06-17T12:49:12.411+0530] {dagbag.py:538} INFO - Filling up the DagBag from /home/priya/projects/snowflake_twitter_pipeline/venv/lib/python3.10/site-packages/airflow/example_dags/plugins/workday.py
[2025-06-17T12:49:12.703+0530] {processor.py:842} WARNING - No viable dags retrieved from /home/priya/projects/snowflake_twitter_pipeline/venv/lib/python3.10/site-packages/airflow/example_dags/plugins/workday.py
[2025-06-17T12:49:12.713+0530] {processor.py:183} INFO - Processing /home/priya/projects/snowflake_twitter_pipeline/venv/lib/python3.10/site-packages/airflow/example_dags/plugins/workday.py took 0.306 seconds
[2025-06-17T12:49:44.312+0530] {processor.py:161} INFO - Started process (PID=2056) to work on /home/priya/projects/snowflake_twitter_pipeline/venv/lib/python3.10/site-packages/airflow/example_dags/plugins/workday.py
[2025-06-17T12:49:44.314+0530] {processor.py:830} INFO - Processing file /home/priya/projects/snowflake_twitter_pipeline/venv/lib/python3.10/site-packages/airflow/example_dags/plugins/workday.py for tasks to queue
[2025-06-17T12:49:44.315+0530] {logging_mixin.py:188} INFO - [2025-06-17T12:49:44.314+0530] {dagbag.py:538} INFO - Filling up the DagBag from /home/priya/projects/snowflake_twitter_pipeline/venv/lib/python3.10/site-packages/airflow/example_dags/plugins/workday.py
[2025-06-17T12:49:44.655+0530] {processor.py:842} WARNING - No viable dags retrieved from /home/priya/projects/snowflake_twitter_pipeline/venv/lib/python3.10/site-packages/airflow/example_dags/plugins/workday.py
[2025-06-17T12:49:44.663+0530] {processor.py:183} INFO - Processing /home/priya/projects/snowflake_twitter_pipeline/venv/lib/python3.10/site-packages/airflow/example_dags/plugins/workday.py took 0.354 seconds
[2025-06-17T12:50:16.080+0530] {processor.py:161} INFO - Started process (PID=2195) to work on /home/priya/projects/snowflake_twitter_pipeline/venv/lib/python3.10/site-packages/airflow/example_dags/plugins/workday.py
[2025-06-17T12:50:16.089+0530] {processor.py:830} INFO - Processing file /home/priya/projects/snowflake_twitter_pipeline/venv/lib/python3.10/site-packages/airflow/example_dags/plugins/workday.py for tasks to queue
[2025-06-17T12:50:16.090+0530] {logging_mixin.py:188} INFO - [2025-06-17T12:50:16.090+0530] {dagbag.py:538} INFO - Filling up the DagBag from /home/priya/projects/snowflake_twitter_pipeline/venv/lib/python3.10/site-packages/airflow/example_dags/plugins/workday.py
[2025-06-17T12:50:16.409+0530] {processor.py:842} WARNING - No viable dags retrieved from /home/priya/projects/snowflake_twitter_pipeline/venv/lib/python3.10/site-packages/airflow/example_dags/plugins/workday.py
[2025-06-17T12:50:16.418+0530] {processor.py:183} INFO - Processing /home/priya/projects/snowflake_twitter_pipeline/venv/lib/python3.10/site-packages/airflow/example_dags/plugins/workday.py took 0.341 seconds
[2025-06-17T12:50:49.066+0530] {processor.py:161} INFO - Started process (PID=2349) to work on /home/priya/projects/snowflake_twitter_pipeline/venv/lib/python3.10/site-packages/airflow/example_dags/plugins/workday.py
[2025-06-17T12:50:49.067+0530] {processor.py:830} INFO - Processing file /home/priya/projects/snowflake_twitter_pipeline/venv/lib/python3.10/site-packages/airflow/example_dags/plugins/workday.py for tasks to queue
[2025-06-17T12:50:49.068+0530] {logging_mixin.py:188} INFO - [2025-06-17T12:50:49.068+0530] {dagbag.py:538} INFO - Filling up the DagBag from /home/priya/projects/snowflake_twitter_pipeline/venv/lib/python3.10/site-packages/airflow/example_dags/plugins/workday.py
[2025-06-17T12:50:49.344+0530] {processor.py:842} WARNING - No viable dags retrieved from /home/priya/projects/snowflake_twitter_pipeline/venv/lib/python3.10/site-packages/airflow/example_dags/plugins/workday.py
[2025-06-17T12:50:49.354+0530] {processor.py:183} INFO - Processing /home/priya/projects/snowflake_twitter_pipeline/venv/lib/python3.10/site-packages/airflow/example_dags/plugins/workday.py took 0.291 seconds
[2025-06-17T12:51:21.278+0530] {processor.py:161} INFO - Started process (PID=2497) to work on /home/priya/projects/snowflake_twitter_pipeline/venv/lib/python3.10/site-packages/airflow/example_dags/plugins/workday.py
[2025-06-17T12:51:21.280+0530] {processor.py:830} INFO - Processing file /home/priya/projects/snowflake_twitter_pipeline/venv/lib/python3.10/site-packages/airflow/example_dags/plugins/workday.py for tasks to queue
[2025-06-17T12:51:21.281+0530] {logging_mixin.py:188} INFO - [2025-06-17T12:51:21.280+0530] {dagbag.py:538} INFO - Filling up the DagBag from /home/priya/projects/snowflake_twitter_pipeline/venv/lib/python3.10/site-packages/airflow/example_dags/plugins/workday.py
[2025-06-17T12:51:21.574+0530] {processor.py:842} WARNING - No viable dags retrieved from /home/priya/projects/snowflake_twitter_pipeline/venv/lib/python3.10/site-packages/airflow/example_dags/plugins/workday.py
[2025-06-17T12:51:21.583+0530] {processor.py:183} INFO - Processing /home/priya/projects/snowflake_twitter_pipeline/venv/lib/python3.10/site-packages/airflow/example_dags/plugins/workday.py took 0.306 seconds
[2025-06-17T12:51:56.147+0530] {processor.py:161} INFO - Started process (PID=2655) to work on /home/priya/projects/snowflake_twitter_pipeline/venv/lib/python3.10/site-packages/airflow/example_dags/plugins/workday.py
[2025-06-17T12:51:56.149+0530] {processor.py:830} INFO - Processing file /home/priya/projects/snowflake_twitter_pipeline/venv/lib/python3.10/site-packages/airflow/example_dags/plugins/workday.py for tasks to queue
[2025-06-17T12:51:56.150+0530] {logging_mixin.py:188} INFO - [2025-06-17T12:51:56.150+0530] {dagbag.py:538} INFO - Filling up the DagBag from /home/priya/projects/snowflake_twitter_pipeline/venv/lib/python3.10/site-packages/airflow/example_dags/plugins/workday.py
[2025-06-17T12:51:56.447+0530] {processor.py:842} WARNING - No viable dags retrieved from /home/priya/projects/snowflake_twitter_pipeline/venv/lib/python3.10/site-packages/airflow/example_dags/plugins/workday.py
[2025-06-17T12:51:56.456+0530] {processor.py:183} INFO - Processing /home/priya/projects/snowflake_twitter_pipeline/venv/lib/python3.10/site-packages/airflow/example_dags/plugins/workday.py took 0.312 seconds
[2025-06-17T12:52:29.706+0530] {processor.py:161} INFO - Started process (PID=2808) to work on /home/priya/projects/snowflake_twitter_pipeline/venv/lib/python3.10/site-packages/airflow/example_dags/plugins/workday.py
[2025-06-17T12:52:29.715+0530] {processor.py:830} INFO - Processing file /home/priya/projects/snowflake_twitter_pipeline/venv/lib/python3.10/site-packages/airflow/example_dags/plugins/workday.py for tasks to queue
[2025-06-17T12:52:29.716+0530] {logging_mixin.py:188} INFO - [2025-06-17T12:52:29.716+0530] {dagbag.py:538} INFO - Filling up the DagBag from /home/priya/projects/snowflake_twitter_pipeline/venv/lib/python3.10/site-packages/airflow/example_dags/plugins/workday.py
[2025-06-17T12:52:30.014+0530] {processor.py:842} WARNING - No viable dags retrieved from /home/priya/projects/snowflake_twitter_pipeline/venv/lib/python3.10/site-packages/airflow/example_dags/plugins/workday.py
[2025-06-17T12:52:30.023+0530] {processor.py:183} INFO - Processing /home/priya/projects/snowflake_twitter_pipeline/venv/lib/python3.10/site-packages/airflow/example_dags/plugins/workday.py took 0.318 seconds
[2025-06-17T12:53:06.702+0530] {processor.py:161} INFO - Started process (PID=2981) to work on /home/priya/projects/snowflake_twitter_pipeline/venv/lib/python3.10/site-packages/airflow/example_dags/plugins/workday.py
[2025-06-17T12:53:06.703+0530] {processor.py:830} INFO - Processing file /home/priya/projects/snowflake_twitter_pipeline/venv/lib/python3.10/site-packages/airflow/example_dags/plugins/workday.py for tasks to queue
[2025-06-17T12:53:06.704+0530] {logging_mixin.py:188} INFO - [2025-06-17T12:53:06.704+0530] {dagbag.py:538} INFO - Filling up the DagBag from /home/priya/projects/snowflake_twitter_pipeline/venv/lib/python3.10/site-packages/airflow/example_dags/plugins/workday.py
[2025-06-17T12:53:06.994+0530] {processor.py:842} WARNING - No viable dags retrieved from /home/priya/projects/snowflake_twitter_pipeline/venv/lib/python3.10/site-packages/airflow/example_dags/plugins/workday.py
[2025-06-17T12:53:07.002+0530] {processor.py:183} INFO - Processing /home/priya/projects/snowflake_twitter_pipeline/venv/lib/python3.10/site-packages/airflow/example_dags/plugins/workday.py took 0.302 seconds
[2025-06-17T12:53:42.166+0530] {processor.py:161} INFO - Started process (PID=3073) to work on /home/priya/projects/snowflake_twitter_pipeline/venv/lib/python3.10/site-packages/airflow/example_dags/plugins/workday.py
[2025-06-17T12:53:42.167+0530] {processor.py:830} INFO - Processing file /home/priya/projects/snowflake_twitter_pipeline/venv/lib/python3.10/site-packages/airflow/example_dags/plugins/workday.py for tasks to queue
[2025-06-17T12:53:42.168+0530] {logging_mixin.py:188} INFO - [2025-06-17T12:53:42.168+0530] {dagbag.py:538} INFO - Filling up the DagBag from /home/priya/projects/snowflake_twitter_pipeline/venv/lib/python3.10/site-packages/airflow/example_dags/plugins/workday.py
[2025-06-17T12:53:42.534+0530] {processor.py:842} WARNING - No viable dags retrieved from /home/priya/projects/snowflake_twitter_pipeline/venv/lib/python3.10/site-packages/airflow/example_dags/plugins/workday.py
[2025-06-17T12:53:42.548+0530] {processor.py:183} INFO - Processing /home/priya/projects/snowflake_twitter_pipeline/venv/lib/python3.10/site-packages/airflow/example_dags/plugins/workday.py took 0.384 seconds
[2025-06-17T12:54:15.971+0530] {processor.py:161} INFO - Started process (PID=3133) to work on /home/priya/projects/snowflake_twitter_pipeline/venv/lib/python3.10/site-packages/airflow/example_dags/plugins/workday.py
[2025-06-17T12:54:15.973+0530] {processor.py:830} INFO - Processing file /home/priya/projects/snowflake_twitter_pipeline/venv/lib/python3.10/site-packages/airflow/example_dags/plugins/workday.py for tasks to queue
[2025-06-17T12:54:15.973+0530] {logging_mixin.py:188} INFO - [2025-06-17T12:54:15.973+0530] {dagbag.py:538} INFO - Filling up the DagBag from /home/priya/projects/snowflake_twitter_pipeline/venv/lib/python3.10/site-packages/airflow/example_dags/plugins/workday.py
[2025-06-17T12:54:16.292+0530] {processor.py:842} WARNING - No viable dags retrieved from /home/priya/projects/snowflake_twitter_pipeline/venv/lib/python3.10/site-packages/airflow/example_dags/plugins/workday.py
[2025-06-17T12:54:16.301+0530] {processor.py:183} INFO - Processing /home/priya/projects/snowflake_twitter_pipeline/venv/lib/python3.10/site-packages/airflow/example_dags/plugins/workday.py took 0.332 seconds
[2025-06-17T12:54:53.414+0530] {processor.py:161} INFO - Started process (PID=3269) to work on /home/priya/projects/snowflake_twitter_pipeline/venv/lib/python3.10/site-packages/airflow/example_dags/plugins/workday.py
[2025-06-17T12:54:53.426+0530] {processor.py:830} INFO - Processing file /home/priya/projects/snowflake_twitter_pipeline/venv/lib/python3.10/site-packages/airflow/example_dags/plugins/workday.py for tasks to queue
[2025-06-17T12:54:53.427+0530] {logging_mixin.py:188} INFO - [2025-06-17T12:54:53.427+0530] {dagbag.py:538} INFO - Filling up the DagBag from /home/priya/projects/snowflake_twitter_pipeline/venv/lib/python3.10/site-packages/airflow/example_dags/plugins/workday.py
[2025-06-17T12:54:53.779+0530] {processor.py:842} WARNING - No viable dags retrieved from /home/priya/projects/snowflake_twitter_pipeline/venv/lib/python3.10/site-packages/airflow/example_dags/plugins/workday.py
[2025-06-17T12:54:53.788+0530] {processor.py:183} INFO - Processing /home/priya/projects/snowflake_twitter_pipeline/venv/lib/python3.10/site-packages/airflow/example_dags/plugins/workday.py took 0.376 seconds
